Package: autodisass-llvm-bitcode
Fetcher: github
Source:  https://github.com/gbalats/autodisass-llvm-bitcode.git

Updating /mnt/store/melpa/working/autodisass-llvm-bitcode/
Checking out origin/HEAD
Checking out d2579e3a1427af2dc947c343e49eb3434078bf04
Copying files (->) and directories (=>)
  from /mnt/store/melpa/working/autodisass-llvm-bitcode/
  to /tmp/autodisass-llvm-bitcodedTLgyC/autodisass-llvm-bitcode-20150411.125
    autodisass-llvm-bitcode-pkg.el -> autodisass-llvm-bitcode-pkg.el
    autodisass-llvm-bitcode.el -> autodisass-llvm-bitcode.el
Created autodisass-llvm-bitcode-20150411.125.tar containing:
  autodisass-llvm-bitcode-20150411.125/
  autodisass-llvm-bitcode-20150411.125/autodisass-llvm-bitcode-pkg.el
  autodisass-llvm-bitcode-20150411.125/autodisass-llvm-bitcode.el
Built autodisass-llvm-bitcode in 5.807s, finished at 2021-10-22T18:52:49+0000
 ✓ Success:
4.0K -rw-r--r-- 1 root root  354 Oct 22 18:52 packages/autodisass-llvm-bitcode-20150411.125.entry
 12K -rw-r--r-- 1 root root  10K Oct 22 18:52 packages/autodisass-llvm-bitcode-20150411.125.tar
4.0K -rw-r--r-- 1 root root 1.2K Oct 22 18:52 packages/autodisass-llvm-bitcode-badge.svg
4.0K -rw-r--r-- 1 root root  481 Oct 22 18:52 packages/autodisass-llvm-bitcode-readme.txt
