Package: cangjie
Fetcher: github
Source:  https://github.com/kisaragi-hiu/cangjie.el.git

Updating /mnt/store/melpa/working/cangjie/
Checking out origin/HEAD
Checking out 0cbf706890df06b9e0d541692c579ed213da8252
Copying files (->) and directories (=>)
  from /mnt/store/melpa/working/cangjie/
  to /tmp/cangjieM3dVsa/cangjie-20200808.828
    cangjie-practice.el -> cangjie-practice.el
    cangjie.el -> cangjie.el
Created cangjie-20200808.828.tar containing:
  cangjie-20200808.828/
  cangjie-20200808.828/cangjie-pkg.el
  cangjie-20200808.828/cangjie-practice.el
  cangjie-20200808.828/cangjie.el
Built cangjie in 5.654s, finished at 2021-10-22T18:57:18+0000
 ✓ Success:
4.0K -rw-r--r-- 1 root root  332 Oct 22 18:57 packages/cangjie-20200808.828.entry
 20K -rw-r--r-- 1 root root  20K Oct 22 18:57 packages/cangjie-20200808.828.tar
4.0K -rw-r--r-- 1 root root 1.2K Oct 22 18:57 packages/cangjie-badge.svg
4.0K -rw-r--r-- 1 root root   55 Oct 22 18:57 packages/cangjie-readme.txt
