Package: docker-tramp
Fetcher: github
Source:  https://github.com/emacs-pe/docker-tramp.el.git

Updating /mnt/store/melpa/working/docker-tramp/
Copying files (->) and directories (=>)
  from /mnt/store/melpa/working/docker-tramp/
  to /tmp/docker-trampuVil8e/docker-tramp-20170207.325
    docker-tramp-compat.el -> docker-tramp-compat.el
    docker-tramp.el -> docker-tramp.el
Created docker-tramp-20170207.325.tar containing:
  docker-tramp-20170207.325/
  docker-tramp-20170207.325/docker-tramp-compat.el
  docker-tramp-20170207.325/docker-tramp-pkg.el
  docker-tramp-20170207.325/docker-tramp.el
Built docker-tramp in 3.025s, finished at Sun Apr  4 16:28:18 2021
 ✓ Success:
4.0K -rw-r--r-- 1 root root  434 Apr  4 16:28 packages/docker-tramp-20170207.325.entry
 20K -rw-r--r-- 1 root root  20K Apr  4 16:28 packages/docker-tramp-20170207.325.tar
4.0K -rw-r--r-- 1 root root 1.2K Apr  4 16:28 packages/docker-tramp-badge.svg
4.0K -rw-r--r-- 1 root root 1.2K Apr  4 16:28 packages/docker-tramp-readme.txt
