Package: ergoemacs-mode
Fetcher: github
Source:  https://github.com/ergoemacs/ergoemacs-mode.git

Updating /mnt/store/melpa/working/ergoemacs-mode/
Checking out origin/HEAD
Checking out 9b74f2366038c1142072e92fabe233201cafc2f7
Copying files (->) and directories (=>)
  from /mnt/store/melpa/working/ergoemacs-mode/
  to /tmp/ergoemacs-modeKAAGtj/ergoemacs-mode-20211022.311
    ergoemacs-advice.el -> ergoemacs-advice.el
    ergoemacs-calculate-bindings.el -> ergoemacs-calculate-bindings.el
    ergoemacs-command-loop.el -> ergoemacs-command-loop.el
    ergoemacs-cua.el -> ergoemacs-cua.el
    ergoemacs-debug.el -> ergoemacs-debug.el
    ergoemacs-functions.el -> ergoemacs-functions.el
    ergoemacs-key-description.el -> ergoemacs-key-description.el
    ergoemacs-layouts.el -> ergoemacs-layouts.el
    ergoemacs-lib.el -> ergoemacs-lib.el
    ergoemacs-macros.el -> ergoemacs-macros.el
    ergoemacs-map-properties.el -> ergoemacs-map-properties.el
    ergoemacs-map.el -> ergoemacs-map.el
    ergoemacs-mapkeymap.el -> ergoemacs-mapkeymap.el
    ergoemacs-mode.el -> ergoemacs-mode.el
    ergoemacs-test.el -> ergoemacs-test.el
    ergoemacs-theme-engine.el -> ergoemacs-theme-engine.el
    ergoemacs-themes.el -> ergoemacs-themes.el
    ergoemacs-translate.el -> ergoemacs-translate.el
    kbd-ergo.svg -> kbd-ergo.svg
    kbd.svg -> kbd.svg
    ahk-us.ahk -> ahk-us.ahk
    ergoemacs-mode.info -> ergoemacs-mode.info
    dir -> dir
    os_x_qwerty.dict.txt -> os_x_qwerty.dict.txt
Created ergoemacs-mode-20211022.311.tar containing:
  ergoemacs-mode-20211022.311/
  ergoemacs-mode-20211022.311/ahk-us.ahk
  ergoemacs-mode-20211022.311/dir
  ergoemacs-mode-20211022.311/ergoemacs-advice.el
  ergoemacs-mode-20211022.311/ergoemacs-calculate-bindings.el
  ergoemacs-mode-20211022.311/ergoemacs-command-loop.el
  ergoemacs-mode-20211022.311/ergoemacs-cua.el
  ergoemacs-mode-20211022.311/ergoemacs-debug.el
  ergoemacs-mode-20211022.311/ergoemacs-functions.el
  ergoemacs-mode-20211022.311/ergoemacs-key-description.el
  ergoemacs-mode-20211022.311/ergoemacs-layouts.el
  ergoemacs-mode-20211022.311/ergoemacs-lib.el
  ergoemacs-mode-20211022.311/ergoemacs-macros.el
  ergoemacs-mode-20211022.311/ergoemacs-map-properties.el
  ergoemacs-mode-20211022.311/ergoemacs-map.el
  ergoemacs-mode-20211022.311/ergoemacs-mapkeymap.el
  ergoemacs-mode-20211022.311/ergoemacs-mode-pkg.el
  ergoemacs-mode-20211022.311/ergoemacs-mode.el
  ergoemacs-mode-20211022.311/ergoemacs-mode.info
  ergoemacs-mode-20211022.311/ergoemacs-test.el
  ergoemacs-mode-20211022.311/ergoemacs-theme-engine.el
  ergoemacs-mode-20211022.311/ergoemacs-themes.el
  ergoemacs-mode-20211022.311/ergoemacs-translate.el
  ergoemacs-mode-20211022.311/kbd-ergo.svg
  ergoemacs-mode-20211022.311/kbd.svg
  ergoemacs-mode-20211022.311/os_x_qwerty.dict.txt
Built ergoemacs-mode in 6.059s, finished at 2021-10-22T15:22:53+0000
 ✓ Success:
4.0K -rw-r--r-- 1 root root  568 Oct 22 15:22 packages/ergoemacs-mode-20211022.311.entry
1.1M -rw-r--r-- 1 root root 1.1M Oct 22 15:22 packages/ergoemacs-mode-20211022.311.tar
4.0K -rw-r--r-- 1 root root 1.2K Oct 22 15:22 packages/ergoemacs-mode-badge.svg
4.0K -rw-r--r-- 1 root root  159 Oct 22 15:22 packages/ergoemacs-mode-readme.txt
