Package: ess
Fetcher: github
Source:  https://github.com/emacs-ess/ESS.git

Updating /mnt/store/melpa/working/ess/
Checking out origin/HEAD
Checking out 569dca1f4ff939a93c7be97c34577666d9af8b3a
Copying files (->) and directories (=>)
  from /mnt/store/melpa/working/ess/
  to /tmp/essQHRtPa/ess-20211011.2049
    .dir-locals.el -> .dir-locals.el
  ! lisp/ess-bugs-d.el -> ess-bugs-d.el
  ! lisp/ess-bugs-l.el -> ess-bugs-l.el
  ! lisp/ess-custom.el -> ess-custom.el
  ! lisp/ess-gretl.el -> ess-gretl.el
  ! lisp/ess-help.el -> ess-help.el
  ! lisp/ess-inf.el -> ess-inf.el
  ! lisp/ess-jags-d.el -> ess-jags-d.el
  ! lisp/ess-julia.el -> ess-julia.el
  ! lisp/ess-mode.el -> ess-mode.el
  ! lisp/ess-r-completion.el -> ess-r-completion.el
  ! lisp/ess-r-flymake.el -> ess-r-flymake.el
  ! lisp/ess-r-mode.el -> ess-r-mode.el
  ! lisp/ess-r-package.el -> ess-r-package.el
  ! lisp/ess-r-syntax.el -> ess-r-syntax.el
  ! lisp/ess-r-xref.el -> ess-r-xref.el
  ! lisp/ess-rd.el -> ess-rd.el
  ! lisp/ess-rdired.el -> ess-rdired.el
  ! lisp/ess-roxy.el -> ess-roxy.el
  ! lisp/ess-s-lang.el -> ess-s-lang.el
  ! lisp/ess-sas-a.el -> ess-sas-a.el
  ! lisp/ess-sas-d.el -> ess-sas-d.el
  ! lisp/ess-sas-l.el -> ess-sas-l.el
  ! lisp/ess-site.el -> ess-site.el
  ! lisp/ess-sp6-d.el -> ess-sp6-d.el
  ! lisp/ess-toolbar.el -> ess-toolbar.el
  ! lisp/ess-tracebug.el -> ess-tracebug.el
  ! lisp/ess-trns.el -> ess-trns.el
  ! lisp/ess-utils.el -> ess-utils.el
  ! lisp/ess.el -> ess.el
  ! lisp/essd-els.el -> essd-els.el
  ! doc/ess.texi -> ess.texi
    etc/ESSR => etc/ESSR
    etc/ESSR.rds -> etc/ESSR.rds
    etc/Makefile -> etc/Makefile
    etc/ess-julia.jl -> etc/ess-julia.jl
    etc/ess-sas-sh-command -> etc/ess-sas-sh-command
    etc/icons => etc/icons
  ! lisp/obsolete/ess-eldoc.el -> obsolete/ess-eldoc.el
  ! lisp/obsolete/ess-font-lock.el -> obsolete/ess-font-lock.el
  ! lisp/obsolete/ess-mouse.el -> obsolete/ess-mouse.el
  ! lisp/obsolete/ess-r-a.el -> obsolete/ess-r-a.el
  ! lisp/obsolete/mouseme.el -> obsolete/mouseme.el
  ! lisp/obsolete/msdos.el -> obsolete/msdos.el
Created /tmp/essQHRtPa/ess-20211011.2049/ess.info
Created ess-20211011.2049.tar containing:
  ess-20211011.2049/
  ess-20211011.2049/.dir-locals.el
  ess-20211011.2049/dir
  ess-20211011.2049/ess-bugs-d.el
  ess-20211011.2049/ess-bugs-l.el
  ess-20211011.2049/ess-custom.el
  ess-20211011.2049/ess-gretl.el
  ess-20211011.2049/ess-help.el
  ess-20211011.2049/ess-inf.el
  ess-20211011.2049/ess-jags-d.el
  ess-20211011.2049/ess-julia.el
  ess-20211011.2049/ess-mode.el
  ess-20211011.2049/ess-pkg.el
  ess-20211011.2049/ess-r-completion.el
  ess-20211011.2049/ess-r-flymake.el
  ess-20211011.2049/ess-r-mode.el
  ess-20211011.2049/ess-r-package.el
  ess-20211011.2049/ess-r-syntax.el
  ess-20211011.2049/ess-r-xref.el
  ess-20211011.2049/ess-rd.el
  ess-20211011.2049/ess-rdired.el
  ess-20211011.2049/ess-roxy.el
  ess-20211011.2049/ess-s-lang.el
  ess-20211011.2049/ess-sas-a.el
  ess-20211011.2049/ess-sas-d.el
  ess-20211011.2049/ess-sas-l.el
  ess-20211011.2049/ess-site.el
  ess-20211011.2049/ess-sp6-d.el
  ess-20211011.2049/ess-toolbar.el
  ess-20211011.2049/ess-tracebug.el
  ess-20211011.2049/ess-trns.el
  ess-20211011.2049/ess-utils.el
  ess-20211011.2049/ess.el
  ess-20211011.2049/ess.info
  ess-20211011.2049/essd-els.el
  ess-20211011.2049/etc/
  ess-20211011.2049/etc/ESSR.rds
  ess-20211011.2049/etc/ESSR/
  ess-20211011.2049/etc/ESSR/BUILDESSR
  ess-20211011.2049/etc/ESSR/LOADREMOTE
  ess-20211011.2049/etc/ESSR/R/
  ess-20211011.2049/etc/ESSR/R/.basic.R
  ess-20211011.2049/etc/ESSR/R/.load.R
  ess-20211011.2049/etc/ESSR/R/completion.R
  ess-20211011.2049/etc/ESSR/R/debug.R
  ess-20211011.2049/etc/ESSR/R/misc.R
  ess-20211011.2049/etc/ESSR/R/mpi.R
  ess-20211011.2049/etc/ESSR/R/ns-eval.R
  ess-20211011.2049/etc/ESSR/R/pkg.R
  ess-20211011.2049/etc/Makefile
  ess-20211011.2049/etc/ess-julia.jl
  ess-20211011.2049/etc/ess-sas-sh-command
  ess-20211011.2049/etc/icons/
  ess-20211011.2049/etc/icons/README
  ess-20211011.2049/etc/icons/rbuffer.xpm
  ess-20211011.2049/etc/icons/rfunction.xpm
  ess-20211011.2049/etc/icons/rline.xpm
  ess-20211011.2049/etc/icons/rregion.xpm
  ess-20211011.2049/etc/icons/splus_letter_small.xpm
  ess-20211011.2049/etc/icons/splus_letters_large.png
  ess-20211011.2049/etc/icons/splus_letters_large.xpm
  ess-20211011.2049/etc/icons/spluslogo.xpm
  ess-20211011.2049/etc/icons/spluslogo.xpm.safe
  ess-20211011.2049/etc/icons/startr.xpm
  ess-20211011.2049/etc/icons/switch_ess.xpm
  ess-20211011.2049/etc/icons/switchr.xpm
  ess-20211011.2049/etc/icons/switchs.xpm
  ess-20211011.2049/obsolete/
  ess-20211011.2049/obsolete/ess-eldoc.el
  ess-20211011.2049/obsolete/ess-font-lock.el
  ess-20211011.2049/obsolete/ess-mouse.el
  ess-20211011.2049/obsolete/ess-r-a.el
  ess-20211011.2049/obsolete/mouseme.el
  ess-20211011.2049/obsolete/msdos.el
Built ess in 25.036s, finished at 2021-10-22T15:24:18+0000
 ✓ Success:
4.0K -rw-r--r-- 1 root root  840 Oct 22 15:24 packages/ess-20211011.2049.entry
1.5M -rw-r--r-- 1 root root 1.5M Oct 22 15:24 packages/ess-20211011.2049.tar
8.0K -rw-r--r-- 1 root root 5.0K Oct 22 15:23 packages/ess-R-data-view-20130509.1158.el
4.0K -rw-r--r-- 1 root root  419 Oct 22 15:23 packages/ess-R-data-view-20130509.1158.entry
4.0K -rw-r--r-- 1 root root 1.2K Oct 22 15:24 packages/ess-R-data-view-badge.svg
4.0K -rw-r--r-- 1 root root  328 Oct 22 15:23 packages/ess-R-data-view-readme.txt
4.0K -rw-r--r-- 1 root root  655 Oct 22 15:24 packages/ess-R-data-view.log
4.0K -rw-r--r-- 1 root root 1.2K Oct 22 15:24 packages/ess-badge.svg
 20K -rw-r--r-- 1 root root  19K Oct 22 15:24 packages/ess-r-insert-obj-20200916.843.el
4.0K -rw-r--r-- 1 root root  411 Oct 22 15:24 packages/ess-r-insert-obj-20200916.843.entry
4.0K -rw-r--r-- 1 root root 1.2K Oct 22 15:24 packages/ess-r-insert-obj-badge.svg
4.0K -rw-r--r-- 1 root root  771 Oct 22 15:24 packages/ess-r-insert-obj-readme.txt
4.0K -rw-r--r-- 1 root root  664 Oct 22 15:24 packages/ess-r-insert-obj.log
4.0K -rw-r--r-- 1 root root  265 Oct 22 15:24 packages/ess-readme.txt
 72K -rw-r--r-- 1 root root  72K Oct 22 15:24 packages/ess-smart-equals-20210411.1333.el
4.0K -rw-r--r-- 1 root root  474 Oct 22 15:24 packages/ess-smart-equals-20210411.1333.entry
4.0K -rw-r--r-- 1 root root 1.2K Oct 22 15:24 packages/ess-smart-equals-badge.svg
8.0K -rw-r--r-- 1 root root 7.1K Oct 22 15:24 packages/ess-smart-equals-readme.txt
4.0K -rw-r--r-- 1 root root  663 Oct 22 15:24 packages/ess-smart-equals.log
4.0K -rw-r--r-- 1 root root  350 Oct 22 15:24 packages/ess-smart-underscore-20190309.101.entry
 32K -rw-r--r-- 1 root root  30K Oct 22 15:24 packages/ess-smart-underscore-20190309.101.tar
4.0K -rw-r--r-- 1 root root 1.2K Oct 22 15:24 packages/ess-smart-underscore-badge.svg
4.0K -rw-r--r-- 1 root root 1.8K Oct 22 15:24 packages/ess-smart-underscore-readme.txt
4.0K -rw-r--r-- 1 root root 1.4K Oct 22 15:24 packages/ess-smart-underscore.log
 12K -rw-r--r-- 1 root root  12K Oct 22 15:24 packages/ess-view-20181001.1730.el
4.0K -rw-r--r-- 1 root root  437 Oct 22 15:24 packages/ess-view-20181001.1730.entry
4.0K -rw-r--r-- 1 root root 1.2K Oct 22 15:24 packages/ess-view-badge.svg
 88K -rw-r--r-- 1 root root  88K Oct 22 15:24 packages/ess-view-data-20211009.55.el
4.0K -rw-r--r-- 1 root root  386 Oct 22 15:24 packages/ess-view-data-20211009.55.entry
4.0K -rw-r--r-- 1 root root 1.2K Oct 22 15:24 packages/ess-view-data-badge.svg
4.0K -rw-r--r-- 1 root root 2.1K Oct 22 15:24 packages/ess-view-data-readme.txt
4.0K -rw-r--r-- 1 root root  638 Oct 22 15:24 packages/ess-view-data.log
4.0K -rw-r--r-- 1 root root 1.2K Oct 22 15:24 packages/ess-view-readme.txt
4.0K -rw-r--r-- 1 root root  999 Oct 22 15:24 packages/ess-view.log
