Package: esxml
Fetcher: github
Source:  https://github.com/tali713/esxml.git

Updating /mnt/store/melpa/working/esxml/
Checking out origin/HEAD
Checking out 701ccc285f3748d94c12f85636fecaa88858c178
Copying files (->) and directories (=>)
  from /mnt/store/melpa/working/esxml/
  to /tmp/esxmlvBtgL5/esxml-20210722.1345
    esxml.el -> esxml.el
    esxml-query.el -> esxml-query.el
Created esxml-20210722.1345.tar containing:
  esxml-20210722.1345/
  esxml-20210722.1345/esxml-pkg.el
  esxml-20210722.1345/esxml-query.el
  esxml-20210722.1345/esxml.el
Built esxml in 5.294s, finished at 2021-10-22T15:24:08+0000
 ✓ Success:
4.0K -rw-r--r-- 1 root root  395 Oct 22 15:24 packages/esxml-20210722.1345.entry
 52K -rw-r--r-- 1 root root  50K Oct 22 15:24 packages/esxml-20210722.1345.tar
4.0K -rw-r--r-- 1 root root 1.2K Oct 22 15:24 packages/esxml-badge.svg
4.0K -rw-r--r-- 1 root root  882 Oct 22 15:24 packages/esxml-readme.txt
