Package: eterm-256color
Fetcher: github
Source:  https://github.com/dieggsy/eterm-256color.git

Updating /mnt/store/melpa/working/eterm-256color/
Checking out origin/HEAD
Checking out c9cfccef03e730f7ab2b407aada3df15ace1fe32
Copying files (->) and directories (=>)
  from /mnt/store/melpa/working/eterm-256color/
  to /tmp/eterm-256colorZAazDP/eterm-256color-20210224.2241
    eterm-256color.el -> eterm-256color.el
    eterm-256color.ti -> eterm-256color.ti
Created eterm-256color-20210224.2241.tar containing:
  eterm-256color-20210224.2241/
  eterm-256color-20210224.2241/eterm-256color-pkg.el
  eterm-256color-20210224.2241/eterm-256color.el
  eterm-256color-20210224.2241/eterm-256color.ti
Built eterm-256color in 5.385s, finished at 2021-10-22T15:24:15+0000
 ✓ Success:
4.0K -rw-r--r-- 1 root root  408 Oct 22 15:24 packages/eterm-256color-20210224.2241.entry
 20K -rw-r--r-- 1 root root  20K Oct 22 15:24 packages/eterm-256color-20210224.2241.tar
4.0K -rw-r--r-- 1 root root 1.2K Oct 22 15:24 packages/eterm-256color-badge.svg
4.0K -rw-r--r-- 1 root root  180 Oct 22 15:24 packages/eterm-256color-readme.txt
