Package: eterm-fn
Fetcher: github
Source:  https://github.com/oitofelix/eterm-fn.git

Updating /mnt/store/melpa/working/eterm-fn/
Checking out origin/HEAD
Checking out 66f3b2f6308fa2ac4d8a32be5a7e35a96e08a9ee
Copying files (->) and directories (=>)
  from /mnt/store/melpa/working/eterm-fn/
  to /tmp/eterm-fnBpSq73/eterm-fn-20191010.2331
    eterm-fn-pkg.el -> eterm-fn-pkg.el
    eterm-fn.el -> eterm-fn.el
    eterm-fn-256color.ti -> eterm-fn-256color.ti
    eterm-fn-color.ti -> eterm-fn-color.ti
Created eterm-fn-20191010.2331.tar containing:
  eterm-fn-20191010.2331/
  eterm-fn-20191010.2331/eterm-fn-256color.ti
  eterm-fn-20191010.2331/eterm-fn-color.ti
  eterm-fn-20191010.2331/eterm-fn-pkg.el
  eterm-fn-20191010.2331/eterm-fn.el
Built eterm-fn in 5.689s, finished at 2021-10-22T15:24:15+0000
 ✓ Success:
4.0K -rw-r--r-- 1 root root  394 Oct 22 15:24 packages/eterm-fn-20191010.2331.entry
 20K -rw-r--r-- 1 root root  20K Oct 22 15:24 packages/eterm-fn-20191010.2331.tar
4.0K -rw-r--r-- 1 root root 1.2K Oct 22 15:24 packages/eterm-fn-badge.svg
4.0K -rw-r--r-- 1 root root  659 Oct 22 15:24 packages/eterm-fn-readme.txt
