Package: evalator
Fetcher: github
Source:  https://github.com/seanirby/evalator.git

Updating /mnt/store/melpa/working/evalator/
Checking out origin/HEAD
Checking out f30da4da48c0b3f3cfa1fc1c7cfdb53ffe79df36
Copying files (->) and directories (=>)
  from /mnt/store/melpa/working/evalator/
  to /tmp/evalator2sTA3I/evalator-20160213.128
    evalator-config.el -> evalator-config.el
    evalator-context.el -> evalator-context.el
    evalator-elisp.el -> evalator-elisp.el
    evalator-faces.el -> evalator-faces.el
    evalator-history.el -> evalator-history.el
    evalator-key-map.el -> evalator-key-map.el
    evalator-state.el -> evalator-state.el
    evalator-utils.el -> evalator-utils.el
    evalator.el -> evalator.el
Created evalator-20160213.128.tar containing:
  evalator-20160213.128/
  evalator-20160213.128/evalator-config.el
  evalator-20160213.128/evalator-context.el
  evalator-20160213.128/evalator-elisp.el
  evalator-20160213.128/evalator-faces.el
  evalator-20160213.128/evalator-history.el
  evalator-20160213.128/evalator-key-map.el
  evalator-20160213.128/evalator-pkg.el
  evalator-20160213.128/evalator-state.el
  evalator-20160213.128/evalator-utils.el
  evalator-20160213.128/evalator.el
Built evalator in 4.901s, finished at 2021-10-22T15:24:23+0000
 ✓ Success:
4.0K -rw-r--r-- 1 root root  386 Oct 22 15:24 packages/evalator-20160213.128.entry
 60K -rw-r--r-- 1 root root  60K Oct 22 15:24 packages/evalator-20160213.128.tar
4.0K -rw-r--r-- 1 root root 1.2K Oct 22 15:24 packages/evalator-badge.svg
4.0K -rw-r--r-- 1 root root  446 Oct 22 15:24 packages/evalator-clojure-20160208.2148.entry
 20K -rw-r--r-- 1 root root  20K Oct 22 15:24 packages/evalator-clojure-20160208.2148.tar
4.0K -rw-r--r-- 1 root root 1.2K Oct 22 11:30 packages/evalator-clojure-badge.svg
4.0K -rw-r--r-- 1 root root  535 Oct 22 15:24 packages/evalator-clojure-readme.txt
4.0K -rw-r--r-- 1 root root  735 Oct 22 15:24 packages/evalator-clojure.log
   0 -rw-r--r-- 1 root root    0 Oct 22 15:24 packages/evalator-readme.txt
