Package: evil-cleverparens
Fetcher: github
Source:  https://github.com/luxbock/evil-cleverparens.git

Updating /mnt/store/melpa/working/evil-cleverparens/
Checking out origin/HEAD
Checking out 8c45879d49bfa6d4e414b6c1df700a4a51cbb869
Copying files (->) and directories (=>)
  from /mnt/store/melpa/working/evil-cleverparens/
  to /tmp/evil-cleverparensRIzPdi/evil-cleverparens-20170718.413
    evil-cleverparens-text-objects.el -> evil-cleverparens-text-objects.el
    evil-cleverparens-util.el -> evil-cleverparens-util.el
    evil-cleverparens.el -> evil-cleverparens.el
Created evil-cleverparens-20170718.413.tar containing:
  evil-cleverparens-20170718.413/
  evil-cleverparens-20170718.413/evil-cleverparens-pkg.el
  evil-cleverparens-20170718.413/evil-cleverparens-text-objects.el
  evil-cleverparens-20170718.413/evil-cleverparens-util.el
  evil-cleverparens-20170718.413/evil-cleverparens.el
Built evil-cleverparens in 4.797s, finished at 2021-10-22T15:24:30+0000
 ✓ Success:
4.0K -rw-r--r-- 1 root root  587 Oct 22 15:24 packages/evil-cleverparens-20170718.413.entry
112K -rw-r--r-- 1 root root 110K Oct 22 15:24 packages/evil-cleverparens-20170718.413.tar
4.0K -rw-r--r-- 1 root root 1.2K Oct 22 15:24 packages/evil-cleverparens-badge.svg
4.0K -rw-r--r-- 1 root root  256 Oct 22 15:24 packages/evil-cleverparens-readme.txt
