Package: evil-matchit
Fetcher: github
Source:  https://github.com/redguardtoo/evil-matchit.git

Updating /mnt/store/melpa/working/evil-matchit/
Checking out origin/HEAD
Checking out 9b228b097a863e9deef8033b11747597e055674b
Copying files (->) and directories (=>)
  from /mnt/store/melpa/working/evil-matchit/
  to /tmp/evil-matchitHD227v/evil-matchit-20210923.931
    evil-matchit-c.el -> evil-matchit-c.el
    evil-matchit-cmake.el -> evil-matchit-cmake.el
    evil-matchit-diff.el -> evil-matchit-diff.el
    evil-matchit-elixir.el -> evil-matchit-elixir.el
    evil-matchit-fortran.el -> evil-matchit-fortran.el
    evil-matchit-html.el -> evil-matchit-html.el
    evil-matchit-javascript.el -> evil-matchit-javascript.el
    evil-matchit-latex.el -> evil-matchit-latex.el
    evil-matchit-markdown.el -> evil-matchit-markdown.el
    evil-matchit-ocaml.el -> evil-matchit-ocaml.el
    evil-matchit-octave.el -> evil-matchit-octave.el
    evil-matchit-org.el -> evil-matchit-org.el
    evil-matchit-prog.el -> evil-matchit-prog.el
    evil-matchit-python.el -> evil-matchit-python.el
    evil-matchit-ruby.el -> evil-matchit-ruby.el
    evil-matchit-script.el -> evil-matchit-script.el
    evil-matchit-sdk.el -> evil-matchit-sdk.el
    evil-matchit-sh.el -> evil-matchit-sh.el
    evil-matchit-simple.el -> evil-matchit-simple.el
    evil-matchit-sql.el -> evil-matchit-sql.el
    evil-matchit-template.el -> evil-matchit-template.el
    evil-matchit-terminal.el -> evil-matchit-terminal.el
    evil-matchit-verilog.el -> evil-matchit-verilog.el
    evil-matchit.el -> evil-matchit.el
Created evil-matchit-20210923.931.tar containing:
  evil-matchit-20210923.931/
  evil-matchit-20210923.931/evil-matchit-c.el
  evil-matchit-20210923.931/evil-matchit-cmake.el
  evil-matchit-20210923.931/evil-matchit-diff.el
  evil-matchit-20210923.931/evil-matchit-elixir.el
  evil-matchit-20210923.931/evil-matchit-fortran.el
  evil-matchit-20210923.931/evil-matchit-html.el
  evil-matchit-20210923.931/evil-matchit-javascript.el
  evil-matchit-20210923.931/evil-matchit-latex.el
  evil-matchit-20210923.931/evil-matchit-markdown.el
  evil-matchit-20210923.931/evil-matchit-ocaml.el
  evil-matchit-20210923.931/evil-matchit-octave.el
  evil-matchit-20210923.931/evil-matchit-org.el
  evil-matchit-20210923.931/evil-matchit-pkg.el
  evil-matchit-20210923.931/evil-matchit-prog.el
  evil-matchit-20210923.931/evil-matchit-python.el
  evil-matchit-20210923.931/evil-matchit-ruby.el
  evil-matchit-20210923.931/evil-matchit-script.el
  evil-matchit-20210923.931/evil-matchit-sdk.el
  evil-matchit-20210923.931/evil-matchit-sh.el
  evil-matchit-20210923.931/evil-matchit-simple.el
  evil-matchit-20210923.931/evil-matchit-sql.el
  evil-matchit-20210923.931/evil-matchit-template.el
  evil-matchit-20210923.931/evil-matchit-terminal.el
  evil-matchit-20210923.931/evil-matchit-verilog.el
  evil-matchit-20210923.931/evil-matchit.el
Built evil-matchit in 5.072s, finished at 2021-10-22T15:24:59+0000
 ✓ Success:
4.0K -rw-r--r-- 1 root root  413 Oct 22 15:24 packages/evil-matchit-20210923.931.entry
132K -rw-r--r-- 1 root root 130K Oct 22 15:24 packages/evil-matchit-20210923.931.tar
4.0K -rw-r--r-- 1 root root 1.2K Oct 22 15:24 packages/evil-matchit-badge.svg
4.0K -rw-r--r-- 1 root root  577 Oct 22 15:24 packages/evil-matchit-readme.txt
