Package: evil-fringe-mark
Fetcher: github
Source:  https://github.com/Andrew-William-Smith/evil-fringe-mark.git

Updating /mnt/store/melpa/working/evil-fringe-mark/
Checking out origin/HEAD
Checking out a1689fddb7ee79aaa720a77aada1208b8afd5c20
Copying files (->) and directories (=>)
  from /mnt/store/melpa/working/evil-fringe-mark/
  to /tmp/evil-fringe-mark06vfee/evil-fringe-mark-20190320.453
    evil-fringe-mark-overlays.el -> evil-fringe-mark-overlays.el
    evil-fringe-mark.el -> evil-fringe-mark.el
Created evil-fringe-mark-20190320.453.tar containing:
  evil-fringe-mark-20190320.453/
  evil-fringe-mark-20190320.453/evil-fringe-mark-overlays.el
  evil-fringe-mark-20190320.453/evil-fringe-mark-pkg.el
  evil-fringe-mark-20190320.453/evil-fringe-mark.el
Built evil-fringe-mark in 5.069s, finished at 2021-10-22T15:24:46+0000
 ✓ Success:
4.0K -rw-r--r-- 1 root root  487 Oct 22 15:24 packages/evil-fringe-mark-20190320.453.entry
 52K -rw-r--r-- 1 root root  50K Oct 22 15:24 packages/evil-fringe-mark-20190320.453.tar
4.0K -rw-r--r-- 1 root root 1.2K Oct 22 15:24 packages/evil-fringe-mark-badge.svg
4.0K -rw-r--r-- 1 root root  637 Oct 22 15:24 packages/evil-fringe-mark-readme.txt
