Package: evil-commentary
Fetcher: github
Source:  https://github.com/linktohack/evil-commentary.git

Updating /mnt/store/melpa/working/evil-commentary/
Checking out origin/HEAD
Checking out 2dab6ac34d1617971768ad219d73af48f7473fec
Copying files (->) and directories (=>)
  from /mnt/store/melpa/working/evil-commentary/
  to /tmp/evil-commentarybDiXAK/evil-commentary-20210210.1702
    evil-commentary-integration.el -> evil-commentary-integration.el
    evil-commentary.el -> evil-commentary.el
Created evil-commentary-20210210.1702.tar containing:
  evil-commentary-20210210.1702/
  evil-commentary-20210210.1702/evil-commentary-integration.el
  evil-commentary-20210210.1702/evil-commentary-pkg.el
  evil-commentary-20210210.1702/evil-commentary.el
Built evil-commentary in 4.907s, finished at 2021-10-22T15:24:36+0000
 ✓ Success:
4.0K -rw-r--r-- 1 root root  435 Oct 22 15:24 packages/evil-commentary-20210210.1702.entry
 12K -rw-r--r-- 1 root root  10K Oct 22 15:24 packages/evil-commentary-20210210.1702.tar
4.0K -rw-r--r-- 1 root root 1.2K Oct 22 15:24 packages/evil-commentary-badge.svg
4.0K -rw-r--r-- 1 root root  133 Oct 22 15:24 packages/evil-commentary-readme.txt
