Package: evil-tutor-ja
Fetcher: github
Source:  https://github.com/kenjimyzk/evil-tutor-ja.git

Updating /mnt/store/melpa/working/evil-tutor-ja/
Checking out origin/HEAD
Checking out 99af7d82e02ce3bcdfaff47c5c80b57327a7ea8d
Copying files (->) and directories (=>)
  from /mnt/store/melpa/working/evil-tutor-ja/
  to /tmp/evil-tutor-jaSFy8is/evil-tutor-ja-20160917.132
    evil-tutor-ja.el -> evil-tutor-ja.el
    tutor-ja.txt -> tutor-ja.txt
Created evil-tutor-ja-20160917.132.tar containing:
  evil-tutor-ja-20160917.132/
  evil-tutor-ja-20160917.132/evil-tutor-ja-pkg.el
  evil-tutor-ja-20160917.132/evil-tutor-ja.el
  evil-tutor-ja-20160917.132/tutor-ja.txt
Built evil-tutor-ja in 4.724s, finished at 2021-10-22T15:25:40+0000
 ✓ Success:
4.0K -rw-r--r-- 1 root root  456 Oct 22 15:25 packages/evil-tutor-ja-20160917.132.entry
 52K -rw-r--r-- 1 root root  50K Oct 22 15:25 packages/evil-tutor-ja-20160917.132.tar
4.0K -rw-r--r-- 1 root root 1.2K Oct 22 15:25 packages/evil-tutor-ja-badge.svg
4.0K -rw-r--r-- 1 root root  256 Oct 22 15:25 packages/evil-tutor-ja-readme.txt
