Package: evil-org
Fetcher: github
Source:  https://github.com/Somelauw/evil-org-mode.git

Updating /mnt/store/melpa/working/evil-org/
Checking out origin/HEAD
Checking out 80ef38fb378541937f6ddfe836809e76eda1e355
Copying files (->) and directories (=>)
  from /mnt/store/melpa/working/evil-org/
  to /tmp/evil-orgxIcO0l/evil-org-20201222.2023
    evil-org-agenda.el -> evil-org-agenda.el
    evil-org.el -> evil-org.el
Created evil-org-20201222.2023.tar containing:
  evil-org-20201222.2023/
  evil-org-20201222.2023/evil-org-agenda.el
  evil-org-20201222.2023/evil-org-pkg.el
  evil-org-20201222.2023/evil-org.el
Built evil-org in 5.384s, finished at 2021-10-22T15:25:08+0000
 ✓ Success:
4.0K -rw-r--r-- 1 root root  354 Oct 22 15:25 packages/evil-org-20201222.2023.entry
 52K -rw-r--r-- 1 root root  50K Oct 22 15:25 packages/evil-org-20201222.2023.tar
4.0K -rw-r--r-- 1 root root 1.2K Oct 22 15:25 packages/evil-org-badge.svg
4.0K -rw-r--r-- 1 root root   67 Oct 22 15:25 packages/evil-org-readme.txt
