Package: evil-nerd-commenter
Fetcher: github
Source:  https://github.com/redguardtoo/evil-nerd-commenter.git

Updating /mnt/store/melpa/working/evil-nerd-commenter/
Checking out origin/HEAD
Checking out 63baf2d1c796edd11bbec5fe1dee711173d4155d
Copying files (->) and directories (=>)
  from /mnt/store/melpa/working/evil-nerd-commenter/
  to /tmp/evil-nerd-commenterixL3Ba/evil-nerd-commenter-20211014.455
    evil-nerd-commenter-operator.el -> evil-nerd-commenter-operator.el
    evil-nerd-commenter-sdk.el -> evil-nerd-commenter-sdk.el
    evil-nerd-commenter.el -> evil-nerd-commenter.el
Created evil-nerd-commenter-20211014.455.tar containing:
  evil-nerd-commenter-20211014.455/
  evil-nerd-commenter-20211014.455/evil-nerd-commenter-operator.el
  evil-nerd-commenter-20211014.455/evil-nerd-commenter-pkg.el
  evil-nerd-commenter-20211014.455/evil-nerd-commenter-sdk.el
  evil-nerd-commenter-20211014.455/evil-nerd-commenter.el
Built evil-nerd-commenter in 6.662s, finished at 2021-10-22T15:25:04+0000
 ✓ Success:
4.0K -rw-r--r-- 1 root root  461 Oct 22 15:25 packages/evil-nerd-commenter-20211014.455.entry
 60K -rw-r--r-- 1 root root  60K Oct 22 15:25 packages/evil-nerd-commenter-20211014.455.tar
4.0K -rw-r--r-- 1 root root 1.2K Oct 22 15:25 packages/evil-nerd-commenter-badge.svg
4.0K -rw-r--r-- 1 root root 3.9K Oct 22 15:25 packages/evil-nerd-commenter-readme.txt
