Package: evil-textobj-tree-sitter
Fetcher: github
Source:  https://github.com/meain/evil-textobj-tree-sitter.git

Updating /mnt/store/melpa/working/evil-textobj-tree-sitter/
Checking out origin/HEAD
Checking out a573121b2a053b8a3682a2e1ab86bee0337da2e7
Copying files (->) and directories (=>)
  from /mnt/store/melpa/working/evil-textobj-tree-sitter/
  to /tmp/evil-textobj-tree-sitter5qs0CG/evil-textobj-tree-sitter-20211022.1336
    evil-textobj-tree-sitter.el -> evil-textobj-tree-sitter.el
    queries => queries
Created evil-textobj-tree-sitter-20211022.1336.tar containing:
  evil-textobj-tree-sitter-20211022.1336/
  evil-textobj-tree-sitter-20211022.1336/evil-textobj-tree-sitter-pkg.el
  evil-textobj-tree-sitter-20211022.1336/evil-textobj-tree-sitter.el
  evil-textobj-tree-sitter-20211022.1336/queries/
  evil-textobj-tree-sitter-20211022.1336/queries/bash/
  evil-textobj-tree-sitter-20211022.1336/queries/bash/textobjects.scm
  evil-textobj-tree-sitter-20211022.1336/queries/bibtex/
  evil-textobj-tree-sitter-20211022.1336/queries/bibtex/textobjects.scm
  evil-textobj-tree-sitter-20211022.1336/queries/c/
  evil-textobj-tree-sitter-20211022.1336/queries/c/textobjects.scm
  evil-textobj-tree-sitter-20211022.1336/queries/c_sharp/
  evil-textobj-tree-sitter-20211022.1336/queries/c_sharp/textobjects.scm
  evil-textobj-tree-sitter-20211022.1336/queries/cpp/
  evil-textobj-tree-sitter-20211022.1336/queries/cpp/textobjects.scm
  evil-textobj-tree-sitter-20211022.1336/queries/cuda/
  evil-textobj-tree-sitter-20211022.1336/queries/cuda/textobjects.scm
  evil-textobj-tree-sitter-20211022.1336/queries/dart/
  evil-textobj-tree-sitter-20211022.1336/queries/dart/textobjects.scm
  evil-textobj-tree-sitter-20211022.1336/queries/elixir/
  evil-textobj-tree-sitter-20211022.1336/queries/elixir/textobjects.scm
  evil-textobj-tree-sitter-20211022.1336/queries/fennel/
  evil-textobj-tree-sitter-20211022.1336/queries/fennel/textobjects.scm
  evil-textobj-tree-sitter-20211022.1336/queries/fish/
  evil-textobj-tree-sitter-20211022.1336/queries/fish/textobjects.scm
  evil-textobj-tree-sitter-20211022.1336/queries/glsl/
  evil-textobj-tree-sitter-20211022.1336/queries/glsl/textobjects.scm
  evil-textobj-tree-sitter-20211022.1336/queries/go/
  evil-textobj-tree-sitter-20211022.1336/queries/go/textobjects.scm
  evil-textobj-tree-sitter-20211022.1336/queries/html/
  evil-textobj-tree-sitter-20211022.1336/queries/html/textobjects.scm
  evil-textobj-tree-sitter-20211022.1336/queries/java/
  evil-textobj-tree-sitter-20211022.1336/queries/java/textobjects.scm
  evil-textobj-tree-sitter-20211022.1336/queries/javascript/
  evil-textobj-tree-sitter-20211022.1336/queries/javascript/textobjects.scm
  evil-textobj-tree-sitter-20211022.1336/queries/julia/
  evil-textobj-tree-sitter-20211022.1336/queries/julia/textobjects.scm
  evil-textobj-tree-sitter-20211022.1336/queries/latex/
  evil-textobj-tree-sitter-20211022.1336/queries/latex/textobjects.scm
  evil-textobj-tree-sitter-20211022.1336/queries/lua/
  evil-textobj-tree-sitter-20211022.1336/queries/lua/textobjects.scm
  evil-textobj-tree-sitter-20211022.1336/queries/php/
  evil-textobj-tree-sitter-20211022.1336/queries/php/textobjects.scm
  evil-textobj-tree-sitter-20211022.1336/queries/python/
  evil-textobj-tree-sitter-20211022.1336/queries/python/textobjects.scm
  evil-textobj-tree-sitter-20211022.1336/queries/ql/
  evil-textobj-tree-sitter-20211022.1336/queries/ql/textobjects.scm
  evil-textobj-tree-sitter-20211022.1336/queries/rst/
  evil-textobj-tree-sitter-20211022.1336/queries/rst/textobjects.scm
  evil-textobj-tree-sitter-20211022.1336/queries/ruby/
  evil-textobj-tree-sitter-20211022.1336/queries/ruby/textobjects.scm
  evil-textobj-tree-sitter-20211022.1336/queries/rust/
  evil-textobj-tree-sitter-20211022.1336/queries/rust/textobjects.scm
  evil-textobj-tree-sitter-20211022.1336/queries/tsx/
  evil-textobj-tree-sitter-20211022.1336/queries/tsx/textobjects.scm
  evil-textobj-tree-sitter-20211022.1336/queries/typescript/
  evil-textobj-tree-sitter-20211022.1336/queries/typescript/textobjects.scm
  evil-textobj-tree-sitter-20211022.1336/queries/verilog/
  evil-textobj-tree-sitter-20211022.1336/queries/verilog/textobjects.scm
  evil-textobj-tree-sitter-20211022.1336/queries/vue/
  evil-textobj-tree-sitter-20211022.1336/queries/vue/textobjects.scm
  evil-textobj-tree-sitter-20211022.1336/queries/zig/
  evil-textobj-tree-sitter-20211022.1336/queries/zig/textobjects.scm
Built evil-textobj-tree-sitter in 6.191s, finished at 2021-10-22T15:25:39+0000
 ✓ Success:
4.0K -rw-r--r-- 1 root root  405 Oct 22 11:31 packages/evil-textobj-tree-sitter-20211017.950.entry
 92K -rw-r--r-- 1 root root  90K Oct 22 11:31 packages/evil-textobj-tree-sitter-20211017.950.tar
4.0K -rw-r--r-- 1 root root  406 Oct 22 15:25 packages/evil-textobj-tree-sitter-20211022.1336.entry
 92K -rw-r--r-- 1 root root  90K Oct 22 15:25 packages/evil-textobj-tree-sitter-20211022.1336.tar
4.0K -rw-r--r-- 1 root root 1.2K Oct 22 15:25 packages/evil-textobj-tree-sitter-badge.svg
4.0K -rw-r--r-- 1 root root  835 Oct 22 15:25 packages/evil-textobj-tree-sitter-readme.txt
