Package: evil-opener
Fetcher: github
Source:  https://github.com/0robustus1/opener.el.git

Updating /mnt/store/melpa/working/evil-opener/
Checking out origin/HEAD
Checking out c384f67278046fdcd220275fdd212ab85672cbeb
Copying files (->) and directories (=>)
  from /mnt/store/melpa/working/evil-opener/
  to /tmp/evil-openeraTHkQa/evil-opener-20161207.1810
    evil-opener.el -> evil-opener.el
    evil-opener.texi -> evil-opener.texi
Created /tmp/evil-openeraTHkQa/evil-opener-20161207.1810/evil-opener.info
Created evil-opener-20161207.1810.tar containing:
  evil-opener-20161207.1810/
  evil-opener-20161207.1810/dir
  evil-opener-20161207.1810/evil-opener-pkg.el
  evil-opener-20161207.1810/evil-opener.el
  evil-opener-20161207.1810/evil-opener.info
Built evil-opener in 8.501s, finished at 2021-10-22T15:25:11+0000
 ✓ Success:
4.0K -rw-r--r-- 1 root root  436 Oct 22 15:25 packages/evil-opener-20161207.1810.entry
 20K -rw-r--r-- 1 root root  20K Oct 22 15:25 packages/evil-opener-20161207.1810.tar
4.0K -rw-r--r-- 1 root root 1.2K Oct 22 15:25 packages/evil-opener-badge.svg
4.0K -rw-r--r-- 1 root root  716 Oct 22 15:25 packages/evil-opener-readme.txt
