Package: extend-dnd
Fetcher: github
Source:  https://github.com/mattfidler/extend-dnd.git

Updating /mnt/store/melpa/working/extend-dnd/
Checking out origin/HEAD
Checking out 80c966c93b82c9bb5c6225a432557c39144fc602
Copying files (->) and directories (=>)
  from /mnt/store/melpa/working/extend-dnd/
  to /tmp/extend-dndWbFucg/extend-dnd-20151122.1850
    extend-dnd.el -> extend-dnd.el
    dir -> dir
    extend-dnd.info -> extend-dnd.info
Created extend-dnd-20151122.1850.tar containing:
  extend-dnd-20151122.1850/
  extend-dnd-20151122.1850/dir
  extend-dnd-20151122.1850/extend-dnd-pkg.el
  extend-dnd-20151122.1850/extend-dnd.el
  extend-dnd-20151122.1850/extend-dnd.info
Built extend-dnd in 7.391s, finished at 2021-10-22T15:26:07+0000
 ✓ Success:
4.0K -rw-r--r-- 1 root root  323 Oct 22 15:26 packages/extend-dnd-20151122.1850.entry
 32K -rw-r--r-- 1 root root  30K Oct 22 15:26 packages/extend-dnd-20151122.1850.tar
4.0K -rw-r--r-- 1 root root 1.2K Oct 22 15:26 packages/extend-dnd-badge.svg
4.0K -rw-r--r-- 1 root root 1.7K Oct 22 15:26 packages/extend-dnd-readme.txt
