Package: f3
Fetcher: github
Source:  https://github.com/cosmicexplorer/f3.git

Updating /mnt/store/melpa/working/f3/
Checking out origin/HEAD
Checking out 000009ce4adf7a57eae80512f29c4ec2a1391ce5
Copying files (->) and directories (=>)
  from /mnt/store/melpa/working/f3/
  to /tmp/f3K1a9Jv/f3-20180130.1158
    f3.el -> f3.el
    update-commentary.el -> update-commentary.el
Created f3-20180130.1158.tar containing:
  f3-20180130.1158/
  f3-20180130.1158/f3-pkg.el
  f3-20180130.1158/f3.el
  f3-20180130.1158/update-commentary.el
Built f3 in 5.266s, finished at 2021-10-22T15:26:25+0000
 ✓ Success:
4.0K -rw-r--r-- 1 root root  413 Oct 22 15:26 packages/f3-20180130.1158.entry
 52K -rw-r--r-- 1 root root  50K Oct 22 15:26 packages/f3-20180130.1158.tar
4.0K -rw-r--r-- 1 root root 1.2K Oct 22 15:26 packages/f3-badge.svg
8.0K -rw-r--r-- 1 root root 5.8K Oct 22 15:26 packages/f3-readme.txt
