Package: fabric
Fetcher: github
Source:  https://github.com/nlamirault/fabric.el.git

Updating /mnt/store/melpa/working/fabric/
Checking out origin/HEAD
Checking out df79be341d0b34ed23850f9894136092fa5fea8c
Copying files (->) and directories (=>)
  from /mnt/store/melpa/working/fabric/
  to /tmp/fabriceyfjxB/fabric-20171116.656
    fabric.el -> fabric.el
    fabric.el-pkg.el -> fabric.el-pkg.el
Created fabric-20171116.656.tar containing:
  fabric-20171116.656/
  fabric-20171116.656/fabric-pkg.el
  fabric-20171116.656/fabric.el
  fabric-20171116.656/fabric.el-pkg.el
Built fabric in 5.055s, finished at 2021-10-22T15:26:25+0000
 ✓ Success:
4.0K -rw-r--r-- 1 root root  358 Oct 22 15:26 packages/fabric-20171116.656.entry
 12K -rw-r--r-- 1 root root  10K Oct 22 15:26 packages/fabric-20171116.656.tar
4.0K -rw-r--r-- 1 root root 1.2K Oct 22 15:26 packages/fabric-badge.svg
4.0K -rw-r--r-- 1 root root  154 Oct 22 15:26 packages/fabric-readme.txt
