Package: fanyi
Fetcher: github
Source:  https://github.com/condy0919/fanyi.el.git

Updating /mnt/store/melpa/working/fanyi/
Checking out origin/HEAD
Checking out b76b60564929137d3cb0bf61ae5818381a36f467
Copying files (->) and directories (=>)
  from /mnt/store/melpa/working/fanyi/
  to /tmp/fanyiHl5Ch5/fanyi-20211020.653
    fanyi-ah.el -> fanyi-ah.el
    fanyi-base.el -> fanyi-base.el
    fanyi-etymon.el -> fanyi-etymon.el
    fanyi-haici.el -> fanyi-haici.el
    fanyi-libre.el -> fanyi-libre.el
    fanyi-longman.el -> fanyi-longman.el
    fanyi-youdao-thesaurus.el -> fanyi-youdao-thesaurus.el
    fanyi.el -> fanyi.el
    ol-fanyi.el -> ol-fanyi.el
Created fanyi-20211020.653.tar containing:
  fanyi-20211020.653/
  fanyi-20211020.653/fanyi-ah.el
  fanyi-20211020.653/fanyi-base.el
  fanyi-20211020.653/fanyi-etymon.el
  fanyi-20211020.653/fanyi-haici.el
  fanyi-20211020.653/fanyi-libre.el
  fanyi-20211020.653/fanyi-longman.el
  fanyi-20211020.653/fanyi-pkg.el
  fanyi-20211020.653/fanyi-youdao-thesaurus.el
  fanyi-20211020.653/fanyi.el
  fanyi-20211020.653/ol-fanyi.el
Built fanyi in 5.577s, finished at 2021-10-22T15:26:36+0000
 ✓ Success:
4.0K -rw-r--r-- 1 root root  371 Oct 22 15:26 packages/fanyi-20211020.653.entry
100K -rw-r--r-- 1 root root 100K Oct 22 15:26 packages/fanyi-20211020.653.tar
4.0K -rw-r--r-- 1 root root 1.2K Oct 22 15:26 packages/fanyi-badge.svg
4.0K -rw-r--r-- 1 root root  123 Oct 22 15:26 packages/fanyi-readme.txt
