Package: fingers
Fetcher: github
Source:  https://github.com/fgeller/fingers.el.git

Updating /mnt/store/melpa/working/fingers/
Checking out origin/HEAD
Checking out fed0f742afb1d72eaef29d8da394467550a030fa
Copying files (->) and directories (=>)
  from /mnt/store/melpa/working/fingers/
  to /tmp/fingersHQnXf2/fingers-20160817.829
    fingers-neo.el -> fingers-neo.el
    fingers-qwerty.el -> fingers-qwerty.el
    fingers.el -> fingers.el
Created fingers-20160817.829.tar containing:
  fingers-20160817.829/
  fingers-20160817.829/fingers-neo.el
  fingers-20160817.829/fingers-pkg.el
  fingers-20160817.829/fingers-qwerty.el
  fingers-20160817.829/fingers.el
Built fingers in 5.727s, finished at 2021-10-22T15:27:18+0000
 ✓ Success:
4.0K -rw-r--r-- 1 root root  380 Oct 22 15:27 packages/fingers-20160817.829.entry
 40K -rw-r--r-- 1 root root  40K Oct 22 15:27 packages/fingers-20160817.829.tar
4.0K -rw-r--r-- 1 root root 1.2K Oct 22 15:27 packages/fingers-badge.svg
4.0K -rw-r--r-- 1 root root  400 Oct 22 15:27 packages/fingers-readme.txt
