Package: finito
Fetcher: github
Source:  https://github.com/LaurenceWarne/finito.el.git

Updating /mnt/store/melpa/working/finito/
Checking out origin/HEAD
Checking out 21a492d3e67e5e3ab59b75107d345142a4c3ac02
Copying files (->) and directories (=>)
  from /mnt/store/melpa/working/finito/
  to /tmp/finitofyTUeJ/finito-20211015.937
    finito-buffer.el -> finito-buffer.el
    finito-core.el -> finito-core.el
    finito-graphql.el -> finito-graphql.el
    finito-request.el -> finito-request.el
    finito-server.el -> finito-server.el
    finito-view.el -> finito-view.el
    finito.el -> finito.el
Created finito-20211015.937.tar containing:
  finito-20211015.937/
  finito-20211015.937/finito-buffer.el
  finito-20211015.937/finito-core.el
  finito-20211015.937/finito-graphql.el
  finito-20211015.937/finito-pkg.el
  finito-20211015.937/finito-request.el
  finito-20211015.937/finito-server.el
  finito-20211015.937/finito-view.el
  finito-20211015.937/finito.el
Built finito in 5.767s, finished at 2021-10-22T15:27:20+0000
 ✓ Success:
4.0K -rw-r--r-- 1 root root  458 Oct 22 15:27 packages/finito-20211015.937.entry
 80K -rw-r--r-- 1 root root  80K Oct 22 15:27 packages/finito-20211015.937.tar
4.0K -rw-r--r-- 1 root root 1.2K Oct 22 15:27 packages/finito-badge.svg
4.0K -rw-r--r-- 1 root root  425 Oct 22 15:27 packages/finito-readme.txt
