Package: fiplr
Fetcher: github
Source:  https://github.com/grizzl/fiplr.git

Updating /mnt/store/melpa/working/fiplr/
Checking out origin/HEAD
Checking out 3f50159fd42125440d5b0eb9d6398560461f030b
Copying files (->) and directories (=>)
  from /mnt/store/melpa/working/fiplr/
  to /tmp/fiplrPJ0Zd7/fiplr-20140724.645
    fiplr-pkg.el -> fiplr-pkg.el
    fiplr.el -> fiplr.el
Created fiplr-20140724.645.tar containing:
  fiplr-20140724.645/
  fiplr-20140724.645/fiplr-pkg.el
  fiplr-20140724.645/fiplr.el
Built fiplr in 5.464s, finished at 2021-10-22T15:27:20+0000
 ✓ Success:
4.0K -rw-r--r-- 1 root root  384 Oct 22 15:27 packages/fiplr-20140724.645.entry
 20K -rw-r--r-- 1 root root  20K Oct 22 15:27 packages/fiplr-20140724.645.tar
4.0K -rw-r--r-- 1 root root 1.2K Oct 22 15:27 packages/fiplr-badge.svg
