Package: flex-compile
Fetcher: github
Source:  https://github.com/plandes/flex-compile.git

Updating /mnt/store/melpa/working/flex-compile/
Checking out origin/HEAD
Checking out 64f61ba1c113be38e4eae2a1fcee5596223c5d85
Copying files (->) and directories (=>)
  from /mnt/store/melpa/working/flex-compile/
  to /tmp/flex-compiles4H2DH/flex-compile-20210914.1255
    flex-compile-base.el -> flex-compile-base.el
    flex-compile-choice-program.el -> flex-compile-choice-program.el
    flex-compile-cli.el -> flex-compile-cli.el
    flex-compile-clojure.el -> flex-compile-clojure.el
    flex-compile-comint.el -> flex-compile-comint.el
    flex-compile-command.el -> flex-compile-command.el
    flex-compile-config.el -> flex-compile-config.el
    flex-compile-ess.el -> flex-compile-ess.el
    flex-compile-make.el -> flex-compile-make.el
    flex-compile-manage.el -> flex-compile-manage.el
    flex-compile-org-export.el -> flex-compile-org-export.el
    flex-compile-python.el -> flex-compile-python.el
    flex-compile-repl.el -> flex-compile-repl.el
    flex-compile-script.el -> flex-compile-script.el
    flex-compile-single-buffer.el -> flex-compile-single-buffer.el
    flex-compile-xml-validate.el -> flex-compile-xml-validate.el
    flex-compile.el -> flex-compile.el
    flex-compiler.el -> flex-compiler.el
Created flex-compile-20210914.1255.tar containing:
  flex-compile-20210914.1255/
  flex-compile-20210914.1255/flex-compile-base.el
  flex-compile-20210914.1255/flex-compile-choice-program.el
  flex-compile-20210914.1255/flex-compile-cli.el
  flex-compile-20210914.1255/flex-compile-clojure.el
  flex-compile-20210914.1255/flex-compile-comint.el
  flex-compile-20210914.1255/flex-compile-command.el
  flex-compile-20210914.1255/flex-compile-config.el
  flex-compile-20210914.1255/flex-compile-ess.el
  flex-compile-20210914.1255/flex-compile-make.el
  flex-compile-20210914.1255/flex-compile-manage.el
  flex-compile-20210914.1255/flex-compile-org-export.el
  flex-compile-20210914.1255/flex-compile-pkg.el
  flex-compile-20210914.1255/flex-compile-python.el
  flex-compile-20210914.1255/flex-compile-repl.el
  flex-compile-20210914.1255/flex-compile-script.el
  flex-compile-20210914.1255/flex-compile-single-buffer.el
  flex-compile-20210914.1255/flex-compile-xml-validate.el
  flex-compile-20210914.1255/flex-compile.el
  flex-compile-20210914.1255/flex-compiler.el
Built flex-compile in 6.054s, finished at 2021-10-22T15:27:46+0000
 ✓ Success:
4.0K -rw-r--r-- 1 root root  414 Oct 22 15:27 packages/flex-compile-20210914.1255.entry
140K -rw-r--r-- 1 root root 140K Oct 22 15:27 packages/flex-compile-20210914.1255.tar
4.0K -rw-r--r-- 1 root root 1.2K Oct 22 15:27 packages/flex-compile-badge.svg
4.0K -rw-r--r-- 1 root root  418 Oct 22 15:27 packages/flex-compile-readme.txt
