Package: flower
Fetcher: github
Source:  https://github.com/PositiveTechnologies/flower.git

Updating /mnt/store/melpa/working/flower/
Checking out origin/HEAD
Checking out 0d5dd8b9b844adab1a1b7a9641daa9e98918712c
Copying files (->) and directories (=>)
  from /mnt/store/melpa/working/flower/
  to /tmp/flowerQ8ZhDv/flower-20201022.1904
    flower.el -> flower.el
    project.clj -> project.clj
Created flower-20201022.1904.tar containing:
  flower-20201022.1904/
  flower-20201022.1904/flower-pkg.el
  flower-20201022.1904/flower.el
  flower-20201022.1904/project.clj
Built flower in 5.942s, finished at 2021-10-22T15:27:55+0000
 ✓ Success:
4.0K -rw-r--r-- 1 root root  404 Oct 22 15:27 packages/flower-20201022.1904.entry
 20K -rw-r--r-- 1 root root  20K Oct 22 15:27 packages/flower-20201022.1904.tar
4.0K -rw-r--r-- 1 root root 1.2K Oct 22 15:27 packages/flower-badge.svg
4.0K -rw-r--r-- 1 root root  205 Oct 22 15:27 packages/flower-readme.txt
