Package: flutter
Fetcher: github
Source:  https://github.com/amake/flutter.el.git

Updating /mnt/store/melpa/working/flutter/
Checking out origin/HEAD
Checking out 81c524a43c46f4949ccde3b57e2a6ea359f712f4
Copying files (->) and directories (=>)
  from /mnt/store/melpa/working/flutter/
  to /tmp/flutterR9wG8Y/flutter-20210914.17
    flutter.el -> flutter.el
    flutter-project.el -> flutter-project.el
    flutter-l10n.el -> flutter-l10n.el
Created flutter-20210914.17.tar containing:
  flutter-20210914.17/
  flutter-20210914.17/flutter-l10n.el
  flutter-20210914.17/flutter-pkg.el
  flutter-20210914.17/flutter-project.el
  flutter-20210914.17/flutter.el
Built flutter in 4.594s, finished at 2021-10-22T15:27:58+0000
 ✓ Success:
4.0K -rw-r--r-- 1 root root  316 Oct 22 15:27 packages/flutter-20210914.17.entry
 32K -rw-r--r-- 1 root root  30K Oct 22 15:27 packages/flutter-20210914.17.tar
4.0K -rw-r--r-- 1 root root 1.2K Oct 22 15:27 packages/flutter-badge.svg
4.0K -rw-r--r-- 1 root root 2.6K Oct 22 11:33 packages/flutter-l10n-flycheck-20200221.1415.el
4.0K -rw-r--r-- 1 root root  397 Oct 22 11:33 packages/flutter-l10n-flycheck-20200221.1415.entry
4.0K -rw-r--r-- 1 root root 1.2K Oct 22 11:33 packages/flutter-l10n-flycheck-badge.svg
4.0K -rw-r--r-- 1 root root  123 Oct 22 11:33 packages/flutter-l10n-flycheck-readme.txt
4.0K -rw-r--r-- 1 root root  233 Oct 22 15:27 packages/flutter-l10n-flycheck.log
4.0K -rw-r--r-- 1 root root  142 Oct 22 15:27 packages/flutter-readme.txt
