Package: flx
Fetcher: github
Source:  https://github.com/lewang/flx.git

Updating /mnt/store/melpa/working/flx/
Checking out origin/HEAD
Checking out 647cb2f92f9936c62e277d7a74ad54a80502d255
Built flx in 7.260s, finished at 2021-10-22T15:28:04+0000
 ✓ Success:
 16K -rw-r--r-- 1 root root  16K Oct 22 15:28 packages/flx-20191115.659.el
4.0K -rw-r--r-- 1 root root  275 Oct 22 15:28 packages/flx-20191115.659.entry
4.0K -rw-r--r-- 1 root root 1.2K Oct 22 15:28 packages/flx-badge.svg
 12K -rw-r--r-- 1 root root 9.9K Oct 22 15:28 packages/flx-ido-20180117.1519.el
4.0K -rw-r--r-- 1 root root  279 Oct 22 15:28 packages/flx-ido-20180117.1519.entry
4.0K -rw-r--r-- 1 root root 1.2K Oct 22 15:28 packages/flx-ido-badge.svg
4.0K -rw-r--r-- 1 root root  579 Oct 22 15:28 packages/flx-ido-readme.txt
4.0K -rw-r--r-- 1 root root  275 Oct 22 15:28 packages/flx-ido.log
 16K -rw-r--r-- 1 root root  13K Oct 22 15:28 packages/flx-isearch-20191119.515.el
4.0K -rw-r--r-- 1 root root  467 Oct 22 15:28 packages/flx-isearch-20191119.515.entry
4.0K -rw-r--r-- 1 root root 1.2K Oct 22 11:33 packages/flx-isearch-badge.svg
4.0K -rw-r--r-- 1 root root  992 Oct 22 15:28 packages/flx-isearch-readme.txt
4.0K -rw-r--r-- 1 root root  218 Oct 22 15:28 packages/flx-isearch.log
4.0K -rw-r--r-- 1 root root  498 Oct 22 15:28 packages/flx-readme.txt
