Package: flycheck-tip
Fetcher: github
Source:  https://github.com/yuutayamada/flycheck-tip.git

Updating /mnt/store/melpa/working/flycheck-tip/
Checking out origin/HEAD
Checking out 9b0072d92e6b4a52834bf5a34120a0f5e1c8c2fd
Copying files (->) and directories (=>)
  from /mnt/store/melpa/working/flycheck-tip/
  to /tmp/flycheck-tiptMgoim/flycheck-tip-20171020.1048
    error-tip.el -> error-tip.el
    flycheck-tip.el -> flycheck-tip.el
    flymake-tip.el -> flymake-tip.el
Created flycheck-tip-20171020.1048.tar containing:
  flycheck-tip-20171020.1048/
  flycheck-tip-20171020.1048/error-tip.el
  flycheck-tip-20171020.1048/flycheck-tip-pkg.el
  flycheck-tip-20171020.1048/flycheck-tip.el
  flycheck-tip-20171020.1048/flymake-tip.el
Built flycheck-tip in 5.178s, finished at 2021-10-22T15:30:18+0000
 ✓ Success:
4.0K -rw-r--r-- 1 root root  427 Oct 22 15:30 packages/flycheck-tip-20171020.1048.entry
 32K -rw-r--r-- 1 root root  30K Oct 22 15:30 packages/flycheck-tip-20171020.1048.tar
4.0K -rw-r--r-- 1 root root 1.2K Oct 22 15:30 packages/flycheck-tip-badge.svg
4.0K -rw-r--r-- 1 root root  663 Oct 22 15:30 packages/flycheck-tip-readme.txt
