Package: flycheck-pyre
Fetcher: github
Source:  https://github.com/linnik/flycheck-pyre.git

Updating /mnt/store/melpa/working/flycheck-pyre/
Checking out origin/HEAD
Checking out 0560122caae207d99d8af1ac2b4e5d6f6a1ce444
Copying files (->) and directories (=>)
  from /mnt/store/melpa/working/flycheck-pyre/
  to /tmp/flycheck-pyrehMo9Oe/flycheck-pyre-20190215.1222
    flycheck-pyre.el -> flycheck-pyre.el
    bin => bin
Created flycheck-pyre-20190215.1222.tar containing:
  flycheck-pyre-20190215.1222/
  flycheck-pyre-20190215.1222/bin/
  flycheck-pyre-20190215.1222/bin/pyrewrapper.sh
  flycheck-pyre-20190215.1222/flycheck-pyre-pkg.el
  flycheck-pyre-20190215.1222/flycheck-pyre.el
Built flycheck-pyre in 5.474s, finished at 2021-10-22T15:30:04+0000
 ✓ Success:
4.0K -rw-r--r-- 1 root root  397 Oct 22 15:30 packages/flycheck-pyre-20190215.1222.entry
 12K -rw-r--r-- 1 root root  10K Oct 22 15:30 packages/flycheck-pyre-20190215.1222.tar
4.0K -rw-r--r-- 1 root root 1.2K Oct 22 15:30 packages/flycheck-pyre-badge.svg
4.0K -rw-r--r-- 1 root root  467 Oct 22 15:30 packages/flycheck-pyre-readme.txt
