Package: flycheck-elsa
Fetcher: github
Source:  https://github.com/emacs-elsa/flycheck-elsa.git

Updating /mnt/store/melpa/working/flycheck-elsa/
Checking out origin/HEAD
Checking out 6274e6d5391bcdca46164b3238b045ca21c353a2
Copying files (->) and directories (=>)
  from /mnt/store/melpa/working/flycheck-elsa/
  to /tmp/flycheck-elsaLPNb24/flycheck-elsa-20200203.1758
    Elsafile.el -> Elsafile.el
    flycheck-elsa.el -> flycheck-elsa.el
Created flycheck-elsa-20200203.1758.tar containing:
  flycheck-elsa-20200203.1758/
  flycheck-elsa-20200203.1758/Elsafile.el
  flycheck-elsa-20200203.1758/flycheck-elsa-pkg.el
  flycheck-elsa-20200203.1758/flycheck-elsa.el
Built flycheck-elsa in 6.163s, finished at 2021-10-22T15:28:44+0000
 ✓ Success:
4.0K -rw-r--r-- 1 root root  382 Oct 22 15:28 packages/flycheck-elsa-20200203.1758.entry
 12K -rw-r--r-- 1 root root  10K Oct 22 15:28 packages/flycheck-elsa-20200203.1758.tar
4.0K -rw-r--r-- 1 root root 1.2K Oct 22 15:28 packages/flycheck-elsa-badge.svg
4.0K -rw-r--r-- 1 root root   46 Oct 22 15:28 packages/flycheck-elsa-readme.txt
