Package: flycheck-haskell
Fetcher: github
Source:  https://github.com/flycheck/flycheck-haskell.git

Updating /mnt/store/melpa/working/flycheck-haskell/
Checking out origin/HEAD
Checking out 16b748c033e30216259fa8c9c23616db36750a58
Copying files (->) and directories (=>)
  from /mnt/store/melpa/working/flycheck-haskell/
  to /tmp/flycheck-haskellHWVJZl/flycheck-haskell-20210829.1143
    flycheck-haskell.el -> flycheck-haskell.el
    get-cabal-configuration.hs -> get-cabal-configuration.hs
Created flycheck-haskell-20210829.1143.tar containing:
  flycheck-haskell-20210829.1143/
  flycheck-haskell-20210829.1143/flycheck-haskell-pkg.el
  flycheck-haskell-20210829.1143/flycheck-haskell.el
  flycheck-haskell-20210829.1143/get-cabal-configuration.hs
Built flycheck-haskell in 12.440s, finished at 2021-10-22T15:29:04+0000
 ✓ Success:
4.0K -rw-r--r-- 1 root root  578 Oct 22 15:29 packages/flycheck-haskell-20210829.1143.entry
 60K -rw-r--r-- 1 root root  60K Oct 22 15:29 packages/flycheck-haskell-20210829.1143.tar
4.0K -rw-r--r-- 1 root root 1.2K Oct 22 15:29 packages/flycheck-haskell-badge.svg
4.0K -rw-r--r-- 1 root root  578 Oct 22 15:29 packages/flycheck-haskell-readme.txt
