Package: flycheck-grammalecte
Fetcher: git
Source:  https://git.umaneti.net/flycheck-grammalecte/

Updating /mnt/store/melpa/working/flycheck-grammalecte/
Checking out origin/HEAD
Checking out 59b37e09923290da1c8458e507da43f403f555d2
Copying files (->) and directories (=>)
  from /mnt/store/melpa/working/flycheck-grammalecte/
  to /tmp/flycheck-grammalecteOSsjFG/flycheck-grammalecte-20210705.1656
    flycheck-grammalecte.el -> flycheck-grammalecte.el
    grammalecte.el -> grammalecte.el
    test-profile-use-package.el -> test-profile-use-package.el
    conjugueur.py -> conjugueur.py
    flycheck_grammalecte.py -> flycheck_grammalecte.py
Created flycheck-grammalecte-20210705.1656.tar containing:
  flycheck-grammalecte-20210705.1656/
  flycheck-grammalecte-20210705.1656/conjugueur.py
  flycheck-grammalecte-20210705.1656/flycheck-grammalecte-pkg.el
  flycheck-grammalecte-20210705.1656/flycheck-grammalecte.el
  flycheck-grammalecte-20210705.1656/flycheck_grammalecte.py
  flycheck-grammalecte-20210705.1656/grammalecte.el
  flycheck-grammalecte-20210705.1656/test-profile-use-package.el
Built flycheck-grammalecte in 12.174s, finished at 2021-10-22T15:29:00+0000
 ✓ Success:
4.0K -rw-r--r-- 1 root root  482 Oct 22 15:28 packages/flycheck-grammalecte-20210705.1656.entry
 60K -rw-r--r-- 1 root root  60K Oct 22 15:28 packages/flycheck-grammalecte-20210705.1656.tar
4.0K -rw-r--r-- 1 root root 1.2K Oct 22 15:29 packages/flycheck-grammalecte-badge.svg
4.0K -rw-r--r-- 1 root root   69 Oct 22 15:28 packages/flycheck-grammalecte-readme.txt
