Package: flycheck-apertium
Fetcher: github
Source:  https://github.com/unhammer/flycheck-apertium.git

Updating /mnt/store/melpa/working/flycheck-apertium/
Checking out origin/HEAD
Checking out 22b60a17836477ac1edd15dc85b14f88ca871ba9
Copying files (->) and directories (=>)
  from /mnt/store/melpa/working/flycheck-apertium/
  to /tmp/flycheck-apertium7fxqfa/flycheck-apertium-20181211.1038
    flycheck-apertium.el -> flycheck-apertium.el
    dix.xsd -> dix.xsd
Created flycheck-apertium-20181211.1038.tar containing:
  flycheck-apertium-20181211.1038/
  flycheck-apertium-20181211.1038/dix.xsd
  flycheck-apertium-20181211.1038/flycheck-apertium-pkg.el
  flycheck-apertium-20181211.1038/flycheck-apertium.el
Built flycheck-apertium in 5.533s, finished at 2021-10-22T15:28:09+0000
 ✓ Success:
4.0K -rw-r--r-- 1 root root  440 Oct 22 15:28 packages/flycheck-apertium-20181211.1038.entry
 20K -rw-r--r-- 1 root root  20K Oct 22 15:28 packages/flycheck-apertium-20181211.1038.tar
4.0K -rw-r--r-- 1 root root 1.2K Oct 22 15:28 packages/flycheck-apertium-badge.svg
4.0K -rw-r--r-- 1 root root  497 Oct 22 15:28 packages/flycheck-apertium-readme.txt
