Package: flycheck-pycheckers
Fetcher: github
Source:  https://github.com/msherry/flycheck-pycheckers.git

Updating /mnt/store/melpa/working/flycheck-pycheckers/
Checking out origin/HEAD
Checking out 771fb9a66223287fcd4998b5f6d32d8c602bd91c
Copying files (->) and directories (=>)
  from /mnt/store/melpa/working/flycheck-pycheckers/
  to /tmp/flycheck-pycheckers1a9uKH/flycheck-pycheckers-20210414.2023
    flycheck-pycheckers.el -> flycheck-pycheckers.el
    bin/pycheckers.py -> bin/pycheckers.py
Created flycheck-pycheckers-20210414.2023.tar containing:
  flycheck-pycheckers-20210414.2023/
  flycheck-pycheckers-20210414.2023/bin/
  flycheck-pycheckers-20210414.2023/bin/pycheckers.py
  flycheck-pycheckers-20210414.2023/flycheck-pycheckers-pkg.el
  flycheck-pycheckers-20210414.2023/flycheck-pycheckers.el
Built flycheck-pycheckers in 5.315s, finished at 2021-10-22T15:30:02+0000
 ✓ Success:
4.0K -rw-r--r-- 1 root root  332 Oct 22 15:30 packages/flycheck-pycheckers-20210414.2023.entry
 72K -rw-r--r-- 1 root root  70K Oct 22 15:30 packages/flycheck-pycheckers-20210414.2023.tar
4.0K -rw-r--r-- 1 root root 1.2K Oct 22 15:30 packages/flycheck-pycheckers-badge.svg
8.0K -rw-r--r-- 1 root root 5.3K Oct 22 15:30 packages/flycheck-pycheckers-readme.txt
