Package: flymake-perlcritic
Fetcher: github
Source:  https://github.com/flymake/emacs-flymake-perlcritic.git

Updating /mnt/store/melpa/working/flymake-perlcritic/
Checking out origin/HEAD
Checking out c70eb881d4fb27aeb72c0bf8de6707b9de49bd51
Copying files (->) and directories (=>)
  from /mnt/store/melpa/working/flymake-perlcritic/
  to /tmp/flymake-perlcriticGixjpX/flymake-perlcritic-20120328.814
    flymake-perlcritic.el -> flymake-perlcritic.el
    bin/flymake_perlcritic -> bin/flymake_perlcritic
Created flymake-perlcritic-20120328.814.tar containing:
  flymake-perlcritic-20120328.814/
  flymake-perlcritic-20120328.814/bin/
  flymake-perlcritic-20120328.814/bin/flymake_perlcritic
  flymake-perlcritic-20120328.814/flymake-perlcritic-pkg.el
  flymake-perlcritic-20120328.814/flymake-perlcritic.el
Built flymake-perlcritic in 4.984s, finished at 2021-10-22T15:30:54+0000
 ✓ Success:
4.0K -rw-r--r-- 1 root root  463 Oct 22 15:30 packages/flymake-perlcritic-20120328.814.entry
 12K -rw-r--r-- 1 root root  10K Oct 22 15:30 packages/flymake-perlcritic-20120328.814.tar
4.0K -rw-r--r-- 1 root root 1.2K Oct 22 15:30 packages/flymake-perlcritic-badge.svg
4.0K -rw-r--r-- 1 root root  198 Oct 22 15:30 packages/flymake-perlcritic-readme.txt
