Package: flymd
Fetcher: github
Source:  https://github.com/mola-T/flymd.git

Updating /mnt/store/melpa/working/flymd/
Checking out origin/HEAD
Checking out 84d5a68bcfed4a295952c33ffcd11e880978d9d7
Copying files (->) and directories (=>)
  from /mnt/store/melpa/working/flymd/
  to /tmp/flymdY3y313/flymd-20160617.1214
    flymd.el -> flymd.el
    flymd.html -> flymd.html
Created flymd-20160617.1214.tar containing:
  flymd-20160617.1214/
  flymd-20160617.1214/flymd-pkg.el
  flymd-20160617.1214/flymd.el
  flymd-20160617.1214/flymd.html
Built flymd in 5.600s, finished at 2021-10-22T15:31:15+0000
 ✓ Success:
4.0K -rw-r--r-- 1 root root  329 Oct 22 15:31 packages/flymd-20160617.1214.entry
 20K -rw-r--r-- 1 root root  20K Oct 22 15:31 packages/flymd-20160617.1214.tar
4.0K -rw-r--r-- 1 root root 1.2K Oct 22 15:31 packages/flymd-badge.svg
4.0K -rw-r--r-- 1 root root  310 Oct 22 15:31 packages/flymd-readme.txt
