Package: flyparens
Fetcher: github
Source:  https://github.com/jiyoo/flyparens.git

Updating /mnt/store/melpa/working/flyparens/
Checking out origin/HEAD
Checking out af9b8cfd647d0e5f97684d613dc2eea7cfc19398
Copying files (->) and directories (=>)
  from /mnt/store/melpa/working/flyparens/
  to /tmp/flyparens1VEHNT/flyparens-20140723.1846
    flyparens-config-example-1.el -> flyparens-config-example-1.el
    flyparens.el -> flyparens.el
Created flyparens-20140723.1846.tar containing:
  flyparens-20140723.1846/
  flyparens-20140723.1846/flyparens-config-example-1.el
  flyparens-20140723.1846/flyparens-pkg.el
  flyparens-20140723.1846/flyparens.el
Built flyparens in 5.405s, finished at 2021-10-22T15:31:16+0000
 ✓ Success:
4.0K -rw-r--r-- 1 root root  305 Oct 22 15:31 packages/flyparens-20140723.1846.entry
 12K -rw-r--r-- 1 root root  10K Oct 22 15:31 packages/flyparens-20140723.1846.tar
4.0K -rw-r--r-- 1 root root 1.2K Oct 22 15:31 packages/flyparens-badge.svg
4.0K -rw-r--r-- 1 root root  402 Oct 22 15:31 packages/flyparens-readme.txt
