Package: flyspell-correct
Fetcher: github
Source:  https://github.com/d12frosted/flyspell-correct.git

Updating /mnt/store/melpa/working/flyspell-correct/
Checking out origin/HEAD
Checking out 0bb9ea9969669acce7e9eb1e2c2da6c1dd91a23c
Copying files (->) and directories (=>)
  from /mnt/store/melpa/working/flyspell-correct/
  to /tmp/flyspell-correctoKxMly/flyspell-correct-20210724.1042
    flyspell-correct.el -> flyspell-correct.el
    flyspell-correct-ido.el -> flyspell-correct-ido.el
Created flyspell-correct-20210724.1042.tar containing:
  flyspell-correct-20210724.1042/
  flyspell-correct-20210724.1042/flyspell-correct-ido.el
  flyspell-correct-20210724.1042/flyspell-correct-pkg.el
  flyspell-correct-20210724.1042/flyspell-correct.el
Built flyspell-correct in 5.774s, finished at 2021-10-22T15:31:17+0000
 ✓ Success:
4.0K -rw-r--r-- 1 root root  383 Oct 22 15:31 packages/flyspell-correct-20210724.1042.entry
 32K -rw-r--r-- 1 root root  30K Oct 22 15:31 packages/flyspell-correct-20210724.1042.tar
4.0K -rw-r--r-- 1 root root 2.8K Oct 22 15:31 packages/flyspell-correct-avy-menu-20210124.1143.el
4.0K -rw-r--r-- 1 root root  551 Oct 22 11:36 packages/flyspell-correct-avy-menu-20210124.1143.entry
4.0K -rw-r--r-- 1 root root 1.2K Oct 22 11:36 packages/flyspell-correct-avy-menu-badge.svg
4.0K -rw-r--r-- 1 root root  494 Oct 22 11:36 packages/flyspell-correct-avy-menu-readme.txt
4.0K -rw-r--r-- 1 root root  252 Oct 22 15:31 packages/flyspell-correct-avy-menu.log
4.0K -rw-r--r-- 1 root root 1.2K Oct 22 15:31 packages/flyspell-correct-badge.svg
4.0K -rw-r--r-- 1 root root 3.7K Oct 22 11:36 packages/flyspell-correct-helm-20210124.1143.el
4.0K -rw-r--r-- 1 root root  438 Oct 22 11:36 packages/flyspell-correct-helm-20210124.1143.entry
4.0K -rw-r--r-- 1 root root 1.2K Oct 22 11:36 packages/flyspell-correct-helm-badge.svg
4.0K -rw-r--r-- 1 root root  478 Oct 22 11:36 packages/flyspell-correct-helm-readme.txt
4.0K -rw-r--r-- 1 root root  190 Oct 22 15:31 packages/flyspell-correct-helm.log
8.0K -rw-r--r-- 1 root root 4.1K Oct 22 11:36 packages/flyspell-correct-ivy-20210124.1143.el
4.0K -rw-r--r-- 1 root root  445 Oct 22 11:36 packages/flyspell-correct-ivy-20210124.1143.entry
4.0K -rw-r--r-- 1 root root 1.2K Oct 22 11:36 packages/flyspell-correct-ivy-badge.svg
4.0K -rw-r--r-- 1 root root  474 Oct 22 11:36 packages/flyspell-correct-ivy-readme.txt
4.0K -rw-r--r-- 1 root root  188 Oct 22 15:31 packages/flyspell-correct-ivy.log
4.0K -rw-r--r-- 1 root root 2.1K Oct 22 11:36 packages/flyspell-correct-popup-20210124.1143.el
4.0K -rw-r--r-- 1 root root  447 Oct 22 11:36 packages/flyspell-correct-popup-20210124.1143.entry
4.0K -rw-r--r-- 1 root root 1.2K Oct 22 11:36 packages/flyspell-correct-popup-badge.svg
4.0K -rw-r--r-- 1 root root  482 Oct 22 11:36 packages/flyspell-correct-popup-readme.txt
4.0K -rw-r--r-- 1 root root  192 Oct 22 15:31 packages/flyspell-correct-popup.log
4.0K -rw-r--r-- 1 root root 1.7K Oct 22 15:31 packages/flyspell-correct-readme.txt
