Package: folding
Fetcher: github
Source:  https://github.com/jaalto/project-emacs--folding-mode.git

Updating /mnt/store/melpa/working/folding/
Checking out origin/HEAD
Checking out 8110b4137198aee816a6323d873b547864893da6
Copying files (->) and directories (=>)
  from /mnt/store/melpa/working/folding/
  to /tmp/foldingGcDg5r/folding-20200901.953
    folding.el -> folding.el
    folding.texi -> folding.texi
Created /tmp/foldingGcDg5r/folding-20200901.953/folding.info
Created folding-20200901.953.tar containing:
  folding-20200901.953/
  folding-20200901.953/dir
  folding-20200901.953/folding-pkg.el
  folding-20200901.953/folding.el
  folding-20200901.953/folding.info
Built folding in 9.795s, finished at 2021-10-22T15:31:37+0000
 ✓ Success:
4.0K -rw-r--r-- 1 root root  223 Oct 22 15:31 packages/folding-20200901.953.entry
240K -rw-r--r-- 1 root root 240K Oct 22 15:31 packages/folding-20200901.953.tar
4.0K -rw-r--r-- 1 root root 1.2K Oct 22 15:31 packages/folding-badge.svg
 24K -rw-r--r-- 1 root root  22K Oct 22 15:31 packages/folding-readme.txt
