Package: fontawesome
Fetcher: github
Source:  https://github.com/emacsorphanage/fontawesome.git

Updating /mnt/store/melpa/working/fontawesome/
Checking out origin/HEAD
Checking out a743f80bfd53767ca9ee32da34c5ca032172a480
Copying files (->) and directories (=>)
  from /mnt/store/melpa/working/fontawesome/
  to /tmp/fontawesomeFPJTU3/fontawesome-20170305.1356
    fontawesome-data.el -> fontawesome-data.el
    fontawesome.el -> fontawesome.el
Created fontawesome-20170305.1356.tar containing:
  fontawesome-20170305.1356/
  fontawesome-20170305.1356/fontawesome-data.el
  fontawesome-20170305.1356/fontawesome-pkg.el
  fontawesome-20170305.1356/fontawesome.el
Built fontawesome in 5.148s, finished at 2021-10-22T15:31:37+0000
 ✓ Success:
4.0K -rw-r--r-- 1 root root  347 Oct 22 15:31 packages/fontawesome-20170305.1356.entry
 32K -rw-r--r-- 1 root root  30K Oct 22 15:31 packages/fontawesome-20170305.1356.tar
4.0K -rw-r--r-- 1 root root 1.2K Oct 22 15:31 packages/fontawesome-badge.svg
4.0K -rw-r--r-- 1 root root   92 Oct 22 15:31 packages/fontawesome-readme.txt
