Package: fortpy
Fetcher: github
Source:  https://github.com/rosenbrockc/fortpy-el.git

Updating /mnt/store/melpa/working/fortpy/
Checking out origin/HEAD
Checking out c614517e9396ef7a78be3b8786fbf303879cf43b
Copying files (->) and directories (=>)
  from /mnt/store/melpa/working/fortpy/
  to /tmp/fortpyr2rOQE/fortpy-20150715.2032
    fortpy.el -> fortpy.el
    fortpyepcserver.py -> fortpyepcserver.py
    Makefile -> Makefile
    setup.py -> setup.py
Created fortpy-20150715.2032.tar containing:
  fortpy-20150715.2032/
  fortpy-20150715.2032/Makefile
  fortpy-20150715.2032/fortpy-pkg.el
  fortpy-20150715.2032/fortpy.el
  fortpy-20150715.2032/fortpyepcserver.py
  fortpy-20150715.2032/setup.py
Built fortpy in 6.011s, finished at 2021-10-22T15:31:52+0000
 ✓ Success:
4.0K -rw-r--r-- 1 root root  376 Oct 22 15:31 packages/fortpy-20150715.2032.entry
 72K -rw-r--r-- 1 root root  70K Oct 22 15:31 packages/fortpy-20150715.2032.tar
4.0K -rw-r--r-- 1 root root 1.2K Oct 22 15:31 packages/fortpy-badge.svg
   0 -rw-r--r-- 1 root root    0 Oct 22 15:31 packages/fortpy-readme.txt
