Package: forth-mode
Fetcher: github
Source:  https://github.com/larsbrinkhoff/forth-mode.git

Updating /mnt/store/melpa/working/forth-mode/
Checking out origin/HEAD
Checking out 38d5152011ee67e0cff9d4a5ddfb1f908e5be013
Copying files (->) and directories (=>)
  from /mnt/store/melpa/working/forth-mode/
  to /tmp/forth-modeRR3low/forth-mode-20210829.1824
    forth-block-mode.el -> forth-block-mode.el
    forth-interaction-mode.el -> forth-interaction-mode.el
    forth-mode.el -> forth-mode.el
    forth-parse.el -> forth-parse.el
    forth-smie.el -> forth-smie.el
    forth-spec.el -> forth-spec.el
    forth-syntax.el -> forth-syntax.el
    forth-mode.texi -> forth-mode.texi
    backend => backend
Created /tmp/forth-modeRR3low/forth-mode-20210829.1824/forth-mode.info
Created forth-mode-20210829.1824.tar containing:
  forth-mode-20210829.1824/
  forth-mode-20210829.1824/backend/
  forth-mode-20210829.1824/backend/gforth.el
  forth-mode-20210829.1824/backend/lbforth.el
  forth-mode-20210829.1824/backend/pforth.el
  forth-mode-20210829.1824/backend/spforth.el
  forth-mode-20210829.1824/backend/swiftforth.el
  forth-mode-20210829.1824/backend/swiftforth.fth
  forth-mode-20210829.1824/backend/vfxforth.el
  forth-mode-20210829.1824/dir
  forth-mode-20210829.1824/forth-block-mode.el
  forth-mode-20210829.1824/forth-interaction-mode.el
  forth-mode-20210829.1824/forth-mode-pkg.el
  forth-mode-20210829.1824/forth-mode.el
  forth-mode-20210829.1824/forth-mode.info
  forth-mode-20210829.1824/forth-parse.el
  forth-mode-20210829.1824/forth-smie.el
  forth-mode-20210829.1824/forth-spec.el
  forth-mode-20210829.1824/forth-syntax.el
Built forth-mode in 9.288s, finished at 2021-10-22T15:31:53+0000
 ✓ Success:
4.0K -rw-r--r-- 1 root root  376 Oct 22 15:31 packages/forth-mode-20210829.1824.entry
 60K -rw-r--r-- 1 root root  60K Oct 22 15:31 packages/forth-mode-20210829.1824.tar
4.0K -rw-r--r-- 1 root root 1.2K Oct 22 15:31 packages/forth-mode-badge.svg
4.0K -rw-r--r-- 1 root root   36 Oct 22 15:31 packages/forth-mode-readme.txt
