Package: fountain-mode
Fetcher: github
Source:  https://github.com/rnkn/fountain-mode.git

Updating /mnt/store/melpa/working/fountain-mode/
Checking out origin/HEAD
Checking out 984475e2b9432bbba505c567a705804d69936b31
Copying files (->) and directories (=>)
  from /mnt/store/melpa/working/fountain-mode/
  to /tmp/fountain-modeewyIYN/fountain-mode-20211017.1118
    fountain-mode.el -> fountain-mode.el
  ! docs/fountain-mode.texi -> fountain-mode.texi
  ! contrib/fountain-theme.el -> fountain-theme.el
Created /tmp/fountain-modeewyIYN/fountain-mode-20211017.1118/fountain-mode.info
Created fountain-mode-20211017.1118.tar containing:
  fountain-mode-20211017.1118/
  fountain-mode-20211017.1118/dir
  fountain-mode-20211017.1118/fountain-mode-pkg.el
  fountain-mode-20211017.1118/fountain-mode.el
  fountain-mode-20211017.1118/fountain-mode.info
  fountain-mode-20211017.1118/fountain-theme.el
Built fountain-mode in 11.186s, finished at 2021-10-22T15:32:00+0000
 ✓ Success:
136K -rw-r--r-- 1 root root 135K May 23 00:23 packages/fountain-mode-20210522.453.el
4.0K -rw-r--r-- 1 root root  394 Oct 22 15:32 packages/fountain-mode-20211017.1118.entry
180K -rw-r--r-- 1 root root 180K Oct 22 15:32 packages/fountain-mode-20211017.1118.tar
4.0K -rw-r--r-- 1 root root 1.2K Oct 22 15:32 packages/fountain-mode-badge.svg
4.0K -rw-r--r-- 1 root root 3.3K Oct 22 15:32 packages/fountain-mode-readme.txt
