Package: fuel
Fetcher: github
Source:  https://github.com/factor/factor.git

Updating /mnt/store/melpa/working/fuel/
Checking out origin/HEAD
Checking out 7b451bb813d242dbc0cd6c29d071e0b320f2200e
Copying files (->) and directories (=>)
  from /mnt/store/melpa/working/fuel/
  to /tmp/fuelFEE2bo/fuel-20210602.1531
  ! misc/fuel/factor-mode.el -> factor-mode.el
  ! misc/fuel/factor-smie.el -> factor-smie.el
  ! misc/fuel/fuel-autodoc.el -> fuel-autodoc.el
  ! misc/fuel/fuel-autohelp.el -> fuel-autohelp.el
  ! misc/fuel/fuel-base.el -> fuel-base.el
  ! misc/fuel/fuel-completion.el -> fuel-completion.el
  ! misc/fuel/fuel-connection.el -> fuel-connection.el
  ! misc/fuel/fuel-debug-uses.el -> fuel-debug-uses.el
  ! misc/fuel/fuel-debug.el -> fuel-debug.el
  ! misc/fuel/fuel-edit.el -> fuel-edit.el
  ! misc/fuel/fuel-eval.el -> fuel-eval.el
  ! misc/fuel/fuel-help.el -> fuel-help.el
  ! misc/fuel/fuel-listener.el -> fuel-listener.el
  ! misc/fuel/fuel-log.el -> fuel-log.el
  ! misc/fuel/fuel-markup.el -> fuel-markup.el
  ! misc/fuel/fuel-menu.el -> fuel-menu.el
  ! misc/fuel/fuel-mode.el -> fuel-mode.el
  ! misc/fuel/fuel-pkg.el -> fuel-pkg.el
  ! misc/fuel/fuel-popup.el -> fuel-popup.el
  ! misc/fuel/fuel-refactor.el -> fuel-refactor.el
  ! misc/fuel/fuel-scaffold.el -> fuel-scaffold.el
  ! misc/fuel/fuel-stack.el -> fuel-stack.el
  ! misc/fuel/fuel-table.el -> fuel-table.el
  ! misc/fuel/fuel-tests.el -> fuel-tests.el
  ! misc/fuel/fuel-xref.el -> fuel-xref.el
Created fuel-20210602.1531.tar containing:
  fuel-20210602.1531/
  fuel-20210602.1531/factor-mode.el
  fuel-20210602.1531/factor-smie.el
  fuel-20210602.1531/fuel-autodoc.el
  fuel-20210602.1531/fuel-autohelp.el
  fuel-20210602.1531/fuel-base.el
  fuel-20210602.1531/fuel-completion.el
  fuel-20210602.1531/fuel-connection.el
  fuel-20210602.1531/fuel-debug-uses.el
  fuel-20210602.1531/fuel-debug.el
  fuel-20210602.1531/fuel-edit.el
  fuel-20210602.1531/fuel-eval.el
  fuel-20210602.1531/fuel-help.el
  fuel-20210602.1531/fuel-listener.el
  fuel-20210602.1531/fuel-log.el
  fuel-20210602.1531/fuel-markup.el
  fuel-20210602.1531/fuel-menu.el
  fuel-20210602.1531/fuel-mode.el
  fuel-20210602.1531/fuel-pkg.el
  fuel-20210602.1531/fuel-popup.el
  fuel-20210602.1531/fuel-refactor.el
  fuel-20210602.1531/fuel-scaffold.el
  fuel-20210602.1531/fuel-stack.el
  fuel-20210602.1531/fuel-table.el
  fuel-20210602.1531/fuel-tests.el
  fuel-20210602.1531/fuel-xref.el
Built fuel in 16.276s, finished at 2021-10-22T15:32:32+0000
 ✓ Success:
4.0K -rw-r--r-- 1 root root  202 Oct 22 15:32 packages/fuel-20210602.1531.entry
212K -rw-r--r-- 1 root root 210K Oct 22 15:32 packages/fuel-20210602.1531.tar
4.0K -rw-r--r-- 1 root root 1.2K Oct 22 15:32 packages/fuel-badge.svg
