Package: function-args
Fetcher: github
Source:  https://github.com/abo-abo/function-args.git

Updating /mnt/store/melpa/working/function-args/
Checking out origin/HEAD
Checking out 609b25305670fff08d5e357298e7128e4f4e3497
Copying files (->) and directories (=>)
  from /mnt/store/melpa/working/function-args/
  to /tmp/function-argsha0xJv/function-args-20171031.1704
    function-args.el -> function-args.el
    semantic-directory.el -> semantic-directory.el
Created function-args-20171031.1704.tar containing:
  function-args-20171031.1704/
  function-args-20171031.1704/function-args-pkg.el
  function-args-20171031.1704/function-args.el
  function-args-20171031.1704/semantic-directory.el
Built function-args in 5.099s, finished at 2021-10-22T15:32:27+0000
 ✓ Success:
4.0K -rw-r--r-- 1 root root  330 Oct 22 15:32 packages/function-args-20171031.1704.entry
 92K -rw-r--r-- 1 root root  90K Oct 22 15:32 packages/function-args-20171031.1704.tar
4.0K -rw-r--r-- 1 root root 1.2K Oct 22 15:32 packages/function-args-badge.svg
4.0K -rw-r--r-- 1 root root  569 Oct 22 15:32 packages/function-args-readme.txt
