Package: fxrd-mode
Fetcher: github
Source:  https://github.com/msherry/fxrd-mode.git

Updating /mnt/store/melpa/working/fxrd-mode/
Checking out origin/HEAD
Checking out 18a603474abb5a786a8d9f20c283d5f7beed3540
Copying files (->) and directories (=>)
  from /mnt/store/melpa/working/fxrd-mode/
  to /tmp/fxrd-modeASyUac/fxrd-mode-20170728.1801
    fxrd-mode.el -> fxrd-mode.el
    fxrd-validators.el -> fxrd-validators.el
  ! fxrd-modes/cbnot-mode.el -> cbnot-mode.el
  ! fxrd-modes/nacha-mode.el -> nacha-mode.el
  ! fxrd-modes/rm37-mode.el -> rm37-mode.el
  ! fxrd-modes/sample-mode.el -> sample-mode.el
  ! fxrd-modes/tso6-mode.el -> tso6-mode.el
Created fxrd-mode-20170728.1801.tar containing:
  fxrd-mode-20170728.1801/
  fxrd-mode-20170728.1801/cbnot-mode.el
  fxrd-mode-20170728.1801/fxrd-mode-pkg.el
  fxrd-mode-20170728.1801/fxrd-mode.el
  fxrd-mode-20170728.1801/fxrd-validators.el
  fxrd-mode-20170728.1801/nacha-mode.el
  fxrd-mode-20170728.1801/rm37-mode.el
  fxrd-mode-20170728.1801/sample-mode.el
  fxrd-mode-20170728.1801/tso6-mode.el
Built fxrd-mode in 5.335s, finished at 2021-10-22T15:32:38+0000
 ✓ Success:
4.0K -rw-r--r-- 1 root root  384 Oct 22 15:32 packages/fxrd-mode-20170728.1801.entry
 60K -rw-r--r-- 1 root root  60K Oct 22 15:32 packages/fxrd-mode-20170728.1801.tar
4.0K -rw-r--r-- 1 root root 1.2K Oct 22 15:32 packages/fxrd-mode-badge.svg
4.0K -rw-r--r-- 1 root root 1.1K Oct 22 15:32 packages/fxrd-mode-readme.txt
