Package: fyure
Fetcher: github
Source:  https://github.com/mooz/fyure.git

Updating /mnt/store/melpa/working/fyure/
Checking out origin/HEAD
Checking out b6977f1eb148e8b63259f7233b55bb050e44d9b8
Copying files (->) and directories (=>)
  from /mnt/store/melpa/working/fyure/
  to /tmp/fyureaWkQsb/fyure-20130216.1314
    fyure.el -> fyure.el
    fyure.py -> fyure.py
Created fyure-20130216.1314.tar containing:
  fyure-20130216.1314/
  fyure-20130216.1314/fyure-pkg.el
  fyure-20130216.1314/fyure.el
  fyure-20130216.1314/fyure.py
Built fyure in 5.275s, finished at 2021-10-22T15:32:38+0000
 ✓ Success:
4.0K -rw-r--r-- 1 root root  294 Oct 22 15:32 packages/fyure-20130216.1314.entry
 32K -rw-r--r-- 1 root root  30K Oct 22 15:32 packages/fyure-20130216.1314.tar
4.0K -rw-r--r-- 1 root root 1.2K Oct 22 15:32 packages/fyure-badge.svg
4.0K -rw-r--r-- 1 root root  268 Oct 22 15:32 packages/fyure-readme.txt
