Package: gams-mode
Fetcher: github
Source:  https://github.com/ShiroTakeda/gams-mode.git

Updating /mnt/store/melpa/working/gams-mode/
Checking out origin/HEAD
Checking out 64e3544726b77f10becb58a51d61993fbba433af
Copying files (->) and directories (=>)
  from /mnt/store/melpa/working/gams-mode/
  to /tmp/gams-modegqbOC0/gams-mode-20210701.36
    gams-mode.el -> gams-mode.el
    gams-logo.xpm -> gams-logo.xpm
Created gams-mode-20210701.36.tar containing:
  gams-mode-20210701.36/
  gams-mode-20210701.36/gams-logo.xpm
  gams-mode-20210701.36/gams-mode-pkg.el
  gams-mode-20210701.36/gams-mode.el
Built gams-mode in 6.807s, finished at 2021-10-22T15:32:45+0000
 ✓ Success:
620K -rw-r--r-- 1 root root 618K Feb 28  2021 packages/gams-mode-20210227.251.el
4.0K -rw-r--r-- 1 root root  372 Oct 22 15:32 packages/gams-mode-20210701.36.entry
632K -rw-r--r-- 1 root root 630K Oct 22 15:32 packages/gams-mode-20210701.36.tar
4.0K -rw-r--r-- 1 root root 1.2K Oct 22 15:32 packages/gams-mode-badge.svg
4.0K -rw-r--r-- 1 root root  485 Oct 22 15:32 packages/gams-mode-readme.txt
