Package: gcode-mode
Fetcher: gitlab
Source:  https://gitlab.com/wavexx/gcode-mode.el.git

Updating /mnt/store/melpa/working/gcode-mode/
Checking out origin/HEAD
Checking out 1f83845af4102efc5e5856b55bd5ad165b2f0cdd
Copying files (->) and directories (=>)
  from /mnt/store/melpa/working/gcode-mode/
  to /tmp/gcode-modexxmPlW/gcode-mode-20210522.1025
    gcode-mode-doc.el -> gcode-mode-doc.el
    gcode-mode.el -> gcode-mode.el
Created gcode-mode-20210522.1025.tar containing:
  gcode-mode-20210522.1025/
  gcode-mode-20210522.1025/gcode-mode-doc.el
  gcode-mode-20210522.1025/gcode-mode-pkg.el
  gcode-mode-20210522.1025/gcode-mode.el
Built gcode-mode in 6.668s, finished at 2021-10-22T15:32:52+0000
 ✓ Success:
4.0K -rw-r--r-- 1 root root  408 Oct 22 15:32 packages/gcode-mode-20210522.1025.entry
 60K -rw-r--r-- 1 root root  60K Oct 22 15:32 packages/gcode-mode-20210522.1025.tar
4.0K -rw-r--r-- 1 root root 1.2K Oct 22 15:32 packages/gcode-mode-badge.svg
4.0K -rw-r--r-- 1 root root  595 Oct 22 15:32 packages/gcode-mode-readme.txt
