Package: geben
Fetcher: github
Source:  https://github.com/ahungry/geben.git

Updating /mnt/store/melpa/working/geben/
Checking out origin/HEAD
Checking out d3706387ed25b3037338572f3968b4cc2d8825a0
Copying files (->) and directories (=>)
  from /mnt/store/melpa/working/geben/
  to /tmp/geben0KYcdn/geben-20210830.422
    dbgp.el -> dbgp.el
    geben.el -> geben.el
Created geben-20210830.422.tar containing:
  geben-20210830.422/
  geben-20210830.422/dbgp.el
  geben-20210830.422/geben-pkg.el
  geben-20210830.422/geben.el
Built geben in 5.625s, finished at 2021-10-22T15:32:54+0000
 ✓ Success:
4.0K -rw-r--r-- 1 root root  365 Oct 22 15:32 packages/geben-20210830.422.entry
212K -rw-r--r-- 1 root root 210K Oct 22 15:32 packages/geben-20210830.422.tar
4.0K -rw-r--r-- 1 root root 1.2K Oct 22 15:32 packages/geben-badge.svg
4.0K -rw-r--r-- 1 root root 3.4K Oct 22 15:32 packages/geben-helm-projectile-20160611.59.el
4.0K -rw-r--r-- 1 root root  487 Oct 22 15:32 packages/geben-helm-projectile-20160611.59.entry
4.0K -rw-r--r-- 1 root root 1.2K Oct 22 11:38 packages/geben-helm-projectile-badge.svg
4.0K -rw-r--r-- 1 root root  220 Oct 22 15:32 packages/geben-helm-projectile-readme.txt
4.0K -rw-r--r-- 1 root root  246 Oct 22 15:32 packages/geben-helm-projectile.log
4.0K -rw-r--r-- 1 root root  907 Oct 22 15:32 packages/geben-readme.txt
