Package: geiser-gauche
Fetcher: gitlab
Source:  https://gitlab.com/emacs-geiser/gauche.git

Updating /mnt/store/melpa/working/geiser-gauche/
Checking out origin/HEAD
Checking out fd52cbaed9b0a0d0f10e87674b5747e5ee44ebc9
Copying files (->) and directories (=>)
  from /mnt/store/melpa/working/geiser-gauche/
  to /tmp/geiser-gaucheFwZFiC/geiser-gauche-20210911.1041
    geiser-gauche.el -> geiser-gauche.el
    geiser-gauche.scm -> geiser-gauche.scm
Created geiser-gauche-20210911.1041.tar containing:
  geiser-gauche-20210911.1041/
  geiser-gauche-20210911.1041/geiser-gauche-pkg.el
  geiser-gauche-20210911.1041/geiser-gauche.el
  geiser-gauche-20210911.1041/geiser-gauche.scm
Built geiser-gauche in 7.217s, finished at 2021-10-22T15:33:04+0000
 ✓ Success:
4.0K -rw-r--r-- 1 root root  430 Oct 22 15:33 packages/geiser-gauche-20210911.1041.entry
 32K -rw-r--r-- 1 root root  30K Oct 22 15:33 packages/geiser-gauche-20210911.1041.tar
4.0K -rw-r--r-- 1 root root 1.2K Oct 22 15:33 packages/geiser-gauche-badge.svg
4.0K -rw-r--r-- 1 root root   65 Oct 22 15:33 packages/geiser-gauche-readme.txt
