Package: geiser
Fetcher: gitlab
Source:  https://gitlab.com/emacs-geiser/geiser.git

Updating /mnt/store/melpa/working/geiser/
Checking out origin/HEAD
Checking out d5cdad7f3eb44cec434610846cf78f2ad272089b
Copying files (->) and directories (=>)
  from /mnt/store/melpa/working/geiser/
  to /tmp/geiserlAUoSs/geiser-20211003.2152
  ! elisp/geiser-autodoc.el -> geiser-autodoc.el
  ! elisp/geiser-base.el -> geiser-base.el
  ! elisp/geiser-company.el -> geiser-company.el
  ! elisp/geiser-compile.el -> geiser-compile.el
  ! elisp/geiser-completion.el -> geiser-completion.el
  ! elisp/geiser-connection.el -> geiser-connection.el
  ! elisp/geiser-custom.el -> geiser-custom.el
  ! elisp/geiser-debug.el -> geiser-debug.el
  ! elisp/geiser-doc.el -> geiser-doc.el
  ! elisp/geiser-edit.el -> geiser-edit.el
  ! elisp/geiser-eval.el -> geiser-eval.el
  ! elisp/geiser-image.el -> geiser-image.el
  ! elisp/geiser-impl.el -> geiser-impl.el
  ! elisp/geiser-log.el -> geiser-log.el
  ! elisp/geiser-menu.el -> geiser-menu.el
  ! elisp/geiser-mode.el -> geiser-mode.el
  ! elisp/geiser-popup.el -> geiser-popup.el
  ! elisp/geiser-reload.el -> geiser-reload.el
  ! elisp/geiser-repl.el -> geiser-repl.el
  ! elisp/geiser-syntax.el -> geiser-syntax.el
  ! elisp/geiser-table.el -> geiser-table.el
  ! elisp/geiser-xref.el -> geiser-xref.el
  ! elisp/geiser.el -> geiser.el
  ! doc/dir -> dir
  ! doc/geiser.texi -> geiser.texi
Created /tmp/geiserlAUoSs/geiser-20211003.2152/geiser.info
Created geiser-20211003.2152.tar containing:
  geiser-20211003.2152/
  geiser-20211003.2152/dir
  geiser-20211003.2152/geiser-autodoc.el
  geiser-20211003.2152/geiser-base.el
  geiser-20211003.2152/geiser-company.el
  geiser-20211003.2152/geiser-compile.el
  geiser-20211003.2152/geiser-completion.el
  geiser-20211003.2152/geiser-connection.el
  geiser-20211003.2152/geiser-custom.el
  geiser-20211003.2152/geiser-debug.el
  geiser-20211003.2152/geiser-doc.el
  geiser-20211003.2152/geiser-edit.el
  geiser-20211003.2152/geiser-eval.el
  geiser-20211003.2152/geiser-image.el
  geiser-20211003.2152/geiser-impl.el
  geiser-20211003.2152/geiser-log.el
  geiser-20211003.2152/geiser-menu.el
  geiser-20211003.2152/geiser-mode.el
  geiser-20211003.2152/geiser-pkg.el
  geiser-20211003.2152/geiser-popup.el
  geiser-20211003.2152/geiser-reload.el
  geiser-20211003.2152/geiser-repl.el
  geiser-20211003.2152/geiser-syntax.el
  geiser-20211003.2152/geiser-table.el
  geiser-20211003.2152/geiser-xref.el
  geiser-20211003.2152/geiser.el
  geiser-20211003.2152/geiser.info
Built geiser in 14.495s, finished at 2021-10-22T15:33:05+0000
 ✓ Success:
4.0K -rw-r--r-- 1 root root  375 Oct 22 15:33 packages/geiser-20211003.2152.entry
312K -rw-r--r-- 1 root root 310K Oct 22 15:33 packages/geiser-20211003.2152.tar
4.0K -rw-r--r-- 1 root root 1.2K Oct 22 15:33 packages/geiser-badge.svg
4.0K -rw-r--r-- 1 root root  443 Oct 22 15:32 packages/geiser-chez-20210421.120.entry
 32K -rw-r--r-- 1 root root  30K Oct 22 15:32 packages/geiser-chez-20210421.120.tar
4.0K -rw-r--r-- 1 root root 1.2K Oct 22 15:32 packages/geiser-chez-badge.svg
4.0K -rw-r--r-- 1 root root   57 Oct 22 15:32 packages/geiser-chez-readme.txt
4.0K -rw-r--r-- 1 root root 1.2K Oct 22 15:32 packages/geiser-chez.log
4.0K -rw-r--r-- 1 root root  424 Oct 22 15:32 packages/geiser-chibi-20210421.123.entry
 32K -rw-r--r-- 1 root root  30K Oct 22 15:32 packages/geiser-chibi-20210421.123.tar
4.0K -rw-r--r-- 1 root root 1.2K Oct 22 15:32 packages/geiser-chibi-badge.svg
4.0K -rw-r--r-- 1 root root   51 Oct 22 15:32 packages/geiser-chibi-readme.txt
4.0K -rw-r--r-- 1 root root 1.2K Oct 22 15:32 packages/geiser-chibi.log
4.0K -rw-r--r-- 1 root root  389 Oct 22 15:32 packages/geiser-chicken-20210421.127.entry
 60K -rw-r--r-- 1 root root  60K Oct 22 15:32 packages/geiser-chicken-20210421.127.tar
4.0K -rw-r--r-- 1 root root 1.2K Oct 22 15:32 packages/geiser-chicken-badge.svg
4.0K -rw-r--r-- 1 root root   69 Oct 22 15:32 packages/geiser-chicken-readme.txt
4.0K -rw-r--r-- 1 root root 1.3K Oct 22 15:33 packages/geiser-chicken.log
4.0K -rw-r--r-- 1 root root  416 Oct 22 15:33 packages/geiser-gambit-20210421.124.entry
140K -rw-r--r-- 1 root root 140K Oct 22 15:33 packages/geiser-gambit-20210421.124.tar
4.0K -rw-r--r-- 1 root root 1.2K Oct 22 15:33 packages/geiser-gambit-badge.svg
4.0K -rw-r--r-- 1 root root  148 Oct 22 15:33 packages/geiser-gambit-readme.txt
4.0K -rw-r--r-- 1 root root 1.2K Oct 22 15:33 packages/geiser-gambit.log
4.0K -rw-r--r-- 1 root root  430 Oct 22 15:33 packages/geiser-gauche-20210911.1041.entry
 32K -rw-r--r-- 1 root root  30K Oct 22 15:33 packages/geiser-gauche-20210911.1041.tar
4.0K -rw-r--r-- 1 root root 1.2K Oct 22 15:33 packages/geiser-gauche-badge.svg
4.0K -rw-r--r-- 1 root root   65 Oct 22 15:33 packages/geiser-gauche-readme.txt
4.0K -rw-r--r-- 1 root root 1.1K Oct 22 15:33 packages/geiser-gauche.log
4.0K -rw-r--r-- 1 root root  440 Oct 22 15:33 packages/geiser-guile-20210508.1838.entry
 60K -rw-r--r-- 1 root root  60K Oct 22 15:33 packages/geiser-guile-20210508.1838.tar
4.0K -rw-r--r-- 1 root root 1.2K Oct 22 15:33 packages/geiser-guile-badge.svg
4.0K -rw-r--r-- 1 root root   69 Oct 22 15:33 packages/geiser-guile-readme.txt
4.0K -rw-r--r-- 1 root root 1.5K Oct 22 15:33 packages/geiser-guile.log
4.0K -rw-r--r-- 1 root root  452 Oct 22 15:33 packages/geiser-kawa-20210920.1607.entry
140K -rw-r--r-- 1 root root 140K Oct 22 15:33 packages/geiser-kawa-20210920.1607.tar
4.0K -rw-r--r-- 1 root root 1.2K Oct 22 15:33 packages/geiser-kawa-badge.svg
4.0K -rw-r--r-- 1 root root   87 Oct 22 15:33 packages/geiser-kawa-readme.txt
4.0K -rw-r--r-- 1 root root 3.7K Oct 22 15:33 packages/geiser-kawa.log
4.0K -rw-r--r-- 1 root root  453 Oct 22 11:38 packages/geiser-mit-20210405.1920.entry
 32K -rw-r--r-- 1 root root  30K Oct 22 11:38 packages/geiser-mit-20210405.1920.tar
4.0K -rw-r--r-- 1 root root 1.2K Oct 22 11:38 packages/geiser-mit-badge.svg
4.0K -rw-r--r-- 1 root root   56 Oct 22 11:38 packages/geiser-mit-readme.txt
4.0K -rw-r--r-- 1 root root  211 Oct 22 15:33 packages/geiser-mit.log
4.0K -rw-r--r-- 1 root root  415 Oct 22 11:38 packages/geiser-racket-20210421.125.entry
 80K -rw-r--r-- 1 root root  80K Oct 22 11:38 packages/geiser-racket-20210421.125.tar
4.0K -rw-r--r-- 1 root root 1.2K Oct 22 11:38 packages/geiser-racket-badge.svg
4.0K -rw-r--r-- 1 root root   94 Oct 22 11:38 packages/geiser-racket-readme.txt
4.0K -rw-r--r-- 1 root root  220 Oct 22 15:33 packages/geiser-racket.log
4.0K -rw-r--r-- 1 root root 1.4K Oct 22 15:33 packages/geiser-readme.txt
 16K -rw-r--r-- 1 root root  14K Oct 22 11:38 packages/geiser-stklos-20210626.1440.el
4.0K -rw-r--r-- 1 root root  441 Oct 22 11:38 packages/geiser-stklos-20210626.1440.entry
4.0K -rw-r--r-- 1 root root 1.2K Oct 22 11:38 packages/geiser-stklos-badge.svg
4.0K -rw-r--r-- 1 root root 1.8K Oct 22 11:38 packages/geiser-stklos-readme.txt
4.0K -rw-r--r-- 1 root root  166 Oct 22 15:33 packages/geiser-stklos.log
