Package: geiser-chez
Fetcher: gitlab
Source:  https://gitlab.com/emacs-geiser/chez.git

Updating /mnt/store/melpa/working/geiser-chez/
Checking out origin/HEAD
Checking out 03da1c17253856d8713bc5a25140cb5002c9c188
Copying files (->) and directories (=>)
  from /mnt/store/melpa/working/geiser-chez/
  to /tmp/geiser-chezNj2XT2/geiser-chez-20210421.120
    geiser-chez.el -> geiser-chez.el
    src/geiser => src/geiser
Created geiser-chez-20210421.120.tar containing:
  geiser-chez-20210421.120/
  geiser-chez-20210421.120/geiser-chez-pkg.el
  geiser-chez-20210421.120/geiser-chez.el
  geiser-chez-20210421.120/src/
  geiser-chez-20210421.120/src/geiser/
  geiser-chez-20210421.120/src/geiser/geiser.ss
  geiser-chez-20210421.120/src/geiser/test.ss
Built geiser-chez in 5.756s, finished at 2021-10-22T15:32:58+0000
 ✓ Success:
4.0K -rw-r--r-- 1 root root  443 Oct 22 15:32 packages/geiser-chez-20210421.120.entry
 32K -rw-r--r-- 1 root root  30K Oct 22 15:32 packages/geiser-chez-20210421.120.tar
4.0K -rw-r--r-- 1 root root 1.2K Oct 22 15:32 packages/geiser-chez-badge.svg
4.0K -rw-r--r-- 1 root root   57 Oct 22 15:32 packages/geiser-chez-readme.txt
