Package: geiser-gambit
Fetcher: gitlab
Source:  https://gitlab.com/emacs-geiser/gambit.git

Updating /mnt/store/melpa/working/geiser-gambit/
Checking out origin/HEAD
Checking out 3294c944d1c3b79db44ed14b133129fec454bd60
Copying files (->) and directories (=>)
  from /mnt/store/melpa/working/geiser-gambit/
  to /tmp/geiser-gambitoyQQgI/geiser-gambit-20210421.124
    geiser-gambit.el -> geiser-gambit.el
    src/geiser => src/geiser
Created geiser-gambit-20210421.124.tar containing:
  geiser-gambit-20210421.124/
  geiser-gambit-20210421.124/geiser-gambit-pkg.el
  geiser-gambit-20210421.124/geiser-gambit.el
  geiser-gambit-20210421.124/src/
  geiser-gambit-20210421.124/src/geiser/
  geiser-gambit-20210421.124/src/geiser/gambit.scm
  geiser-gambit-20210421.124/src/geiser/gambit_procedures.scm
Built geiser-gambit in 5.615s, finished at 2021-10-22T15:33:01+0000
 ✓ Success:
4.0K -rw-r--r-- 1 root root  416 Oct 22 15:33 packages/geiser-gambit-20210421.124.entry
140K -rw-r--r-- 1 root root 140K Oct 22 15:33 packages/geiser-gambit-20210421.124.tar
4.0K -rw-r--r-- 1 root root 1.2K Oct 22 15:33 packages/geiser-gambit-badge.svg
4.0K -rw-r--r-- 1 root root  148 Oct 22 15:33 packages/geiser-gambit-readme.txt
