Package: geiser-chibi
Fetcher: gitlab
Source:  https://gitlab.com/emacs-geiser/chibi.git

Updating /mnt/store/melpa/working/geiser-chibi/
Checking out origin/HEAD
Checking out 6f59291d8d1dc92ffd3f53f919d8cab4bf50b7d3
Copying files (->) and directories (=>)
  from /mnt/store/melpa/working/geiser-chibi/
  to /tmp/geiser-chibi0tAI8R/geiser-chibi-20210421.123
    geiser-chibi.el -> geiser-chibi.el
    src/geiser => src/geiser
Created geiser-chibi-20210421.123.tar containing:
  geiser-chibi-20210421.123/
  geiser-chibi-20210421.123/geiser-chibi-pkg.el
  geiser-chibi-20210421.123/geiser-chibi.el
  geiser-chibi-20210421.123/src/
  geiser-chibi-20210421.123/src/geiser/
  geiser-chibi-20210421.123/src/geiser/geiser.scm
  geiser-chibi-20210421.123/src/geiser/geiser.sld
Built geiser-chibi in 5.602s, finished at 2021-10-22T15:32:58+0000
 ✓ Success:
4.0K -rw-r--r-- 1 root root  424 Oct 22 15:32 packages/geiser-chibi-20210421.123.entry
 32K -rw-r--r-- 1 root root  30K Oct 22 15:32 packages/geiser-chibi-20210421.123.tar
4.0K -rw-r--r-- 1 root root 1.2K Oct 22 15:32 packages/geiser-chibi-badge.svg
4.0K -rw-r--r-- 1 root root   51 Oct 22 15:32 packages/geiser-chibi-readme.txt
