Package: geiser-chicken
Fetcher: gitlab
Source:  https://gitlab.com/emacs-geiser/chicken.git

Updating /mnt/store/melpa/working/geiser-chicken/
Checking out origin/HEAD
Checking out ceab39c89607f55cba88e5606ba5eb37c7df5260
Copying files (->) and directories (=>)
  from /mnt/store/melpa/working/geiser-chicken/
  to /tmp/geiser-chickenjoEPds/geiser-chicken-20210421.127
    geiser-chicken.el -> geiser-chicken.el
    src/geiser => src/geiser
Created geiser-chicken-20210421.127.tar containing:
  geiser-chicken-20210421.127/
  geiser-chicken-20210421.127/geiser-chicken-pkg.el
  geiser-chicken-20210421.127/geiser-chicken.el
  geiser-chicken-20210421.127/src/
  geiser-chicken-20210421.127/src/geiser/
  geiser-chicken-20210421.127/src/geiser/chicken4.scm
  geiser-chicken-20210421.127/src/geiser/chicken5.scm
Built geiser-chicken in 5.278s, finished at 2021-10-22T15:32:59+0000
 ✓ Success:
4.0K -rw-r--r-- 1 root root  389 Oct 22 15:32 packages/geiser-chicken-20210421.127.entry
 60K -rw-r--r-- 1 root root  60K Oct 22 15:32 packages/geiser-chicken-20210421.127.tar
4.0K -rw-r--r-- 1 root root 1.2K Oct 22 15:32 packages/geiser-chicken-badge.svg
4.0K -rw-r--r-- 1 root root   69 Oct 22 15:32 packages/geiser-chicken-readme.txt
