Package: geiser-mit
Fetcher: gitlab
Source:  https://gitlab.com/emacs-geiser/mit.git

Updating /mnt/store/melpa/working/geiser-mit/
Checking out origin/HEAD
Checking out d17394f577aaa2854a74a1a0039cb8f73378b400
Copying files (->) and directories (=>)
  from /mnt/store/melpa/working/geiser-mit/
  to /tmp/geiser-mitgq8NDJ/geiser-mit-20210405.1920
    geiser-mit.el -> geiser-mit.el
    src/geiser => src/geiser
Created geiser-mit-20210405.1920.tar containing:
  geiser-mit-20210405.1920/
  geiser-mit-20210405.1920/geiser-mit-pkg.el
  geiser-mit-20210405.1920/geiser-mit.el
  geiser-mit-20210405.1920/src/
  geiser-mit-20210405.1920/src/geiser/
  geiser-mit-20210405.1920/src/geiser/compile.scm
  geiser-mit-20210405.1920/src/geiser/emacs.scm
  geiser-mit-20210405.1920/src/geiser/geiser.pkg
  geiser-mit-20210405.1920/src/geiser/load.scm
Built geiser-mit in 6.400s, finished at 2021-10-22T15:33:07+0000
 ✓ Success:
4.0K -rw-r--r-- 1 root root  453 Oct 22 15:33 packages/geiser-mit-20210405.1920.entry
 32K -rw-r--r-- 1 root root  30K Oct 22 15:33 packages/geiser-mit-20210405.1920.tar
4.0K -rw-r--r-- 1 root root 1.2K Oct 22 15:33 packages/geiser-mit-badge.svg
4.0K -rw-r--r-- 1 root root   56 Oct 22 15:33 packages/geiser-mit-readme.txt
