Package: general
Fetcher: github
Source:  https://github.com/noctuid/general.el.git

Updating /mnt/store/melpa/working/general/
Checking out origin/HEAD
Checking out 26f1d4c4e258c40e6b70ce831a04800c914f29b3
Copying files (->) and directories (=>)
  from /mnt/store/melpa/working/general/
  to /tmp/generalVLQIHA/general-20211008.1651
    .dirs-local.el -> .dirs-local.el
    general.el -> general.el
Created general-20211008.1651.tar containing:
  general-20211008.1651/
  general-20211008.1651/.dirs-local.el
  general-20211008.1651/general-pkg.el
  general-20211008.1651/general.el
Built general in 6.361s, finished at 2021-10-22T15:33:12+0000
 ✓ Success:
4.0K -rw-r--r-- 1 root root  408 Oct 22 15:33 packages/general-20211008.1651.entry
132K -rw-r--r-- 1 root root 130K Oct 22 15:33 packages/general-20211008.1651.tar
4.0K -rw-r--r-- 1 root root 1.2K Oct 22 15:33 packages/general-badge.svg
4.0K -rw-r--r-- 1 root root  560 Oct 22 15:33 packages/general-readme.txt
