Package: genrnc
Fetcher: github
Source:  https://github.com/aki2o/emacs-genrnc.git

Updating /mnt/store/melpa/working/genrnc/
Checking out origin/HEAD
Checking out da75b1966a73ad215ec2ced4522c25f4d0bf1f9a
Copying files (->) and directories (=>)
  from /mnt/store/melpa/working/genrnc/
  to /tmp/genrnc1y8fy8/genrnc-20140612.1237
    genrnc.el -> genrnc.el
    trang.jar -> trang.jar
    xsd2rng.jar -> xsd2rng.jar
    xsd2rng.xsl -> xsd2rng.xsl
Created genrnc-20140612.1237.tar containing:
  genrnc-20140612.1237/
  genrnc-20140612.1237/genrnc-pkg.el
  genrnc-20140612.1237/genrnc.el
  genrnc-20140612.1237/trang.jar
  genrnc-20140612.1237/xsd2rng.jar
  genrnc-20140612.1237/xsd2rng.xsl
Built genrnc in 5.368s, finished at 2021-10-22T15:33:12+0000
 ✓ Success:
4.0K -rw-r--r-- 1 root root  469 Oct 22 15:33 packages/genrnc-20140612.1237.entry
792K -rw-r--r-- 1 root root 790K Oct 22 15:33 packages/genrnc-20140612.1237.tar
4.0K -rw-r--r-- 1 root root 1.2K Oct 22 15:33 packages/genrnc-badge.svg
4.0K -rw-r--r-- 1 root root   91 Oct 22 15:33 packages/genrnc-readme.txt
