Package: gerrit
Fetcher: github
Source:  https://github.com/thisch/gerrit.el.git

Updating /mnt/store/melpa/working/gerrit/
Checking out origin/HEAD
Checking out ba1e4423ed08abc2f427afd60216dc586a931075
Copying files (->) and directories (=>)
  from /mnt/store/melpa/working/gerrit/
  to /tmp/gerritdXYYgA/gerrit-20211005.605
    gerrit-rest.el -> gerrit-rest.el
    gerrit.el -> gerrit.el
Created gerrit-20211005.605.tar containing:
  gerrit-20211005.605/
  gerrit-20211005.605/gerrit-pkg.el
  gerrit-20211005.605/gerrit-rest.el
  gerrit-20211005.605/gerrit.el
Built gerrit in 5.654s, finished at 2021-10-22T15:33:18+0000
 ✓ Success:
4.0K -rw-r--r-- 1 root root  413 Oct 22 15:33 packages/gerrit-20211005.605.entry
 80K -rw-r--r-- 1 root root  80K Oct 22 15:33 packages/gerrit-20211005.605.tar
4.0K -rw-r--r-- 1 root root 1.2K Oct 22 15:33 packages/gerrit-badge.svg
8.0K -rw-r--r-- 1 root root 4.7K Oct 22 11:38 packages/gerrit-download-20150714.1408.el
4.0K -rw-r--r-- 1 root root  438 Oct 22 11:38 packages/gerrit-download-20150714.1408.entry
4.0K -rw-r--r-- 1 root root 1.2K Oct 22 11:38 packages/gerrit-download-badge.svg
4.0K -rw-r--r-- 1 root root  422 Oct 22 11:38 packages/gerrit-download-readme.txt
4.0K -rw-r--r-- 1 root root  177 Oct 22 15:33 packages/gerrit-download.log
4.0K -rw-r--r-- 1 root root  451 Oct 22 15:33 packages/gerrit-readme.txt
