Package: ghub
Fetcher: github
Source:  https://github.com/magit/ghub.git

Updating /mnt/store/melpa/working/ghub/
Checking out origin/HEAD
Checking out 192eff9da2c0f61813f3bc9c00913985c1804180
Copying files (->) and directories (=>)
  from /mnt/store/melpa/working/ghub/
  to /tmp/ghub49Rqqk/ghub-20211001.2224
    buck.el -> buck.el
    ghub-graphql.el -> ghub-graphql.el
    ghub-pkg.el -> ghub-pkg.el
    ghub.el -> ghub.el
    glab.el -> glab.el
    gogs.el -> gogs.el
    gsexp.el -> gsexp.el
    gtea.el -> gtea.el
    ghub.texi -> ghub.texi
Created /tmp/ghub49Rqqk/ghub-20211001.2224/ghub.info
Created ghub-20211001.2224.tar containing:
  ghub-20211001.2224/
  ghub-20211001.2224/buck.el
  ghub-20211001.2224/dir
  ghub-20211001.2224/ghub-graphql.el
  ghub-20211001.2224/ghub-pkg.el
  ghub-20211001.2224/ghub.el
  ghub-20211001.2224/ghub.info
  ghub-20211001.2224/glab.el
  ghub-20211001.2224/gogs.el
  ghub-20211001.2224/gsexp.el
  ghub-20211001.2224/gtea.el
Built ghub in 11.838s, finished at 2021-10-22T15:33:37+0000
 ✓ Success:
4.0K -rw-r--r-- 1 root root  401 Oct 22 15:33 packages/ghub-20211001.2224.entry
152K -rw-r--r-- 1 root root 150K Oct 22 15:33 packages/ghub-20211001.2224.tar
4.0K -rw-r--r-- 1 root root 1.2K Oct 22 15:33 packages/ghub-badge.svg
4.0K -rw-r--r-- 1 root root 1.3K Oct 22 15:33 packages/ghub-readme.txt
