Package: git-commit
Fetcher: github
Source:  https://github.com/magit/magit.git

Updating /mnt/store/melpa/working/git-commit/
Checking out origin/HEAD
Checking out aba0a596115b42fbd60347d893bcc319020ce5a2
Copying files (->) and directories (=>)
  from /mnt/store/melpa/working/git-commit/
  to /tmp/git-commit0xadta/git-commit-20211010.1635
  ! lisp/git-commit.el -> git-commit.el
  ! lisp/git-commit-pkg.el -> git-commit-pkg.el
Created git-commit-20211010.1635.tar containing:
  git-commit-20211010.1635/
  git-commit-20211010.1635/git-commit-pkg.el
  git-commit-20211010.1635/git-commit.el
Built git-commit in 5.822s, finished at 2021-10-22T15:33:46+0000
 ✓ Success:
4.0K -rw-r--r-- 1 root root  653 Oct 22 15:33 packages/git-commit-20211010.1635.entry
 52K -rw-r--r-- 1 root root  50K Oct 22 15:33 packages/git-commit-20211010.1635.tar
4.0K -rw-r--r-- 1 root root 1.2K Oct 22 15:33 packages/git-commit-badge.svg
 16K -rw-r--r-- 1 root root  14K Oct 22 11:39 packages/git-commit-insert-issue-20210107.2018.el
4.0K -rw-r--r-- 1 root root  517 Oct 22 11:39 packages/git-commit-insert-issue-20210107.2018.entry
4.0K -rw-r--r-- 1 root root 1.2K Oct 22 11:39 packages/git-commit-insert-issue-badge.svg
4.0K -rw-r--r-- 1 root root  171 Oct 22 11:39 packages/git-commit-insert-issue-readme.txt
4.0K -rw-r--r-- 1 root root  202 Oct 22 15:33 packages/git-commit-insert-issue.log
4.0K -rw-r--r-- 1 root root 3.5K Oct 22 15:33 packages/git-commit-readme.txt
