Package: git-walktree
Fetcher: github
Source:  https://github.com/10sr/git-walktree-el.git

Updating /mnt/store/melpa/working/git-walktree/
Checking out origin/HEAD
Checking out 162d9073286c256502df4baa9845790b9f4c2f05
Copying files (->) and directories (=>)
  from /mnt/store/melpa/working/git-walktree/
  to /tmp/git-walktreeqPFYhx/git-walktree-20191101.302
    git-walktree-mode.el -> git-walktree-mode.el
    git-walktree-read.el -> git-walktree-read.el
    git-walktree-utils.el -> git-walktree-utils.el
    git-walktree.el -> git-walktree.el
Created git-walktree-20191101.302.tar containing:
  git-walktree-20191101.302/
  git-walktree-20191101.302/git-walktree-mode.el
  git-walktree-20191101.302/git-walktree-pkg.el
  git-walktree-20191101.302/git-walktree-read.el
  git-walktree-20191101.302/git-walktree-utils.el
  git-walktree-20191101.302/git-walktree.el
Built git-walktree in 6.203s, finished at 2021-10-22T15:34:06+0000
 ✓ Success:
4.0K -rw-r--r-- 1 root root  422 Oct 22 15:34 packages/git-walktree-20191101.302.entry
 52K -rw-r--r-- 1 root root  50K Oct 22 15:34 packages/git-walktree-20191101.302.tar
4.0K -rw-r--r-- 1 root root 1.2K Oct 22 15:34 packages/git-walktree-badge.svg
4.0K -rw-r--r-- 1 root root  282 Oct 22 15:34 packages/git-walktree-readme.txt
