Package: git-attr
Fetcher: github
Source:  https://github.com/arnested/emacs-git-attr.git

Updating /mnt/store/melpa/working/git-attr/
Checking out origin/HEAD
Checking out 50df0630eba2a931146f676d349b29bde6b6b37b
Copying files (->) and directories (=>)
  from /mnt/store/melpa/working/git-attr/
  to /tmp/git-attrLIHOV4/git-attr-20180925.2003
    git-attr-linguist.el -> git-attr-linguist.el
    git-attr.el -> git-attr.el
Created git-attr-20180925.2003.tar containing:
  git-attr-20180925.2003/
  git-attr-20180925.2003/git-attr-linguist.el
  git-attr-20180925.2003/git-attr-pkg.el
  git-attr-20180925.2003/git-attr.el
Built git-attr in 5.962s, finished at 2021-10-22T15:33:41+0000
 ✓ Success:
4.0K -rw-r--r-- 1 root root  364 Oct 22 15:33 packages/git-attr-20180925.2003.entry
 12K -rw-r--r-- 1 root root  10K Oct 22 15:33 packages/git-attr-20180925.2003.tar
4.0K -rw-r--r-- 1 root root 1.2K Oct 22 15:33 packages/git-attr-badge.svg
4.0K -rw-r--r-- 1 root root  496 Oct 22 15:33 packages/git-attr-readme.txt
