Package: git-gutter
Fetcher: github
Source:  https://github.com/emacsorphanage/git-gutter.git

Updating /mnt/store/melpa/working/git-gutter/
Checking out origin/HEAD
Checking out c1e51865eb26739052035177846f53476c8605da
Built git-gutter in 5.807s, finished at 2021-10-22T15:33:51+0000
 ✓ Success:
 44K -rw-r--r-- 1 root root  44K Oct 22 15:33 packages/git-gutter-20211002.2345.el
4.0K -rw-r--r-- 1 root root  383 Oct 22 15:33 packages/git-gutter-20211002.2345.entry
4.0K -rw-r--r-- 1 root root 1.2K Oct 22 15:33 packages/git-gutter-badge.svg
8.0K -rw-r--r-- 1 root root 5.7K Oct 22 11:39 packages/git-gutter-fringe+-20140729.1103.el
4.0K -rw-r--r-- 1 root root  440 Oct 22 11:39 packages/git-gutter-fringe+-20140729.1103.entry
4.0K -rw-r--r-- 1 root root 1.2K Oct 22 11:39 packages/git-gutter-fringe+-badge.svg
   0 -rw-r--r-- 1 root root    0 Oct 22 11:39 packages/git-gutter-fringe+-readme.txt
4.0K -rw-r--r-- 1 root root  191 Oct 22 15:33 packages/git-gutter-fringe+.log
8.0K -rw-r--r-- 1 root root 6.2K Oct 22 11:39 packages/git-gutter-fringe-20211003.2228.el
4.0K -rw-r--r-- 1 root root  493 Oct 22 11:39 packages/git-gutter-fringe-20211003.2228.entry
4.0K -rw-r--r-- 1 root root 1.2K Oct 22 11:39 packages/git-gutter-fringe-badge.svg
4.0K -rw-r--r-- 1 root root  333 Oct 22 11:39 packages/git-gutter-fringe-readme.txt
4.0K -rw-r--r-- 1 root root  187 Oct 22 15:33 packages/git-gutter-fringe.log
4.0K -rw-r--r-- 1 root root   53 Oct 22 15:33 packages/git-gutter-readme.txt
