Package: git
Fetcher: github
Source:  https://github.com/rejeep/git.el.git

Updating /mnt/store/melpa/working/git/
Checking out origin/HEAD
Checking out a3396a7027a7d986598c6a2d6d5599bac918f3da
Built git in 5.591s, finished at 2021-10-22T15:33:38+0000
 ✓ Success:
8.0K -rw-r--r-- 1 root root 7.9K Oct 22 15:33 packages/git-20140128.1041.el
4.0K -rw-r--r-- 1 root root  425 Oct 22 15:33 packages/git-20140128.1041.entry
8.0K -rw-r--r-- 1 root root 7.0K Oct 22 15:33 packages/git-annex-20190625.2118.el
4.0K -rw-r--r-- 1 root root  386 Oct 22 15:33 packages/git-annex-20190625.2118.entry
4.0K -rw-r--r-- 1 root root 1.2K Oct 22 15:33 packages/git-annex-badge.svg
4.0K -rw-r--r-- 1 root root  465 Oct 22 15:33 packages/git-annex-readme.txt
4.0K -rw-r--r-- 1 root root  292 Oct 22 15:33 packages/git-annex.log
4.0K -rw-r--r-- 1 root root 3.3K Oct 22 11:38 packages/git-assembler-mode-20210207.1545.el
4.0K -rw-r--r-- 1 root root  451 Oct 22 11:38 packages/git-assembler-mode-20210207.1545.entry
4.0K -rw-r--r-- 1 root root 1.2K Oct 22 11:38 packages/git-assembler-mode-badge.svg
4.0K -rw-r--r-- 1 root root  279 Oct 22 11:38 packages/git-assembler-mode-readme.txt
4.0K -rw-r--r-- 1 root root  185 Oct 22 15:33 packages/git-assembler-mode.log
4.0K -rw-r--r-- 1 root root  364 Oct 22 11:38 packages/git-attr-20180925.2003.entry
 12K -rw-r--r-- 1 root root  10K Oct 22 11:38 packages/git-attr-20180925.2003.tar
4.0K -rw-r--r-- 1 root root 1.2K Oct 22 11:39 packages/git-attr-badge.svg
4.0K -rw-r--r-- 1 root root  496 Oct 22 11:38 packages/git-attr-readme.txt
4.0K -rw-r--r-- 1 root root  160 Oct 22 15:33 packages/git-attr.log
 12K -rw-r--r-- 1 root root 9.5K Oct 22 11:39 packages/git-auto-commit-mode-20200828.653.el
4.0K -rw-r--r-- 1 root root  380 Oct 22 11:39 packages/git-auto-commit-mode-20200828.653.entry
4.0K -rw-r--r-- 1 root root 1.2K Oct 22 11:39 packages/git-auto-commit-mode-badge.svg
4.0K -rw-r--r-- 1 root root  398 Oct 22 11:39 packages/git-auto-commit-mode-readme.txt
4.0K -rw-r--r-- 1 root root  165 Oct 22 15:33 packages/git-auto-commit-mode.log
 12K -rw-r--r-- 1 root root  11K Oct 22 11:39 packages/git-backup-20191209.2144.el
4.0K -rw-r--r-- 1 root root  443 Oct 22 11:39 packages/git-backup-20191209.2144.entry
4.0K -rw-r--r-- 1 root root 1.2K Oct 22 11:39 packages/git-backup-badge.svg
8.0K -rw-r--r-- 1 root root 5.9K Oct 22 11:39 packages/git-backup-ivy-20200709.818.el
4.0K -rw-r--r-- 1 root root  470 Oct 22 11:39 packages/git-backup-ivy-20200709.818.entry
4.0K -rw-r--r-- 1 root root 1.2K Oct 22 11:39 packages/git-backup-ivy-badge.svg
4.0K -rw-r--r-- 1 root root  177 Oct 22 11:39 packages/git-backup-ivy-readme.txt
   0 -rw-r--r-- 1 root root    0 Oct 22 15:33 packages/git-backup-ivy.log
4.0K -rw-r--r-- 1 root root   72 Oct 22 11:39 packages/git-backup-readme.txt
4.0K -rw-r--r-- 1 root root  133 Oct 22 15:33 packages/git-backup.log
4.0K -rw-r--r-- 1 root root 1.2K Oct 22 15:33 packages/git-badge.svg
 16K -rw-r--r-- 1 root root  16K Oct 22 11:39 packages/git-blamed-20161028.1926.el
4.0K -rw-r--r-- 1 root root  225 Oct 22 11:39 packages/git-blamed-20161028.1926.entry
4.0K -rw-r--r-- 1 root root 1.2K Oct 22 11:39 packages/git-blamed-badge.svg
4.0K -rw-r--r-- 1 root root 1.3K Oct 22 11:39 packages/git-blamed-readme.txt
   0 -rw-r--r-- 1 root root    0 Oct 22 15:33 packages/git-blamed.log
8.0K -rw-r--r-- 1 root root 6.5K Oct 22 11:39 packages/git-command-20191028.333.el
4.0K -rw-r--r-- 1 root root  433 Oct 22 11:39 packages/git-command-20191028.333.entry
4.0K -rw-r--r-- 1 root root 1.2K Oct 22 11:39 packages/git-command-badge.svg
4.0K -rw-r--r-- 1 root root  732 Oct 22 11:39 packages/git-command-readme.txt
4.0K -rw-r--r-- 1 root root  620 Oct 22 11:39 packages/git-command.log
4.0K -rw-r--r-- 1 root root  653 Oct 22 11:39 packages/git-commit-20211010.1635.entry
 52K -rw-r--r-- 1 root root  50K Oct 22 11:39 packages/git-commit-20211010.1635.tar
4.0K -rw-r--r-- 1 root root 1.2K Oct 22 11:39 packages/git-commit-badge.svg
 16K -rw-r--r-- 1 root root  14K Oct 22 11:39 packages/git-commit-insert-issue-20210107.2018.el
4.0K -rw-r--r-- 1 root root  517 Oct 22 11:39 packages/git-commit-insert-issue-20210107.2018.entry
4.0K -rw-r--r-- 1 root root 1.2K Oct 22 11:39 packages/git-commit-insert-issue-badge.svg
4.0K -rw-r--r-- 1 root root  171 Oct 22 11:39 packages/git-commit-insert-issue-readme.txt
4.0K -rw-r--r-- 1 root root  722 Oct 22 11:39 packages/git-commit-insert-issue.log
4.0K -rw-r--r-- 1 root root 3.5K Oct 22 11:39 packages/git-commit-readme.txt
4.0K -rw-r--r-- 1 root root 1.5K Oct 22 11:39 packages/git-commit.log
8.0K -rw-r--r-- 1 root root 6.2K Oct 22 11:39 packages/git-dwim-20170126.1214.el
4.0K -rw-r--r-- 1 root root  406 Oct 22 11:39 packages/git-dwim-20170126.1214.entry
4.0K -rw-r--r-- 1 root root 1.2K Oct 22 11:39 packages/git-dwim-badge.svg
4.0K -rw-r--r-- 1 root root  383 Oct 22 11:39 packages/git-dwim-readme.txt
4.0K -rw-r--r-- 1 root root  606 Oct 22 11:39 packages/git-dwim.log
4.0K -rw-r--r-- 1 root root 3.3K Oct 22 11:39 packages/git-grep-20200920.1751.el
4.0K -rw-r--r-- 1 root root  389 Oct 22 11:39 packages/git-grep-20200920.1751.entry
4.0K -rw-r--r-- 1 root root 1.2K Oct 22 11:39 packages/git-grep-badge.svg
4.0K -rw-r--r-- 1 root root  732 Oct 22 11:39 packages/git-grep-readme.txt
4.0K -rw-r--r-- 1 root root  602 Oct 22 11:39 packages/git-grep.log
 48K -rw-r--r-- 1 root root  47K Oct 22 11:39 packages/git-gutter+-20151204.1723.el
4.0K -rw-r--r-- 1 root root  429 Oct 22 11:39 packages/git-gutter+-20151204.1723.entry
4.0K -rw-r--r-- 1 root root 1.2K Oct 22 11:39 packages/git-gutter+-badge.svg
4.0K -rw-r--r-- 1 root root   62 Oct 22 11:39 packages/git-gutter+-readme.txt
4.0K -rw-r--r-- 1 root root  690 Oct 22 11:39 packages/git-gutter+.log
 44K -rw-r--r-- 1 root root  44K Oct 22 11:39 packages/git-gutter-20211002.2345.el
4.0K -rw-r--r-- 1 root root  383 Oct 22 11:39 packages/git-gutter-20211002.2345.entry
4.0K -rw-r--r-- 1 root root 1.2K Oct 22 11:39 packages/git-gutter-badge.svg
8.0K -rw-r--r-- 1 root root 5.7K Oct 22 11:39 packages/git-gutter-fringe+-20140729.1103.el
4.0K -rw-r--r-- 1 root root  440 Oct 22 11:39 packages/git-gutter-fringe+-20140729.1103.entry
4.0K -rw-r--r-- 1 root root 1.2K Oct 22 11:39 packages/git-gutter-fringe+-badge.svg
   0 -rw-r--r-- 1 root root    0 Oct 22 11:39 packages/git-gutter-fringe+-readme.txt
4.0K -rw-r--r-- 1 root root  753 Oct 22 11:39 packages/git-gutter-fringe+.log
8.0K -rw-r--r-- 1 root root 6.2K Oct 22 11:39 packages/git-gutter-fringe-20211003.2228.el
4.0K -rw-r--r-- 1 root root  493 Oct 22 11:39 packages/git-gutter-fringe-20211003.2228.entry
4.0K -rw-r--r-- 1 root root 1.2K Oct 22 11:39 packages/git-gutter-fringe-badge.svg
4.0K -rw-r--r-- 1 root root  333 Oct 22 11:39 packages/git-gutter-fringe-readme.txt
4.0K -rw-r--r-- 1 root root  677 Oct 22 11:39 packages/git-gutter-fringe.log
4.0K -rw-r--r-- 1 root root   53 Oct 22 11:39 packages/git-gutter-readme.txt
4.0K -rw-r--r-- 1 root root 1.5K Oct 22 11:39 packages/git-gutter.log
 24K -rw-r--r-- 1 root root  21K Oct 22 11:39 packages/git-identity-20210905.1208.el
4.0K -rw-r--r-- 1 root root  459 Oct 22 11:39 packages/git-identity-20210905.1208.entry
4.0K -rw-r--r-- 1 root root 1.2K Oct 22 11:39 packages/git-identity-badge.svg
4.0K -rw-r--r-- 1 root root  341 Oct 22 11:39 packages/git-identity-readme.txt
4.0K -rw-r--r-- 1 root root  632 Oct 22 11:39 packages/git-identity.log
4.0K -rw-r--r-- 1 root root 2.9K Oct 22 11:39 packages/git-io-20180317.1752.el
4.0K -rw-r--r-- 1 root root  356 Oct 22 11:39 packages/git-io-20180317.1752.entry
4.0K -rw-r--r-- 1 root root 1.2K Oct 22 11:39 packages/git-io-badge.svg
4.0K -rw-r--r-- 1 root root  259 Oct 22 11:39 packages/git-io-readme.txt
4.0K -rw-r--r-- 1 root root  592 Oct 22 11:39 packages/git-io.log
 12K -rw-r--r-- 1 root root 8.1K Oct 22 11:39 packages/git-lens-20190319.1342.el
4.0K -rw-r--r-- 1 root root  401 Oct 22 11:39 packages/git-lens-20190319.1342.entry
4.0K -rw-r--r-- 1 root root 1.2K Oct 22 11:39 packages/git-lens-badge.svg
4.0K -rw-r--r-- 1 root root  134 Oct 22 11:39 packages/git-lens-readme.txt
4.0K -rw-r--r-- 1 root root  595 Oct 22 11:39 packages/git-lens.log
 28K -rw-r--r-- 1 root root  27K Oct 22 11:39 packages/git-link-20210815.55.el
4.0K -rw-r--r-- 1 root root  439 Oct 22 11:39 packages/git-link-20210815.55.entry
4.0K -rw-r--r-- 1 root root 1.2K Oct 22 11:39 packages/git-link-badge.svg
4.0K -rw-r--r-- 1 root root  351 Oct 22 11:39 packages/git-link-readme.txt
4.0K -rw-r--r-- 1 root root  592 Oct 22 11:39 packages/git-link.log
 20K -rw-r--r-- 1 root root  17K Oct 22 11:39 packages/git-messenger-20201202.1637.el
4.0K -rw-r--r-- 1 root root  346 Oct 22 11:39 packages/git-messenger-20201202.1637.entry
4.0K -rw-r--r-- 1 root root 1.2K Oct 22 11:39 packages/git-messenger-badge.svg
4.0K -rw-r--r-- 1 root root  296 Oct 22 11:39 packages/git-messenger-readme.txt
4.0K -rw-r--r-- 1 root root  645 Oct 22 11:39 packages/git-messenger.log
4.0K -rw-r--r-- 1 root root  517 Oct 22 11:39 packages/git-modes-20211020.2306.entry
 32K -rw-r--r-- 1 root root  30K Oct 22 11:39 packages/git-modes-20211020.2306.tar
4.0K -rw-r--r-- 1 root root 1.2K Oct 22 11:39 packages/git-modes-badge.svg
4.0K -rw-r--r-- 1 root root  344 Oct 22 11:39 packages/git-modes-readme.txt
4.0K -rw-r--r-- 1 root root 1.2K Oct 22 11:39 packages/git-modes.log
8.0K -rw-r--r-- 1 root root 4.7K Oct 22 11:39 packages/git-msg-prefix-20191031.1304.el
4.0K -rw-r--r-- 1 root root  427 Oct 22 11:39 packages/git-msg-prefix-20191031.1304.entry
4.0K -rw-r--r-- 1 root root 1.2K Oct 22 11:39 packages/git-msg-prefix-badge.svg
4.0K -rw-r--r-- 1 root root 1.5K Oct 22 11:39 packages/git-msg-prefix-readme.txt
4.0K -rw-r--r-- 1 root root  646 Oct 22 11:39 packages/git-msg-prefix.log
 16K -rw-r--r-- 1 root root  15K Oct 22 11:39 packages/git-ps1-mode-20200113.704.el
4.0K -rw-r--r-- 1 root root  390 Oct 22 11:39 packages/git-ps1-mode-20200113.704.entry
4.0K -rw-r--r-- 1 root root 1.2K Oct 22 11:39 packages/git-ps1-mode-badge.svg
4.0K -rw-r--r-- 1 root root 1.2K Oct 22 11:39 packages/git-ps1-mode-readme.txt
4.0K -rw-r--r-- 1 root root  628 Oct 22 11:39 packages/git-ps1-mode.log
4.0K -rw-r--r-- 1 root root 2.3K Oct 22 11:39 packages/git-time-metric-20181116.2011.el
4.0K -rw-r--r-- 1 root root  429 Oct 22 11:39 packages/git-time-metric-20181116.2011.entry
4.0K -rw-r--r-- 1 root root 1.2K Oct 22 11:39 packages/git-time-metric-badge.svg
4.0K -rw-r--r-- 1 root root  587 Oct 22 11:39 packages/git-time-metric-readme.txt
4.0K -rw-r--r-- 1 root root  652 Oct 22 11:39 packages/git-time-metric.log
 20K -rwxr-xr-x 1 root root  18K Oct 22 11:39 packages/git-timemachine-20210528.908.el
4.0K -rw-r--r-- 1 root root  422 Oct 22 11:39 packages/git-timemachine-20210528.908.entry
4.0K -rw-r--r-- 1 root root 1.2K Oct 22 11:39 packages/git-timemachine-badge.svg
4.0K -rw-r--r-- 1 root root   94 Oct 22 11:39 packages/git-timemachine-readme.txt
4.0K -rw-r--r-- 1 root root  649 Oct 22 11:39 packages/git-timemachine.log
4.0K -rw-r--r-- 1 root root  422 Oct 22 11:39 packages/git-walktree-20191101.302.entry
 52K -rw-r--r-- 1 root root  50K Oct 22 11:39 packages/git-walktree-20191101.302.tar
4.0K -rw-r--r-- 1 root root 1.2K Oct 22 11:39 packages/git-walktree-badge.svg
4.0K -rw-r--r-- 1 root root  282 Oct 22 11:39 packages/git-walktree-readme.txt
4.0K -rw-r--r-- 1 root root 1.3K Oct 22 11:39 packages/git-walktree.log
 16K -rw-r--r-- 1 root root  13K Oct 22 11:39 packages/git-wip-timemachine-20150408.1006.el
4.0K -rw-r--r-- 1 root root  407 Oct 22 11:39 packages/git-wip-timemachine-20150408.1006.entry
4.0K -rw-r--r-- 1 root root 1.2K Oct 22 11:39 packages/git-wip-timemachine-badge.svg
4.0K -rw-r--r-- 1 root root 1.6K Oct 22 11:39 packages/git-wip-timemachine-readme.txt
4.0K -rw-r--r-- 1 root root  686 Oct 22 11:39 packages/git-wip-timemachine.log
