Package: gitlab
Fetcher: github
Source:  https://github.com/nlamirault/emacs-gitlab.git

Updating /mnt/store/melpa/working/gitlab/
Checking out origin/HEAD
Checking out 8c2324c02119500f094c2f92dfaba4c9977ce1ba
Copying files (->) and directories (=>)
  from /mnt/store/melpa/working/gitlab/
  to /tmp/gitlabrCW8kq/gitlab-20180312.1647
    gitlab-api.el -> gitlab-api.el
    gitlab-browse.el -> gitlab-browse.el
    gitlab-groups.el -> gitlab-groups.el
    gitlab-http.el -> gitlab-http.el
    gitlab-issues.el -> gitlab-issues.el
    gitlab-milestones.el -> gitlab-milestones.el
    gitlab-mode.el -> gitlab-mode.el
    gitlab-notes.el -> gitlab-notes.el
    gitlab-projects.el -> gitlab-projects.el
    gitlab-session.el -> gitlab-session.el
    gitlab-ui.el -> gitlab-ui.el
    gitlab-users.el -> gitlab-users.el
    gitlab-utils.el -> gitlab-utils.el
    gitlab-version.el -> gitlab-version.el
    gitlab.el -> gitlab.el
Created gitlab-20180312.1647.tar containing:
  gitlab-20180312.1647/
  gitlab-20180312.1647/gitlab-api.el
  gitlab-20180312.1647/gitlab-browse.el
  gitlab-20180312.1647/gitlab-groups.el
  gitlab-20180312.1647/gitlab-http.el
  gitlab-20180312.1647/gitlab-issues.el
  gitlab-20180312.1647/gitlab-milestones.el
  gitlab-20180312.1647/gitlab-mode.el
  gitlab-20180312.1647/gitlab-notes.el
  gitlab-20180312.1647/gitlab-pkg.el
  gitlab-20180312.1647/gitlab-projects.el
  gitlab-20180312.1647/gitlab-session.el
  gitlab-20180312.1647/gitlab-ui.el
  gitlab-20180312.1647/gitlab-users.el
  gitlab-20180312.1647/gitlab-utils.el
  gitlab-20180312.1647/gitlab-version.el
  gitlab-20180312.1647/gitlab.el
Built gitlab in 5.537s, finished at 2021-10-22T15:34:23+0000
 ✓ Success:
4.0K -rw-r--r-- 1 root root  436 Oct 22 15:34 packages/gitlab-20180312.1647.entry
 72K -rw-r--r-- 1 root root  70K Oct 22 15:34 packages/gitlab-20180312.1647.tar
4.0K -rw-r--r-- 1 root root 1.2K Oct 22 15:34 packages/gitlab-badge.svg
 16K -rw-r--r-- 1 root root  15K Oct 22 11:39 packages/gitlab-ci-mode-20191022.2017.el
4.0K -rw-r--r-- 1 root root  363 Oct 22 11:39 packages/gitlab-ci-mode-20191022.2017.entry
4.0K -rw-r--r-- 1 root root 1.2K Oct 22 11:39 packages/gitlab-ci-mode-badge.svg
8.0K -rw-r--r-- 1 root root 5.0K Oct 22 11:39 packages/gitlab-ci-mode-flycheck-20190323.1829.el
4.0K -rw-r--r-- 1 root root  455 Oct 22 11:39 packages/gitlab-ci-mode-flycheck-20190323.1829.entry
4.0K -rw-r--r-- 1 root root 1.2K Oct 22 11:39 packages/gitlab-ci-mode-flycheck-badge.svg
4.0K -rw-r--r-- 1 root root  272 Oct 22 11:39 packages/gitlab-ci-mode-flycheck-readme.txt
4.0K -rw-r--r-- 1 root root  178 Oct 22 15:34 packages/gitlab-ci-mode-flycheck.log
4.0K -rw-r--r-- 1 root root  431 Oct 22 11:39 packages/gitlab-ci-mode-readme.txt
4.0K -rw-r--r-- 1 root root  176 Oct 22 15:34 packages/gitlab-ci-mode.log
8.0K -rw-r--r-- 1 root root 6.8K Oct 22 11:39 packages/gitlab-pipeline-20210601.1339.el
4.0K -rw-r--r-- 1 root root  411 Oct 22 11:39 packages/gitlab-pipeline-20210601.1339.entry
4.0K -rw-r--r-- 1 root root 1.2K Oct 22 11:39 packages/gitlab-pipeline-badge.svg
4.0K -rw-r--r-- 1 root root  222 Oct 22 11:39 packages/gitlab-pipeline-readme.txt
4.0K -rw-r--r-- 1 root root  148 Oct 22 15:34 packages/gitlab-pipeline.log
4.0K -rw-r--r-- 1 root root  225 Oct 22 15:34 packages/gitlab-readme.txt
8.0K -rw-r--r-- 1 root root 4.7K Oct 22 11:39 packages/gitlab-snip-helm-20200427.2014.el
4.0K -rw-r--r-- 1 root root  455 Oct 22 11:39 packages/gitlab-snip-helm-20200427.2014.entry
4.0K -rw-r--r-- 1 root root 1.2K Oct 22 11:39 packages/gitlab-snip-helm-badge.svg
4.0K -rw-r--r-- 1 root root   73 Oct 22 11:39 packages/gitlab-snip-helm-readme.txt
4.0K -rw-r--r-- 1 root root  154 Oct 22 15:34 packages/gitlab-snip-helm.log
