Package: gnuplot
Fetcher: github
Source:  https://github.com/emacsorphanage/gnuplot.git

Updating /mnt/store/melpa/working/gnuplot/
Checking out origin/HEAD
Checking out 7138b139d2dca9683f1a81325c643b2744aa1ea3
Copying files (->) and directories (=>)
  from /mnt/store/melpa/working/gnuplot/
  to /tmp/gnuplotQxtm9U/gnuplot-20210609.834
    gnuplot.el -> gnuplot.el
    gnuplot-gui.el -> gnuplot-gui.el
    gnuplot-context.el -> gnuplot-context.el
Created gnuplot-20210609.834.tar containing:
  gnuplot-20210609.834/
  gnuplot-20210609.834/gnuplot-context.el
  gnuplot-20210609.834/gnuplot-gui.el
  gnuplot-20210609.834/gnuplot-pkg.el
  gnuplot-20210609.834/gnuplot.el
Built gnuplot in 11.823s, finished at 2021-10-22T15:34:54+0000
 ✓ Success:
4.0K -rw-r--r-- 1 root root  406 Oct 22 15:34 packages/gnuplot-20210609.834.entry
260K -rw-r--r-- 1 root root 260K Oct 22 15:34 packages/gnuplot-20210609.834.tar
4.0K -rw-r--r-- 1 root root 1.2K Oct 22 15:34 packages/gnuplot-badge.svg
 16K -rw-r--r-- 1 root root  16K Oct 22 15:34 packages/gnuplot-mode-20171013.1616.el
4.0K -rw-r--r-- 1 root root  253 Oct 22 11:40 packages/gnuplot-mode-20171013.1616.entry
4.0K -rw-r--r-- 1 root root 1.2K Oct 22 11:40 packages/gnuplot-mode-badge.svg
4.0K -rw-r--r-- 1 root root 2.2K Oct 22 11:40 packages/gnuplot-mode-readme.txt
4.0K -rw-r--r-- 1 root root  217 Oct 22 15:34 packages/gnuplot-mode.log
4.0K -rw-r--r-- 1 root root 2.3K Oct 22 15:34 packages/gnuplot-readme.txt
