Package: gnus-notes
Fetcher: github
Source:  https://github.com/deusmax/gnus-notes.git

Updating /mnt/store/melpa/working/gnus-notes/
Checking out origin/HEAD
Checking out 1457bba34b40d5197aa14dbf0856925f83025ae1
Copying files (->) and directories (=>)
  from /mnt/store/melpa/working/gnus-notes/
  to /tmp/gnus-notesVKehnB/gnus-notes-20210207.1010
    gnus-notes-helm.el -> gnus-notes-helm.el
    gnus-notes-org.el -> gnus-notes-org.el
    gnus-notes.el -> gnus-notes.el
Created gnus-notes-20210207.1010.tar containing:
  gnus-notes-20210207.1010/
  gnus-notes-20210207.1010/gnus-notes-helm.el
  gnus-notes-20210207.1010/gnus-notes-org.el
  gnus-notes-20210207.1010/gnus-notes-pkg.el
  gnus-notes-20210207.1010/gnus-notes.el
Built gnus-notes in 11.430s, finished at 2021-10-22T15:35:05+0000
 ✓ Success:
4.0K -rw-r--r-- 1 root root  640 Oct 22 15:35 packages/gnus-notes-20210207.1010.entry
 72K -rw-r--r-- 1 root root  70K Oct 22 15:35 packages/gnus-notes-20210207.1010.tar
4.0K -rw-r--r-- 1 root root 1.2K Oct 22 15:35 packages/gnus-notes-badge.svg
4.0K -rw-r--r-- 1 root root 1.7K Oct 22 15:35 packages/gnus-notes-readme.txt
