Package: go-translate
Fetcher: github
Source:  https://github.com/lorniu/go-translate.git

Updating /mnt/store/melpa/working/go-translate/
Checking out origin/HEAD
Checking out 873f6dd04abf4c7d2ec3eabb5ae1dac4f3c28f4b
Copying files (->) and directories (=>)
  from /mnt/store/melpa/working/go-translate/
  to /tmp/go-translate0vdGbH/go-translate-20211017.1431
    go-translate.el -> go-translate.el
    gts-core.el -> gts-core.el
    gts-engine-bing.el -> gts-engine-bing.el
    gts-engine-deepl.el -> gts-engine-deepl.el
    gts-engine-google-rpc.el -> gts-engine-google-rpc.el
    gts-engine-google.el -> gts-engine-google.el
    gts-faces.el -> gts-faces.el
    gts-implements.el -> gts-implements.el
Created go-translate-20211017.1431.tar containing:
  go-translate-20211017.1431/
  go-translate-20211017.1431/go-translate-pkg.el
  go-translate-20211017.1431/go-translate.el
  go-translate-20211017.1431/gts-core.el
  go-translate-20211017.1431/gts-engine-bing.el
  go-translate-20211017.1431/gts-engine-deepl.el
  go-translate-20211017.1431/gts-engine-google-rpc.el
  go-translate-20211017.1431/gts-engine-google.el
  go-translate-20211017.1431/gts-faces.el
  go-translate-20211017.1431/gts-implements.el
Built go-translate in 5.345s, finished at 2021-10-22T15:35:48+0000
 ✓ Success:
4.0K -rw-r--r-- 1 root root  397 Oct 22 15:35 packages/go-translate-20211017.1431.entry
112K -rw-r--r-- 1 root root 110K Oct 22 15:35 packages/go-translate-20211017.1431.tar
4.0K -rw-r--r-- 1 root root 1.2K Oct 22 15:35 packages/go-translate-badge.svg
4.0K -rw-r--r-- 1 root root  575 Oct 22 15:35 packages/go-translate-readme.txt
