Package: go
Fetcher: github
Source:  https://github.com/eschulte/el-go.git

Updating /mnt/store/melpa/working/go/
Checking out origin/HEAD
Checking out ff45fb44d9cb6579d8511d8b6156ed0b34d5ac97
Copying files (->) and directories (=>)
  from /mnt/store/melpa/working/go/
  to /tmp/goagk7Se/go-20161111.249
    go-api.el -> go-api.el
    go-board-faces.el -> go-board-faces.el
    go-board.el -> go-board.el
    go-util.el -> go-util.el
    go.el -> go.el
    list-buffer.el -> list-buffer.el
    back-ends => back-ends
    stone.wav -> stone.wav
Created go-20161111.249.tar containing:
  go-20161111.249/
  go-20161111.249/back-ends/
  go-20161111.249/back-ends/gnugo.el
  go-20161111.249/back-ends/gtp-pipe.el
  go-20161111.249/back-ends/gtp.el
  go-20161111.249/back-ends/igs.el
  go-20161111.249/back-ends/sgf.el
  go-20161111.249/back-ends/sgf2el.el
  go-20161111.249/go-api.el
  go-20161111.249/go-board-faces.el
  go-20161111.249/go-board.el
  go-20161111.249/go-pkg.el
  go-20161111.249/go-util.el
  go-20161111.249/go.el
  go-20161111.249/list-buffer.el
  go-20161111.249/stone.wav
Built go in 10.588s, finished at 2021-10-22T15:35:16+0000
 ✓ Success:
4.0K -rw-r--r-- 1 root root  397 Oct 22 15:35 packages/go-20161111.249.entry
120K -rw-r--r-- 1 root root 120K Oct 22 15:35 packages/go-20161111.249.tar
8.0K -rw-r--r-- 1 root root 6.2K Oct 22 15:35 packages/go-add-tags-20161123.1227.el
4.0K -rw-r--r-- 1 root root  386 Oct 22 11:40 packages/go-add-tags-20161123.1227.entry
4.0K -rw-r--r-- 1 root root 1.2K Oct 22 11:40 packages/go-add-tags-badge.svg
4.0K -rw-r--r-- 1 root root  121 Oct 22 11:40 packages/go-add-tags-readme.txt
4.0K -rw-r--r-- 1 root root  223 Oct 22 15:35 packages/go-add-tags.log
8.0K -rw-r--r-- 1 root root 7.1K Oct 22 11:40 packages/go-autocomplete-20170626.1023.el
4.0K -rw-r--r-- 1 root root  322 Oct 22 11:40 packages/go-autocomplete-20170626.1023.entry
4.0K -rw-r--r-- 1 root root 1.2K Oct 22 11:40 packages/go-autocomplete-badge.svg
4.0K -rw-r--r-- 1 root root  288 Oct 22 11:40 packages/go-autocomplete-readme.txt
4.0K -rw-r--r-- 1 root root  177 Oct 22 15:35 packages/go-autocomplete.log
4.0K -rw-r--r-- 1 root root 1.2K Oct 22 15:35 packages/go-badge.svg
4.0K -rw-r--r-- 1 root root 1.2K May 25 19:41 packages/go-capf-badge.svg
4.0K -rw-r--r-- 1 root root  457 May 25 19:41 packages/go-capf-readme.txt
4.0K -rw-r--r-- 1 root root  500 May 25 19:41 packages/go-capf.log
8.0K -rw-r--r-- 1 root root 4.5K Oct 22 11:40 packages/go-complete-20190409.516.el
4.0K -rw-r--r-- 1 root root  421 Oct 22 11:40 packages/go-complete-20190409.516.entry
4.0K -rw-r--r-- 1 root root 1.2K Oct 22 11:40 packages/go-complete-badge.svg
4.0K -rw-r--r-- 1 root root  303 Oct 22 11:40 packages/go-complete-readme.txt
4.0K -rw-r--r-- 1 root root  137 Oct 22 15:35 packages/go-complete.log
 24K -rw-r--r-- 1 root root  22K Oct 22 11:40 packages/go-direx-20150316.143.el
4.0K -rw-r--r-- 1 root root  383 Oct 22 11:40 packages/go-direx-20150316.143.entry
4.0K -rw-r--r-- 1 root root 1.2K Oct 22 11:40 packages/go-direx-badge.svg
4.0K -rw-r--r-- 1 root root  249 Oct 22 11:40 packages/go-direx-readme.txt
4.0K -rw-r--r-- 1 root root  135 Oct 22 15:35 packages/go-direx.log
 12K -rw-r--r-- 1 root root 8.3K Oct 22 11:40 packages/go-dlv-20211015.816.el
4.0K -rw-r--r-- 1 root root  410 Oct 22 11:40 packages/go-dlv-20211015.816.entry
4.0K -rw-r--r-- 1 root root 1.2K Oct 22 11:40 packages/go-dlv-badge.svg
   0 -rw-r--r-- 1 root root    0 Oct 22 15:35 packages/go-dlv.log
 16K -rw-r--r-- 1 root root  16K Oct 22 11:40 packages/go-eldoc-20170305.1427.el
4.0K -rw-r--r-- 1 root root  358 Oct 22 11:40 packages/go-eldoc-20170305.1427.entry
4.0K -rw-r--r-- 1 root root 1.2K Oct 22 11:40 packages/go-eldoc-badge.svg
4.0K -rw-r--r-- 1 root root  280 Oct 22 11:40 packages/go-eldoc-readme.txt
   0 -rw-r--r-- 1 root root    0 Oct 22 15:35 packages/go-eldoc.log
8.0K -rw-r--r-- 1 root root 4.4K Oct 22 11:40 packages/go-errcheck-20160723.43.el
4.0K -rw-r--r-- 1 root root  288 Oct 22 11:40 packages/go-errcheck-20160723.43.entry
4.0K -rw-r--r-- 1 root root 1.2K Oct 22 11:40 packages/go-errcheck-badge.svg
4.0K -rw-r--r-- 1 root root  544 Oct 22 11:40 packages/go-errcheck.log
8.0K -rw-r--r-- 1 root root 4.9K Oct 22 11:40 packages/go-expr-completion-20200817.1750.el
4.0K -rw-r--r-- 1 root root  406 Oct 22 11:40 packages/go-expr-completion-20200817.1750.entry
4.0K -rw-r--r-- 1 root root 1.2K Oct 22 11:40 packages/go-expr-completion-badge.svg
4.0K -rw-r--r-- 1 root root  521 Oct 22 11:40 packages/go-expr-completion-readme.txt
4.0K -rw-r--r-- 1 root root  689 Oct 22 11:40 packages/go-expr-completion.log
4.0K -rw-r--r-- 1 root root 2.9K Oct 22 11:40 packages/go-fill-struct-20171225.331.el
4.0K -rw-r--r-- 1 root root  351 Oct 22 11:40 packages/go-fill-struct-20171225.331.entry
4.0K -rw-r--r-- 1 root root 1.2K Oct 22 11:40 packages/go-fill-struct-badge.svg
4.0K -rw-r--r-- 1 root root  120 Oct 22 11:40 packages/go-fill-struct-readme.txt
4.0K -rw-r--r-- 1 root root  647 Oct 22 11:40 packages/go-fill-struct.log
8.0K -rw-r--r-- 1 root root 5.3K Oct 22 11:40 packages/go-gen-test-20210816.1215.el
4.0K -rw-r--r-- 1 root root  415 Oct 22 11:40 packages/go-gen-test-20210816.1215.entry
4.0K -rw-r--r-- 1 root root 1.2K Oct 22 11:40 packages/go-gen-test-badge.svg
4.0K -rw-r--r-- 1 root root  110 Oct 22 11:40 packages/go-gen-test-readme.txt
4.0K -rw-r--r-- 1 root root  625 Oct 22 11:40 packages/go-gen-test.log
4.0K -rw-r--r-- 1 root root 2.8K Oct 22 11:40 packages/go-gopath-20160705.1034.el
4.0K -rw-r--r-- 1 root root  391 Oct 22 11:40 packages/go-gopath-20160705.1034.entry
4.0K -rw-r--r-- 1 root root 1.2K Oct 22 11:40 packages/go-gopath-badge.svg
4.0K -rw-r--r-- 1 root root  527 Oct 22 11:40 packages/go-gopath.log
 20K -rw-r--r-- 1 root root  20K Oct 22 11:40 packages/go-guru-20181012.330.el
4.0K -rw-r--r-- 1 root root  234 Oct 22 11:40 packages/go-guru-20181012.330.entry
4.0K -rw-r--r-- 1 root root 1.2K Oct 22 11:40 packages/go-guru-badge.svg
4.0K -rw-r--r-- 1 root root  936 Oct 22 11:40 packages/go-guru-readme.txt
4.0K -rw-r--r-- 1 root root  592 Oct 22 11:40 packages/go-guru.log
8.0K -rw-r--r-- 1 root root 6.2K Oct 22 11:40 packages/go-imenu-20181029.1029.el
4.0K -rw-r--r-- 1 root root  356 Oct 22 11:40 packages/go-imenu-20181029.1029.entry
4.0K -rw-r--r-- 1 root root 1.2K Oct 22 11:40 packages/go-imenu-badge.svg
4.0K -rw-r--r-- 1 root root  177 Oct 22 11:40 packages/go-imenu-readme.txt
4.0K -rw-r--r-- 1 root root  601 Oct 22 11:40 packages/go-imenu.log
8.0K -rw-r--r-- 1 root root 6.6K Oct 22 11:40 packages/go-impl-20210621.743.el
4.0K -rw-r--r-- 1 root root  355 Oct 22 11:40 packages/go-impl-20210621.743.entry
4.0K -rw-r--r-- 1 root root 1.2K Oct 22 11:40 packages/go-impl-badge.svg
4.0K -rw-r--r-- 1 root root   59 Oct 22 11:40 packages/go-impl-readme.txt
4.0K -rw-r--r-- 1 root root  595 Oct 22 11:40 packages/go-impl.log
4.0K -rw-r--r-- 1 root root  339 Oct 22 11:40 packages/go-imports-20190715.1647.entry
 20K -rw-r--r-- 1 root root  20K Oct 22 11:40 packages/go-imports-20190715.1647.tar
4.0K -rw-r--r-- 1 root root 1.2K Oct 22 11:40 packages/go-imports-badge.svg
4.0K -rw-r--r-- 1 root root  929 Oct 22 11:40 packages/go-imports-readme.txt
4.0K -rw-r--r-- 1 root root 1.1K Oct 22 11:40 packages/go-imports.log
112K -rw-r--r-- 1 root root 111K Oct 22 11:40 packages/go-mode-20210509.2353.el
4.0K -rw-r--r-- 1 root root  322 Oct 22 11:40 packages/go-mode-20210509.2353.entry
4.0K -rw-r--r-- 1 root root 1.2K Oct 22 11:40 packages/go-mode-badge.svg
4.0K -rw-r--r-- 1 root root  304 Oct 22 11:40 packages/go-mode-readme.txt
4.0K -rw-r--r-- 1 root root  594 Oct 22 11:40 packages/go-mode.log
8.0K -rw-r--r-- 1 root root 6.1K Oct 22 11:40 packages/go-noisegate-20200502.703.el
4.0K -rw-r--r-- 1 root root  367 Oct 22 11:40 packages/go-noisegate-20200502.703.entry
4.0K -rw-r--r-- 1 root root 1.2K Oct 22 11:40 packages/go-noisegate-badge.svg
4.0K -rw-r--r-- 1 root root  249 Oct 22 11:40 packages/go-noisegate-readme.txt
4.0K -rw-r--r-- 1 root root  636 Oct 22 11:40 packages/go-noisegate.log
8.0K -rw-r--r-- 1 root root 7.7K Oct 22 11:40 packages/go-playground-20200818.2215.el
4.0K -rw-r--r-- 1 root root  436 Oct 22 11:40 packages/go-playground-20200818.2215.entry
4.0K -rw-r--r-- 1 root root 1.2K Oct 22 11:40 packages/go-playground-badge.svg
4.0K -rw-r--r-- 1 root root 3.6K Oct 22 11:40 packages/go-playground-cli-20160503.914.el
4.0K -rw-r--r-- 1 root root  615 Oct 22 11:40 packages/go-playground-cli-20160503.914.entry
4.0K -rw-r--r-- 1 root root 1.2K Oct 22 11:40 packages/go-playground-cli-badge.svg
4.0K -rw-r--r-- 1 root root  139 Oct 22 11:40 packages/go-playground-cli-readme.txt
4.0K -rw-r--r-- 1 root root  669 Oct 22 11:40 packages/go-playground-cli.log
4.0K -rw-r--r-- 1 root root  483 Oct 22 11:40 packages/go-playground-readme.txt
4.0K -rw-r--r-- 1 root root 1.1K Oct 22 11:40 packages/go-playground.log
 16K -rw-r--r-- 1 root root  13K Oct 22 11:40 packages/go-projectile-20200609.131.el
4.0K -rw-r--r-- 1 root root  489 Oct 22 11:40 packages/go-projectile-20200609.131.entry
4.0K -rw-r--r-- 1 root root 1.2K Oct 22 11:40 packages/go-projectile-badge.svg
4.0K -rw-r--r-- 1 root root  155 Oct 22 11:40 packages/go-projectile-readme.txt
4.0K -rw-r--r-- 1 root root  634 Oct 22 11:40 packages/go-projectile.log
4.0K -rw-r--r-- 1 root root  287 Oct 22 15:35 packages/go-readme.txt
8.0K -rw-r--r-- 1 root root 4.1K Oct 22 11:40 packages/go-rename-20190805.2101.el
4.0K -rw-r--r-- 1 root root  217 Oct 22 11:40 packages/go-rename-20190805.2101.entry
4.0K -rw-r--r-- 1 root root 1.2K Oct 22 11:40 packages/go-rename-badge.svg
4.0K -rw-r--r-- 1 root root  266 Oct 22 11:40 packages/go-rename-readme.txt
4.0K -rw-r--r-- 1 root root  608 Oct 22 11:40 packages/go-rename.log
8.0K -rw-r--r-- 1 root root 4.1K Oct 22 11:40 packages/go-scratch-20150810.440.el
4.0K -rw-r--r-- 1 root root  374 Oct 22 11:40 packages/go-scratch-20150810.440.entry
4.0K -rw-r--r-- 1 root root 1.2K Oct 22 11:40 packages/go-scratch-badge.svg
4.0K -rw-r--r-- 1 root root   62 Oct 22 11:40 packages/go-scratch-readme.txt
4.0K -rw-r--r-- 1 root root  614 Oct 22 11:40 packages/go-scratch.log
4.0K -rw-r--r-- 1 root root  196 Oct 22 11:40 packages/go-snippets-20180113.611.entry
 32K -rw-r--r-- 1 root root  30K Oct 22 11:40 packages/go-snippets-20180113.611.tar
4.0K -rw-r--r-- 1 root root 1.2K Oct 22 11:40 packages/go-snippets-badge.svg
4.0K -rw-r--r-- 1 root root 1.8K Oct 22 11:40 packages/go-snippets.log
4.0K -rw-r--r-- 1 root root 3.9K Oct 22 11:40 packages/go-stacktracer-20150430.2142.el
4.0K -rw-r--r-- 1 root root  341 Oct 22 11:40 packages/go-stacktracer-20150430.2142.entry
4.0K -rw-r--r-- 1 root root 1.2K Oct 22 11:40 packages/go-stacktracer-badge.svg
4.0K -rw-r--r-- 1 root root 1.3K Oct 22 11:40 packages/go-stacktracer-readme.txt
4.0K -rw-r--r-- 1 root root  649 Oct 22 11:40 packages/go-stacktracer.log
 12K -rw-r--r-- 1 root root 9.1K Oct 22 11:40 packages/go-tag-20180227.411.el
4.0K -rw-r--r-- 1 root root  358 Oct 22 11:40 packages/go-tag-20180227.411.entry
4.0K -rw-r--r-- 1 root root 1.2K Oct 22 11:40 packages/go-tag-badge.svg
4.0K -rw-r--r-- 1 root root  279 Oct 22 11:40 packages/go-tag-readme.txt
4.0K -rw-r--r-- 1 root root  586 Oct 22 11:40 packages/go-tag.log
4.0K -rw-r--r-- 1 root root  397 Oct 22 11:40 packages/go-translate-20211017.1431.entry
112K -rw-r--r-- 1 root root 110K Oct 22 11:40 packages/go-translate-20211017.1431.tar
4.0K -rw-r--r-- 1 root root 1.2K Oct 22 11:40 packages/go-translate-badge.svg
4.0K -rw-r--r-- 1 root root  575 Oct 22 11:40 packages/go-translate-readme.txt
4.0K -rw-r--r-- 1 root root 1.6K Oct 22 11:40 packages/go-translate.log
