Package: god-mode
Fetcher: github
Source:  https://github.com/emacsorphanage/god-mode.git

Updating /mnt/store/melpa/working/god-mode/
Checking out origin/HEAD
Checking out d7e933095041aa32033d29f2c87d201b5b43c3b3
Copying files (->) and directories (=>)
  from /mnt/store/melpa/working/god-mode/
  to /tmp/god-moderT7zNb/god-mode-20210102.515
    god-mode-isearch.el -> god-mode-isearch.el
    god-mode.el -> god-mode.el
Created god-mode-20210102.515.tar containing:
  god-mode-20210102.515/
  god-mode-20210102.515/god-mode-isearch.el
  god-mode-20210102.515/god-mode-pkg.el
  god-mode-20210102.515/god-mode.el
Built god-mode in 5.263s, finished at 2021-10-22T15:35:49+0000
 ✓ Success:
4.0K -rw-r--r-- 1 root root  348 Oct 22 15:35 packages/god-mode-20210102.515.entry
 32K -rw-r--r-- 1 root root  30K Oct 22 15:35 packages/god-mode-20210102.515.tar
4.0K -rw-r--r-- 1 root root 1.2K Oct 22 15:35 packages/god-mode-badge.svg
4.0K -rw-r--r-- 1 root root   69 Oct 22 15:35 packages/god-mode-readme.txt
