Package: good-scroll
Fetcher: github
Source:  https://github.com/io12/good-scroll.el.git

Updating /mnt/store/melpa/working/good-scroll/
Checking out origin/HEAD
Checking out bd369750d3aeb7e210c1c033569a53d0fda898c9
Copying files (->) and directories (=>)
  from /mnt/store/melpa/working/good-scroll/
  to /tmp/good-scrollXxUlQc/good-scroll-20210820.633
    good-scroll-bezier.el -> good-scroll-bezier.el
    good-scroll-linear.el -> good-scroll-linear.el
    good-scroll.el -> good-scroll.el
Created good-scroll-20210820.633.tar containing:
  good-scroll-20210820.633/
  good-scroll-20210820.633/good-scroll-bezier.el
  good-scroll-20210820.633/good-scroll-linear.el
  good-scroll-20210820.633/good-scroll-pkg.el
  good-scroll-20210820.633/good-scroll.el
Built good-scroll in 5.072s, finished at 2021-10-22T15:35:59+0000
 ✓ Success:
4.0K -rw-r--r-- 1 root root  353 Oct 22 15:35 packages/good-scroll-20210820.633.entry
 52K -rw-r--r-- 1 root root  50K Oct 22 15:35 packages/good-scroll-20210820.633.tar
4.0K -rw-r--r-- 1 root root 1.2K Oct 22 15:35 packages/good-scroll-badge.svg
4.0K -rw-r--r-- 1 root root  131 Oct 22 15:35 packages/good-scroll-readme.txt
