Package: google-translate
Fetcher: github
Source:  https://github.com/atykhonov/google-translate.git

Updating /mnt/store/melpa/working/google-translate/
Checking out origin/HEAD
Checking out 0f7f48a09bca064999ecea03102a7c96f52cbd1b
Copying files (->) and directories (=>)
  from /mnt/store/melpa/working/google-translate/
  to /tmp/google-translateZ0eUHh/google-translate-20210406.1138
    .bump-version.el -> .bump-version.el
    google-translate-backend.el -> google-translate-backend.el
    google-translate-core-ui.el -> google-translate-core-ui.el
    google-translate-core.el -> google-translate-core.el
    google-translate-default-ui.el -> google-translate-default-ui.el
    google-translate-pkg.el -> google-translate-pkg.el
    google-translate-smooth-ui.el -> google-translate-smooth-ui.el
    google-translate-tk.el -> google-translate-tk.el
    google-translate.el -> google-translate.el
Created google-translate-20210406.1138.tar containing:
  google-translate-20210406.1138/
  google-translate-20210406.1138/.bump-version.el
  google-translate-20210406.1138/google-translate-backend.el
  google-translate-20210406.1138/google-translate-core-ui.el
  google-translate-20210406.1138/google-translate-core.el
  google-translate-20210406.1138/google-translate-default-ui.el
  google-translate-20210406.1138/google-translate-pkg.el
  google-translate-20210406.1138/google-translate-smooth-ui.el
  google-translate-20210406.1138/google-translate-tk.el
  google-translate-20210406.1138/google-translate.el
Built google-translate in 5.815s, finished at 2021-10-22T15:36:05+0000
 ✓ Success:
4.0K -rw-r--r-- 1 root root  382 Oct 22 15:36 packages/google-translate-20210406.1138.entry
100K -rw-r--r-- 1 root root 100K Oct 22 15:36 packages/google-translate-20210406.1138.tar
4.0K -rw-r--r-- 1 root root 1.2K Oct 22 15:36 packages/google-translate-badge.svg
4.0K -rw-r--r-- 1 root root 1.3K Oct 22 15:36 packages/google-translate-readme.txt
