Package: google
Fetcher: github
Source:  https://github.com/hober/google-el.git

Updating /mnt/store/melpa/working/google/
Checking out origin/HEAD
Checking out 3b3189a8b201c8d36fed6e61496274e530dd40bd
Built google in 5.422s, finished at 2021-10-22T15:36:00+0000
 ✓ Success:
8.0K -rw-r--r-- 1 root root 5.9K Oct 22 15:35 packages/google-20140416.1748.el
4.0K -rw-r--r-- 1 root root  291 Oct 22 15:35 packages/google-20140416.1748.entry
4.0K -rw-r--r-- 1 root root 1.2K Oct 22 15:36 packages/google-badge.svg
8.0K -rw-r--r-- 1 root root 6.2K Oct 22 11:40 packages/google-c-style-20180130.1736.el
4.0K -rw-r--r-- 1 root root  175 Oct 22 11:40 packages/google-c-style-20180130.1736.entry
4.0K -rw-r--r-- 1 root root 1.2K Oct 22 11:40 packages/google-c-style-badge.svg
4.0K -rw-r--r-- 1 root root  405 Oct 22 11:40 packages/google-c-style-readme.txt
4.0K -rw-r--r-- 1 root root  220 Oct 22 15:35 packages/google-c-style.log
4.0K -rw-r--r-- 1 root root  405 Oct 22 11:40 packages/google-contacts-20201012.1056.entry
 52K -rw-r--r-- 1 root root  50K Oct 22 11:40 packages/google-contacts-20201012.1056.tar
4.0K -rw-r--r-- 1 root root 1.2K Oct 22 11:40 packages/google-contacts-badge.svg
4.0K -rw-r--r-- 1 root root   60 Oct 22 11:40 packages/google-contacts-readme.txt
4.0K -rw-r--r-- 1 root root  172 Oct 22 15:35 packages/google-contacts.log
4.0K -rw-r--r-- 1 root root  405 Oct 22 11:40 packages/google-maps-20181121.1532.entry
 52K -rw-r--r-- 1 root root  50K Oct 22 11:40 packages/google-maps-20181121.1532.tar
4.0K -rw-r--r-- 1 root root 1.2K Oct 22 11:40 packages/google-maps-badge.svg
4.0K -rw-r--r-- 1 root root   43 Oct 22 11:40 packages/google-maps-readme.txt
4.0K -rw-r--r-- 1 root root  135 Oct 22 15:35 packages/google-maps.log
4.0K -rw-r--r-- 1 root root  511 Oct 22 15:35 packages/google-readme.txt
 20K -rwxr-xr-x 1 root root  19K Oct 22 11:40 packages/google-this-20170810.1215.el
4.0K -rw-r--r-- 1 root root  454 Oct 22 11:40 packages/google-this-20170810.1215.entry
4.0K -rw-r--r-- 1 root root 1.2K Oct 22 11:40 packages/google-this-badge.svg
4.0K -rw-r--r-- 1 root root 1.9K Oct 22 11:40 packages/google-this-readme.txt
4.0K -rw-r--r-- 1 root root  145 Oct 22 15:35 packages/google-this.log
4.0K -rw-r--r-- 1 root root  382 Oct 22 11:40 packages/google-translate-20210406.1138.entry
100K -rw-r--r-- 1 root root 100K Oct 22 11:40 packages/google-translate-20210406.1138.tar
4.0K -rw-r--r-- 1 root root 1.2K Oct 22 11:40 packages/google-translate-badge.svg
4.0K -rw-r--r-- 1 root root 1.3K Oct 22 11:40 packages/google-translate-readme.txt
4.0K -rw-r--r-- 1 root root  154 Oct 22 15:35 packages/google-translate.log
