Package: google-maps
Fetcher: github
Source:  https://github.com/jd/google-maps.el.git

Updating /mnt/store/melpa/working/google-maps/
Checking out origin/HEAD
Checking out 2eb16ff609f5a9f8d02c15238a111fbb7db6c146
Copying files (->) and directories (=>)
  from /mnt/store/melpa/working/google-maps/
  to /tmp/google-mapsk9ua3H/google-maps-20181121.1532
    google-maps-base.el -> google-maps-base.el
    google-maps-geocode.el -> google-maps-geocode.el
    google-maps-static.el -> google-maps-static.el
    google-maps.el -> google-maps.el
    org-location-google-maps.el -> org-location-google-maps.el
Created google-maps-20181121.1532.tar containing:
  google-maps-20181121.1532/
  google-maps-20181121.1532/google-maps-base.el
  google-maps-20181121.1532/google-maps-geocode.el
  google-maps-20181121.1532/google-maps-pkg.el
  google-maps-20181121.1532/google-maps-static.el
  google-maps-20181121.1532/google-maps.el
  google-maps-20181121.1532/org-location-google-maps.el
Built google-maps in 5.718s, finished at 2021-10-22T15:36:04+0000
 ✓ Success:
4.0K -rw-r--r-- 1 root root  405 Oct 22 15:36 packages/google-maps-20181121.1532.entry
 52K -rw-r--r-- 1 root root  50K Oct 22 15:36 packages/google-maps-20181121.1532.tar
4.0K -rw-r--r-- 1 root root 1.2K Oct 22 15:36 packages/google-maps-badge.svg
4.0K -rw-r--r-- 1 root root   43 Oct 22 15:36 packages/google-maps-readme.txt
