Package: graphql
Fetcher: github
Source:  https://github.com/vermiculus/graphql.el.git

Updating /mnt/store/melpa/working/graphql/
Checking out origin/HEAD
Checking out e2b309689f4faf9225f290080f836e988c5a576d
Note: graphql :files spec is equivalent to the default.
Built graphql in 5.728s, finished at 2021-10-22T15:36:32+0000
 ✓ Success:
8.0K -rw-r--r-- 1 root root 7.4K Oct 22 15:36 packages/graphql-20180912.31.el
4.0K -rw-r--r-- 1 root root  359 Oct 22 15:36 packages/graphql-20180912.31.entry
4.0K -rw-r--r-- 1 root root 1.2K Oct 22 15:36 packages/graphql-badge.svg
 16K -rw-r--r-- 1 root root  15K Oct 22 15:36 packages/graphql-doc-20210808.8.el
4.0K -rw-r--r-- 1 root root  375 Oct 22 15:36 packages/graphql-doc-20210808.8.entry
4.0K -rw-r--r-- 1 root root 1.2K Oct 22 11:41 packages/graphql-doc-badge.svg
4.0K -rw-r--r-- 1 root root  339 Oct 22 15:36 packages/graphql-doc-readme.txt
4.0K -rw-r--r-- 1 root root  224 Oct 22 15:36 packages/graphql-doc.log
 20K -rw-r--r-- 1 root root  17K Oct 22 15:36 packages/graphql-mode-20210912.1544.el
4.0K -rw-r--r-- 1 root root  385 Oct 22 11:41 packages/graphql-mode-20210912.1544.entry
4.0K -rw-r--r-- 1 root root 1.2K Oct 22 11:41 packages/graphql-mode-badge.svg
4.0K -rw-r--r-- 1 root root  321 Oct 22 15:36 packages/graphql-mode-readme.txt
4.0K -rw-r--r-- 1 root root  218 Oct 22 15:36 packages/graphql-mode.log
4.0K -rw-r--r-- 1 root root  147 Oct 22 15:36 packages/graphql-readme.txt
