Package: groovy-mode
Fetcher: github
Source:  https://github.com/Groovy-Emacs-Modes/groovy-emacs-modes.git

Updating /mnt/store/melpa/working/groovy-mode/
Checking out origin/HEAD
Checking out 84f89b68ec8f79bce0b3f5b29af155a85124e3a6
Copying files (->) and directories (=>)
  from /mnt/store/melpa/working/groovy-mode/
  to /tmp/groovy-modewYdYjt/groovy-mode-20210831.1601
    groovy-electric.el -> groovy-electric.el
    groovy-mode.el -> groovy-mode.el
    inf-groovy.el -> inf-groovy.el
Created groovy-mode-20210831.1601.tar containing:
  groovy-mode-20210831.1601/
  groovy-mode-20210831.1601/groovy-electric.el
  groovy-mode-20210831.1601/groovy-mode-pkg.el
  groovy-mode-20210831.1601/groovy-mode.el
  groovy-mode-20210831.1601/inf-groovy.el
Built groovy-mode in 5.216s, finished at 2021-10-22T15:36:48+0000
 ✓ Success:
4.0K -rw-r--r-- 1 root root  468 Oct 22 15:36 packages/groovy-mode-20210831.1601.entry
 72K -rw-r--r-- 1 root root  70K Oct 22 15:36 packages/groovy-mode-20210831.1601.tar
4.0K -rw-r--r-- 1 root root 1.2K Oct 22 15:36 packages/groovy-mode-badge.svg
