Package: grugru
Fetcher: github
Source:  https://github.com/ROCKTAKEY/grugru.git

Updating /mnt/store/melpa/working/grugru/
Checking out origin/HEAD
Checking out 7efb041b826f15b10aa9cfb67b971fdc41064980
Copying files (->) and directories (=>)
  from /mnt/store/melpa/working/grugru/
  to /tmp/grugruHy70Pm/grugru-20210617.1028
    grugru-default.el -> grugru-default.el
    grugru-utils.el -> grugru-utils.el
    grugru.el -> grugru.el
Created grugru-20210617.1028.tar containing:
  grugru-20210617.1028/
  grugru-20210617.1028/grugru-default.el
  grugru-20210617.1028/grugru-pkg.el
  grugru-20210617.1028/grugru-utils.el
  grugru-20210617.1028/grugru.el
Built grugru in 5.770s, finished at 2021-10-22T15:36:50+0000
 ✓ Success:
4.0K -rw-r--r-- 1 root root  346 Oct 22 15:36 packages/grugru-20210617.1028.entry
 72K -rw-r--r-- 1 root root  70K Oct 22 15:36 packages/grugru-20210617.1028.tar
4.0K -rw-r--r-- 1 root root 1.2K Oct 22 15:36 packages/grugru-badge.svg
 12K -rw-r--r-- 1 root root  12K Oct 22 15:36 packages/grugru-readme.txt
