Package: gumshoe
Fetcher: github
Source:  https://github.com/Overdr0ne/gumshoe.git

Updating /mnt/store/melpa/working/gumshoe/
Checking out origin/HEAD
Checking out e530afd2e42bc560b3236cebeabdeaef0e33faca
Copying files (->) and directories (=>)
  from /mnt/store/melpa/working/gumshoe/
  to /tmp/gumshoeiicTVb/gumshoe-20211015.1752
    gumshoe-core.el -> gumshoe-core.el
    gumshoe-persp.el -> gumshoe-persp.el
    gumshoe.el -> gumshoe.el
Created gumshoe-20211015.1752.tar containing:
  gumshoe-20211015.1752/
  gumshoe-20211015.1752/gumshoe-core.el
  gumshoe-20211015.1752/gumshoe-persp.el
  gumshoe-20211015.1752/gumshoe-pkg.el
  gumshoe-20211015.1752/gumshoe.el
Built gumshoe in 5.672s, finished at 2021-10-22T15:37:04+0000
 ✓ Success:
4.0K -rw-r--r-- 1 root root  318 Oct 22 15:37 packages/gumshoe-20211015.1752.entry
 32K -rw-r--r-- 1 root root  30K Oct 22 15:37 packages/gumshoe-20211015.1752.tar
4.0K -rw-r--r-- 1 root root 1.2K Oct 22 15:37 packages/gumshoe-badge.svg
4.0K -rw-r--r-- 1 root root  347 Oct 22 15:37 packages/gumshoe-readme.txt
