Package: hacker-typer
Fetcher: github
Source:  https://github.com/dieggsy/emacs-hacker-typer.git

Updating /mnt/store/melpa/working/hacker-typer/
Checking out origin/HEAD
Checking out d5a23714a4ccc5071580622f278597d5973f40bd
Copying files (->) and directories (=>)
  from /mnt/store/melpa/working/hacker-typer/
  to /tmp/hacker-typerEd9X5c/hacker-typer-20170206.1520
    hacker-typer.el -> hacker-typer.el
    hackerman.png -> hackerman.png
Created hacker-typer-20170206.1520.tar containing:
  hacker-typer-20170206.1520/
  hacker-typer-20170206.1520/hacker-typer-pkg.el
  hacker-typer-20170206.1520/hacker-typer.el
  hacker-typer-20170206.1520/hackerman.png
Built hacker-typer in 5.640s, finished at 2021-10-22T15:37:14+0000
 ✓ Success:
4.0K -rw-r--r-- 1 root root  421 Oct 22 15:37 packages/hacker-typer-20170206.1520.entry
100K -rw-r--r-- 1 root root 100K Oct 22 15:37 packages/hacker-typer-20170206.1520.tar
4.0K -rw-r--r-- 1 root root 1.2K Oct 22 15:37 packages/hacker-typer-badge.svg
4.0K -rw-r--r-- 1 root root  260 Oct 22 15:37 packages/hacker-typer-readme.txt
