Package: haskell-emacs
Fetcher: github
Source:  https://github.com/knupfer/haskell-emacs.git

Updating /mnt/store/melpa/working/haskell-emacs/
Checking out origin/HEAD
Checking out a2c6a079175904689eed7c6c200754bfa85d1ed9
Copying files (->) and directories (=>)
  from /mnt/store/melpa/working/haskell-emacs/
  to /tmp/haskell-emacslfxCjd/haskell-emacs-20160904.2026
    haskell-emacs.el -> haskell-emacs.el
    HaskellEmacs.hs -> HaskellEmacs.hs
    README.org -> README.org
    Foreign => Foreign
Created haskell-emacs-20160904.2026.tar containing:
  haskell-emacs-20160904.2026/
  haskell-emacs-20160904.2026/Foreign/
  haskell-emacs-20160904.2026/Foreign/Emacs.hs
  haskell-emacs-20160904.2026/Foreign/Emacs/
  haskell-emacs-20160904.2026/Foreign/Emacs/Internal.hs
  haskell-emacs-20160904.2026/HaskellEmacs.hs
  haskell-emacs-20160904.2026/README.org
  haskell-emacs-20160904.2026/haskell-emacs-pkg.el
  haskell-emacs-20160904.2026/haskell-emacs.el
Built haskell-emacs in 4.841s, finished at 2021-10-22T15:37:28+0000
 ✓ Success:
4.0K -rw-r--r-- 1 root root  316 Oct 22 15:37 packages/haskell-emacs-20160904.2026.entry
 60K -rw-r--r-- 1 root root  60K Oct 22 15:37 packages/haskell-emacs-20160904.2026.tar
4.0K -rw-r--r-- 1 root root 1.2K Oct 22 15:37 packages/haskell-emacs-badge.svg
4.0K -rw-r--r-- 1 root root  402 Oct 22 11:42 packages/haskell-emacs-base-20150714.1559.entry
 20K -rw-r--r-- 1 root root  20K Oct 22 11:42 packages/haskell-emacs-base-20150714.1559.tar
4.0K -rw-r--r-- 1 root root 1.2K Oct 22 11:42 packages/haskell-emacs-base-badge.svg
4.0K -rw-r--r-- 1 root root  542 Oct 22 11:42 packages/haskell-emacs-base-readme.txt
4.0K -rw-r--r-- 1 root root  232 Oct 22 15:37 packages/haskell-emacs-base.log
4.0K -rw-r--r-- 1 root root  468 Oct 22 15:37 packages/haskell-emacs-readme.txt
4.0K -rw-r--r-- 1 root root  404 Oct 22 11:42 packages/haskell-emacs-text-20150713.1416.entry
 12K -rw-r--r-- 1 root root  10K Oct 22 11:42 packages/haskell-emacs-text-20150713.1416.tar
4.0K -rw-r--r-- 1 root root 1.2K Oct 22 11:42 packages/haskell-emacs-text-badge.svg
4.0K -rw-r--r-- 1 root root  574 Oct 22 11:42 packages/haskell-emacs-text-readme.txt
4.0K -rw-r--r-- 1 root root  153 Oct 22 15:37 packages/haskell-emacs-text.log
