Package: haskell-emacs-base
Fetcher: github
Source:  https://github.com/knupfer/haskell-emacs.git

Updating /mnt/store/melpa/working/haskell-emacs-base/
Checking out origin/HEAD
Checking out a2c6a079175904689eed7c6c200754bfa85d1ed9
Copying files (->) and directories (=>)
  from /mnt/store/melpa/working/haskell-emacs-base/
  to /tmp/haskell-emacs-baseN8ZqGf/haskell-emacs-base-20150714.1559
  ! modules/base/haskell-emacs-base.el -> haskell-emacs-base.el
  ! modules/base/Base.hs -> Base.hs
Created haskell-emacs-base-20150714.1559.tar containing:
  haskell-emacs-base-20150714.1559/
  haskell-emacs-base-20150714.1559/Base.hs
  haskell-emacs-base-20150714.1559/haskell-emacs-base-pkg.el
  haskell-emacs-base-20150714.1559/haskell-emacs-base.el
Built haskell-emacs-base in 4.729s, finished at 2021-10-22T15:37:29+0000
 ✓ Success:
4.0K -rw-r--r-- 1 root root  402 Oct 22 15:37 packages/haskell-emacs-base-20150714.1559.entry
 20K -rw-r--r-- 1 root root  20K Oct 22 15:37 packages/haskell-emacs-base-20150714.1559.tar
4.0K -rw-r--r-- 1 root root 1.2K Oct 22 15:37 packages/haskell-emacs-base-badge.svg
4.0K -rw-r--r-- 1 root root  542 Oct 22 15:37 packages/haskell-emacs-base-readme.txt
