Package: haskell-mode
Fetcher: github
Source:  https://github.com/haskell/haskell-mode.git

Updating /mnt/store/melpa/working/haskell-mode/
Checking out origin/HEAD
Checking out 8402caa341d90b4236f5c0a802751f9023ccfbe7
Copying files (->) and directories (=>)
  from /mnt/store/melpa/working/haskell-mode/
  to /tmp/haskell-modeV53Fnh/haskell-mode-20210908.1543
    ghc-core.el -> ghc-core.el
    ghci-script-mode.el -> ghci-script-mode.el
    haskell-align-imports.el -> haskell-align-imports.el
    haskell-c2hs.el -> haskell-c2hs.el
    haskell-cabal.el -> haskell-cabal.el
    haskell-collapse.el -> haskell-collapse.el
    haskell-commands.el -> haskell-commands.el
    haskell-compile.el -> haskell-compile.el
    haskell-complete-module.el -> haskell-complete-module.el
    haskell-completions.el -> haskell-completions.el
    haskell-customize.el -> haskell-customize.el
    haskell-debug.el -> haskell-debug.el
    haskell-decl-scan.el -> haskell-decl-scan.el
    haskell-doc.el -> haskell-doc.el
    haskell-font-lock.el -> haskell-font-lock.el
    haskell-ghc-support.el -> haskell-ghc-support.el
    haskell-hoogle.el -> haskell-hoogle.el
    haskell-indent.el -> haskell-indent.el
    haskell-indentation.el -> haskell-indentation.el
    haskell-interactive-mode.el -> haskell-interactive-mode.el
    haskell-lexeme.el -> haskell-lexeme.el
    haskell-load.el -> haskell-load.el
    haskell-menu.el -> haskell-menu.el
    haskell-mode-pkg.el -> haskell-mode-pkg.el
    haskell-mode.el -> haskell-mode.el
    haskell-modules.el -> haskell-modules.el
    haskell-move-nested.el -> haskell-move-nested.el
    haskell-navigate-imports.el -> haskell-navigate-imports.el
    haskell-presentation-mode.el -> haskell-presentation-mode.el
    haskell-process.el -> haskell-process.el
    haskell-repl.el -> haskell-repl.el
    haskell-sandbox.el -> haskell-sandbox.el
    haskell-session.el -> haskell-session.el
    haskell-sort-imports.el -> haskell-sort-imports.el
    haskell-string.el -> haskell-string.el
    haskell-svg.el -> haskell-svg.el
    haskell-unicode-input-method.el -> haskell-unicode-input-method.el
    haskell-utils.el -> haskell-utils.el
    haskell.el -> haskell.el
    highlight-uses-mode.el -> highlight-uses-mode.el
    inf-haskell.el -> inf-haskell.el
    w3m-haddock.el -> w3m-haddock.el
  ! doc/haskell-mode.texi -> haskell-mode.texi
    NEWS -> NEWS
    logo.svg -> logo.svg
Created /tmp/haskell-modeV53Fnh/haskell-mode-20210908.1543/haskell-mode.info
Created haskell-mode-20210908.1543.tar containing:
  haskell-mode-20210908.1543/
  haskell-mode-20210908.1543/NEWS
  haskell-mode-20210908.1543/dir
  haskell-mode-20210908.1543/ghc-core.el
  haskell-mode-20210908.1543/ghci-script-mode.el
  haskell-mode-20210908.1543/haskell-align-imports.el
  haskell-mode-20210908.1543/haskell-c2hs.el
  haskell-mode-20210908.1543/haskell-cabal.el
  haskell-mode-20210908.1543/haskell-collapse.el
  haskell-mode-20210908.1543/haskell-commands.el
  haskell-mode-20210908.1543/haskell-compile.el
  haskell-mode-20210908.1543/haskell-complete-module.el
  haskell-mode-20210908.1543/haskell-completions.el
  haskell-mode-20210908.1543/haskell-customize.el
  haskell-mode-20210908.1543/haskell-debug.el
  haskell-mode-20210908.1543/haskell-decl-scan.el
  haskell-mode-20210908.1543/haskell-doc.el
  haskell-mode-20210908.1543/haskell-font-lock.el
  haskell-mode-20210908.1543/haskell-ghc-support.el
  haskell-mode-20210908.1543/haskell-hoogle.el
  haskell-mode-20210908.1543/haskell-indent.el
  haskell-mode-20210908.1543/haskell-indentation.el
  haskell-mode-20210908.1543/haskell-interactive-mode.el
  haskell-mode-20210908.1543/haskell-lexeme.el
  haskell-mode-20210908.1543/haskell-load.el
  haskell-mode-20210908.1543/haskell-menu.el
  haskell-mode-20210908.1543/haskell-mode-pkg.el
  haskell-mode-20210908.1543/haskell-mode.el
  haskell-mode-20210908.1543/haskell-mode.info
  haskell-mode-20210908.1543/haskell-modules.el
  haskell-mode-20210908.1543/haskell-move-nested.el
  haskell-mode-20210908.1543/haskell-navigate-imports.el
  haskell-mode-20210908.1543/haskell-presentation-mode.el
  haskell-mode-20210908.1543/haskell-process.el
  haskell-mode-20210908.1543/haskell-repl.el
  haskell-mode-20210908.1543/haskell-sandbox.el
  haskell-mode-20210908.1543/haskell-session.el
  haskell-mode-20210908.1543/haskell-sort-imports.el
  haskell-mode-20210908.1543/haskell-string.el
  haskell-mode-20210908.1543/haskell-svg.el
  haskell-mode-20210908.1543/haskell-unicode-input-method.el
  haskell-mode-20210908.1543/haskell-utils.el
  haskell-mode-20210908.1543/haskell.el
  haskell-mode-20210908.1543/highlight-uses-mode.el
  haskell-mode-20210908.1543/inf-haskell.el
  haskell-mode-20210908.1543/logo.svg
  haskell-mode-20210908.1543/w3m-haddock.el
Built haskell-mode in 15.603s, finished at 2021-10-22T15:37:43+0000
 ✓ Success:
4.0K -rw-r--r-- 1 root root  560 Oct 22 15:37 packages/haskell-mode-20210908.1543.entry
920K -rw-r--r-- 1 root root 920K Oct 22 15:37 packages/haskell-mode-20210908.1543.tar
4.0K -rw-r--r-- 1 root root 1.2K Oct 22 15:37 packages/haskell-mode-badge.svg
4.0K -rw-r--r-- 1 root root  588 Oct 22 15:37 packages/haskell-mode-readme.txt
