Package: helm-pydoc
Fetcher: github
Source:  https://github.com/emacsorphanage/helm-pydoc.git

Updating /mnt/store/melpa/working/helm-pydoc/
Checking out origin/HEAD
Checking out 85480a29b56dacde425655bc8f5a597c785afdf5
Copying files (->) and directories (=>)
  from /mnt/store/melpa/working/helm-pydoc/
  to /tmp/helm-pydocU983wI/helm-pydoc-20160918.542
    helm-pydoc.el -> helm-pydoc.el
    helm-pydoc.py -> helm-pydoc.py
Created helm-pydoc-20160918.542.tar containing:
  helm-pydoc-20160918.542/
  helm-pydoc-20160918.542/helm-pydoc-pkg.el
  helm-pydoc-20160918.542/helm-pydoc.el
  helm-pydoc-20160918.542/helm-pydoc.py
Built helm-pydoc in 5.160s, finished at 2021-10-22T15:40:15+0000
 ✓ Success:
4.0K -rw-r--r-- 1 root root  388 Oct 22 15:40 packages/helm-pydoc-20160918.542.entry
 20K -rw-r--r-- 1 root root  20K Oct 22 15:40 packages/helm-pydoc-20160918.542.tar
4.0K -rw-r--r-- 1 root root 1.2K Oct 22 15:40 packages/helm-pydoc-badge.svg
   0 -rw-r--r-- 1 root root    0 Oct 22 15:40 packages/helm-pydoc-readme.txt
