Package: helm-perldoc
Fetcher: github
Source:  https://github.com/emacsorphanage/helm-perldoc.git

Updating /mnt/store/melpa/working/helm-perldoc/
Checking out origin/HEAD
Checking out 6f3526f07f3df3059dbde779f8e681f5f1fee6ea
Copying files (->) and directories (=>)
  from /mnt/store/melpa/working/helm-perldoc/
  to /tmp/helm-perldocscIh9G/helm-perldoc-20200315.1716
    helm-perldoc.el -> helm-perldoc.el
    helm-perldoc-collect-modules.pl -> helm-perldoc-collect-modules.pl
Created helm-perldoc-20200315.1716.tar containing:
  helm-perldoc-20200315.1716/
  helm-perldoc-20200315.1716/helm-perldoc-collect-modules.pl
  helm-perldoc-20200315.1716/helm-perldoc-pkg.el
  helm-perldoc-20200315.1716/helm-perldoc.el
Built helm-perldoc in 5.653s, finished at 2021-10-22T15:40:03+0000
 ✓ Success:
4.0K -rw-r--r-- 1 root root  393 Oct 22 15:40 packages/helm-perldoc-20200315.1716.entry
 20K -rw-r--r-- 1 root root  20K Oct 22 15:40 packages/helm-perldoc-20200315.1716.tar
4.0K -rw-r--r-- 1 root root 1.2K Oct 22 15:40 packages/helm-perldoc-badge.svg
4.0K -rw-r--r-- 1 root root  120 Oct 22 15:40 packages/helm-perldoc-readme.txt
