Package: helm-chronos
Fetcher: github
Source:  https://github.com/dxknight/helm-chronos.git

Updating /mnt/store/melpa/working/helm-chronos/
Checking out origin/HEAD
Checking out a14fc3d65dd96ce6616234b3f7b8b08b4c1817ef
Copying files (->) and directories (=>)
  from /mnt/store/melpa/working/helm-chronos/
  to /tmp/helm-chronosyoFyJg/helm-chronos-20150528.2036
    helm-chronos.el -> helm-chronos.el
    helm-chronos.info -> helm-chronos.info
Created helm-chronos-20150528.2036.tar containing:
  helm-chronos-20150528.2036/
  helm-chronos-20150528.2036/dir
  helm-chronos-20150528.2036/helm-chronos-pkg.el
  helm-chronos-20150528.2036/helm-chronos.el
  helm-chronos-20150528.2036/helm-chronos.info
Built helm-chronos in 5.210s, finished at 2021-10-22T15:38:15+0000
 ✓ Success:
4.0K -rw-r--r-- 1 root root  392 Oct 22 15:38 packages/helm-chronos-20150528.2036.entry
 52K -rw-r--r-- 1 root root  50K Oct 22 15:38 packages/helm-chronos-20150528.2036.tar
4.0K -rw-r--r-- 1 root root 1.2K Oct 22 15:38 packages/helm-chronos-badge.svg
4.0K -rw-r--r-- 1 root root 1.2K Oct 22 15:38 packages/helm-chronos-readme.txt
