Package: helm-img
Fetcher: github
Source:  https://github.com/mtmtcode/helm-img.git

Updating /mnt/store/melpa/working/helm-img/
Checking out origin/HEAD
Checking out aa3f8a5dce8d0413bf07584f07153a39015c2bfc
Copying files (->) and directories (=>)
  from /mnt/store/melpa/working/helm-img/
  to /tmp/helm-img9O3Rr3/helm-img-20151224.2321
    helm-img-bing.el -> helm-img-bing.el
    helm-img-dir.el -> helm-img-dir.el
    helm-img.el -> helm-img.el
Created helm-img-20151224.2321.tar containing:
  helm-img-20151224.2321/
  helm-img-20151224.2321/helm-img-bing.el
  helm-img-20151224.2321/helm-img-dir.el
  helm-img-20151224.2321/helm-img-pkg.el
  helm-img-20151224.2321/helm-img.el
Built helm-img in 5.328s, finished at 2021-10-22T15:39:24+0000
 ✓ Success:
4.0K -rw-r--r-- 1 root root  375 Oct 22 15:39 packages/helm-img-20151224.2321.entry
 20K -rw-r--r-- 1 root root  20K Oct 22 15:39 packages/helm-img-20151224.2321.tar
4.0K -rw-r--r-- 1 root root 1.2K Oct 22 15:39 packages/helm-img-badge.svg
4.0K -rw-r--r-- 1 root root  122 Oct 22 15:39 packages/helm-img-readme.txt
4.0K -rw-r--r-- 1 root root 2.4K Oct 22 15:39 packages/helm-img-tiqav-20151224.2322.el
4.0K -rw-r--r-- 1 root root  334 Oct 22 15:39 packages/helm-img-tiqav-20151224.2322.entry
4.0K -rw-r--r-- 1 root root 1.2K Oct 22 11:44 packages/helm-img-tiqav-badge.svg
4.0K -rw-r--r-- 1 root root  226 Oct 22 15:39 packages/helm-img-tiqav.log
