Package: helm-git
Fetcher: github
Source:  https://github.com/maio/helm-git.git

Updating /mnt/store/melpa/working/helm-git/
Checking out origin/HEAD
Checking out cb96a52b5aecadd3c27aba7749d14e43ab128d55
Built helm-git in 6.645s, finished at 2021-10-22T15:39:03+0000
 ✓ Success:
8.0K -rw-r--r-- 1 root root 4.4K Oct 22 15:39 packages/helm-git-20120630.2103.el
4.0K -rw-r--r-- 1 root root  354 Oct 22 15:39 packages/helm-git-20120630.2103.entry
4.0K -rw-r--r-- 1 root root 1.2K Oct 22 15:39 packages/helm-git-badge.svg
 12K -rw-r--r-- 1 root root  12K Oct 22 15:39 packages/helm-git-files-20141212.1317.el
4.0K -rw-r--r-- 1 root root  353 Oct 22 11:44 packages/helm-git-files-20141212.1317.entry
4.0K -rw-r--r-- 1 root root 1.2K Oct 22 11:44 packages/helm-git-files-badge.svg
4.0K -rw-r--r-- 1 root root  226 Oct 22 15:39 packages/helm-git-files.log
 32K -rw-r--r-- 1 root root  29K Oct 22 11:44 packages/helm-git-grep-20170614.1411.el
4.0K -rw-r--r-- 1 root root  327 Oct 22 11:44 packages/helm-git-grep-20170614.1411.entry
4.0K -rw-r--r-- 1 root root 1.2K Oct 22 11:44 packages/helm-git-grep-badge.svg
4.0K -rw-r--r-- 1 root root  593 Oct 22 11:44 packages/helm-git-grep-readme.txt
4.0K -rw-r--r-- 1 root root  221 Oct 22 15:39 packages/helm-git-grep.log
4.0K -rw-r--r-- 1 root root  353 Oct 22 15:39 packages/helm-git-readme.txt
