Package: helm-core
Fetcher: github
Source:  https://github.com/emacs-helm/helm.git

Updating /mnt/store/melpa/working/helm-core/
Checking out origin/HEAD
Checking out edd28b87c7e425314a2065dcebd8a6357c09e358
Copying files (->) and directories (=>)
  from /mnt/store/melpa/working/helm-core/
  to /tmp/helm-coreXMVA83/helm-core-20211017.530
    helm-core-pkg.el -> helm-core-pkg.el
    helm.el -> helm.el
    helm-lib.el -> helm-lib.el
    helm-source.el -> helm-source.el
    helm-multi-match.el -> helm-multi-match.el
Created helm-core-20211017.530.tar containing:
  helm-core-20211017.530/
  helm-core-20211017.530/helm-core-pkg.el
  helm-core-20211017.530/helm-lib.el
  helm-core-20211017.530/helm-multi-match.el
  helm-core-20211017.530/helm-source.el
  helm-core-20211017.530/helm.el
Built helm-core in 5.847s, finished at 2021-10-22T15:38:25+0000
 ✓ Success:
4.0K -rw-r--r-- 1 root root  193 Oct 22 15:38 packages/helm-core-20211017.530.entry
460K -rw-r--r-- 1 root root 460K Oct 22 15:38 packages/helm-core-20211017.530.tar
4.0K -rw-r--r-- 1 root root 1.2K Oct 22 15:38 packages/helm-core-badge.svg
