Package: helm-pt
Fetcher: github
Source:  https://github.com/ralesi/helm-pt.git

Updating /mnt/store/melpa/working/helm-pt/
Checking out origin/HEAD
Checking out 8acc52911dad1ed0c3975f134a468762afe0b76b
Copying files (->) and directories (=>)
  from /mnt/store/melpa/working/helm-pt/
  to /tmp/helm-pteqoaUe/helm-pt-20160214.2342
    helm-pt-pkg.el -> helm-pt-pkg.el
    helm-pt.el -> helm-pt.el
Created helm-pt-20160214.2342.tar containing:
  helm-pt-20160214.2342/
  helm-pt-20160214.2342/helm-pt-pkg.el
  helm-pt-20160214.2342/helm-pt.el
Built helm-pt in 5.503s, finished at 2021-10-22T15:40:10+0000
 ✓ Success:
4.0K -rw-r--r-- 1 root root  281 Oct 22 15:40 packages/helm-pt-20160214.2342.entry
 20K -rw-r--r-- 1 root root  20K Oct 22 15:40 packages/helm-pt-20160214.2342.tar
4.0K -rw-r--r-- 1 root root 1.2K Oct 22 15:40 packages/helm-pt-badge.svg
4.0K -rw-r--r-- 1 root root  203 Oct 22 15:40 packages/helm-pt-readme.txt
