Package: helm-chrome
Fetcher: github
Source:  https://github.com/kawabata/helm-chrome.git

Updating /mnt/store/melpa/working/helm-chrome/
Checking out origin/HEAD
Checking out fd630ace4b4b4f33355a973743bbfe0c90ce4830
Built helm-chrome in 5.573s, finished at 2021-10-22T15:38:13+0000
 ✓ Success:
8.0K -rw-r--r-- 1 root root 4.9K Oct 22 15:38 packages/helm-chrome-20160719.520.el
4.0K -rw-r--r-- 1 root root  459 Oct 22 15:38 packages/helm-chrome-20160719.520.entry
4.0K -rw-r--r-- 1 root root 1.2K Oct 22 15:38 packages/helm-chrome-badge.svg
4.0K -rw-r--r-- 1 root root  375 Oct 22 15:38 packages/helm-chrome-control-20190707.1807.entry
 20K -rw-r--r-- 1 root root  20K Oct 22 15:38 packages/helm-chrome-control-20190707.1807.tar
4.0K -rw-r--r-- 1 root root 1.2K Oct 22 11:43 packages/helm-chrome-control-badge.svg
4.0K -rw-r--r-- 1 root root   31 Oct 22 15:38 packages/helm-chrome-control-readme.txt
4.0K -rw-r--r-- 1 root root  749 Oct 22 15:38 packages/helm-chrome-control.log
8.0K -rw-r--r-- 1 root root 5.4K Oct 22 11:43 packages/helm-chrome-history-20191031.1233.el
4.0K -rw-r--r-- 1 root root  442 Oct 22 11:43 packages/helm-chrome-history-20191031.1233.entry
4.0K -rw-r--r-- 1 root root 1.2K Oct 22 11:43 packages/helm-chrome-history-badge.svg
4.0K -rw-r--r-- 1 root root   33 Oct 22 11:43 packages/helm-chrome-history-readme.txt
4.0K -rw-r--r-- 1 root root  243 Oct 22 15:38 packages/helm-chrome-history.log
4.0K -rw-r--r-- 1 root root  580 Oct 22 15:38 packages/helm-chrome-readme.txt
