Package: helm-cider
Fetcher: github
Source:  https://github.com/clojure-emacs/helm-cider.git

Updating /mnt/store/melpa/working/helm-cider/
Checking out origin/HEAD
Checking out 9363cc537f06233345aa3af5cd46aa5681ad607b
Copying files (->) and directories (=>)
  from /mnt/store/melpa/working/helm-cider/
  to /tmp/helm-ciderxdjMsI/helm-cider-20180307.458
    helm-cider-cheatsheet.el -> helm-cider-cheatsheet.el
    helm-cider-repl.el -> helm-cider-repl.el
    helm-cider-spec.el -> helm-cider-spec.el
    helm-cider-util.el -> helm-cider-util.el
    helm-cider.el -> helm-cider.el
Created helm-cider-20180307.458.tar containing:
  helm-cider-20180307.458/
  helm-cider-20180307.458/helm-cider-cheatsheet.el
  helm-cider-20180307.458/helm-cider-pkg.el
  helm-cider-20180307.458/helm-cider-repl.el
  helm-cider-20180307.458/helm-cider-spec.el
  helm-cider-20180307.458/helm-cider-util.el
  helm-cider-20180307.458/helm-cider.el
Built helm-cider in 5.726s, finished at 2021-10-22T15:38:17+0000
 ✓ Success:
4.0K -rw-r--r-- 1 root root  493 Oct 22 15:38 packages/helm-cider-20180307.458.entry
 60K -rw-r--r-- 1 root root  60K Oct 22 15:38 packages/helm-cider-20180307.458.tar
4.0K -rw-r--r-- 1 root root 1.2K Oct 22 15:38 packages/helm-cider-badge.svg
4.0K -rw-r--r-- 1 root root 1.9K Oct 22 15:38 packages/helm-cider-history-20150719.2120.el
4.0K -rw-r--r-- 1 root root  443 Oct 22 15:38 packages/helm-cider-history-20150719.2120.entry
4.0K -rw-r--r-- 1 root root 1.2K Oct 22 11:43 packages/helm-cider-history-badge.svg
4.0K -rw-r--r-- 1 root root   62 Oct 22 15:38 packages/helm-cider-history-readme.txt
4.0K -rw-r--r-- 1 root root  235 Oct 22 15:38 packages/helm-cider-history.log
4.0K -rw-r--r-- 1 root root  153 Oct 22 15:38 packages/helm-cider-readme.txt
