Package: helm-rb
Fetcher: github
Source:  https://github.com/yuutayamada/helm-rb.git

Updating /mnt/store/melpa/working/helm-rb/
Checking out origin/HEAD
Checking out 4949d646420a9849af234dacdd8eb34a77c662fd
Copying files (->) and directories (=>)
  from /mnt/store/melpa/working/helm-rb/
  to /tmp/helm-rb4yzEbT/helm-rb-20131123.1639
    helm-rb.el -> helm-rb.el
    get_methods.rb -> get_methods.rb
Created helm-rb-20131123.1639.tar containing:
  helm-rb-20131123.1639/
  helm-rb-20131123.1639/get_methods.rb
  helm-rb-20131123.1639/helm-rb-pkg.el
  helm-rb-20131123.1639/helm-rb.el
Built helm-rb in 5.264s, finished at 2021-10-22T15:40:16+0000
 ✓ Success:
4.0K -rw-r--r-- 1 root root  409 Oct 22 15:40 packages/helm-rb-20131123.1639.entry
 12K -rw-r--r-- 1 root root  10K Oct 22 15:40 packages/helm-rb-20131123.1639.tar
4.0K -rw-r--r-- 1 root root 1.2K Oct 22 15:40 packages/helm-rb-badge.svg
4.0K -rw-r--r-- 1 root root   14 Oct 22 15:40 packages/helm-rb-readme.txt
