Package: helm-ext
Fetcher: github
Source:  https://github.com/cute-jumper/helm-ext.git

Updating /mnt/store/melpa/working/helm-ext/
Checking out origin/HEAD
Checking out c30f7772ec577a5ce1de3215f0507826e0725a69
Copying files (->) and directories (=>)
  from /mnt/store/melpa/working/helm-ext/
  to /tmp/helm-extD6O147/helm-ext-20200722.107
    helm-ext-ff.el -> helm-ext-ff.el
    helm-ext-minibuffer.el -> helm-ext-minibuffer.el
    helm-ext.el -> helm-ext.el
Created helm-ext-20200722.107.tar containing:
  helm-ext-20200722.107/
  helm-ext-20200722.107/helm-ext-ff.el
  helm-ext-20200722.107/helm-ext-minibuffer.el
  helm-ext-20200722.107/helm-ext-pkg.el
  helm-ext-20200722.107/helm-ext.el
Built helm-ext in 4.786s, finished at 2021-10-22T15:38:45+0000
 ✓ Success:
4.0K -rw-r--r-- 1 root root  331 Oct 22 15:38 packages/helm-ext-20200722.107.entry
 40K -rw-r--r-- 1 root root  40K Oct 22 15:38 packages/helm-ext-20200722.107.tar
4.0K -rw-r--r-- 1 root root 1.2K Oct 22 15:38 packages/helm-ext-badge.svg
4.0K -rw-r--r-- 1 root root 3.9K Oct 22 15:38 packages/helm-ext-readme.txt
