Package: helm-org
Fetcher: github
Source:  https://github.com/emacs-helm/helm-org.git

Updating /mnt/store/melpa/working/helm-org/
Checking out origin/HEAD
Checking out d67186d3a64e610c03a5f3d583488f018fb032e4
Note: helm-org :files spec is equivalent to the default.
Built helm-org in 5.844s, finished at 2021-10-22T15:39:52+0000
 ✓ Success:
 24K -rw-r--r-- 1 root root  22K Oct 22 15:39 packages/helm-org-20210324.1927.el
4.0K -rw-r--r-- 1 root root  408 Oct 22 15:39 packages/helm-org-20210324.1927.entry
4.0K -rw-r--r-- 1 root root 1.2K Oct 22 15:39 packages/helm-org-badge.svg
 24K -rw-r--r-- 1 root root  21K Oct 22 11:44 packages/helm-org-multi-wiki-20210228.1853.el
4.0K -rw-r--r-- 1 root root  600 Oct 22 11:45 packages/helm-org-multi-wiki-20210228.1853.entry
4.0K -rw-r--r-- 1 root root 1.2K Oct 22 11:45 packages/helm-org-multi-wiki-badge.svg
4.0K -rw-r--r-- 1 root root   58 Oct 22 11:45 packages/helm-org-multi-wiki-readme.txt
4.0K -rw-r--r-- 1 root root  180 Oct 22 15:39 packages/helm-org-multi-wiki.log
8.0K -rw-r--r-- 1 root root 7.7K Oct 22 11:45 packages/helm-org-ql-20210922.615.el
4.0K -rw-r--r-- 1 root root  447 Oct 22 11:45 packages/helm-org-ql-20210922.615.entry
4.0K -rw-r--r-- 1 root root 1.2K Oct 22 11:45 packages/helm-org-ql-badge.svg
4.0K -rw-r--r-- 1 root root  293 Oct 22 11:45 packages/helm-org-ql-readme.txt
4.0K -rw-r--r-- 1 root root  134 Oct 22 15:39 packages/helm-org-ql.log
4.0K -rw-r--r-- 1 root root   48 Oct 22 15:39 packages/helm-org-readme.txt
8.0K -rw-r--r-- 1 root root 4.5K Oct 22 11:45 packages/helm-org-recent-headings-20211011.1519.el
4.0K -rw-r--r-- 1 root root  599 Oct 22 11:45 packages/helm-org-recent-headings-20211011.1519.entry
4.0K -rw-r--r-- 1 root root 1.2K Oct 22 11:45 packages/helm-org-recent-headings-badge.svg
4.0K -rw-r--r-- 1 root root   73 Oct 22 11:45 packages/helm-org-recent-headings-readme.txt
4.0K -rw-r--r-- 1 root root  173 Oct 22 15:39 packages/helm-org-recent-headings.log
 84K -rw-r--r-- 1 root root  82K Oct 22 11:45 packages/helm-org-rifle-20200512.1943.el
4.0K -rw-r--r-- 1 root root  468 Oct 22 11:45 packages/helm-org-rifle-20200512.1943.entry
4.0K -rw-r--r-- 1 root root 1.2K Oct 22 11:45 packages/helm-org-rifle-badge.svg
4.0K -rw-r--r-- 1 root root 1.1K Oct 22 11:45 packages/helm-org-rifle-readme.txt
4.0K -rw-r--r-- 1 root root  143 Oct 22 15:39 packages/helm-org-rifle.log
