Package: helm-chrome-control
Fetcher: github
Source:  https://github.com/xuchunyang/helm-chrome-control.git

Updating /mnt/store/melpa/working/helm-chrome-control/
Checking out origin/HEAD
Checking out e6758763099959e961e218bb1122526323f7ee5e
Copying files (->) and directories (=>)
  from /mnt/store/melpa/working/helm-chrome-control/
  to /tmp/helm-chrome-controlTpBfNW/helm-chrome-control-20190707.1807
    helm-chrome-control.el -> helm-chrome-control.el
    chrome.js -> chrome.js
Created helm-chrome-control-20190707.1807.tar containing:
  helm-chrome-control-20190707.1807/
  helm-chrome-control-20190707.1807/chrome.js
  helm-chrome-control-20190707.1807/helm-chrome-control-pkg.el
  helm-chrome-control-20190707.1807/helm-chrome-control.el
Built helm-chrome-control in 4.671s, finished at 2021-10-22T15:38:14+0000
 ✓ Success:
4.0K -rw-r--r-- 1 root root  375 Oct 22 15:38 packages/helm-chrome-control-20190707.1807.entry
 20K -rw-r--r-- 1 root root  20K Oct 22 15:38 packages/helm-chrome-control-20190707.1807.tar
4.0K -rw-r--r-- 1 root root 1.2K Oct 22 15:38 packages/helm-chrome-control-badge.svg
4.0K -rw-r--r-- 1 root root   31 Oct 22 15:38 packages/helm-chrome-control-readme.txt
