Package: highlight2clipboard
Fetcher: github
Source:  https://github.com/Lindydancer/highlight2clipboard.git

Updating /mnt/store/melpa/working/highlight2clipboard/
Checking out origin/HEAD
Checking out 6ce58a060d9c5843ccb8c79ec2bba7858c68ac15
Copying files (->) and directories (=>)
  from /mnt/store/melpa/working/highlight2clipboard/
  to /tmp/highlight2clipboardLpIGml/highlight2clipboard-20151020.1840
    highlight2clipboard.el -> highlight2clipboard.el
    bin => bin
Created highlight2clipboard-20151020.1840.tar containing:
  highlight2clipboard-20151020.1840/
  highlight2clipboard-20151020.1840/bin/
  highlight2clipboard-20151020.1840/bin/highlight2clipboard-osx.py
  highlight2clipboard-20151020.1840/bin/highlight2clipboard-w32.rb
  highlight2clipboard-20151020.1840/highlight2clipboard-pkg.el
  highlight2clipboard-20151020.1840/highlight2clipboard.el
Built highlight2clipboard in 6.471s, finished at 2021-10-22T15:42:06+0000
 ✓ Success:
4.0K -rw-r--r-- 1 root root  313 Oct 22 15:42 packages/highlight2clipboard-20151020.1840.entry
 32K -rw-r--r-- 1 root root  30K Oct 22 15:42 packages/highlight2clipboard-20151020.1840.tar
4.0K -rw-r--r-- 1 root root 1.2K Oct 22 15:42 packages/highlight2clipboard-badge.svg
4.0K -rw-r--r-- 1 root root 1.7K Oct 22 15:42 packages/highlight2clipboard-readme.txt
