Package: http
Fetcher: github
Source:  https://github.com/emacs-pe/http.el.git

Updating /mnt/store/melpa/working/http/
Checking out origin/HEAD
Checking out 5fdceed1fbf36e274e578e349a53ce922c574774
Built http in 6.140s, finished at 2021-10-22T15:42:54+0000
 ✓ Success:
 20K -rw-r--r-- 1 root root  19K Oct 22 15:42 packages/http-20201010.920.el
4.0K -rw-r--r-- 1 root root  416 Oct 22 15:42 packages/http-20201010.920.entry
4.0K -rw-r--r-- 1 root root 1.2K Oct 22 15:42 packages/http-badge.svg
8.0K -rw-r--r-- 1 root root 7.5K Oct 22 15:42 packages/http-post-simple-20170715.940.el
4.0K -rw-r--r-- 1 root root  316 Oct 22 15:42 packages/http-post-simple-20170715.940.entry
4.0K -rw-r--r-- 1 root root 1.2K Oct 22 11:47 packages/http-post-simple-badge.svg
4.0K -rw-r--r-- 1 root root  711 Oct 22 15:42 packages/http-post-simple-readme.txt
4.0K -rw-r--r-- 1 root root  238 Oct 22 15:42 packages/http-post-simple.log
4.0K -rw-r--r-- 1 root root 2.5K Oct 22 15:42 packages/http-readme.txt
 12K -rw-r--r-- 1 root root  12K Oct 22 15:42 packages/http-twiddle-20160801.1911.el
4.0K -rw-r--r-- 1 root root  383 Oct 22 11:47 packages/http-twiddle-20160801.1911.entry
4.0K -rw-r--r-- 1 root root 1.2K Oct 22 11:47 packages/http-twiddle-badge.svg
4.0K -rw-r--r-- 1 root root 1.1K Oct 22 11:47 packages/http-twiddle-readme.txt
4.0K -rw-r--r-- 1 root root  217 Oct 22 15:42 packages/http-twiddle.log
