Package: hy-mode
Fetcher: github
Source:  https://github.com/hylang/hy-mode.git

Updating /mnt/store/melpa/working/hy-mode/
Checking out origin/HEAD
Checking out df814865a1faa8414dacdbb35b2a9029995312ec
Copying files (->) and directories (=>)
  from /mnt/store/melpa/working/hy-mode/
  to /tmp/hy-modeo4QW6w/hy-mode-20211016.2011
    hy-base.el -> hy-base.el
    hy-font-lock.el -> hy-font-lock.el
    hy-jedhy.el -> hy-jedhy.el
    hy-mode.el -> hy-mode.el
    hy-shell.el -> hy-shell.el
Created hy-mode-20211016.2011.tar containing:
  hy-mode-20211016.2011/
  hy-mode-20211016.2011/hy-base.el
  hy-mode-20211016.2011/hy-font-lock.el
  hy-mode-20211016.2011/hy-jedhy.el
  hy-mode-20211016.2011/hy-mode-pkg.el
  hy-mode-20211016.2011/hy-mode.el
  hy-mode-20211016.2011/hy-shell.el
Built hy-mode in 5.637s, finished at 2021-10-22T15:43:03+0000
 ✓ Success:
4.0K -rw-r--r-- 1 root root  285 Oct 22 15:43 packages/hy-mode-20211016.2011.entry
 60K -rw-r--r-- 1 root root  60K Oct 22 15:43 packages/hy-mode-20211016.2011.tar
4.0K -rw-r--r-- 1 root root 1.2K Oct 22 15:43 packages/hy-mode-badge.svg
4.0K -rw-r--r-- 1 root root  576 Oct 22 15:43 packages/hy-mode-readme.txt
