Package: icomplete-vertical
Fetcher: github
Source:  https://github.com/oantolin/icomplete-vertical.git

Updating /mnt/store/melpa/working/icomplete-vertical/
Checking out origin/HEAD
Checking out 3bee30b374226deecde8a5cbbc6ca8471c303348
Copying files (->) and directories (=>)
  from /mnt/store/melpa/working/icomplete-vertical/
  to /tmp/icomplete-vertical0D973M/icomplete-vertical-20210603.1343
    icomplete-vertical.el -> icomplete-vertical.el
    icomplete-vertical.texi -> icomplete-vertical.texi
Created /tmp/icomplete-vertical0D973M/icomplete-vertical-20210603.1343/icomplete-vertical.info
Created icomplete-vertical-20210603.1343.tar containing:
  icomplete-vertical-20210603.1343/
  icomplete-vertical-20210603.1343/dir
  icomplete-vertical-20210603.1343/icomplete-vertical-pkg.el
  icomplete-vertical-20210603.1343/icomplete-vertical.el
  icomplete-vertical-20210603.1343/icomplete-vertical.info
Built icomplete-vertical in 8.929s, finished at 2021-10-22T15:43:30+0000
 ✓ Success:
4.0K -rw-r--r-- 1 root root  458 Oct 22 15:43 packages/icomplete-vertical-20210603.1343.entry
 40K -rw-r--r-- 1 root root  40K Oct 22 15:43 packages/icomplete-vertical-20210603.1343.tar
4.0K -rw-r--r-- 1 root root 1.2K Oct 22 15:43 packages/icomplete-vertical-badge.svg
4.0K -rw-r--r-- 1 root root 1.4K Oct 22 15:43 packages/icomplete-vertical-readme.txt
