Package: identica-mode
Fetcher: github
Source:  https://github.com/gabrielsaldana/Emacs-Identica-mode.git

Updating /mnt/store/melpa/working/identica-mode/
Checking out origin/HEAD
Checking out cf9183ee11ac922e85c7c908f04e2d00b03111b3
Copying files (->) and directories (=>)
  from /mnt/store/melpa/working/identica-mode/
  to /tmp/identica-modezlWSAb/identica-mode-20130204.2253
    bbdb-identica.el -> bbdb-identica.el
    identica-friends.el -> identica-friends.el
    identica-mode.el -> identica-mode.el
  ! doc/fdl.texi -> fdl.texi
  ! doc/identica-mode.texi -> identica-mode.texi
Created /tmp/identica-modezlWSAb/identica-mode-20130204.2253/fdl.info
Created /tmp/identica-modezlWSAb/identica-mode-20130204.2253/identica-mode.info
Created identica-mode-20130204.2253.tar containing:
  identica-mode-20130204.2253/
  identica-mode-20130204.2253/bbdb-identica.el
  identica-mode-20130204.2253/dir
  identica-mode-20130204.2253/fdl.info
  identica-mode-20130204.2253/identica-friends.el
  identica-mode-20130204.2253/identica-mode-pkg.el
  identica-mode-20130204.2253/identica-mode.el
  identica-mode-20130204.2253/identica-mode.info
Built identica-mode in 13.237s, finished at 2021-10-22T15:43:40+0000
 ✓ Success:
4.0K -rw-r--r-- 1 root root  392 Oct 22 15:43 packages/identica-mode-20130204.2253.entry
200K -rw-r--r-- 1 root root 200K Oct 22 15:43 packages/identica-mode-20130204.2253.tar
4.0K -rw-r--r-- 1 root root 1.2K Oct 22 15:43 packages/identica-mode-badge.svg
4.0K -rw-r--r-- 1 root root 1.3K Oct 22 15:43 packages/identica-mode-readme.txt
