Package: iedit
Fetcher: github
Source:  https://github.com/victorhge/iedit.git

Updating /mnt/store/melpa/working/iedit/
Checking out origin/HEAD
Checking out 2f504c966e7f640dcd6ecbf40a6a1a05ea286de0
Copying files (->) and directories (=>)
  from /mnt/store/melpa/working/iedit/
  to /tmp/ieditb2KAF4/iedit-20210812.735
    iedit-lib.el -> iedit-lib.el
    iedit-rect.el -> iedit-rect.el
    iedit.el -> iedit.el
Created iedit-20210812.735.tar containing:
  iedit-20210812.735/
  iedit-20210812.735/iedit-lib.el
  iedit-20210812.735/iedit-pkg.el
  iedit-20210812.735/iedit-rect.el
  iedit-20210812.735/iedit.el
Built iedit in 5.080s, finished at 2021-10-22T15:43:58+0000
 ✓ Success:
4.0K -rw-r--r-- 1 root root  378 Oct 22 15:43 packages/iedit-20210812.735.entry
100K -rw-r--r-- 1 root root 100K Oct 22 15:43 packages/iedit-20210812.735.tar
4.0K -rw-r--r-- 1 root root 1.2K Oct 22 15:43 packages/iedit-badge.svg
4.0K -rw-r--r-- 1 root root 2.8K Oct 22 15:43 packages/iedit-readme.txt
