Package: imbot
Fetcher: github
Source:  https://github.com/QiangF/imbot.git

Updating /mnt/store/melpa/working/imbot/
Checking out origin/HEAD
Checking out a90183954522876ebbf1ce96d88b80e6a31b9d34
Copying files (->) and directories (=>)
  from /mnt/store/melpa/working/imbot/
  to /tmp/imbotB7eYsN/imbot-20210423.731
    imbot--fcitx5.el -> imbot--fcitx5.el
    imbot--ibus.el -> imbot--ibus.el
    imbot.el -> imbot.el
Created imbot-20210423.731.tar containing:
  imbot-20210423.731/
  imbot-20210423.731/imbot--fcitx5.el
  imbot-20210423.731/imbot--ibus.el
  imbot-20210423.731/imbot-pkg.el
  imbot-20210423.731/imbot.el
Built imbot in 5.211s, finished at 2021-10-22T15:44:10+0000
 ✓ Success:
4.0K -rw-r--r-- 1 root root  232 Oct 22 15:44 packages/imbot-20210423.731.entry
 20K -rw-r--r-- 1 root root  20K Oct 22 15:44 packages/imbot-20210423.731.tar
4.0K -rw-r--r-- 1 root root 1.2K Oct 22 15:44 packages/imbot-badge.svg
4.0K -rw-r--r-- 1 root root  659 Oct 22 15:44 packages/imbot-readme.txt
