Package: immaterial-theme
Fetcher: github
Source:  https://github.com/petergardfjall/emacs-immaterial-theme.git

Updating /mnt/store/melpa/working/immaterial-theme/
Checking out origin/HEAD
Checking out ae9980927026324ff656721eef2e0f415cf3dfb4
Copying files (->) and directories (=>)
  from /mnt/store/melpa/working/immaterial-theme/
  to /tmp/immaterial-themeHyaisA/immaterial-theme-20211006.1048
    immaterial-dark-theme.el -> immaterial-dark-theme.el
    immaterial-light-theme.el -> immaterial-light-theme.el
    immaterial-theme.el -> immaterial-theme.el
Created immaterial-theme-20211006.1048.tar containing:
  immaterial-theme-20211006.1048/
  immaterial-theme-20211006.1048/immaterial-dark-theme.el
  immaterial-theme-20211006.1048/immaterial-light-theme.el
  immaterial-theme-20211006.1048/immaterial-theme-pkg.el
  immaterial-theme-20211006.1048/immaterial-theme.el
Built immaterial-theme in 6.432s, finished at 2021-10-22T15:44:18+0000
 ✓ Success:
4.0K -rw-r--r-- 1 root root  381 Oct 22 15:44 packages/immaterial-theme-20211006.1048.entry
 52K -rw-r--r-- 1 root root  50K Oct 22 15:44 packages/immaterial-theme-20211006.1048.tar
4.0K -rw-r--r-- 1 root root 1.2K Oct 22 15:44 packages/immaterial-theme-badge.svg
4.0K -rw-r--r-- 1 root root  220 Oct 22 15:44 packages/immaterial-theme-readme.txt
