Package: impatient-showdown
Fetcher: github
Source:  https://github.com/jcs-elpa/impatient-showdown.git

Updating /mnt/store/melpa/working/impatient-showdown/
Checking out origin/HEAD
Checking out 04ba1617d9f11105f7db01ce39b4c7746aa13974
Copying files (->) and directories (=>)
  from /mnt/store/melpa/working/impatient-showdown/
  to /tmp/impatient-showdown9x2dKU/impatient-showdown-20200914.221
    impatient-showdown.el -> impatient-showdown.el
    preview.html -> preview.html
Created impatient-showdown-20200914.221.tar containing:
  impatient-showdown-20200914.221/
  impatient-showdown-20200914.221/impatient-showdown-pkg.el
  impatient-showdown-20200914.221/impatient-showdown.el
  impatient-showdown-20200914.221/preview.html
Built impatient-showdown in 4.815s, finished at 2021-10-22T15:44:22+0000
 ✓ Success:
4.0K -rw-r--r-- 1 root root  452 Oct 22 15:44 packages/impatient-showdown-20200914.221.entry
 20K -rw-r--r-- 1 root root  20K Oct 22 15:44 packages/impatient-showdown-20200914.221.tar
4.0K -rw-r--r-- 1 root root 1.2K Oct 22 15:44 packages/impatient-showdown-badge.svg
4.0K -rw-r--r-- 1 root root   56 Oct 22 15:44 packages/impatient-showdown-readme.txt
