Package: indent-tools
Fetcher: gitlab
Source:  https://gitlab.com/emacs-stuff/indent-tools.git

Updating /mnt/store/melpa/working/indent-tools/
Checking out origin/HEAD
Checking out c731f05fa3950e2e8580ec61b88abbc705639830
Copying files (->) and directories (=>)
  from /mnt/store/melpa/working/indent-tools/
  to /tmp/indent-toolsf86bhp/indent-tools-20210622.1207
    indent-tools-indentation-of.el -> indent-tools-indentation-of.el
    indent-tools.el -> indent-tools.el
Created indent-tools-20210622.1207.tar containing:
  indent-tools-20210622.1207/
  indent-tools-20210622.1207/indent-tools-indentation-of.el
  indent-tools-20210622.1207/indent-tools-pkg.el
  indent-tools-20210622.1207/indent-tools.el
Built indent-tools in 5.430s, finished at 2021-10-22T15:44:29+0000
 ✓ Success:
4.0K -rw-r--r-- 1 root root  495 Oct 22 15:44 packages/indent-tools-20210622.1207.entry
 32K -rw-r--r-- 1 root root  30K Oct 22 15:44 packages/indent-tools-20210622.1207.tar
4.0K -rw-r--r-- 1 root root 1.2K Oct 22 15:44 packages/indent-tools-badge.svg
4.0K -rw-r--r-- 1 root root  138 Oct 22 15:44 packages/indent-tools-readme.txt
