Package: inform
Fetcher: github
Source:  https://github.com/dieter-wilhelm/inform.git

Updating /mnt/store/melpa/working/inform/
Checking out origin/HEAD
Checking out 8ff0a19a9f40cfa8283da8ed73de94c35a327423
Copying files (->) and directories (=>)
  from /mnt/store/melpa/working/inform/
  to /tmp/informpC08jA/inform-20200723.500
    inform-pkg.el -> inform-pkg.el
    inform.el -> inform.el
Created inform-20200723.500.tar containing:
  inform-20200723.500/
  inform-20200723.500/inform-pkg.el
  inform-20200723.500/inform.el
Built inform in 4.785s, finished at 2021-10-22T15:44:44+0000
 ✓ Success:
4.0K -rw-r--r-- 1 root root  384 Oct 22 15:44 packages/inform-20200723.500.entry
 32K -rw-r--r-- 1 root root  30K Oct 22 15:44 packages/inform-20200723.500.tar
4.0K -rw-r--r-- 1 root root 1.2K Oct 22 15:44 packages/inform-badge.svg
4.0K -rw-r--r-- 1 root root 2.0K Oct 22 15:44 packages/inform-readme.txt
