Package: iregister
Fetcher: github
Source:  https://github.com/atykhonov/iregister.el.git

Updating /mnt/store/melpa/working/iregister/
Checking out origin/HEAD
Checking out 6a48c66187289de5f300492be11c83e98410c018
Copying files (->) and directories (=>)
  from /mnt/store/melpa/working/iregister/
  to /tmp/iregistere5vPRe/iregister-20150515.2107
    .bump-version.el -> .bump-version.el
    iregister.el -> iregister.el
Created iregister-20150515.2107.tar containing:
  iregister-20150515.2107/
  iregister-20150515.2107/.bump-version.el
  iregister-20150515.2107/iregister-pkg.el
  iregister-20150515.2107/iregister.el
Built iregister in 4.976s, finished at 2021-10-22T15:45:21+0000
 ✓ Success:
4.0K -rw-r--r-- 1 root root  375 Oct 22 15:45 packages/iregister-20150515.2107.entry
 40K -rw-r--r-- 1 root root  40K Oct 22 15:45 packages/iregister-20150515.2107.tar
4.0K -rw-r--r-- 1 root root 1.2K Oct 22 15:45 packages/iregister-badge.svg
8.0K -rw-r--r-- 1 root root 5.6K Oct 22 15:45 packages/iregister-readme.txt
