Package: ivs-edit
Fetcher: github
Source:  https://github.com/kawabata/ivs-edit.git

Updating /mnt/store/melpa/working/ivs-edit/
Checking out origin/HEAD
Checking out 5db39c234aa7393b591168a4fd0a9a4cbbca347d
Copying files (->) and directories (=>)
  from /mnt/store/melpa/working/ivs-edit/
  to /tmp/ivs-edit55WPzm/ivs-edit-20170818.1441
    ivs-edit.el -> ivs-edit.el
    IVD_Sequences.txt -> IVD_Sequences.txt
    jp-old-style.txt -> jp-old-style.txt
Created ivs-edit-20170818.1441.tar containing:
  ivs-edit-20170818.1441/
  ivs-edit-20170818.1441/IVD_Sequences.txt
  ivs-edit-20170818.1441/ivs-edit-pkg.el
  ivs-edit-20170818.1441/ivs-edit.el
  ivs-edit-20170818.1441/jp-old-style.txt
Built ivs-edit in 6.662s, finished at 2021-10-22T15:45:44+0000
 ✓ Success:
4.0K -rw-r--r-- 1 root root  453 Oct 22 15:45 packages/ivs-edit-20170818.1441.entry
1.3M -rw-r--r-- 1 root root 1.3M Oct 22 15:45 packages/ivs-edit-20170818.1441.tar
4.0K -rw-r--r-- 1 root root 1.2K Oct 22 15:45 packages/ivs-edit-badge.svg
4.0K -rw-r--r-- 1 root root 1.9K Oct 22 15:45 packages/ivs-edit-readme.txt
