Package: ivy-erlang-complete
Fetcher: github
Source:  https://github.com/s-kostyaev/ivy-erlang-complete.git

Updating /mnt/store/melpa/working/ivy-erlang-complete/
Checking out origin/HEAD
Checking out 6913f6ef7c942a5a2c42bc17635d09c91353e7ca
Copying files (->) and directories (=>)
  from /mnt/store/melpa/working/ivy-erlang-complete/
  to /tmp/ivy-erlang-completeuT4RDh/ivy-erlang-complete-20211019.447
    ivy-erlang-complete-pkg.el -> ivy-erlang-complete-pkg.el
    ivy-erlang-complete.el -> ivy-erlang-complete.el
    bin => bin
Created ivy-erlang-complete-20211019.447.tar containing:
  ivy-erlang-complete-20211019.447/
  ivy-erlang-complete-20211019.447/bin/
  ivy-erlang-complete-20211019.447/bin/exported-funcs-macos.sh
  ivy-erlang-complete-20211019.447/bin/exported-funcs.sh
  ivy-erlang-complete-20211019.447/bin/exported-types-macos.sh
  ivy-erlang-complete-20211019.447/bin/exported-types.sh
  ivy-erlang-complete-20211019.447/bin/find-deps-dir
  ivy-erlang-complete-20211019.447/bin/parse-record
  ivy-erlang-complete-20211019.447/ivy-erlang-complete-pkg.el
  ivy-erlang-complete-20211019.447/ivy-erlang-complete.el
Built ivy-erlang-complete in 5.224s, finished at 2021-10-22T15:45:55+0000
 ✓ Success:
4.0K -rw-r--r-- 1 root root  514 Oct 22 15:45 packages/ivy-erlang-complete-20211019.447.entry
 72K -rw-r--r-- 1 root root  70K Oct 22 15:45 packages/ivy-erlang-complete-20211019.447.tar
4.0K -rw-r--r-- 1 root root 1.2K Oct 22 15:45 packages/ivy-erlang-complete-badge.svg
4.0K -rw-r--r-- 1 root root   93 Oct 22 15:45 packages/ivy-erlang-complete-readme.txt
