Package: jabber-otr
Fetcher: github
Source:  https://github.com/legoscia/emacs-jabber-otr.git

Updating /mnt/store/melpa/working/jabber-otr/
Checking out origin/HEAD
Checking out 2692b1530234e0ba9a0d6c1eaa1cbe8679f193c0
Copying files (->) and directories (=>)
  from /mnt/store/melpa/working/jabber-otr/
  to /tmp/jabber-otrNUaFaN/jabber-otr-20150918.1144
    jabber-otr.el -> jabber-otr.el
    emacs-otr.py -> emacs-otr.py
Created jabber-otr-20150918.1144.tar containing:
  jabber-otr-20150918.1144/
  jabber-otr-20150918.1144/emacs-otr.py
  jabber-otr-20150918.1144/jabber-otr-pkg.el
  jabber-otr-20150918.1144/jabber-otr.el
Built jabber-otr in 11.459s, finished at 2021-10-22T15:46:37+0000
 ✓ Success:
4.0K -rw-r--r-- 1 root root  441 Oct 22 15:46 packages/jabber-otr-20150918.1144.entry
 32K -rw-r--r-- 1 root root  30K Oct 22 15:46 packages/jabber-otr-20150918.1144.tar
4.0K -rw-r--r-- 1 root root 1.2K Oct 22 15:46 packages/jabber-otr-badge.svg
4.0K -rw-r--r-- 1 root root  529 Oct 22 15:46 packages/jabber-otr-readme.txt
