Package: jedi
Fetcher: github
Source:  https://github.com/tkf/emacs-jedi.git

Updating /mnt/store/melpa/working/jedi/
Checking out origin/HEAD
Checking out e942a0e410cbb2a214c9cb30aaf0e47eb0895b78
Built jedi in 6.180s, finished at 2021-10-22T15:47:14+0000
 ✓ Success:
4.0K -rw-r--r-- 1 root root 3.7K Oct 22 15:47 packages/jedi-20191011.1750.el
4.0K -rw-r--r-- 1 root root  335 Oct 22 15:47 packages/jedi-20191011.1750.entry
4.0K -rw-r--r-- 1 root root 1.2K Oct 22 15:47 packages/jedi-badge.svg
4.0K -rw-r--r-- 1 root root  406 Oct 22 15:47 packages/jedi-core-20210503.1315.entry
 80K -rw-r--r-- 1 root root  80K Oct 22 15:47 packages/jedi-core-20210503.1315.tar
4.0K -rw-r--r-- 1 root root 1.2K Oct 22 15:47 packages/jedi-core-badge.svg
   0 -rw-r--r-- 1 root root    0 Oct 22 15:47 packages/jedi-core-readme.txt
4.0K -rw-r--r-- 1 root root  812 Oct 22 15:47 packages/jedi-core.log
8.0K -rw-r--r-- 1 root root 5.9K Oct 22 15:47 packages/jedi-direx-20140310.936.el
4.0K -rw-r--r-- 1 root root  359 Oct 22 11:51 packages/jedi-direx-20140310.936.entry
4.0K -rw-r--r-- 1 root root 1.2K Oct 22 11:51 packages/jedi-direx-badge.svg
   0 -rw-r--r-- 1 root root    0 Oct 22 11:51 packages/jedi-direx-readme.txt
4.0K -rw-r--r-- 1 root root  215 Oct 22 15:47 packages/jedi-direx.log
   0 -rw-r--r-- 1 root root    0 Oct 22 15:47 packages/jedi-readme.txt
