Package: jedi-core
Fetcher: github
Source:  https://github.com/tkf/emacs-jedi.git

Updating /mnt/store/melpa/working/jedi-core/
Checking out origin/HEAD
Checking out e942a0e410cbb2a214c9cb30aaf0e47eb0895b78
Copying files (->) and directories (=>)
  from /mnt/store/melpa/working/jedi-core/
  to /tmp/jedi-coreHapZCg/jedi-core-20210503.1315
    jedi-core.el -> jedi-core.el
    jediepcserver.py -> jediepcserver.py
    Makefile -> Makefile
    setup.py -> setup.py
Created jedi-core-20210503.1315.tar containing:
  jedi-core-20210503.1315/
  jedi-core-20210503.1315/Makefile
  jedi-core-20210503.1315/jedi-core-pkg.el
  jedi-core-20210503.1315/jedi-core.el
  jedi-core-20210503.1315/jediepcserver.py
  jedi-core-20210503.1315/setup.py
Built jedi-core in 5.746s, finished at 2021-10-22T15:47:14+0000
 ✓ Success:
4.0K -rw-r--r-- 1 root root  406 Oct 22 15:47 packages/jedi-core-20210503.1315.entry
 80K -rw-r--r-- 1 root root  80K Oct 22 15:47 packages/jedi-core-20210503.1315.tar
4.0K -rw-r--r-- 1 root root 1.2K Oct 22 15:47 packages/jedi-core-badge.svg
   0 -rw-r--r-- 1 root root    0 Oct 22 15:47 packages/jedi-core-readme.txt
