Package: jpop
Fetcher: github
Source:  https://github.com/domtronn/jpop.el.git

Updating /mnt/store/melpa/working/jpop/
Checking out origin/HEAD
Checking out 7628b03260be96576b34459d45959ee77d8b2110
Copying files (->) and directories (=>)
  from /mnt/store/melpa/working/jpop/
  to /tmp/jpopbG9VQJ/jpop-20170410.1250
    jpop.el -> jpop.el
    create-file-alist.py -> create-file-alist.py
Created jpop-20170410.1250.tar containing:
  jpop-20170410.1250/
  jpop-20170410.1250/create-file-alist.py
  jpop-20170410.1250/jpop-pkg.el
  jpop-20170410.1250/jpop.el
Built jpop in 4.968s, finished at 2021-10-22T15:47:39+0000
 ✓ Success:
4.0K -rw-r--r-- 1 root root  420 Oct 22 15:47 packages/jpop-20170410.1250.entry
 52K -rw-r--r-- 1 root root  50K Oct 22 15:47 packages/jpop-20170410.1250.tar
4.0K -rw-r--r-- 1 root root 1.2K Oct 22 15:47 packages/jpop-badge.svg
4.0K -rw-r--r-- 1 root root  260 Oct 22 15:47 packages/jpop-readme.txt
