Package: jq-mode
Fetcher: github
Source:  https://github.com/ljos/jq-mode.git

Updating /mnt/store/melpa/working/jq-mode/
Checking out origin/HEAD
Checking out 1af31ba701cf844f938f840ed78867c9a28174b6
Copying files (->) and directories (=>)
  from /mnt/store/melpa/working/jq-mode/
  to /tmp/jq-modeS9UJmg/jq-mode-20200604.833
    jq-mode.el -> jq-mode.el
    ob-jq.el -> ob-jq.el
Created jq-mode-20200604.833.tar containing:
  jq-mode-20200604.833/
  jq-mode-20200604.833/jq-mode-pkg.el
  jq-mode-20200604.833/jq-mode.el
  jq-mode-20200604.833/ob-jq.el
Built jq-mode in 4.831s, finished at 2021-10-22T15:47:39+0000
 ✓ Success:
4.0K -rw-r--r-- 1 root root  343 Oct 22 15:47 packages/jq-mode-20200604.833.entry
 20K -rw-r--r-- 1 root root  20K Oct 22 15:47 packages/jq-mode-20200604.833.tar
4.0K -rw-r--r-- 1 root root 1.2K Oct 22 15:47 packages/jq-mode-badge.svg
4.0K -rw-r--r-- 1 root root   29 Oct 22 15:47 packages/jq-mode-readme.txt
