Package: jquery-doc
Fetcher: github
Source:  https://github.com/ananthakumaran/jquery-doc.el.git

Updating /mnt/store/melpa/working/jquery-doc/
Checking out origin/HEAD
Checking out 24032284919b942ec27707d929bdd8bf48420062
Copying files (->) and directories (=>)
  from /mnt/store/melpa/working/jquery-doc/
  to /tmp/jquery-docM3mvnJ/jquery-doc-20150812.758
    jquery-doc-data.el -> jquery-doc-data.el
    jquery-doc.el -> jquery-doc.el
Created jquery-doc-20150812.758.tar containing:
  jquery-doc-20150812.758/
  jquery-doc-20150812.758/jquery-doc-data.el
  jquery-doc-20150812.758/jquery-doc-pkg.el
  jquery-doc-20150812.758/jquery-doc.el
Built jquery-doc in 4.777s, finished at 2021-10-22T15:47:41+0000
 ✓ Success:
4.0K -rw-r--r-- 1 root root  339 Oct 22 15:47 packages/jquery-doc-20150812.758.entry
740K -rw-r--r-- 1 root root 740K Oct 22 15:47 packages/jquery-doc-20150812.758.tar
4.0K -rw-r--r-- 1 root root 1.2K Oct 22 15:47 packages/jquery-doc-badge.svg
4.0K -rw-r--r-- 1 root root   66 Oct 22 15:47 packages/jquery-doc-readme.txt
