Package: js-codemod
Fetcher: github
Source:  https://github.com/torgeir/js-codemod.el.git

Updating /mnt/store/melpa/working/js-codemod/
Checking out origin/HEAD
Checking out 056bdf3e5e0c807b8cf17edb5834179a90fb722b
Copying files (->) and directories (=>)
  from /mnt/store/melpa/working/js-codemod/
  to /tmp/js-codemodY3u3sQ/js-codemod-20190921.941
    js-codemod.el -> js-codemod.el
    replace -> replace
Created js-codemod-20190921.941.tar containing:
  js-codemod-20190921.941/
  js-codemod-20190921.941/js-codemod-pkg.el
  js-codemod-20190921.941/js-codemod.el
  js-codemod-20190921.941/replace
Built js-codemod in 5.059s, finished at 2021-10-22T15:47:42+0000
 ✓ Success:
4.0K -rw-r--r-- 1 root root  361 Oct 22 15:47 packages/js-codemod-20190921.941.entry
 12K -rw-r--r-- 1 root root  10K Oct 22 15:47 packages/js-codemod-20190921.941.tar
4.0K -rw-r--r-- 1 root root 1.2K Oct 22 15:47 packages/js-codemod-badge.svg
4.0K -rw-r--r-- 1 root root   56 Oct 22 15:47 packages/js-codemod-readme.txt
