Package: js2-refactor
Fetcher: github
Source:  https://github.com/js-emacs/js2-refactor.el.git

Updating /mnt/store/melpa/working/js2-refactor/
Checking out origin/HEAD
Checking out a0977c4ce1918cc266db9d6cd7a2ab63f3a76b9a
Copying files (->) and directories (=>)
  from /mnt/store/melpa/working/js2-refactor/
  to /tmp/js2-refactor5R9Wkd/js2-refactor-20210306.2003
    js2-refactor-pkg.el -> js2-refactor-pkg.el
    js2-refactor.el -> js2-refactor.el
    js2r-conditionals.el -> js2r-conditionals.el
    js2r-conveniences.el -> js2r-conveniences.el
    js2r-formatting.el -> js2r-formatting.el
    js2r-functions.el -> js2r-functions.el
    js2r-helpers.el -> js2r-helpers.el
    js2r-iife.el -> js2r-iife.el
    js2r-paredit.el -> js2r-paredit.el
    js2r-vars.el -> js2r-vars.el
    js2r-wrapping.el -> js2r-wrapping.el
Created js2-refactor-20210306.2003.tar containing:
  js2-refactor-20210306.2003/
  js2-refactor-20210306.2003/js2-refactor-pkg.el
  js2-refactor-20210306.2003/js2-refactor.el
  js2-refactor-20210306.2003/js2r-conditionals.el
  js2-refactor-20210306.2003/js2r-conveniences.el
  js2-refactor-20210306.2003/js2r-formatting.el
  js2-refactor-20210306.2003/js2r-functions.el
  js2-refactor-20210306.2003/js2r-helpers.el
  js2-refactor-20210306.2003/js2r-iife.el
  js2-refactor-20210306.2003/js2r-paredit.el
  js2-refactor-20210306.2003/js2r-vars.el
  js2-refactor-20210306.2003/js2r-wrapping.el
Built js2-refactor in 5.064s, finished at 2021-10-22T15:47:54+0000
 ✓ Success:
4.0K -rw-r--r-- 1 root root  494 Oct 22 15:47 packages/js2-refactor-20210306.2003.entry
100K -rw-r--r-- 1 root root 100K Oct 22 15:47 packages/js2-refactor-20210306.2003.tar
4.0K -rw-r--r-- 1 root root 1.2K Oct 22 15:47 packages/js2-refactor-badge.svg
8.0K -rw-r--r-- 1 root root 5.2K Oct 22 15:47 packages/js2-refactor-readme.txt
