Package: js2-mode
Fetcher: github
Source:  https://github.com/mooz/js2-mode.git

Updating /mnt/store/melpa/working/js2-mode/
Checking out origin/HEAD
Checking out e6a9059fc823a17496e1a5114652d92a9071a78f
Copying files (->) and directories (=>)
  from /mnt/store/melpa/working/js2-mode/
  to /tmp/js2-modeqSxQ4h/js2-mode-20210906.2337
    js2-imenu-extras.el -> js2-imenu-extras.el
    js2-mode.el -> js2-mode.el
    js2-old-indent.el -> js2-old-indent.el
Created js2-mode-20210906.2337.tar containing:
  js2-mode-20210906.2337/
  js2-mode-20210906.2337/js2-imenu-extras.el
  js2-mode-20210906.2337/js2-mode-pkg.el
  js2-mode-20210906.2337/js2-mode.el
  js2-mode-20210906.2337/js2-old-indent.el
Built js2-mode in 5.390s, finished at 2021-10-22T15:47:50+0000
 ✓ Success:
4.0K -rw-r--r-- 1 root root  491 Oct 22 15:47 packages/js2-mode-20210906.2337.entry
560K -rw-r--r-- 1 root root 560K Oct 22 15:47 packages/js2-mode-20210906.2337.tar
4.0K -rw-r--r-- 1 root root 1.2K Oct 22 15:47 packages/js2-mode-badge.svg
4.0K -rw-r--r-- 1 root root 2.6K Oct 22 15:47 packages/js2-mode-readme.txt
