Package: js3-mode
Fetcher: github
Source:  https://github.com/tamzinblake/js3-mode.git

Updating /mnt/store/melpa/working/js3-mode/
Checking out origin/HEAD
Checking out 229aeb374f1b1f3ee5c59b8ba3eebb6385c232cb
Copying files (->) and directories (=>)
  from /mnt/store/melpa/working/js3-mode/
  to /tmp/js3-mode8bPvTN/js3-mode-20160515.1550
    js3-mode.el -> js3-mode.el
    js3.el -> js3.el
Created js3-mode-20160515.1550.tar containing:
  js3-mode-20160515.1550/
  js3-mode-20160515.1550/js3-mode-pkg.el
  js3-mode-20160515.1550/js3-mode.el
  js3-mode-20160515.1550/js3.el
Built js3-mode in 4.996s, finished at 2021-10-22T15:47:55+0000
 ✓ Success:
4.0K -rw-r--r-- 1 root root  312 Oct 22 15:47 packages/js3-mode-20160515.1550.entry
872K -rw-r--r-- 1 root root 870K Oct 22 15:47 packages/js3-mode-20160515.1550.tar
4.0K -rw-r--r-- 1 root root 1.2K Oct 22 15:47 packages/js3-mode-badge.svg
4.0K -rw-r--r-- 1 root root 2.1K Oct 22 15:47 packages/js3-mode-readme.txt
