Package: julia-mode
Fetcher: github
Source:  https://github.com/JuliaEditorSupport/julia-emacs.git

Updating /mnt/store/melpa/working/julia-mode/
Checking out origin/HEAD
Checking out 725b55cadcb6ae44f455edf4e39643fdd5c5ca63
Copying files (->) and directories (=>)
  from /mnt/store/melpa/working/julia-mode/
  to /tmp/julia-mode2HZYco/julia-mode-20210904.908
    julia-mode-latexsubs.el -> julia-mode-latexsubs.el
    julia-mode.el -> julia-mode.el
Created julia-mode-20210904.908.tar containing:
  julia-mode-20210904.908/
  julia-mode-20210904.908/julia-mode-latexsubs.el
  julia-mode-20210904.908/julia-mode-pkg.el
  julia-mode-20210904.908/julia-mode.el
Built julia-mode in 5.086s, finished at 2021-10-22T15:48:10+0000
 ✓ Success:
4.0K -rw-r--r-- 1 root root  283 Oct 22 15:48 packages/julia-mode-20210904.908.entry
180K -rw-r--r-- 1 root root 180K Oct 22 15:48 packages/julia-mode-20210904.908.tar
4.0K -rw-r--r-- 1 root root 1.2K Oct 22 15:48 packages/julia-mode-badge.svg
4.0K -rw-r--r-- 1 root root   60 Oct 22 15:48 packages/julia-mode-readme.txt
