Package: julia-snail
Fetcher: github
Source:  https://github.com/gcv/julia-snail.git

Updating /mnt/store/melpa/working/julia-snail/
Checking out origin/HEAD
Checking out 5b95b278772de8339ac198fe6eaadb0427d680fb
Copying files (->) and directories (=>)
  from /mnt/store/melpa/working/julia-snail/
  to /tmp/julia-snailBFmIoz/julia-snail-20210818.310
    julia-snail.el -> julia-snail.el
    JuliaSnail.jl -> JuliaSnail.jl
    Manifest.toml -> Manifest.toml
    Project.toml -> Project.toml
Created julia-snail-20210818.310.tar containing:
  julia-snail-20210818.310/
  julia-snail-20210818.310/JuliaSnail.jl
  julia-snail-20210818.310/Manifest.toml
  julia-snail-20210818.310/Project.toml
  julia-snail-20210818.310/julia-snail-pkg.el
  julia-snail-20210818.310/julia-snail.el
Built julia-snail in 5.340s, finished at 2021-10-22T15:48:12+0000
 ✓ Success:
4.0K -rw-r--r-- 1 root root  340 Oct 22 15:48 packages/julia-snail-20210818.310.entry
 92K -rw-r--r-- 1 root root  90K Oct 22 15:48 packages/julia-snail-20210818.310.tar
4.0K -rw-r--r-- 1 root root 1.2K Oct 22 15:48 packages/julia-snail-badge.svg
4.0K -rw-r--r-- 1 root root  200 Oct 22 15:48 packages/julia-snail-readme.txt
