Package: julia-shell
Fetcher: github
Source:  https://github.com/dennisog/julia-shell-mode.git

Updating /mnt/store/melpa/working/julia-shell/
Checking out origin/HEAD
Checking out 583a0b2ca20461ab4356929fd0f2212c22341b69
Copying files (->) and directories (=>)
  from /mnt/store/melpa/working/julia-shell/
  to /tmp/julia-shellY2dzAu/julia-shell-20161125.1910
    julia-shell.el -> julia-shell.el
    julia-shell-emacstools.jl -> julia-shell-emacstools.jl
Created julia-shell-20161125.1910.tar containing:
  julia-shell-20161125.1910/
  julia-shell-20161125.1910/julia-shell-emacstools.jl
  julia-shell-20161125.1910/julia-shell-pkg.el
  julia-shell-20161125.1910/julia-shell.el
Built julia-shell in 5.251s, finished at 2021-10-22T15:48:11+0000
 ✓ Success:
4.0K -rw-r--r-- 1 root root  301 Oct 22 15:48 packages/julia-shell-20161125.1910.entry
 32K -rw-r--r-- 1 root root  30K Oct 22 15:48 packages/julia-shell-20161125.1910.tar
4.0K -rw-r--r-- 1 root root 1.2K Oct 22 15:48 packages/julia-shell-badge.svg
4.0K -rw-r--r-- 1 root root  233 Oct 22 15:48 packages/julia-shell-readme.txt
