Package: jumblr
Fetcher: github
Source:  https://github.com/mkmcc/jumblr.git

Updating /mnt/store/melpa/working/jumblr/
Checking out origin/HEAD
Checking out 34533dfb9db8538c005f4eaffafeff7ed193729f
Copying files (->) and directories (=>)
  from /mnt/store/melpa/working/jumblr/
  to /tmp/jumblrg4884l/jumblr-20170727.2043
    jumblr.el -> jumblr.el
    dict => dict
Created jumblr-20170727.2043.tar containing:
  jumblr-20170727.2043/
  jumblr-20170727.2043/dict/
  jumblr-20170727.2043/dict/easy.txt
  jumblr-20170727.2043/dict/expert.txt
  jumblr-20170727.2043/dict/hard.txt
  jumblr-20170727.2043/dict/medium.txt
  jumblr-20170727.2043/jumblr-pkg.el
  jumblr-20170727.2043/jumblr.el
Built jumblr in 5.794s, finished at 2021-10-22T15:48:15+0000
 ✓ Success:
4.0K -rw-r--r-- 1 root root  256 Oct 22 15:48 packages/jumblr-20170727.2043.entry
1.7M -rw-r--r-- 1 root root 1.7M Oct 22 15:48 packages/jumblr-20170727.2043.tar
4.0K -rw-r--r-- 1 root root 1.2K Oct 22 15:48 packages/jumblr-badge.svg
4.0K -rw-r--r-- 1 root root 2.5K Oct 22 15:48 packages/jumblr-readme.txt
