Package: kaesar
Fetcher: github
Source:  https://github.com/mhayashi1120/Emacs-kaesar.git

Updating /mnt/store/melpa/working/kaesar/
Checking out origin/HEAD
Checking out d087075cb1a46c2c85cd075220e09b2eaef9b86e
Built kaesar in 5.680s, finished at 2021-10-22T15:48:26+0000
 ✓ Success:
 48K -rw-r--r-- 1 root root  46K Oct 22 15:48 packages/kaesar-20160128.1008.el
4.0K -rw-r--r-- 1 root root  393 Oct 22 15:48 packages/kaesar-20160128.1008.entry
4.0K -rw-r--r-- 1 root root 1.2K Oct 22 15:48 packages/kaesar-badge.svg
8.0K -rw-r--r-- 1 root root 6.4K Oct 22 11:53 packages/kaesar-file-20160128.1008.el
4.0K -rw-r--r-- 1 root root  427 Oct 22 11:53 packages/kaesar-file-20160128.1008.entry
4.0K -rw-r--r-- 1 root root 1.2K Oct 22 11:53 packages/kaesar-file-badge.svg
4.0K -rw-r--r-- 1 root root  260 Oct 22 11:53 packages/kaesar-file-readme.txt
4.0K -rw-r--r-- 1 root root  222 Oct 22 15:48 packages/kaesar-file.log
 16K -rw-r--r-- 1 root root  14K Oct 22 11:53 packages/kaesar-mode-20160128.1008.el
4.0K -rw-r--r-- 1 root root  460 Oct 22 11:53 packages/kaesar-mode-20160128.1008.entry
4.0K -rw-r--r-- 1 root root 1.2K Oct 22 11:53 packages/kaesar-mode-badge.svg
4.0K -rw-r--r-- 1 root root  340 Oct 22 11:53 packages/kaesar-mode-readme.txt
4.0K -rw-r--r-- 1 root root  222 Oct 22 15:48 packages/kaesar-mode.log
4.0K -rw-r--r-- 1 root root 1.7K Oct 22 15:48 packages/kaesar-readme.txt
