Package: kakoune
Fetcher: github
Source:  https://github.com/jmorag/kakoune.el.git

Updating /mnt/store/melpa/working/kakoune/
Checking out origin/HEAD
Checking out c39f278811945dbf0958ca8cf81d7b03c39efbcf
Copying files (->) and directories (=>)
  from /mnt/store/melpa/working/kakoune/
  to /tmp/kakoune6PY2fb/kakoune-20210220.1858
    kakoune-exchange.el -> kakoune-exchange.el
    kakoune-shell-commands.el -> kakoune-shell-commands.el
    kakoune-unimpaired.el -> kakoune-unimpaired.el
    kakoune-utils.el -> kakoune-utils.el
    kakoune.el -> kakoune.el
Created kakoune-20210220.1858.tar containing:
  kakoune-20210220.1858/
  kakoune-20210220.1858/kakoune-exchange.el
  kakoune-20210220.1858/kakoune-pkg.el
  kakoune-20210220.1858/kakoune-shell-commands.el
  kakoune-20210220.1858/kakoune-unimpaired.el
  kakoune-20210220.1858/kakoune-utils.el
  kakoune-20210220.1858/kakoune.el
Built kakoune in 5.090s, finished at 2021-10-22T15:48:30+0000
 ✓ Success:
4.0K -rw-r--r-- 1 root root  436 Oct 22 15:48 packages/kakoune-20210220.1858.entry
 32K -rw-r--r-- 1 root root  30K Oct 22 15:48 packages/kakoune-20210220.1858.tar
4.0K -rw-r--r-- 1 root root 1.2K Oct 22 15:48 packages/kakoune-badge.svg
4.0K -rw-r--r-- 1 root root  283 Oct 22 15:48 packages/kakoune-readme.txt
