Package: kaolin-themes
Fetcher: github
Source:  https://github.com/ogdenwebb/emacs-kaolin-themes.git

Updating /mnt/store/melpa/working/kaolin-themes/
Checking out origin/HEAD
Checking out fd6f154ac96309ff56220c595f80e9126ec566c6
Copying files (->) and directories (=>)
  from /mnt/store/melpa/working/kaolin-themes/
  to /tmp/kaolin-themesfBWslO/kaolin-themes-20211014.318
    kaolin-themes-lib.el -> kaolin-themes-lib.el
    kaolin-themes-treemacs.el -> kaolin-themes-treemacs.el
    kaolin-themes.el -> kaolin-themes.el
  ! themes/kaolin-aurora-theme.el -> kaolin-aurora-theme.el
  ! themes/kaolin-blossom-theme.el -> kaolin-blossom-theme.el
  ! themes/kaolin-breeze-theme.el -> kaolin-breeze-theme.el
  ! themes/kaolin-bubblegum-theme.el -> kaolin-bubblegum-theme.el
  ! themes/kaolin-dark-theme.el -> kaolin-dark-theme.el
  ! themes/kaolin-eclipse-theme.el -> kaolin-eclipse-theme.el
  ! themes/kaolin-galaxy-theme.el -> kaolin-galaxy-theme.el
  ! themes/kaolin-light-theme.el -> kaolin-light-theme.el
  ! themes/kaolin-mono-dark-theme.el -> kaolin-mono-dark-theme.el
  ! themes/kaolin-mono-light-theme.el -> kaolin-mono-light-theme.el
  ! themes/kaolin-ocean-theme.el -> kaolin-ocean-theme.el
  ! themes/kaolin-shiva-theme.el -> kaolin-shiva-theme.el
  ! themes/kaolin-temple-theme.el -> kaolin-temple-theme.el
  ! themes/kaolin-valley-dark-theme.el -> kaolin-valley-dark-theme.el
  ! themes/kaolin-valley-light-theme.el -> kaolin-valley-light-theme.el
Created kaolin-themes-20211014.318.tar containing:
  kaolin-themes-20211014.318/
  kaolin-themes-20211014.318/kaolin-aurora-theme.el
  kaolin-themes-20211014.318/kaolin-blossom-theme.el
  kaolin-themes-20211014.318/kaolin-breeze-theme.el
  kaolin-themes-20211014.318/kaolin-bubblegum-theme.el
  kaolin-themes-20211014.318/kaolin-dark-theme.el
  kaolin-themes-20211014.318/kaolin-eclipse-theme.el
  kaolin-themes-20211014.318/kaolin-galaxy-theme.el
  kaolin-themes-20211014.318/kaolin-light-theme.el
  kaolin-themes-20211014.318/kaolin-mono-dark-theme.el
  kaolin-themes-20211014.318/kaolin-mono-light-theme.el
  kaolin-themes-20211014.318/kaolin-ocean-theme.el
  kaolin-themes-20211014.318/kaolin-shiva-theme.el
  kaolin-themes-20211014.318/kaolin-temple-theme.el
  kaolin-themes-20211014.318/kaolin-themes-lib.el
  kaolin-themes-20211014.318/kaolin-themes-pkg.el
  kaolin-themes-20211014.318/kaolin-themes-treemacs.el
  kaolin-themes-20211014.318/kaolin-themes.el
  kaolin-themes-20211014.318/kaolin-valley-dark-theme.el
  kaolin-themes-20211014.318/kaolin-valley-light-theme.el
Built kaolin-themes in 5.027s, finished at 2021-10-22T15:48:37+0000
 ✓ Success:
4.0K -rw-r--r-- 1 root root  472 Oct 22 15:48 packages/kaolin-themes-20211014.318.entry
192K -rw-r--r-- 1 root root 190K Oct 22 15:48 packages/kaolin-themes-20211014.318.tar
4.0K -rw-r--r-- 1 root root 1.2K Oct 22 15:48 packages/kaolin-themes-badge.svg
4.0K -rw-r--r-- 1 root root 2.0K Oct 22 15:48 packages/kaolin-themes-readme.txt
