Package: kaomoji
Fetcher: github
Source:  https://github.com/kuanyui/kaomoji.el.git

Updating /mnt/store/melpa/working/kaomoji/
Checking out origin/HEAD
Checking out 90a1490743b2a30762f5454c9d9309018eff83dd
Copying files (->) and directories (=>)
  from /mnt/store/melpa/working/kaomoji/
  to /tmp/kaomojif4aqGr/kaomoji-20171227.440
    kaomoji-data.el -> kaomoji-data.el
    kaomoji.el -> kaomoji.el
Created kaomoji-20171227.440.tar containing:
  kaomoji-20171227.440/
  kaomoji-20171227.440/kaomoji-data.el
  kaomoji-20171227.440/kaomoji-pkg.el
  kaomoji-20171227.440/kaomoji.el
Built kaomoji in 4.826s, finished at 2021-10-22T15:48:37+0000
 ✓ Success:
4.0K -rw-r--r-- 1 root root  381 Oct 22 15:48 packages/kaomoji-20171227.440.entry
 20K -rw-r--r-- 1 root root  20K Oct 22 15:48 packages/kaomoji-20171227.440.tar
4.0K -rw-r--r-- 1 root root 1.2K Oct 22 15:48 packages/kaomoji-badge.svg
4.0K -rw-r--r-- 1 root root  797 Oct 22 15:48 packages/kaomoji-readme.txt
