Package: keg
Fetcher: github
Source:  https://github.com/conao3/keg.el.git

Updating /mnt/store/melpa/working/keg/
Checking out origin/HEAD
Checking out d98113b8c32ad0164b05f92bec447d64268e311e
Copying files (->) and directories (=>)
  from /mnt/store/melpa/working/keg/
  to /tmp/kegDl2UUj/keg-20211020.543
    keg-ansi.el -> keg-ansi.el
    keg-command.el -> keg-command.el
    keg-lint.el -> keg-lint.el
    keg.el -> keg.el
Created keg-20211020.543.tar containing:
  keg-20211020.543/
  keg-20211020.543/keg-ansi.el
  keg-20211020.543/keg-command.el
  keg-20211020.543/keg-lint.el
  keg-20211020.543/keg-pkg.el
  keg-20211020.543/keg.el
Built keg in 5.408s, finished at 2021-10-22T15:48:45+0000
 ✓ Success:
4.0K -rw-r--r-- 1 root root  373 Oct 22 15:48 packages/keg-20211020.543.entry
 52K -rw-r--r-- 1 root root  50K Oct 22 15:48 packages/keg-20211020.543.tar
4.0K -rw-r--r-- 1 root root 1.2K Oct 22 15:48 packages/keg-badge.svg
4.0K -rw-r--r-- 1 root root 2.0K Oct 22 11:53 packages/keg-mode-20200601.333.el
4.0K -rw-r--r-- 1 root root  368 Oct 22 11:53 packages/keg-mode-20200601.333.entry
4.0K -rw-r--r-- 1 root root 1.2K Oct 22 11:53 packages/keg-mode-badge.svg
4.0K -rw-r--r-- 1 root root   34 Oct 22 11:53 packages/keg-mode-readme.txt
4.0K -rw-r--r-- 1 root root  150 Oct 22 15:48 packages/keg-mode.log
4.0K -rw-r--r-- 1 root root   40 Oct 22 15:48 packages/keg-readme.txt
