Package: keystore-mode
Fetcher: github
Source:  https://github.com/peterpaul/keystore-mode.git

Updating /mnt/store/melpa/working/keystore-mode/
Checking out origin/HEAD
Checking out 43bd5926348298d077c7221f37902c990df3f951
Note: keystore-mode :files spec is equivalent to the default.
Copying files (->) and directories (=>)
  from /mnt/store/melpa/working/keystore-mode/
  to /tmp/keystore-modepNy8or/keystore-mode-20190409.1946
    keystore-details-mode.el -> keystore-details-mode.el
    keystore-mode.el -> keystore-mode.el
Created keystore-mode-20190409.1946.tar containing:
  keystore-mode-20190409.1946/
  keystore-mode-20190409.1946/keystore-details-mode.el
  keystore-mode-20190409.1946/keystore-mode-pkg.el
  keystore-mode-20190409.1946/keystore-mode.el
Built keystore-mode in 5.249s, finished at 2021-10-22T15:49:11+0000
 ✓ Success:
4.0K -rw-r--r-- 1 root root  501 Oct 22 15:49 packages/keystore-mode-20190409.1946.entry
 52K -rw-r--r-- 1 root root  50K Oct 22 15:49 packages/keystore-mode-20190409.1946.tar
4.0K -rw-r--r-- 1 root root 1.2K Oct 22 15:49 packages/keystore-mode-badge.svg
4.0K -rw-r--r-- 1 root root   48 Oct 22 15:49 packages/keystore-mode-readme.txt
