Package: kite-mini
Fetcher: github
Source:  https://github.com/tungd/kite-mini.el.git

Updating /mnt/store/melpa/working/kite-mini/
Checking out origin/HEAD
Checking out a68619dbc109c7989f3448426d8c1ee9e797c11f
Copying files (->) and directories (=>)
  from /mnt/store/melpa/working/kite-mini/
  to /tmp/kite-minigjP9FM/kite-mini-20160508.1106
    kite-mini-console.el -> kite-mini-console.el
    kite-mini.el -> kite-mini.el
Created kite-mini-20160508.1106.tar containing:
  kite-mini-20160508.1106/
  kite-mini-20160508.1106/kite-mini-console.el
  kite-mini-20160508.1106/kite-mini-pkg.el
  kite-mini-20160508.1106/kite-mini.el
Built kite-mini in 5.487s, finished at 2021-10-22T15:49:23+0000
 ✓ Success:
4.0K -rw-r--r-- 1 root root  410 Oct 22 15:49 packages/kite-mini-20160508.1106.entry
 32K -rw-r--r-- 1 root root  30K Oct 22 15:49 packages/kite-mini-20160508.1106.tar
4.0K -rw-r--r-- 1 root root 1.2K Oct 22 15:49 packages/kite-mini-badge.svg
4.0K -rw-r--r-- 1 root root  313 Oct 22 15:49 packages/kite-mini-readme.txt
