Package: kiwix
Fetcher: github
Source:  https://github.com/stardiviner/kiwix.el.git

Updating /mnt/store/melpa/working/kiwix/
Checking out origin/HEAD
Checking out cb843349c10b1a492ceb59da20bfcef3ef02f4b5
Copying files (->) and directories (=>)
  from /mnt/store/melpa/working/kiwix/
  to /tmp/kiwixeXVMP6/kiwix-20211013.1558
    kiwix.el -> kiwix.el
    org-kiwix.el -> org-kiwix.el
Created kiwix-20211013.1558.tar containing:
  kiwix-20211013.1558/
  kiwix-20211013.1558/kiwix-pkg.el
  kiwix-20211013.1558/kiwix.el
  kiwix-20211013.1558/org-kiwix.el
Built kiwix in 4.992s, finished at 2021-10-22T15:49:26+0000
 ✓ Success:
4.0K -rw-r--r-- 1 root root  384 Oct 22 15:49 packages/kiwix-20211013.1558.entry
 32K -rw-r--r-- 1 root root  30K Oct 22 15:49 packages/kiwix-20211013.1558.tar
4.0K -rw-r--r-- 1 root root 1.2K Oct 22 15:49 packages/kiwix-badge.svg
4.0K -rw-r--r-- 1 root root  151 Oct 22 15:49 packages/kiwix-readme.txt
