Package: kotlin-mode
Fetcher: github
Source:  https://github.com/Emacs-Kotlin-Mode-Maintainers/kotlin-mode.git

Updating /mnt/store/melpa/working/kotlin-mode/
Checking out origin/HEAD
Checking out 3e0c34087ba4965a8bf08d3f27325f0a1e631bfb
Copying files (->) and directories (=>)
  from /mnt/store/melpa/working/kotlin-mode/
  to /tmp/kotlin-modeuOFH9d/kotlin-mode-20210917.1911
    kotlin-mode-lexer.el -> kotlin-mode-lexer.el
    kotlin-mode.el -> kotlin-mode.el
Created kotlin-mode-20210917.1911.tar containing:
  kotlin-mode-20210917.1911/
  kotlin-mode-20210917.1911/kotlin-mode-lexer.el
  kotlin-mode-20210917.1911/kotlin-mode-pkg.el
  kotlin-mode-20210917.1911/kotlin-mode.el
Built kotlin-mode in 5.067s, finished at 2021-10-22T15:49:34+0000
 ✓ Success:
4.0K -rw-r--r-- 1 root root  330 Oct 22 15:49 packages/kotlin-mode-20210917.1911.entry
 40K -rw-r--r-- 1 root root  40K Oct 22 15:49 packages/kotlin-mode-20210917.1911.tar
4.0K -rw-r--r-- 1 root root 1.2K Oct 22 15:49 packages/kotlin-mode-badge.svg
   0 -rw-r--r-- 1 root root    0 Oct 22 15:49 packages/kotlin-mode-readme.txt
