Package: kubernetes
Fetcher: github
Source:  https://github.com/kubernetes-el/kubernetes-el.git

Updating /mnt/store/melpa/working/kubernetes/
Checking out origin/HEAD
Checking out 7cb6e4f2d571d45c49dba2427f7e65a9e0a994f2
Copying files (->) and directories (=>)
  from /mnt/store/melpa/working/kubernetes/
  to /tmp/kubernetesaZDCQS/kubernetes-20210914.1158
    kubernetes-ast.el -> kubernetes-ast.el
    kubernetes-commands.el -> kubernetes-commands.el
    kubernetes-configmaps.el -> kubernetes-configmaps.el
    kubernetes-contexts.el -> kubernetes-contexts.el
    kubernetes-deployments.el -> kubernetes-deployments.el
    kubernetes-el-tramp.el -> kubernetes-el-tramp.el
    kubernetes-errors.el -> kubernetes-errors.el
    kubernetes-ingress.el -> kubernetes-ingress.el
    kubernetes-jobs.el -> kubernetes-jobs.el
    kubernetes-kubectl.el -> kubernetes-kubectl.el
    kubernetes-labels.el -> kubernetes-labels.el
    kubernetes-loading-container.el -> kubernetes-loading-container.el
    kubernetes-logs.el -> kubernetes-logs.el
    kubernetes-modes.el -> kubernetes-modes.el
    kubernetes-namespaces.el -> kubernetes-namespaces.el
    kubernetes-nodes.el -> kubernetes-nodes.el
    kubernetes-overview.el -> kubernetes-overview.el
    kubernetes-pod-line.el -> kubernetes-pod-line.el
    kubernetes-pods.el -> kubernetes-pods.el
    kubernetes-popups.el -> kubernetes-popups.el
    kubernetes-process.el -> kubernetes-process.el
    kubernetes-props.el -> kubernetes-props.el
    kubernetes-secrets.el -> kubernetes-secrets.el
    kubernetes-services.el -> kubernetes-services.el
    kubernetes-state.el -> kubernetes-state.el
    kubernetes-statefulsets.el -> kubernetes-statefulsets.el
    kubernetes-timers.el -> kubernetes-timers.el
    kubernetes-utils.el -> kubernetes-utils.el
    kubernetes-vars.el -> kubernetes-vars.el
    kubernetes-yaml.el -> kubernetes-yaml.el
    kubernetes.el -> kubernetes.el
Created kubernetes-20210914.1158.tar containing:
  kubernetes-20210914.1158/
  kubernetes-20210914.1158/kubernetes-ast.el
  kubernetes-20210914.1158/kubernetes-commands.el
  kubernetes-20210914.1158/kubernetes-configmaps.el
  kubernetes-20210914.1158/kubernetes-contexts.el
  kubernetes-20210914.1158/kubernetes-deployments.el
  kubernetes-20210914.1158/kubernetes-el-tramp.el
  kubernetes-20210914.1158/kubernetes-errors.el
  kubernetes-20210914.1158/kubernetes-ingress.el
  kubernetes-20210914.1158/kubernetes-jobs.el
  kubernetes-20210914.1158/kubernetes-kubectl.el
  kubernetes-20210914.1158/kubernetes-labels.el
  kubernetes-20210914.1158/kubernetes-loading-container.el
  kubernetes-20210914.1158/kubernetes-logs.el
  kubernetes-20210914.1158/kubernetes-modes.el
  kubernetes-20210914.1158/kubernetes-namespaces.el
  kubernetes-20210914.1158/kubernetes-nodes.el
  kubernetes-20210914.1158/kubernetes-overview.el
  kubernetes-20210914.1158/kubernetes-pkg.el
  kubernetes-20210914.1158/kubernetes-pod-line.el
  kubernetes-20210914.1158/kubernetes-pods.el
  kubernetes-20210914.1158/kubernetes-popups.el
  kubernetes-20210914.1158/kubernetes-process.el
  kubernetes-20210914.1158/kubernetes-props.el
  kubernetes-20210914.1158/kubernetes-secrets.el
  kubernetes-20210914.1158/kubernetes-services.el
  kubernetes-20210914.1158/kubernetes-state.el
  kubernetes-20210914.1158/kubernetes-statefulsets.el
  kubernetes-20210914.1158/kubernetes-timers.el
  kubernetes-20210914.1158/kubernetes-utils.el
  kubernetes-20210914.1158/kubernetes-vars.el
  kubernetes-20210914.1158/kubernetes-yaml.el
  kubernetes-20210914.1158/kubernetes.el
Built kubernetes in 5.325s, finished at 2021-10-22T15:49:42+0000
 ✓ Success:
4.0K -rw-r--r-- 1 root root  498 Oct 22 15:49 packages/kubernetes-20210914.1158.entry
232K -rw-r--r-- 1 root root 230K Oct 22 15:49 packages/kubernetes-20210914.1158.tar
4.0K -rw-r--r-- 1 root root 1.2K Oct 22 15:49 packages/kubernetes-badge.svg
4.0K -rw-r--r-- 1 root root 3.1K Oct 22 15:49 packages/kubernetes-evil-20210830.2219.el
4.0K -rw-r--r-- 1 root root  345 Oct 22 11:54 packages/kubernetes-evil-20210830.2219.entry
4.0K -rw-r--r-- 1 root root 1.2K Oct 22 11:54 packages/kubernetes-evil-badge.svg
4.0K -rw-r--r-- 1 root root   60 Oct 22 11:54 packages/kubernetes-evil-readme.txt
4.0K -rw-r--r-- 1 root root  232 Oct 22 15:49 packages/kubernetes-evil.log
8.0K -rw-r--r-- 1 root root 4.7K Oct 22 15:49 packages/kubernetes-helm-20210902.2232.el
4.0K -rw-r--r-- 1 root root  432 Oct 22 11:54 packages/kubernetes-helm-20210902.2232.entry
4.0K -rw-r--r-- 1 root root 1.2K Oct 22 11:54 packages/kubernetes-helm-badge.svg
4.0K -rw-r--r-- 1 root root   71 Oct 22 11:54 packages/kubernetes-helm-readme.txt
4.0K -rw-r--r-- 1 root root  230 Oct 22 15:49 packages/kubernetes-helm.log
   0 -rw-r--r-- 1 root root    0 Oct 22 15:49 packages/kubernetes-readme.txt
8.0K -rw-r--r-- 1 root root 5.5K Oct 22 11:54 packages/kubernetes-tramp-20181228.922.el
4.0K -rw-r--r-- 1 root root  489 Oct 22 11:54 packages/kubernetes-tramp-20181228.922.entry
4.0K -rw-r--r-- 1 root root 1.2K Oct 22 11:54 packages/kubernetes-tramp-badge.svg
4.0K -rw-r--r-- 1 root root  878 Oct 22 11:54 packages/kubernetes-tramp-readme.txt
4.0K -rw-r--r-- 1 root root  233 Oct 22 15:49 packages/kubernetes-tramp.log
