Package: lab-themes
Fetcher: github
Source:  https://github.com/MetroWind/lab-theme.git

Updating /mnt/store/melpa/working/lab-themes/
Checking out origin/HEAD
Checking out 9d7deb9635959d3a50ccb1082eb1207275f4b3e8
Copying files (->) and directories (=>)
  from /mnt/store/melpa/working/lab-themes/
  to /tmp/lab-themes8QRXZn/lab-themes-20200815.2104
    lab-dark-theme.el -> lab-dark-theme.el
    lab-light-theme.el -> lab-light-theme.el
    lab-themes.el -> lab-themes.el
Created lab-themes-20200815.2104.tar containing:
  lab-themes-20200815.2104/
  lab-themes-20200815.2104/lab-dark-theme.el
  lab-themes-20200815.2104/lab-light-theme.el
  lab-themes-20200815.2104/lab-themes-pkg.el
  lab-themes-20200815.2104/lab-themes.el
Built lab-themes in 5.021s, finished at 2021-10-22T15:49:50+0000
 ✓ Success:
4.0K -rw-r--r-- 1 root root  408 Oct 22 15:49 packages/lab-themes-20200815.2104.entry
 40K -rw-r--r-- 1 root root  40K Oct 22 15:49 packages/lab-themes-20200815.2104.tar
4.0K -rw-r--r-- 1 root root 1.2K Oct 22 15:49 packages/lab-themes-badge.svg
4.0K -rw-r--r-- 1 root root  221 Oct 22 15:49 packages/lab-themes-readme.txt
