Package: lacquer
Fetcher: github
Source:  https://github.com/dingansichKum0/lacquer.git

Updating /mnt/store/melpa/working/lacquer/
Checking out origin/HEAD
Checking out 3ef4c22982119674861ed61e3302ac3e0f05be2b
Copying files (->) and directories (=>)
  from /mnt/store/melpa/working/lacquer/
  to /tmp/lacquer4sRZNf/lacquer-20211005.1517
    lacquer-automation.el -> lacquer-automation.el
    lacquer-setting.el -> lacquer-setting.el
    lacquer-utils.el -> lacquer-utils.el
    lacquer.el -> lacquer.el
Created lacquer-20211005.1517.tar containing:
  lacquer-20211005.1517/
  lacquer-20211005.1517/lacquer-automation.el
  lacquer-20211005.1517/lacquer-pkg.el
  lacquer-20211005.1517/lacquer-setting.el
  lacquer-20211005.1517/lacquer-utils.el
  lacquer-20211005.1517/lacquer.el
Built lacquer in 5.074s, finished at 2021-10-22T15:49:51+0000
 ✓ Success:
4.0K -rw-r--r-- 1 root root  381 Oct 22 15:49 packages/lacquer-20211005.1517.entry
 40K -rw-r--r-- 1 root root  40K Oct 22 15:49 packages/lacquer-20211005.1517.tar
4.0K -rw-r--r-- 1 root root 1.2K Oct 22 15:49 packages/lacquer-badge.svg
4.0K -rw-r--r-- 1 root root  357 Oct 22 15:49 packages/lacquer-readme.txt
