Package: lambdapi-mode
Fetcher: github
Source:  https://github.com/Deducteam/lambdapi.git

Updating /mnt/store/melpa/working/lambdapi-mode/
Checking out origin/HEAD
Checking out 933a1b37b86685bb1f2df2a2185741b0d21aaa78
Copying files (->) and directories (=>)
  from /mnt/store/melpa/working/lambdapi-mode/
  to /tmp/lambdapi-modeQq6Wjt/lambdapi-mode-20211008.1231
  ! editors/emacs/lambdapi-abbrev.el -> lambdapi-abbrev.el
  ! editors/emacs/lambdapi-capf.el -> lambdapi-capf.el
  ! editors/emacs/lambdapi-input.el -> lambdapi-input.el
  ! editors/emacs/lambdapi-layout.el -> lambdapi-layout.el
  ! editors/emacs/lambdapi-mode.el -> lambdapi-mode.el
  ! editors/emacs/lambdapi-proofs.el -> lambdapi-proofs.el
  ! editors/emacs/lambdapi-smie.el -> lambdapi-smie.el
  ! editors/emacs/lambdapi-vars.el -> lambdapi-vars.el
Created lambdapi-mode-20211008.1231.tar containing:
  lambdapi-mode-20211008.1231/
  lambdapi-mode-20211008.1231/lambdapi-abbrev.el
  lambdapi-mode-20211008.1231/lambdapi-capf.el
  lambdapi-mode-20211008.1231/lambdapi-input.el
  lambdapi-mode-20211008.1231/lambdapi-layout.el
  lambdapi-mode-20211008.1231/lambdapi-mode-pkg.el
  lambdapi-mode-20211008.1231/lambdapi-mode.el
  lambdapi-mode-20211008.1231/lambdapi-proofs.el
  lambdapi-mode-20211008.1231/lambdapi-smie.el
  lambdapi-mode-20211008.1231/lambdapi-vars.el
Built lambdapi-mode in 5.881s, finished at 2021-10-22T15:49:57+0000
 ✓ Success:
4.0K -rw-r--r-- 1 root root  404 Oct 22 15:49 packages/lambdapi-mode-20211008.1231.entry
 60K -rw-r--r-- 1 root root  60K Oct 22 15:49 packages/lambdapi-mode-20211008.1231.tar
4.0K -rw-r--r-- 1 root root 1.2K Oct 22 15:49 packages/lambdapi-mode-badge.svg
4.0K -rw-r--r-- 1 root root  150 Oct 22 15:49 packages/lambdapi-mode-readme.txt
