Package: latex-preview-pane
Fetcher: github
Source:  https://github.com/jsinglet/latex-preview-pane.git

Updating /mnt/store/melpa/working/latex-preview-pane/
Checking out origin/HEAD
Checking out 5297668a89996b50b2b62f99cba01cc544dbed2e
Copying files (->) and directories (=>)
  from /mnt/store/melpa/working/latex-preview-pane/
  to /tmp/latex-preview-paneXmTHHT/latex-preview-pane-20181008.1822
    latex-preview-pane-pkg.el -> latex-preview-pane-pkg.el
    latex-preview-pane.el -> latex-preview-pane.el
    message-latex-preview-pane-welcome.txt -> message-latex-preview-pane-welcome.txt
    message-no-preview-yet.txt -> message-no-preview-yet.txt
Created latex-preview-pane-20181008.1822.tar containing:
  latex-preview-pane-20181008.1822/
  latex-preview-pane-20181008.1822/latex-preview-pane-pkg.el
  latex-preview-pane-20181008.1822/latex-preview-pane.el
  latex-preview-pane-20181008.1822/message-latex-preview-pane-welcome.txt
  latex-preview-pane-20181008.1822/message-no-preview-yet.txt
Built latex-preview-pane in 5.333s, finished at 2021-10-22T15:50:09+0000
 ✓ Success:
4.0K -rw-r--r-- 1 root root  442 Oct 22 15:50 packages/latex-preview-pane-20181008.1822.entry
 32K -rw-r--r-- 1 root root  30K Oct 22 15:50 packages/latex-preview-pane-20181008.1822.tar
4.0K -rw-r--r-- 1 root root 1.2K Oct 22 15:50 packages/latex-preview-pane-badge.svg
4.0K -rw-r--r-- 1 root root  644 Oct 22 15:50 packages/latex-preview-pane-readme.txt
