Package: leaf
Fetcher: github
Source:  https://github.com/conao3/leaf.el.git

Updating /mnt/store/melpa/working/leaf/
Checking out origin/HEAD
Checking out 0ccc52bb85592d09499a09768a61ecfeccbfdf1e
Built leaf in 6.035s, finished at 2021-10-22T15:50:24+0000
 ✓ Success:
 56K -rw-r--r-- 1 root root  55K Oct 22 15:50 packages/leaf-20210611.1550.el
4.0K -rw-r--r-- 1 root root  383 Oct 22 15:50 packages/leaf-20210611.1550.entry
4.0K -rw-r--r-- 1 root root 1.2K Oct 22 15:50 packages/leaf-badge.svg
 40K -rw-r--r-- 1 root root  40K Oct 22 15:50 packages/leaf-convert-20210816.1103.el
4.0K -rw-r--r-- 1 root root  442 Oct 22 15:50 packages/leaf-convert-20210816.1103.entry
4.0K -rw-r--r-- 1 root root 1.2K Oct 22 15:50 packages/leaf-convert-badge.svg
4.0K -rw-r--r-- 1 root root  792 Oct 22 15:50 packages/leaf-convert-readme.txt
4.0K -rw-r--r-- 1 root root  302 Oct 22 15:50 packages/leaf-convert.log
4.0K -rw-r--r-- 1 root root  415 Oct 22 15:50 packages/leaf-defaults-20210301.118.entry
 20K -rw-r--r-- 1 root root  20K Oct 22 15:50 packages/leaf-defaults-20210301.118.tar
4.0K -rw-r--r-- 1 root root 1.2K Oct 22 15:50 packages/leaf-defaults-badge.svg
4.0K -rw-r--r-- 1 root root   33 Oct 22 15:50 packages/leaf-defaults-readme.txt
4.0K -rw-r--r-- 1 root root 1.1K Oct 22 15:50 packages/leaf-defaults.log
 32K -rw-r--r-- 1 root root  29K Oct 22 15:50 packages/leaf-keywords-20210816.1107.el
4.0K -rw-r--r-- 1 root root  414 Oct 22 11:55 packages/leaf-keywords-20210816.1107.entry
4.0K -rw-r--r-- 1 root root 1.2K Oct 22 11:55 packages/leaf-keywords-badge.svg
4.0K -rw-r--r-- 1 root root  204 Oct 22 11:55 packages/leaf-keywords-readme.txt
4.0K -rw-r--r-- 1 root root  224 Oct 22 15:50 packages/leaf-keywords.log
 20K -rw-r--r-- 1 root root  20K Oct 22 15:50 packages/leaf-manager-20200920.1643.el
4.0K -rw-r--r-- 1 root root  460 Oct 22 11:55 packages/leaf-manager-20200920.1643.entry
4.0K -rw-r--r-- 1 root root 1.2K Oct 22 11:55 packages/leaf-manager-badge.svg
4.0K -rw-r--r-- 1 root root   45 Oct 22 11:55 packages/leaf-manager-readme.txt
4.0K -rw-r--r-- 1 root root  221 Oct 22 15:50 packages/leaf-manager.log
4.0K -rw-r--r-- 1 root root  696 Oct 22 15:50 packages/leaf-readme.txt
 12K -rw-r--r-- 1 root root  11K Oct 22 11:55 packages/leaf-tree-20210503.531.el
4.0K -rw-r--r-- 1 root root  443 Oct 22 11:55 packages/leaf-tree-20210503.531.entry
4.0K -rw-r--r-- 1 root root 1.2K Oct 22 11:55 packages/leaf-tree-badge.svg
4.0K -rw-r--r-- 1 root root  112 Oct 22 11:55 packages/leaf-tree-readme.txt
4.0K -rw-r--r-- 1 root root  212 Oct 22 15:50 packages/leaf-tree.log
