Package: lentic
Fetcher: github
Source:  https://github.com/phillord/lentic.git

Updating /mnt/store/melpa/working/lentic/
Checking out origin/HEAD
Checking out 36861bdf9c1d88492648da553f66529e3a879880
Copying files (->) and directories (=>)
  from /mnt/store/melpa/working/lentic/
  to /tmp/lenticSHDrUw/lentic-20210727.1247
    lentic-asciidoc.el -> lentic-asciidoc.el
    lentic-chunk.el -> lentic-chunk.el
    lentic-cookie.el -> lentic-cookie.el
    lentic-dev.el -> lentic-dev.el
    lentic-doc.el -> lentic-doc.el
    lentic-latex-code.el -> lentic-latex-code.el
    lentic-markdown.el -> lentic-markdown.el
    lentic-mode.el -> lentic-mode.el
    lentic-org.el -> lentic-org.el
    lentic-ox.el -> lentic-ox.el
    lentic-rot13.el -> lentic-rot13.el
    lentic-script.el -> lentic-script.el
    lentic.el -> lentic.el
    lenticular.org -> lenticular.org
Created lentic-20210727.1247.tar containing:
  lentic-20210727.1247/
  lentic-20210727.1247/lentic-asciidoc.el
  lentic-20210727.1247/lentic-chunk.el
  lentic-20210727.1247/lentic-cookie.el
  lentic-20210727.1247/lentic-dev.el
  lentic-20210727.1247/lentic-doc.el
  lentic-20210727.1247/lentic-latex-code.el
  lentic-20210727.1247/lentic-markdown.el
  lentic-20210727.1247/lentic-mode.el
  lentic-20210727.1247/lentic-org.el
  lentic-20210727.1247/lentic-ox.el
  lentic-20210727.1247/lentic-pkg.el
  lentic-20210727.1247/lentic-rot13.el
  lentic-20210727.1247/lentic-script.el
  lentic-20210727.1247/lentic.el
  lentic-20210727.1247/lenticular.org
Built lentic in 5.991s, finished at 2021-10-22T15:50:38+0000
 ✓ Success:
4.0K -rw-r--r-- 1 root root  367 Oct 22 15:50 packages/lentic-20210727.1247.entry
160K -rw-r--r-- 1 root root 160K Oct 22 15:50 packages/lentic-20210727.1247.tar
4.0K -rw-r--r-- 1 root root 1.2K Oct 22 15:50 packages/lentic-badge.svg
4.0K -rw-r--r-- 1 root root 2.8K Oct 22 15:50 packages/lentic-readme.txt
4.0K -rw-r--r-- 1 root root 3.3K Oct 22 11:55 packages/lentic-server-20160717.2052.el
4.0K -rw-r--r-- 1 root root  335 Oct 22 11:55 packages/lentic-server-20160717.2052.entry
4.0K -rw-r--r-- 1 root root 1.2K Oct 22 11:55 packages/lentic-server-badge.svg
4.0K -rw-r--r-- 1 root root   41 Oct 22 11:55 packages/lentic-server-readme.txt
4.0K -rw-r--r-- 1 root root  169 Oct 22 15:50 packages/lentic-server.log
