Package: libbcel
Fetcher: github
Source:  https://github.com/DamienCassou/libbcel.git

Updating /mnt/store/melpa/working/libbcel/
Checking out origin/HEAD
Checking out df466d31544c53d8550f9c08e58b70adc559c48c
Copying files (->) and directories (=>)
  from /mnt/store/melpa/working/libbcel/
  to /tmp/libbcelmyGXck/libbcel-20191203.654
    libbcel-actions.el -> libbcel-actions.el
    libbcel-client.el -> libbcel-client.el
    libbcel-nav.el -> libbcel-nav.el
    libbcel-oauth.el -> libbcel-oauth.el
    libbcel-structs.el -> libbcel-structs.el
    libbcel-util.el -> libbcel-util.el
    libbcel.el -> libbcel.el
Created libbcel-20191203.654.tar containing:
  libbcel-20191203.654/
  libbcel-20191203.654/libbcel-actions.el
  libbcel-20191203.654/libbcel-client.el
  libbcel-20191203.654/libbcel-nav.el
  libbcel-20191203.654/libbcel-oauth.el
  libbcel-20191203.654/libbcel-pkg.el
  libbcel-20191203.654/libbcel-structs.el
  libbcel-20191203.654/libbcel-util.el
  libbcel-20191203.654/libbcel.el
Built libbcel in 5.219s, finished at 2021-10-22T15:50:49+0000
 ✓ Success:
4.0K -rw-r--r-- 1 root root  356 Oct 22 15:50 packages/libbcel-20191203.654.entry
 52K -rw-r--r-- 1 root root  50K Oct 22 15:50 packages/libbcel-20191203.654.tar
4.0K -rw-r--r-- 1 root root 1.2K Oct 22 15:50 packages/libbcel-badge.svg
4.0K -rw-r--r-- 1 root root  177 Oct 22 15:50 packages/libbcel-readme.txt
