Package: liberime
Fetcher: github
Source:  https://github.com/merrickluo/liberime.git

Updating /mnt/store/melpa/working/liberime/
Checking out origin/HEAD
Checking out 8291e22cd0990a99cb2f88ca67a9065a157f39af
Copying files (->) and directories (=>)
  from /mnt/store/melpa/working/liberime/
  to /tmp/liberime2HuQkC/liberime-20210906.626
    liberime.el -> liberime.el
    src => src
    emacs-module => emacs-module
    LICENSE -> LICENSE
    Makefile -> Makefile
    README.org -> README.org
Created liberime-20210906.626.tar containing:
  liberime-20210906.626/
  liberime-20210906.626/LICENSE
  liberime-20210906.626/Makefile
  liberime-20210906.626/README.org
  liberime-20210906.626/emacs-module/
  liberime-20210906.626/emacs-module/26/
  liberime-20210906.626/emacs-module/26/emacs-module.h
  liberime-20210906.626/emacs-module/27/
  liberime-20210906.626/emacs-module/27/emacs-module.h
  liberime-20210906.626/emacs-module/28/
  liberime-20210906.626/emacs-module/28/emacs-module.h
  liberime-20210906.626/liberime-pkg.el
  liberime-20210906.626/liberime.el
  liberime-20210906.626/src/
  liberime-20210906.626/src/init.c
  liberime-20210906.626/src/interface.c
  liberime-20210906.626/src/interface.h
  liberime-20210906.626/src/liberime-core.c
  liberime-20210906.626/src/liberime-core.h
Built liberime in 4.990s, finished at 2021-10-22T15:50:49+0000
 ✓ Success:
4.0K -rw-r--r-- 1 root root  325 Oct 22 15:50 packages/liberime-20210906.626.entry
160K -rw-r--r-- 1 root root 160K Oct 22 15:50 packages/liberime-20210906.626.tar
4.0K -rw-r--r-- 1 root root 1.2K Oct 22 15:50 packages/liberime-badge.svg
4.0K -rw-r--r-- 1 root root   59 Oct 22 15:50 packages/liberime-readme.txt
