Package: libmpdel
Fetcher: github
Source:  https://github.com/mpdel/libmpdel.git

Updating /mnt/store/melpa/working/libmpdel/
Checking out origin/HEAD
Checking out e4ae63dd002fe07835c3c8a35b20b6e8347f8e84
Copying files (->) and directories (=>)
  from /mnt/store/melpa/working/libmpdel/
  to /tmp/libmpdelwP2kfL/libmpdel-20210627.755
    libmpdel-directory.el -> libmpdel-directory.el
    libmpdel.el -> libmpdel.el
Created libmpdel-20210627.755.tar containing:
  libmpdel-20210627.755/
  libmpdel-20210627.755/libmpdel-directory.el
  libmpdel-20210627.755/libmpdel-pkg.el
  libmpdel-20210627.755/libmpdel.el
Built libmpdel in 5.414s, finished at 2021-10-22T15:50:57+0000
 ✓ Success:
4.0K -rw-r--r-- 1 root root  366 Oct 22 15:50 packages/libmpdel-20210627.755.entry
 60K -rw-r--r-- 1 root root  60K Oct 22 15:50 packages/libmpdel-20210627.755.tar
4.0K -rw-r--r-- 1 root root 1.2K Oct 22 15:50 packages/libmpdel-badge.svg
4.0K -rw-r--r-- 1 root root  251 Oct 22 15:50 packages/libmpdel-readme.txt
