Package: librera-sync
Fetcher: github
Source:  https://github.com/jumper047/librera-sync.git

Updating /mnt/store/melpa/working/librera-sync/
Checking out origin/HEAD
Checking out b6b97adc08c26b1595249e1c129793100f4ca26e
Copying files (->) and directories (=>)
  from /mnt/store/melpa/working/librera-sync/
  to /tmp/librera-syncHMxmqQ/librera-sync-20210827.2300
    librera-sync-doc-view.el -> librera-sync-doc-view.el
    librera-sync-pdf-view.el -> librera-sync-pdf-view.el
    librera-sync.el -> librera-sync.el
Created librera-sync-20210827.2300.tar containing:
  librera-sync-20210827.2300/
  librera-sync-20210827.2300/librera-sync-doc-view.el
  librera-sync-20210827.2300/librera-sync-pdf-view.el
  librera-sync-20210827.2300/librera-sync-pkg.el
  librera-sync-20210827.2300/librera-sync.el
Built librera-sync in 5.432s, finished at 2021-10-22T15:50:57+0000
 ✓ Success:
4.0K -rw-r--r-- 1 root root  429 Oct 22 15:50 packages/librera-sync-20210827.2300.entry
 32K -rw-r--r-- 1 root root  30K Oct 22 15:50 packages/librera-sync-20210827.2300.tar
4.0K -rw-r--r-- 1 root root 1.2K Oct 22 15:50 packages/librera-sync-badge.svg
4.0K -rw-r--r-- 1 root root  222 Oct 22 15:50 packages/librera-sync-readme.txt
