Package: linphone
Fetcher: github
Source:  https://github.com/zabbal/emacs-linphone.git

Updating /mnt/store/melpa/working/linphone/
Checking out origin/HEAD
Checking out 99af3db941b7f4e5272bb48bff96c1ce4ceac302
Copying files (->) and directories (=>)
  from /mnt/store/melpa/working/linphone/
  to /tmp/linphonesjdgfI/linphone-20130524.1109
    linphone-modeline.el -> linphone-modeline.el
    linphone.el -> linphone.el
Created linphone-20130524.1109.tar containing:
  linphone-20130524.1109/
  linphone-20130524.1109/linphone-modeline.el
  linphone-20130524.1109/linphone-pkg.el
  linphone-20130524.1109/linphone.el
Built linphone in 4.479s, finished at 2021-10-22T15:51:13+0000
 ✓ Success:
4.0K -rw-r--r-- 1 root root  349 Oct 22 15:51 packages/linphone-20130524.1109.entry
 20K -rw-r--r-- 1 root root  20K Oct 22 15:51 packages/linphone-20130524.1109.tar
4.0K -rw-r--r-- 1 root root 1.2K Oct 22 15:51 packages/linphone-badge.svg
4.0K -rw-r--r-- 1 root root   53 Oct 22 15:51 packages/linphone-readme.txt
