Package: lispy
Fetcher: github
Source:  https://github.com/abo-abo/lispy.git

Updating /mnt/store/melpa/working/lispy/
Checking out origin/HEAD
Checking out bf315768020f98f6139d5f722bd365f1ddd1fb52
Copying files (->) and directories (=>)
  from /mnt/store/melpa/working/lispy/
  to /tmp/lispyqJsf0e/lispy-20211020.907
    elpa.el -> elpa.el
    le-clojure.el -> le-clojure.el
    le-hy.el -> le-hy.el
    le-julia.el -> le-julia.el
    le-lisp.el -> le-lisp.el
    le-python.el -> le-python.el
    le-racket.el -> le-racket.el
    le-scheme.el -> le-scheme.el
    lispy-inline.el -> lispy-inline.el
    lispy-pkg.el -> lispy-pkg.el
    lispy-tags.el -> lispy-tags.el
    lispy.el -> lispy.el
    lispy-clojure.clj -> lispy-clojure.clj
    lispy-clojure.cljs -> lispy-clojure.cljs
    lispy-python.py -> lispy-python.py
Created lispy-20211020.907.tar containing:
  lispy-20211020.907/
  lispy-20211020.907/elpa.el
  lispy-20211020.907/le-clojure.el
  lispy-20211020.907/le-hy.el
  lispy-20211020.907/le-julia.el
  lispy-20211020.907/le-lisp.el
  lispy-20211020.907/le-python.el
  lispy-20211020.907/le-racket.el
  lispy-20211020.907/le-scheme.el
  lispy-20211020.907/lispy-clojure.clj
  lispy-20211020.907/lispy-clojure.cljs
  lispy-20211020.907/lispy-inline.el
  lispy-20211020.907/lispy-pkg.el
  lispy-20211020.907/lispy-python.py
  lispy-20211020.907/lispy-tags.el
  lispy-20211020.907/lispy.el
Built lispy in 5.484s, finished at 2021-10-22T15:51:22+0000
 ✓ Success:
4.0K -rw-r--r-- 1 root root  430 Oct 22 15:51 packages/lispy-20211020.907.entry
492K -rw-r--r-- 1 root root 490K Oct 22 15:51 packages/lispy-20211020.907.tar
4.0K -rw-r--r-- 1 root root 1.2K Oct 22 15:51 packages/lispy-badge.svg
8.0K -rw-r--r-- 1 root root 4.9K Oct 22 15:51 packages/lispy-readme.txt
