Package: lister
Fetcher: github
Source:  https://github.com/publicimageltd/lister.git

Updating /mnt/store/melpa/working/lister/
Checking out origin/HEAD
Checking out 6422e2c97ce426621cbeac5a5ed726e33236441d
Copying files (->) and directories (=>)
  from /mnt/store/melpa/working/lister/
  to /tmp/lister1CFc7p/lister-20211021.1715
    lister-mode.el -> lister-mode.el
    lister.el -> lister.el
Created lister-20211021.1715.tar containing:
  lister-20211021.1715/
  lister-20211021.1715/lister-mode.el
  lister-20211021.1715/lister-pkg.el
  lister-20211021.1715/lister.el
Built lister in 4.692s, finished at 2021-10-22T15:51:29+0000
 ✓ Success:
4.0K -rw-r--r-- 1 root root  323 Oct 22 15:51 packages/lister-20211021.1715.entry
 80K -rw-r--r-- 1 root root  80K Oct 22 15:51 packages/lister-20211021.1715.tar
4.0K -rw-r--r-- 1 root root 1.2K Oct 22 15:51 packages/lister-badge.svg
4.0K -rw-r--r-- 1 root root  162 Oct 22 15:51 packages/lister-readme.txt
