Package: livereload
Fetcher: github
Source:  https://github.com/joaotavora/emacs-livereload.git

Updating /mnt/store/melpa/working/livereload/
Checking out origin/HEAD
Checking out 1e501d7e46dbd476c2c7cc9d20b5ac9d41fb1955
Copying files (->) and directories (=>)
  from /mnt/store/melpa/working/livereload/
  to /tmp/livereloadZ27Dkg/livereload-20170629.650
    livereload.el -> livereload.el
    livereload.js -> livereload.js
Created livereload-20170629.650.tar containing:
  livereload-20170629.650/
  livereload-20170629.650/livereload-pkg.el
  livereload-20170629.650/livereload.el
  livereload-20170629.650/livereload.js
Built livereload in 5.604s, finished at 2021-10-22T15:51:40+0000
 ✓ Success:
4.0K -rw-r--r-- 1 root root  356 Oct 22 15:51 packages/livereload-20170629.650.entry
 80K -rw-r--r-- 1 root root  80K Oct 22 15:51 packages/livereload-20170629.650.tar
4.0K -rw-r--r-- 1 root root 1.2K Oct 22 15:51 packages/livereload-badge.svg
4.0K -rw-r--r-- 1 root root  112 Oct 22 15:51 packages/livereload-readme.txt
