Package: load-relative
Fetcher: github
Source:  https://github.com/rocky/emacs-load-relative.git

Updating /mnt/store/melpa/working/load-relative/
Checking out origin/HEAD
Checking out ff2a827144353d29d70392fd95c14c15df207011
Copying files (->) and directories (=>)
  from /mnt/store/melpa/working/load-relative/
  to /tmp/load-relativeT6RJ5R/load-relative-20201130.2202
    el-get-install.el -> el-get-install.el
    load-relative.el -> load-relative.el
Created load-relative-20201130.2202.tar containing:
  load-relative-20201130.2202/
  load-relative-20201130.2202/el-get-install.el
  load-relative-20201130.2202/load-relative-pkg.el
  load-relative-20201130.2202/load-relative.el
Built load-relative in 5.436s, finished at 2021-10-22T15:51:48+0000
 ✓ Success:
4.0K -rw-r--r-- 1 root root  364 Oct 22 15:51 packages/load-relative-20201130.2202.entry
 20K -rw-r--r-- 1 root root  20K Oct 22 15:51 packages/load-relative-20201130.2202.tar
4.0K -rw-r--r-- 1 root root 1.2K Oct 22 15:51 packages/load-relative-badge.svg
4.0K -rw-r--r-- 1 root root 2.8K Oct 22 15:51 packages/load-relative-readme.txt
