Package: loopy
Fetcher: github
Source:  https://github.com/okamsn/loopy.git

Updating /mnt/store/melpa/working/loopy/
Checking out origin/HEAD
Checking out 49efa7e59deaa2a0385e420b18df905a2328f9c4
Copying files (->) and directories (=>)
  from /mnt/store/melpa/working/loopy/
  to /tmp/loopyfJ7hRT/loopy-20211021.57
    loopy-commands.el -> loopy-commands.el
    loopy-iter.el -> loopy-iter.el
    loopy-misc.el -> loopy-misc.el
    loopy-pcase.el -> loopy-pcase.el
    loopy-seq.el -> loopy-seq.el
    loopy-vars.el -> loopy-vars.el
    loopy.el -> loopy.el
  ! doc/loopy.texi -> loopy.texi
Created /tmp/loopyfJ7hRT/loopy-20211021.57/loopy.info
Created loopy-20211021.57.tar containing:
  loopy-20211021.57/
  loopy-20211021.57/dir
  loopy-20211021.57/loopy-commands.el
  loopy-20211021.57/loopy-iter.el
  loopy-20211021.57/loopy-misc.el
  loopy-20211021.57/loopy-pcase.el
  loopy-20211021.57/loopy-pkg.el
  loopy-20211021.57/loopy-seq.el
  loopy-20211021.57/loopy-vars.el
  loopy-20211021.57/loopy.el
  loopy-20211021.57/loopy.info
Built loopy in 28.739s, finished at 2021-10-22T15:52:57+0000
 ✓ Success:
4.0K -rw-r--r-- 1 root root  302 Oct 22 15:52 packages/loopy-20211021.57.entry
452K -rw-r--r-- 1 root root 450K Oct 22 15:52 packages/loopy-20211021.57.tar
4.0K -rw-r--r-- 1 root root 1.2K Oct 22 15:52 packages/loopy-badge.svg
8.0K -rw-r--r-- 1 root root 5.9K Oct 22 15:52 packages/loopy-dash-20211020.157.el
4.0K -rw-r--r-- 1 root root  394 Oct 22 15:52 packages/loopy-dash-20211020.157.entry
4.0K -rw-r--r-- 1 root root 1.2K Oct 22 15:52 packages/loopy-dash-badge.svg
4.0K -rw-r--r-- 1 root root  829 Oct 22 15:52 packages/loopy-dash-readme.txt
4.0K -rw-r--r-- 1 root root  607 Oct 22 15:52 packages/loopy-dash.log
4.0K -rw-r--r-- 1 root root 3.4K Oct 22 15:52 packages/loopy-readme.txt
