Package: lpy
Fetcher: github
Source:  https://github.com/abo-abo/lpy.git

Updating /mnt/store/melpa/working/lpy/
Checking out origin/HEAD
Checking out 076ce9acb68f6ac1b39127b634a91ffd865d13d8
Copying files (->) and directories (=>)
  from /mnt/store/melpa/working/lpy/
  to /tmp/lpyWbENMf/lpy-20201027.1425
    lpy-soap.el -> lpy-soap.el
    lpy.el -> lpy.el
Created lpy-20201027.1425.tar containing:
  lpy-20201027.1425/
  lpy-20201027.1425/lpy-pkg.el
  lpy-20201027.1425/lpy-soap.el
  lpy-20201027.1425/lpy.el
Built lpy in 10.317s, finished at 2021-10-22T15:52:43+0000
 ✓ Success:
4.0K -rw-r--r-- 1 root root  385 Oct 22 15:52 packages/lpy-20201027.1425.entry
 60K -rw-r--r-- 1 root root  60K Oct 22 15:52 packages/lpy-20201027.1425.tar
4.0K -rw-r--r-- 1 root root 1.2K Oct 22 15:52 packages/lpy-badge.svg
4.0K -rw-r--r-- 1 root root 1.2K Oct 22 15:52 packages/lpy-readme.txt
