Package: lsp-java
Fetcher: github
Source:  https://github.com/emacs-lsp/lsp-java.git

Updating /mnt/store/melpa/working/lsp-java/
Checking out origin/HEAD
Checking out 2b789750b272c85e838b9fc4e3d4f1d2eff34b5b
Copying files (->) and directories (=>)
  from /mnt/store/melpa/working/lsp-java/
  to /tmp/lsp-javaqM0Ndg/lsp-java-20211017.1826
    dap-java.el -> dap-java.el
    lsp-java-boot.el -> lsp-java-boot.el
    lsp-java.el -> lsp-java.el
    lsp-jt.el -> lsp-jt.el
    icons => icons
Created lsp-java-20211017.1826.tar containing:
  lsp-java-20211017.1826/
  lsp-java-20211017.1826/dap-java.el
  lsp-java-20211017.1826/icons/
  lsp-java-20211017.1826/icons/vscode/
  lsp-java-20211017.1826/icons/vscode/class.png
  lsp-java-20211017.1826/icons/vscode/debug.png
  lsp-java-20211017.1826/icons/vscode/history.png
  lsp-java-20211017.1826/icons/vscode/method.png
  lsp-java-20211017.1826/icons/vscode/package.png
  lsp-java-20211017.1826/icons/vscode/pass.png
  lsp-java-20211017.1826/icons/vscode/placeholder.png
  lsp-java-20211017.1826/icons/vscode/refresh.png
  lsp-java-20211017.1826/icons/vscode/run.png
  lsp-java-20211017.1826/icons/vscode/running.png
  lsp-java-20211017.1826/icons/vscode/test-error.png
  lsp-java-20211017.1826/lsp-java-boot.el
  lsp-java-20211017.1826/lsp-java-pkg.el
  lsp-java-20211017.1826/lsp-java.el
  lsp-java-20211017.1826/lsp-jt.el
Built lsp-java in 5.477s, finished at 2021-10-22T15:52:57+0000
 ✓ Success:
4.0K -rw-r--r-- 1 root root  468 Oct 22 15:52 packages/lsp-java-20211017.1826.entry
180K -rw-r--r-- 1 root root 180K Oct 22 15:52 packages/lsp-java-20211017.1826.tar
4.0K -rw-r--r-- 1 root root 1.2K Oct 22 15:52 packages/lsp-java-badge.svg
4.0K -rw-r--r-- 1 root root   35 Oct 22 15:52 packages/lsp-java-readme.txt
