Package: lsp-metals
Fetcher: github
Source:  https://github.com/emacs-lsp/lsp-metals.git

Updating /mnt/store/melpa/working/lsp-metals/
Checking out origin/HEAD
Checking out 695291761b2a3db734c3f53bb7fc4acfe0a5eb94
Copying files (->) and directories (=>)
  from /mnt/store/melpa/working/lsp-metals/
  to /tmp/lsp-metals35k7VR/lsp-metals-20210914.1821
    lsp-metals-protocol.el -> lsp-metals-protocol.el
    lsp-metals-treeview.el -> lsp-metals-treeview.el
    lsp-metals.el -> lsp-metals.el
    icons => icons
Created lsp-metals-20210914.1821.tar containing:
  lsp-metals-20210914.1821/
  lsp-metals-20210914.1821/icons/
  lsp-metals-20210914.1821/icons/book-dark.png
  lsp-metals-20210914.1821/icons/book-light.png
  lsp-metals-20210914.1821/icons/bug-dark.png
  lsp-metals-20210914.1821/icons/bug-light.png
  lsp-metals-20210914.1821/icons/class.png
  lsp-metals-20210914.1821/icons/discord-dark.png
  lsp-metals-20210914.1821/icons/discord-light.png
  lsp-metals-20210914.1821/icons/enum.png
  lsp-metals-20210914.1821/icons/field.png
  lsp-metals-20210914.1821/icons/github-dark.png
  lsp-metals-20210914.1821/icons/github-light.png
  lsp-metals-20210914.1821/icons/gitter-dark.png
  lsp-metals-20210914.1821/icons/gitter-light.png
  lsp-metals-20210914.1821/icons/interface.png
  lsp-metals-20210914.1821/icons/issue-opened-dark.png
  lsp-metals-20210914.1821/icons/issue-opened-light.png
  lsp-metals-20210914.1821/icons/logo.png
  lsp-metals-20210914.1821/icons/method.png
  lsp-metals-20210914.1821/icons/object.png
  lsp-metals-20210914.1821/icons/trait.png
  lsp-metals-20210914.1821/icons/twitter-dark.png
  lsp-metals-20210914.1821/icons/twitter-light.png
  lsp-metals-20210914.1821/icons/val.png
  lsp-metals-20210914.1821/icons/var.png
  lsp-metals-20210914.1821/lsp-metals-pkg.el
  lsp-metals-20210914.1821/lsp-metals-protocol.el
  lsp-metals-20210914.1821/lsp-metals-treeview.el
  lsp-metals-20210914.1821/lsp-metals.el
Built lsp-metals in 6.151s, finished at 2021-10-22T15:53:03+0000
 ✓ Success:
4.0K -rw-r--r-- 1 root root  701 Oct 22 15:53 packages/lsp-metals-20210914.1821.entry
112K -rw-r--r-- 1 root root 110K Oct 22 15:53 packages/lsp-metals-20210914.1821.tar
4.0K -rw-r--r-- 1 root root 1.2K Oct 22 15:53 packages/lsp-metals-badge.svg
4.0K -rw-r--r-- 1 root root   18 Oct 22 15:53 packages/lsp-metals-readme.txt
