Package: lsp-dart
Fetcher: github
Source:  https://github.com/emacs-lsp/lsp-dart.git

Updating /mnt/store/melpa/working/lsp-dart/
Checking out origin/HEAD
Checking out e2f4ee0d3a88956afdd8515a055678b06f947bf0
Copying files (->) and directories (=>)
  from /mnt/store/melpa/working/lsp-dart/
  to /tmp/lsp-dartgWZhfk/lsp-dart-20211009.2036
    lsp-dart-closing-labels.el -> lsp-dart-closing-labels.el
    lsp-dart-code-lens.el -> lsp-dart-code-lens.el
    lsp-dart-commands.el -> lsp-dart-commands.el
    lsp-dart-dap.el -> lsp-dart-dap.el
    lsp-dart-devtools.el -> lsp-dart-devtools.el
    lsp-dart-flutter-colors.el -> lsp-dart-flutter-colors.el
    lsp-dart-flutter-daemon.el -> lsp-dart-flutter-daemon.el
    lsp-dart-flutter-fringe-colors.el -> lsp-dart-flutter-fringe-colors.el
    lsp-dart-flutter-widget-guide.el -> lsp-dart-flutter-widget-guide.el
    lsp-dart-outline.el -> lsp-dart-outline.el
    lsp-dart-protocol.el -> lsp-dart-protocol.el
    lsp-dart-test-output.el -> lsp-dart-test-output.el
    lsp-dart-test-support.el -> lsp-dart-test-support.el
    lsp-dart-test-tree.el -> lsp-dart-test-tree.el
    lsp-dart-utils.el -> lsp-dart-utils.el
    lsp-dart.el -> lsp-dart.el
Created lsp-dart-20211009.2036.tar containing:
  lsp-dart-20211009.2036/
  lsp-dart-20211009.2036/lsp-dart-closing-labels.el
  lsp-dart-20211009.2036/lsp-dart-code-lens.el
  lsp-dart-20211009.2036/lsp-dart-commands.el
  lsp-dart-20211009.2036/lsp-dart-dap.el
  lsp-dart-20211009.2036/lsp-dart-devtools.el
  lsp-dart-20211009.2036/lsp-dart-flutter-colors.el
  lsp-dart-20211009.2036/lsp-dart-flutter-daemon.el
  lsp-dart-20211009.2036/lsp-dart-flutter-fringe-colors.el
  lsp-dart-20211009.2036/lsp-dart-flutter-widget-guide.el
  lsp-dart-20211009.2036/lsp-dart-outline.el
  lsp-dart-20211009.2036/lsp-dart-pkg.el
  lsp-dart-20211009.2036/lsp-dart-protocol.el
  lsp-dart-20211009.2036/lsp-dart-test-output.el
  lsp-dart-20211009.2036/lsp-dart-test-support.el
  lsp-dart-20211009.2036/lsp-dart-test-tree.el
  lsp-dart-20211009.2036/lsp-dart-utils.el
  lsp-dart-20211009.2036/lsp-dart.el
Built lsp-dart in 11.241s, finished at 2021-10-22T15:52:46+0000
 ✓ Success:
4.0K -rw-r--r-- 1 root root  421 Oct 22 15:52 packages/lsp-dart-20211009.2036.entry
160K -rw-r--r-- 1 root root 160K Oct 22 15:52 packages/lsp-dart-20211009.2036.tar
4.0K -rw-r--r-- 1 root root 1.2K Oct 22 15:52 packages/lsp-dart-badge.svg
4.0K -rw-r--r-- 1 root root   41 Oct 22 15:52 packages/lsp-dart-readme.txt
