Package: lsp-julia
Fetcher: github
Source:  https://github.com/non-Jedi/lsp-julia.git

Updating /mnt/store/melpa/working/lsp-julia/
Checking out origin/HEAD
Checking out 809da95c05fe668acbae5a35e03082d9b9577728
Copying files (->) and directories (=>)
  from /mnt/store/melpa/working/lsp-julia/
  to /tmp/lsp-julia4MUqug/lsp-julia-20210530.2152
    lsp-julia.el -> lsp-julia.el
    languageserver => languageserver
Created lsp-julia-20210530.2152.tar containing:
  lsp-julia-20210530.2152/
  lsp-julia-20210530.2152/languageserver/
  lsp-julia-20210530.2152/languageserver/Project.toml
  lsp-julia-20210530.2152/lsp-julia-pkg.el
  lsp-julia-20210530.2152/lsp-julia.el
Built lsp-julia in 5.042s, finished at 2021-10-22T15:53:00+0000
 ✓ Success:
4.0K -rw-r--r-- 1 root root  569 Oct 22 15:53 packages/lsp-julia-20210530.2152.entry
 20K -rw-r--r-- 1 root root  20K Oct 22 15:53 packages/lsp-julia-20210530.2152.tar
4.0K -rw-r--r-- 1 root root 1.2K Oct 22 15:53 packages/lsp-julia-badge.svg
4.0K -rw-r--r-- 1 root root  274 Oct 22 15:53 packages/lsp-julia-readme.txt
