Package: lyrics-fetcher
Fetcher: github
Source:  https://github.com/SqrtMinusOne/lyrics-fetcher.el.git

Updating /mnt/store/melpa/working/lyrics-fetcher/
Checking out origin/HEAD
Checking out f0212bea838f0c284ea97e051c9c6c63f1b527ff
Copying files (->) and directories (=>)
  from /mnt/store/melpa/working/lyrics-fetcher/
  to /tmp/lyrics-fetcherVFZal4/lyrics-fetcher-20210828.813
    lyrics-fetcher-genius.el -> lyrics-fetcher-genius.el
    lyrics-fetcher.el -> lyrics-fetcher.el
Created lyrics-fetcher-20210828.813.tar containing:
  lyrics-fetcher-20210828.813/
  lyrics-fetcher-20210828.813/lyrics-fetcher-genius.el
  lyrics-fetcher-20210828.813/lyrics-fetcher-pkg.el
  lyrics-fetcher-20210828.813/lyrics-fetcher.el
Built lyrics-fetcher in 5.153s, finished at 2021-10-22T15:53:30+0000
 ✓ Success:
4.0K -rw-r--r-- 1 root root  421 Oct 22 15:53 packages/lyrics-fetcher-20210828.813.entry
 40K -rw-r--r-- 1 root root  40K Oct 22 15:53 packages/lyrics-fetcher-20210828.813.tar
4.0K -rw-r--r-- 1 root root 1.2K Oct 22 15:53 packages/lyrics-fetcher-badge.svg
4.0K -rw-r--r-- 1 root root  579 Oct 22 15:53 packages/lyrics-fetcher-readme.txt
