Package: maces-game
Fetcher: github
Source:  https://github.com/pawelbx/maces-game.git

Updating /mnt/store/melpa/working/maces-game/
Checking out origin/HEAD
Checking out c0fb795f5642467ea528d2f04d904547e8a77ecd
Copying files (->) and directories (=>)
  from /mnt/store/melpa/working/maces-game/
  to /tmp/maces-gameYCmvpf/maces-game-20170903.1551
    maces-game.el -> maces-game.el
    words.txt -> words.txt
Created maces-game-20170903.1551.tar containing:
  maces-game-20170903.1551/
  maces-game-20170903.1551/maces-game-pkg.el
  maces-game-20170903.1551/maces-game.el
  maces-game-20170903.1551/words.txt
Built maces-game in 5.424s, finished at 2021-10-22T15:53:33+0000
 ✓ Success:
4.0K -rw-r--r-- 1 root root  462 Oct 22 15:53 packages/maces-game-20170903.1551.entry
800K -rw-r--r-- 1 root root 800K Oct 22 15:53 packages/maces-game-20170903.1551.tar
4.0K -rw-r--r-- 1 root root 1.2K Oct 22 15:53 packages/maces-game-badge.svg
4.0K -rw-r--r-- 1 root root  322 Oct 22 15:53 packages/maces-game-readme.txt
