Package: magit-libgit
Fetcher: github
Source:  https://github.com/magit/magit.git

Updating /mnt/store/melpa/working/magit-libgit/
Checking out origin/HEAD
Checking out aba0a596115b42fbd60347d893bcc319020ce5a2
Copying files (->) and directories (=>)
  from /mnt/store/melpa/working/magit-libgit/
  to /tmp/magit-libgitNgpgh9/magit-libgit-20211004.1956
  ! lisp/magit-libgit.el -> magit-libgit.el
  ! lisp/magit-libgit-pkg.el -> magit-libgit-pkg.el
Created magit-libgit-20211004.1956.tar containing:
  magit-libgit-20211004.1956/
  magit-libgit-20211004.1956/magit-libgit-pkg.el
  magit-libgit-20211004.1956/magit-libgit.el
Built magit-libgit in 5.617s, finished at 2021-10-22T15:53:56+0000
 ✓ Success:
4.0K -rw-r--r-- 1 root root  382 Oct 22 15:53 packages/magit-libgit-20211004.1956.entry
 12K -rw-r--r-- 1 root root  10K Oct 22 15:53 packages/magit-libgit-20211004.1956.tar
4.0K -rw-r--r-- 1 root root 1.2K Oct 22 15:53 packages/magit-libgit-badge.svg
4.0K -rw-r--r-- 1 root root  493 Oct 22 15:53 packages/magit-libgit-readme.txt
