Package: magit
Fetcher: github
Source:  https://github.com/magit/magit.git

Updating /mnt/store/melpa/working/magit/
Checking out origin/HEAD
Checking out aba0a596115b42fbd60347d893bcc319020ce5a2
Copying files (->) and directories (=>)
  from /mnt/store/melpa/working/magit/
  to /tmp/magitwhDKIC/magit-20211019.1404
  ! lisp/magit-apply.el -> magit-apply.el
  ! lisp/magit-autorevert.el -> magit-autorevert.el
  ! lisp/magit-bisect.el -> magit-bisect.el
  ! lisp/magit-blame.el -> magit-blame.el
  ! lisp/magit-bookmark.el -> magit-bookmark.el
  ! lisp/magit-branch.el -> magit-branch.el
  ! lisp/magit-bundle.el -> magit-bundle.el
  ! lisp/magit-clone.el -> magit-clone.el
  ! lisp/magit-commit.el -> magit-commit.el
  ! lisp/magit-core.el -> magit-core.el
  ! lisp/magit-diff.el -> magit-diff.el
  ! lisp/magit-ediff.el -> magit-ediff.el
  ! lisp/magit-extras.el -> magit-extras.el
  ! lisp/magit-fetch.el -> magit-fetch.el
  ! lisp/magit-files.el -> magit-files.el
  ! lisp/magit-git.el -> magit-git.el
  ! lisp/magit-gitignore.el -> magit-gitignore.el
  ! lisp/magit-imenu.el -> magit-imenu.el
  ! lisp/magit-log.el -> magit-log.el
  ! lisp/magit-margin.el -> magit-margin.el
  ! lisp/magit-merge.el -> magit-merge.el
  ! lisp/magit-mode.el -> magit-mode.el
  ! lisp/magit-notes.el -> magit-notes.el
  ! lisp/magit-obsolete.el -> magit-obsolete.el
  ! lisp/magit-patch.el -> magit-patch.el
  ! lisp/magit-pkg.el -> magit-pkg.el
  ! lisp/magit-process.el -> magit-process.el
  ! lisp/magit-pull.el -> magit-pull.el
  ! lisp/magit-push.el -> magit-push.el
  ! lisp/magit-reflog.el -> magit-reflog.el
  ! lisp/magit-refs.el -> magit-refs.el
  ! lisp/magit-remote.el -> magit-remote.el
  ! lisp/magit-repos.el -> magit-repos.el
  ! lisp/magit-reset.el -> magit-reset.el
  ! lisp/magit-sequence.el -> magit-sequence.el
  ! lisp/magit-stash.el -> magit-stash.el
  ! lisp/magit-status.el -> magit-status.el
  ! lisp/magit-submodule.el -> magit-submodule.el
  ! lisp/magit-subtree.el -> magit-subtree.el
  ! lisp/magit-tag.el -> magit-tag.el
  ! lisp/magit-transient.el -> magit-transient.el
  ! lisp/magit-utils.el -> magit-utils.el
  ! lisp/magit-wip.el -> magit-wip.el
  ! lisp/magit-worktree.el -> magit-worktree.el
  ! lisp/magit.el -> magit.el
  ! lisp/git-rebase.el -> git-rebase.el
  ! Documentation/magit.texi -> magit.texi
  ! Documentation/AUTHORS.md -> AUTHORS.md
    LICENSE -> LICENSE
Created /tmp/magitwhDKIC/magit-20211019.1404/magit.info
Created magit-20211019.1404.tar containing:
  magit-20211019.1404/
  magit-20211019.1404/AUTHORS.md
  magit-20211019.1404/LICENSE
  magit-20211019.1404/dir
  magit-20211019.1404/git-rebase.el
  magit-20211019.1404/magit-apply.el
  magit-20211019.1404/magit-autorevert.el
  magit-20211019.1404/magit-bisect.el
  magit-20211019.1404/magit-blame.el
  magit-20211019.1404/magit-bookmark.el
  magit-20211019.1404/magit-branch.el
  magit-20211019.1404/magit-bundle.el
  magit-20211019.1404/magit-clone.el
  magit-20211019.1404/magit-commit.el
  magit-20211019.1404/magit-core.el
  magit-20211019.1404/magit-diff.el
  magit-20211019.1404/magit-ediff.el
  magit-20211019.1404/magit-extras.el
  magit-20211019.1404/magit-fetch.el
  magit-20211019.1404/magit-files.el
  magit-20211019.1404/magit-git.el
  magit-20211019.1404/magit-gitignore.el
  magit-20211019.1404/magit-imenu.el
  magit-20211019.1404/magit-log.el
  magit-20211019.1404/magit-margin.el
  magit-20211019.1404/magit-merge.el
  magit-20211019.1404/magit-mode.el
  magit-20211019.1404/magit-notes.el
  magit-20211019.1404/magit-obsolete.el
  magit-20211019.1404/magit-patch.el
  magit-20211019.1404/magit-pkg.el
  magit-20211019.1404/magit-process.el
  magit-20211019.1404/magit-pull.el
  magit-20211019.1404/magit-push.el
  magit-20211019.1404/magit-reflog.el
  magit-20211019.1404/magit-refs.el
  magit-20211019.1404/magit-remote.el
  magit-20211019.1404/magit-repos.el
  magit-20211019.1404/magit-reset.el
  magit-20211019.1404/magit-sequence.el
  magit-20211019.1404/magit-stash.el
  magit-20211019.1404/magit-status.el
  magit-20211019.1404/magit-submodule.el
  magit-20211019.1404/magit-subtree.el
  magit-20211019.1404/magit-tag.el
  magit-20211019.1404/magit-transient.el
  magit-20211019.1404/magit-utils.el
  magit-20211019.1404/magit-wip.el
  magit-20211019.1404/magit-worktree.el
  magit-20211019.1404/magit.el
  magit-20211019.1404/magit.info
  magit-20211019.1404/magit.info-1
  magit-20211019.1404/magit.info-2
Built magit in 47.154s, finished at 2021-10-22T15:54:23+0000
 ✓ Success:
4.0K -rw-r--r-- 1 root root  533 Oct 22 15:54 packages/magit-20211019.1404.entry
1.7M -rw-r--r-- 1 root root 1.7M Oct 22 15:54 packages/magit-20211019.1404.tar
 32K -rw-r--r-- 1 root root  29K Oct 22 15:53 packages/magit-annex-20211004.2314.el
4.0K -rw-r--r-- 1 root root  444 Oct 22 15:53 packages/magit-annex-20211004.2314.entry
4.0K -rw-r--r-- 1 root root 1.2K Oct 22 15:53 packages/magit-annex-badge.svg
4.0K -rw-r--r-- 1 root root 1.6K Oct 22 15:53 packages/magit-annex-readme.txt
4.0K -rw-r--r-- 1 root root  620 Oct 22 15:53 packages/magit-annex.log
4.0K -rw-r--r-- 1 root root 1.2K Oct 22 15:54 packages/magit-badge.svg
 12K -rw-r--r-- 1 root root  11K Oct 22 15:53 packages/magit-circleci-20191209.2113.el
4.0K -rw-r--r-- 1 root root  457 Oct 22 15:53 packages/magit-circleci-20191209.2113.entry
4.0K -rw-r--r-- 1 root root 1.2K Oct 22 15:53 packages/magit-circleci-badge.svg
4.0K -rw-r--r-- 1 root root   96 Oct 22 15:53 packages/magit-circleci-readme.txt
4.0K -rw-r--r-- 1 root root  648 Oct 22 15:53 packages/magit-circleci.log
8.0K -rw-r--r-- 1 root root 5.2K Oct 22 15:53 packages/magit-delta-20210104.1541.el
4.0K -rw-r--r-- 1 root root  432 Oct 22 15:53 packages/magit-delta-20210104.1541.entry
4.0K -rw-r--r-- 1 root root 1.2K Oct 22 15:53 packages/magit-delta-badge.svg
4.0K -rw-r--r-- 1 root root  271 Oct 22 15:53 packages/magit-delta-readme.txt
4.0K -rw-r--r-- 1 root root  625 Oct 22 15:53 packages/magit-delta.log
 12K -rw-r--r-- 1 root root  12K Oct 22 15:53 packages/magit-diff-flycheck-20190524.551.el
4.0K -rw-r--r-- 1 root root  489 Oct 22 15:53 packages/magit-diff-flycheck-20190524.551.entry
4.0K -rw-r--r-- 1 root root 1.2K Oct 22 15:53 packages/magit-diff-flycheck-badge.svg
4.0K -rw-r--r-- 1 root root  272 Oct 22 15:53 packages/magit-diff-flycheck-readme.txt
4.0K -rw-r--r-- 1 root root  683 Oct 22 15:53 packages/magit-diff-flycheck.log
 12K -rw-r--r-- 1 root root  12K Oct 22 15:53 packages/magit-filenotify-20151116.2340.el
4.0K -rw-r--r-- 1 root root  391 Oct 22 15:53 packages/magit-filenotify-20151116.2340.entry
4.0K -rw-r--r-- 1 root root 1.2K Oct 22 15:53 packages/magit-filenotify-badge.svg
4.0K -rw-r--r-- 1 root root  295 Oct 22 15:53 packages/magit-filenotify-readme.txt
4.0K -rw-r--r-- 1 root root  663 Oct 22 15:53 packages/magit-filenotify.log
4.0K -rw-r--r-- 1 root root 2.9K Oct 22 15:53 packages/magit-find-file-20150702.830.el
4.0K -rw-r--r-- 1 root root  424 Oct 22 15:53 packages/magit-find-file-20150702.830.entry
4.0K -rw-r--r-- 1 root root 1.2K Oct 22 15:53 packages/magit-find-file-badge.svg
4.0K -rw-r--r-- 1 root root  572 Oct 22 15:53 packages/magit-find-file-readme.txt
4.0K -rw-r--r-- 1 root root  658 Oct 22 15:53 packages/magit-find-file.log
 24K -rw-r--r-- 1 root root  21K Oct 22 15:53 packages/magit-gerrit-20210831.1453.el
4.0K -rw-r--r-- 1 root root  413 Oct 22 15:53 packages/magit-gerrit-20210831.1453.entry
4.0K -rw-r--r-- 1 root root 1.2K Oct 22 15:53 packages/magit-gerrit-badge.svg
4.0K -rw-r--r-- 1 root root  353 Oct 22 15:53 packages/magit-gerrit-readme.txt
4.0K -rw-r--r-- 1 root root  637 Oct 22 15:53 packages/magit-gerrit.log
 28K -rw-r--r-- 1 root root  27K Oct 22 15:53 packages/magit-gh-pulls-20191230.1944.el
4.0K -rw-r--r-- 1 root root  481 Oct 22 15:53 packages/magit-gh-pulls-20191230.1944.entry
4.0K -rw-r--r-- 1 root root 1.2K Oct 22 15:53 packages/magit-gh-pulls-badge.svg
4.0K -rw-r--r-- 1 root root 1.2K Oct 22 15:53 packages/magit-gh-pulls-readme.txt
4.0K -rw-r--r-- 1 root root  644 Oct 22 15:53 packages/magit-gh-pulls.log
 24K -rw-r--r-- 1 root root  21K Oct 22 15:53 packages/magit-gitflow-20170929.824.el
4.0K -rw-r--r-- 1 root root  395 Oct 22 15:53 packages/magit-gitflow-20170929.824.entry
4.0K -rw-r--r-- 1 root root 1.2K Oct 22 15:53 packages/magit-gitflow-badge.svg
4.0K -rw-r--r-- 1 root root  163 Oct 22 15:53 packages/magit-gitflow-readme.txt
4.0K -rw-r--r-- 1 root root  637 Oct 22 15:53 packages/magit-gitflow.log
 16K -rw-r--r-- 1 root root  16K Oct 22 15:53 packages/magit-imerge-20211004.2311.el
4.0K -rw-r--r-- 1 root root  382 Oct 22 15:53 packages/magit-imerge-20211004.2311.entry
4.0K -rw-r--r-- 1 root root 1.2K Oct 22 15:53 packages/magit-imerge-badge.svg
4.0K -rw-r--r-- 1 root root 1.3K Oct 22 15:53 packages/magit-imerge-readme.txt
4.0K -rw-r--r-- 1 root root  628 Oct 22 15:53 packages/magit-imerge.log
 16K -rw-r--r-- 1 root root  16K Oct 22 15:53 packages/magit-lfs-20210918.2000.el
4.0K -rw-r--r-- 1 root root  463 Oct 22 15:53 packages/magit-lfs-20210918.2000.entry
4.0K -rw-r--r-- 1 root root 1.2K Oct 22 15:53 packages/magit-lfs-badge.svg
4.0K -rw-r--r-- 1 root root  626 Oct 22 15:53 packages/magit-lfs-readme.txt
4.0K -rw-r--r-- 1 root root  605 Oct 22 15:53 packages/magit-lfs.log
4.0K -rw-r--r-- 1 root root  382 Oct 22 15:53 packages/magit-libgit-20211004.1956.entry
 12K -rw-r--r-- 1 root root  10K Oct 22 15:53 packages/magit-libgit-20211004.1956.tar
4.0K -rw-r--r-- 1 root root 1.2K Oct 22 15:53 packages/magit-libgit-badge.svg
4.0K -rw-r--r-- 1 root root  493 Oct 22 15:53 packages/magit-libgit-readme.txt
4.0K -rw-r--r-- 1 root root 1.1K Oct 22 15:53 packages/magit-libgit.log
4.0K -rw-r--r-- 1 root root 3.1K Oct 22 15:53 packages/magit-org-todos-20180709.1950.el
4.0K -rw-r--r-- 1 root root  385 Oct 22 15:53 packages/magit-org-todos-20180709.1950.entry
4.0K -rw-r--r-- 1 root root 1.2K Oct 22 15:53 packages/magit-org-todos-badge.svg
4.0K -rw-r--r-- 1 root root   97 Oct 22 15:53 packages/magit-org-todos-readme.txt
4.0K -rw-r--r-- 1 root root  658 Oct 22 15:53 packages/magit-org-todos.log
 12K -rw-r--r-- 1 root root 9.3K Feb 24  2021 packages/magit-p4-20170414.1246.el
4.0K -rw-r--r-- 1 root root  451 Feb 24  2021 packages/magit-p4-20170414.1246.entry
4.0K -rw-r--r-- 1 root root 1.2K Feb 24  2021 packages/magit-p4-badge.svg
4.0K -rw-r--r-- 1 root root   77 Feb 24  2021 packages/magit-p4-readme.txt
4.0K -rw-r--r-- 1 root root  241 Oct 22 15:53 packages/magit-p4.log
 32K -rw-r--r-- 1 root root  29K Oct 22 15:53 packages/magit-patch-changelog-20210910.1333.el
4.0K -rw-r--r-- 1 root root  329 Oct 22 15:53 packages/magit-patch-changelog-20210910.1333.entry
4.0K -rw-r--r-- 1 root root 1.2K Oct 22 15:53 packages/magit-patch-changelog-badge.svg
4.0K -rw-r--r-- 1 root root   55 Oct 22 15:53 packages/magit-patch-changelog-readme.txt
4.0K -rw-r--r-- 1 root root  702 Oct 22 15:53 packages/magit-patch-changelog.log
4.0K -rw-r--r-- 1 root root  421 Oct 22 15:54 packages/magit-popup-20200719.1015.entry
 92K -rw-r--r-- 1 root root  90K Oct 22 15:54 packages/magit-popup-20200719.1015.tar
4.0K -rw-r--r-- 1 root root 1.2K Oct 22 15:54 packages/magit-popup-badge.svg
4.0K -rw-r--r-- 1 root root  343 Oct 22 15:54 packages/magit-popup-readme.txt
4.0K -rw-r--r-- 1 root root 1.2K Oct 22 15:54 packages/magit-popup.log
4.0K -rw-r--r-- 1 root root 2.0K Oct 22 15:54 packages/magit-rbr-20181009.2016.el
4.0K -rw-r--r-- 1 root root  455 Oct 22 15:54 packages/magit-rbr-20181009.2016.entry
4.0K -rw-r--r-- 1 root root 1.2K Oct 22 15:54 packages/magit-rbr-badge.svg
4.0K -rw-r--r-- 1 root root  319 Oct 22 15:54 packages/magit-rbr-readme.txt
4.0K -rw-r--r-- 1 root root  607 Oct 22 15:54 packages/magit-rbr.log
4.0K -rw-r--r-- 1 root root  581 Oct 22 15:54 packages/magit-readme.txt
 24K -rw-r--r-- 1 root root  23K Oct 22 15:54 packages/magit-reviewboard-20200727.1748.el
4.0K -rw-r--r-- 1 root root  513 Oct 22 15:54 packages/magit-reviewboard-20200727.1748.entry
4.0K -rw-r--r-- 1 root root 1.2K Oct 22 15:54 packages/magit-reviewboard-badge.svg
4.0K -rw-r--r-- 1 root root   81 Oct 22 15:54 packages/magit-reviewboard-readme.txt
4.0K -rw-r--r-- 1 root root  672 Oct 22 15:54 packages/magit-reviewboard.log
4.0K -rw-r--r-- 1 root root  373 Oct 22 15:54 packages/magit-section-20211019.2114.entry
100K -rw-r--r-- 1 root root 100K Oct 22 15:54 packages/magit-section-20211019.2114.tar
4.0K -rw-r--r-- 1 root root 1.2K Oct 22 15:54 packages/magit-section-badge.svg
4.0K -rw-r--r-- 1 root root  255 Oct 22 15:54 packages/magit-section-readme.txt
4.0K -rw-r--r-- 1 root root 1.3K Oct 22 15:54 packages/magit-section.log
 28K -rw-r--r-- 1 root root  28K Dec 24  2020 packages/magit-stgit-20190313.1158.el
4.0K -rw-r--r-- 1 root root  131 Dec 23  2020 packages/magit-stgit-20190313.1158.entry
4.0K -rw-r--r-- 1 root root 1.2K Dec 23  2020 packages/magit-stgit-badge.svg
4.0K -rw-r--r-- 1 root root 1.1K Dec 23  2020 packages/magit-stgit-readme.txt
4.0K -rw-r--r-- 1 root root  250 Oct 22 15:54 packages/magit-stgit.log
 16K -rw-r--r-- 1 root root  13K Oct 22 15:54 packages/magit-svn-20210426.2114.el
4.0K -rw-r--r-- 1 root root  395 Oct 22 15:54 packages/magit-svn-20210426.2114.entry
4.0K -rw-r--r-- 1 root root 1.2K Oct 22 15:54 packages/magit-svn-badge.svg
4.0K -rw-r--r-- 1 root root 1.1K Oct 22 15:54 packages/magit-svn-readme.txt
4.0K -rw-r--r-- 1 root root  613 Oct 22 15:54 packages/magit-svn.log
 16K -rw-r--r-- 1 root root  14K Oct 22 15:54 packages/magit-tbdiff-20210525.2329.el
4.0K -rw-r--r-- 1 root root  383 Oct 22 15:54 packages/magit-tbdiff-20210525.2329.entry
4.0K -rw-r--r-- 1 root root 1.2K Oct 22 15:54 packages/magit-tbdiff-badge.svg
4.0K -rw-r--r-- 1 root root 1.6K Oct 22 15:54 packages/magit-tbdiff-readme.txt
4.0K -rw-r--r-- 1 root root  628 Oct 22 15:54 packages/magit-tbdiff.log
 72K -rw-r--r-- 1 root root  69K Oct 22 15:54 packages/magit-todos-20210811.459.el
4.0K -rw-r--r-- 1 root root  597 Oct 22 15:54 packages/magit-todos-20210811.459.entry
4.0K -rw-r--r-- 1 root root 1.2K Oct 22 15:54 packages/magit-todos-badge.svg
4.0K -rw-r--r-- 1 root root  224 Oct 22 15:54 packages/magit-todos-readme.txt
4.0K -rw-r--r-- 1 root root  622 Oct 22 15:54 packages/magit-todos.log
 12K -rw-r--r-- 1 root root 9.3K Oct 22 15:54 packages/magit-topgit-20160313.1954.el
4.0K -rw-r--r-- 1 root root  341 Oct 22 15:54 packages/magit-topgit-20160313.1954.entry
4.0K -rw-r--r-- 1 root root 1.2K Oct 22 15:54 packages/magit-topgit-badge.svg
4.0K -rw-r--r-- 1 root root 1.1K Oct 22 15:54 packages/magit-topgit-readme.txt
4.0K -rw-r--r-- 1 root root  630 Oct 22 15:54 packages/magit-topgit.log
4.0K -rw-r--r-- 1 root root 3.1K Oct 22 15:54 packages/magit-vcsh-20190817.2014.el
4.0K -rw-r--r-- 1 root root  460 Oct 22 15:54 packages/magit-vcsh-20190817.2014.entry
4.0K -rw-r--r-- 1 root root 1.2K Oct 22 15:54 packages/magit-vcsh-badge.svg
4.0K -rw-r--r-- 1 root root  468 Oct 22 15:54 packages/magit-vcsh-readme.txt
4.0K -rw-r--r-- 1 root root  617 Oct 22 15:54 packages/magit-vcsh.log
