Package: magit-section
Fetcher: github
Source:  https://github.com/magit/magit.git

Updating /mnt/store/melpa/working/magit-section/
Checking out origin/HEAD
Checking out aba0a596115b42fbd60347d893bcc319020ce5a2
Copying files (->) and directories (=>)
  from /mnt/store/melpa/working/magit-section/
  to /tmp/magit-sectionwGDcMY/magit-section-20211019.2114
  ! lisp/magit-section.el -> magit-section.el
  ! lisp/magit-section-pkg.el -> magit-section-pkg.el
  ! Documentation/magit-section.texi -> magit-section.texi
Created /tmp/magit-sectionwGDcMY/magit-section-20211019.2114/magit-section.info
Created magit-section-20211019.2114.tar containing:
  magit-section-20211019.2114/
  magit-section-20211019.2114/dir
  magit-section-20211019.2114/magit-section-pkg.el
  magit-section-20211019.2114/magit-section.el
  magit-section-20211019.2114/magit-section.info
Built magit-section in 11.044s, finished at 2021-10-22T15:54:10+0000
 ✓ Success:
4.0K -rw-r--r-- 1 root root  373 Oct 22 15:54 packages/magit-section-20211019.2114.entry
100K -rw-r--r-- 1 root root 100K Oct 22 15:54 packages/magit-section-20211019.2114.tar
4.0K -rw-r--r-- 1 root root 1.2K Oct 22 15:54 packages/magit-section-badge.svg
4.0K -rw-r--r-- 1 root root  255 Oct 22 15:54 packages/magit-section-readme.txt
