Package: magma-mode
Fetcher: github
Source:  https://github.com/ThibautVerron/magma-mode.git

Updating /mnt/store/melpa/working/magma-mode/
Checking out origin/HEAD
Checking out dd784445bc8cddf4a3ebe0f60009bed1f722f597
Copying files (->) and directories (=>)
  from /mnt/store/melpa/working/magma-mode/
  to /tmp/magma-modeYRG1PK/magma-mode-20211018.917
    magma-completion.el -> magma-completion.el
    magma-extra.el -> magma-extra.el
    magma-font-lock.el -> magma-font-lock.el
    magma-interactive.el -> magma-interactive.el
    magma-mode.el -> magma-mode.el
    magma-q.el -> magma-q.el
    magma-scan.el -> magma-scan.el
    magma-smie.el -> magma-smie.el
    magma-snippets.el -> magma-snippets.el
    magma-vars.el -> magma-vars.el
    snippets => snippets
    data/magma_symbols.txt -> data/magma_symbols.txt
    bin/build_completion_table.sh -> bin/build_completion_table.sh
Created magma-mode-20211018.917.tar containing:
  magma-mode-20211018.917/
  magma-mode-20211018.917/bin/
  magma-mode-20211018.917/bin/build_completion_table.sh
  magma-mode-20211018.917/data/
  magma-mode-20211018.917/data/magma_symbols.txt
  magma-mode-20211018.917/magma-completion.el
  magma-mode-20211018.917/magma-extra.el
  magma-mode-20211018.917/magma-font-lock.el
  magma-mode-20211018.917/magma-interactive.el
  magma-mode-20211018.917/magma-mode-pkg.el
  magma-mode-20211018.917/magma-mode.el
  magma-mode-20211018.917/magma-q.el
  magma-mode-20211018.917/magma-scan.el
  magma-mode-20211018.917/magma-smie.el
  magma-mode-20211018.917/magma-snippets.el
  magma-mode-20211018.917/magma-vars.el
  magma-mode-20211018.917/snippets/
  magma-mode-20211018.917/snippets/magma-mode/
  magma-mode-20211018.917/snippets/magma-mode/for.yasnippet
  magma-mode-20211018.917/snippets/magma-mode/function.yasnippet
  magma-mode-20211018.917/snippets/magma-mode/if.yasnippet
  magma-mode-20211018.917/snippets/magma-mode/load.yasnippet
  magma-mode-20211018.917/snippets/magma-mode/proc.yasnippet
  magma-mode-20211018.917/snippets/magma-mode/try.yasnippet
  magma-mode-20211018.917/snippets/magma-mode/while.yasnippet
Built magma-mode in 5.936s, finished at 2021-10-22T15:54:16+0000
 ✓ Success:
4.0K -rw-r--r-- 1 root root  328 Oct 22 15:54 packages/magma-mode-20211018.917.entry
240K -rw-r--r-- 1 root root 240K Oct 22 15:54 packages/magma-mode-20211018.917.tar
4.0K -rw-r--r-- 1 root root 1.2K Oct 22 15:54 packages/magma-mode-badge.svg
4.0K -rw-r--r-- 1 root root 1.2K Oct 22 15:54 packages/magma-mode-readme.txt
