Package: magnatune
Fetcher: github
Source:  https://github.com/eikek/magnatune.el.git

Updating /mnt/store/melpa/working/magnatune/
Checking out origin/HEAD
Checking out 605b01505ba30589c77ebb4c96834b5072ccbdd4
Copying files (->) and directories (=>)
  from /mnt/store/melpa/working/magnatune/
  to /tmp/magnatunerYEKtd/magnatune-20151030.1935
    magnatune-helm.el -> magnatune-helm.el
    magnatune.el -> magnatune.el
Created magnatune-20151030.1935.tar containing:
  magnatune-20151030.1935/
  magnatune-20151030.1935/magnatune-helm.el
  magnatune-20151030.1935/magnatune-pkg.el
  magnatune-20151030.1935/magnatune.el
Built magnatune in 5.766s, finished at 2021-10-22T15:54:16+0000
 ✓ Success:
4.0K -rw-r--r-- 1 root root  196 Oct 22 15:54 packages/magnatune-20151030.1935.entry
 80K -rw-r--r-- 1 root root  80K Oct 22 15:54 packages/magnatune-20151030.1935.tar
4.0K -rw-r--r-- 1 root root 1.2K Oct 22 15:54 packages/magnatune-badge.svg
4.0K -rw-r--r-- 1 root root  503 Oct 22 15:54 packages/magnatune-readme.txt
