Package: majapahit-theme
Fetcher: gitlab
Source:  https://gitlab.com/franksn/majapahit-theme.git

Updating /mnt/store/melpa/working/majapahit-theme/
Checking out origin/HEAD
Checking out 77c96df7619666b2102d90d452eeadf04adc89a6
Copying files (->) and directories (=>)
  from /mnt/store/melpa/working/majapahit-theme/
  to /tmp/majapahit-themejNC4Tq/majapahit-theme-20160817.1848
    majapahit-common.el -> majapahit-common.el
    majapahit-dark-theme.el -> majapahit-dark-theme.el
    majapahit-light-theme.el -> majapahit-light-theme.el
    majapahit-theme-pkg.el -> majapahit-theme-pkg.el
Created majapahit-theme-20160817.1848.tar containing:
  majapahit-theme-20160817.1848/
  majapahit-theme-20160817.1848/majapahit-common.el
  majapahit-theme-20160817.1848/majapahit-dark-theme.el
  majapahit-theme-20160817.1848/majapahit-light-theme.el
  majapahit-theme-20160817.1848/majapahit-theme-pkg.el
Built majapahit-theme in 5.619s, finished at 2021-10-22T15:54:20+0000
 ✓ Success:
4.0K -rw-r--r-- 1 root root  159 Oct 22 15:54 packages/majapahit-theme-20160817.1848.entry
132K -rw-r--r-- 1 root root 130K Oct 22 15:54 packages/majapahit-theme-20160817.1848.tar
4.0K -rw-r--r-- 1 root root 1.2K Oct 22 15:54 packages/majapahit-theme-badge.svg
