Package: mallard-mode
Fetcher: github
Source:  https://github.com/jhradilek/emacs-mallard-mode.git

Updating /mnt/store/melpa/working/mallard-mode/
Checking out origin/HEAD
Checking out c48170c1ace4959abcc5fb1df0d4cb149cff44c1
Copying files (->) and directories (=>)
  from /mnt/store/melpa/working/mallard-mode/
  to /tmp/mallard-modeEcSvNS/mallard-mode-20131204.425
    mallard-mode.el -> mallard-mode.el
    schema => schema
Created mallard-mode-20131204.425.tar containing:
  mallard-mode-20131204.425/
  mallard-mode-20131204.425/mallard-mode-pkg.el
  mallard-mode-20131204.425/mallard-mode.el
  mallard-mode-20131204.425/schema/
  mallard-mode-20131204.425/schema/mallard-1.0.rnc
  mallard-mode-20131204.425/schema/schemas.xml
Built mallard-mode in 4.897s, finished at 2021-10-22T15:54:29+0000
 ✓ Success:
4.0K -rw-r--r-- 1 root root  372 Oct 22 15:54 packages/mallard-mode-20131204.425.entry
 40K -rw-r--r-- 1 root root  40K Oct 22 15:54 packages/mallard-mode-20131204.425.tar
4.0K -rw-r--r-- 1 root root 1.2K Oct 22 15:54 packages/mallard-mode-badge.svg
4.0K -rw-r--r-- 1 root root   40 Oct 22 15:54 packages/mallard-mode-readme.txt
