Package: marginalia
Fetcher: github
Source:  https://github.com/minad/marginalia.git

Updating /mnt/store/melpa/working/marginalia/
Copying files (->) and directories (=>)
  from /mnt/store/melpa/working/marginalia/
  to /tmp/marginaliaTmoguZ/marginalia-20210327.1832
    marginalia.el -> marginalia.el
    marginalia.texi -> marginalia.texi
Created /tmp/marginaliaTmoguZ/marginalia-20210327.1832/marginalia.info
Created marginalia-20210327.1832.tar containing:
  marginalia-20210327.1832/
  marginalia-20210327.1832/dir
  marginalia-20210327.1832/marginalia-pkg.el
  marginalia-20210327.1832/marginalia.el
  marginalia-20210327.1832/marginalia.info
Built marginalia in 6.618s, finished at Sun Apr  4 16:52:36 2021
 ✓ Success:
4.0K -rw-r--r-- 1 root root  382 Apr  4 16:52 packages/marginalia-20210327.1832.entry
 52K -rw-r--r-- 1 root root  50K Apr  4 16:52 packages/marginalia-20210327.1832.tar
4.0K -rw-r--r-- 1 root root 1.2K Apr  4 16:52 packages/marginalia-badge.svg
4.0K -rw-r--r-- 1 root root   53 Apr  4 16:52 packages/marginalia-readme.txt
