Package: mark-multiple
Fetcher: github
Source:  https://github.com/magnars/mark-multiple.el.git

Updating /mnt/store/melpa/working/mark-multiple/
Checking out origin/HEAD
Checking out f6a53c7c5283d640ae718f4548b0fda78877a375
Copying files (->) and directories (=>)
  from /mnt/store/melpa/working/mark-multiple/
  to /tmp/mark-multipleh1jNkh/mark-multiple-20121118.1554
    inline-string-rectangle.el -> inline-string-rectangle.el
    mark-more-like-this.el -> mark-more-like-this.el
    mark-multiple-pkg.el -> mark-multiple-pkg.el
    mark-multiple.el -> mark-multiple.el
    mm-pabbrev-integration.el -> mm-pabbrev-integration.el
    rename-sgml-tag.el -> rename-sgml-tag.el
Created mark-multiple-20121118.1554.tar containing:
  mark-multiple-20121118.1554/
  mark-multiple-20121118.1554/inline-string-rectangle.el
  mark-multiple-20121118.1554/mark-more-like-this.el
  mark-multiple-20121118.1554/mark-multiple-pkg.el
  mark-multiple-20121118.1554/mark-multiple.el
  mark-multiple-20121118.1554/mm-pabbrev-integration.el
  mark-multiple-20121118.1554/rename-sgml-tag.el
Built mark-multiple in 5.557s, finished at 2021-10-22T15:54:42+0000
 ✓ Success:
4.0K -rw-r--r-- 1 root root  306 Oct 22 15:54 packages/mark-multiple-20121118.1554.entry
 32K -rw-r--r-- 1 root root  30K Oct 22 15:54 packages/mark-multiple-20121118.1554.tar
4.0K -rw-r--r-- 1 root root 1.2K Oct 22 15:54 packages/mark-multiple-badge.svg
4.0K -rw-r--r-- 1 root root 3.5K Oct 22 15:54 packages/mark-multiple-readme.txt
