Package: markdown-preview-mode
Fetcher: github
Source:  https://github.com/ancane/markdown-preview-mode.git

Updating /mnt/store/melpa/working/markdown-preview-mode/
Checking out origin/HEAD
Checking out dde87b96de9e81dd01d174da67ef68687b3a5eb5
Copying files (->) and directories (=>)
  from /mnt/store/melpa/working/markdown-preview-mode/
  to /tmp/markdown-preview-modeXVClaP/markdown-preview-mode-20210516.936
    markdown-preview-mode.el -> markdown-preview-mode.el
    preview.html -> preview.html
    favicon.ico -> favicon.ico
Created markdown-preview-mode-20210516.936.tar containing:
  markdown-preview-mode-20210516.936/
  markdown-preview-mode-20210516.936/favicon.ico
  markdown-preview-mode-20210516.936/markdown-preview-mode-pkg.el
  markdown-preview-mode-20210516.936/markdown-preview-mode.el
  markdown-preview-mode-20210516.936/preview.html
Built markdown-preview-mode in 5.101s, finished at 2021-10-22T15:54:47+0000
 ✓ Success:
4.0K -rw-r--r-- 1 root root  526 Oct 22 15:54 packages/markdown-preview-mode-20210516.936.entry
 40K -rw-r--r-- 1 root root  40K Oct 22 15:54 packages/markdown-preview-mode-20210516.936.tar
4.0K -rw-r--r-- 1 root root 1.2K Oct 22 15:54 packages/markdown-preview-mode-badge.svg
4.0K -rw-r--r-- 1 root root  129 Oct 22 15:54 packages/markdown-preview-mode-readme.txt
