Package: markdown-toc
Fetcher: github
Source:  https://github.com/ardumont/markdown-toc.git

Updating /mnt/store/melpa/working/markdown-toc/
Checking out origin/HEAD
Checking out 3d724e518a897343b5ede0b976d6fb46c46bcc01
Copying files (->) and directories (=>)
  from /mnt/store/melpa/working/markdown-toc/
  to /tmp/markdown-tocKDDJq4/markdown-toc-20210905.738
    markdown-toc-pkg.el -> markdown-toc-pkg.el
    markdown-toc.el -> markdown-toc.el
Created markdown-toc-20210905.738.tar containing:
  markdown-toc-20210905.738/
  markdown-toc-20210905.738/markdown-toc-pkg.el
  markdown-toc-20210905.738/markdown-toc.el
Built markdown-toc in 5.231s, finished at 2021-10-22T15:54:49+0000
 ✓ Success:
4.0K -rw-r--r-- 1 root root  436 Oct 22 15:54 packages/markdown-toc-20210905.738.entry
 20K -rw-r--r-- 1 root root  20K Oct 22 15:54 packages/markdown-toc-20210905.738.tar
4.0K -rw-r--r-- 1 root root 1.2K Oct 22 15:54 packages/markdown-toc-badge.svg
4.0K -rw-r--r-- 1 root root  904 Oct 22 15:54 packages/markdown-toc-readme.txt
