Package: material-theme
Fetcher: github
Source:  https://github.com/cpaulik/emacs-material-theme.git

Updating /mnt/store/melpa/working/material-theme/
Checking out origin/HEAD
Checking out 6823009bc92f82aa3a90e27e1009f7da8e87b648
Copying files (->) and directories (=>)
  from /mnt/store/melpa/working/material-theme/
  to /tmp/material-themeGftVJf/material-theme-20210904.1226
    material-light-theme.el -> material-light-theme.el
    material-theme.el -> material-theme.el
Created material-theme-20210904.1226.tar containing:
  material-theme-20210904.1226/
  material-theme-20210904.1226/material-light-theme.el
  material-theme-20210904.1226/material-theme-pkg.el
  material-theme-20210904.1226/material-theme.el
Built material-theme in 5.125s, finished at 2021-10-22T15:55:00+0000
 ✓ Success:
4.0K -rw-r--r-- 1 root root  400 Oct 22 15:55 packages/material-theme-20210904.1226.entry
112K -rw-r--r-- 1 root root 110K Oct 22 15:55 packages/material-theme-20210904.1226.tar
4.0K -rw-r--r-- 1 root root 1.2K Oct 22 15:55 packages/material-theme-badge.svg
4.0K -rw-r--r-- 1 root root  116 Oct 22 15:55 packages/material-theme-readme.txt
