Package: math-symbols
Fetcher: github
Source:  https://github.com/kawabata/math-symbols.git

Updating /mnt/store/melpa/working/math-symbols/
Checking out origin/HEAD
Checking out 091b81cb40ceaff97614999ffe85b572ace182f0
Copying files (->) and directories (=>)
  from /mnt/store/melpa/working/math-symbols/
  to /tmp/math-symbolsabPJDh/math-symbols-20201005.2313
    math-symbols.el -> math-symbols.el
    unimathsymbols.txt -> unimathsymbols.txt
Created math-symbols-20201005.2313.tar containing:
  math-symbols-20201005.2313/
  math-symbols-20201005.2313/math-symbols-pkg.el
  math-symbols-20201005.2313/math-symbols.el
  math-symbols-20201005.2313/unimathsymbols.txt
Built math-symbols in 5.284s, finished at 2021-10-22T15:55:02+0000
 ✓ Success:
4.0K -rw-r--r-- 1 root root  399 Oct 22 15:55 packages/math-symbols-20201005.2313.entry
260K -rw-r--r-- 1 root root 260K Oct 22 15:55 packages/math-symbols-20201005.2313.tar
4.0K -rw-r--r-- 1 root root 1.2K Oct 22 15:55 packages/math-symbols-badge.svg
4.0K -rw-r--r-- 1 root root 2.6K Oct 22 15:55 packages/math-symbols-readme.txt
