Package: matlab-mode
Fetcher: git
Source:  https://git.code.sf.net/p/matlab-emacs/src

Updating /mnt/store/melpa/working/matlab-mode/
Checking out origin/HEAD
Checking out c25894b91225ccdf0044f04020adf97cb41e73e4
Copying files (->) and directories (=>)
  from /mnt/store/melpa/working/matlab-mode/
  to /tmp/matlab-mode31qtzA/matlab-mode-20210726.858
    cedet-matlab.el -> cedet-matlab.el
    company-matlab-shell.el -> company-matlab-shell.el
    linemark.el -> linemark.el
    matlab-cgen.el -> matlab-cgen.el
    matlab-compat.el -> matlab-compat.el
    matlab-complete.el -> matlab-complete.el
    matlab-maint.el -> matlab-maint.el
    matlab-mode-pkg.el -> matlab-mode-pkg.el
    matlab-netshell.el -> matlab-netshell.el
    matlab-publish.el -> matlab-publish.el
    matlab-scan.el -> matlab-scan.el
    matlab-shell-gud.el -> matlab-shell-gud.el
    matlab-shell.el -> matlab-shell.el
    matlab-syntax.el -> matlab-syntax.el
    matlab-topic.el -> matlab-topic.el
    matlab.el -> matlab.el
    mlint.el -> mlint.el
    semantic-matlab.el -> semantic-matlab.el
    semanticdb-matlab.el -> semanticdb-matlab.el
    srecode-matlab.el -> srecode-matlab.el
    tlc.el -> tlc.el
    dl_emacs_support.m -> dl_emacs_support.m
    toolbox/dbhotlink.m -> toolbox/dbhotlink.m
    toolbox/ebclear.m -> toolbox/ebclear.m
    toolbox/ebstack.m -> toolbox/ebstack.m
    toolbox/ebstatus.m -> toolbox/ebstatus.m
    toolbox/ebstop.m -> toolbox/ebstop.m
    toolbox/emacscd.m -> toolbox/emacscd.m
    toolbox/emacsdocomplete.m -> toolbox/emacsdocomplete.m
    toolbox/emacsinit.m -> toolbox/emacsinit.m
    toolbox/emacsnetshell.m -> toolbox/emacsnetshell.m
    toolbox/emacsrun.m -> toolbox/emacsrun.m
    toolbox/emacsrunregion.m -> toolbox/emacsrunregion.m
    toolbox/emacstipstring.m -> toolbox/emacstipstring.m
    toolbox/help.m -> toolbox/help.m
    toolbox/opentoline.m -> toolbox/opentoline.m
    toolbox/+emacs/set.m -> toolbox/+emacs/set.m
    toolbox/+emacs/@Breakpoints/Breakpoints.m -> toolbox/+emacs/@Breakpoints/Breakpoints.m
    toolbox/+emacs/@EmacsServer/EmacsServer.m -> toolbox/+emacs/@EmacsServer/EmacsServer.m
    toolbox/+emacs/@Stack/Stack.m -> toolbox/+emacs/@Stack/Stack.m
    templates/srecode-matlab.srt -> templates/srecode-matlab.srt
Created matlab-mode-20210726.858.tar containing:
  matlab-mode-20210726.858/
  matlab-mode-20210726.858/cedet-matlab.el
  matlab-mode-20210726.858/company-matlab-shell.el
  matlab-mode-20210726.858/dl_emacs_support.m
  matlab-mode-20210726.858/linemark.el
  matlab-mode-20210726.858/matlab-cgen.el
  matlab-mode-20210726.858/matlab-compat.el
  matlab-mode-20210726.858/matlab-complete.el
  matlab-mode-20210726.858/matlab-maint.el
  matlab-mode-20210726.858/matlab-mode-pkg.el
  matlab-mode-20210726.858/matlab-netshell.el
  matlab-mode-20210726.858/matlab-publish.el
  matlab-mode-20210726.858/matlab-scan.el
  matlab-mode-20210726.858/matlab-shell-gud.el
  matlab-mode-20210726.858/matlab-shell.el
  matlab-mode-20210726.858/matlab-syntax.el
  matlab-mode-20210726.858/matlab-topic.el
  matlab-mode-20210726.858/matlab.el
  matlab-mode-20210726.858/mlint.el
  matlab-mode-20210726.858/semantic-matlab.el
  matlab-mode-20210726.858/semanticdb-matlab.el
  matlab-mode-20210726.858/srecode-matlab.el
  matlab-mode-20210726.858/templates/
  matlab-mode-20210726.858/templates/srecode-matlab.srt
  matlab-mode-20210726.858/tlc.el
  matlab-mode-20210726.858/toolbox/
  matlab-mode-20210726.858/toolbox/+emacs/
  matlab-mode-20210726.858/toolbox/+emacs/@Breakpoints/
  matlab-mode-20210726.858/toolbox/+emacs/@Breakpoints/Breakpoints.m
  matlab-mode-20210726.858/toolbox/+emacs/@EmacsServer/
  matlab-mode-20210726.858/toolbox/+emacs/@EmacsServer/EmacsServer.m
  matlab-mode-20210726.858/toolbox/+emacs/@Stack/
  matlab-mode-20210726.858/toolbox/+emacs/@Stack/Stack.m
  matlab-mode-20210726.858/toolbox/+emacs/set.m
  matlab-mode-20210726.858/toolbox/dbhotlink.m
  matlab-mode-20210726.858/toolbox/ebclear.m
  matlab-mode-20210726.858/toolbox/ebstack.m
  matlab-mode-20210726.858/toolbox/ebstatus.m
  matlab-mode-20210726.858/toolbox/ebstop.m
  matlab-mode-20210726.858/toolbox/emacscd.m
  matlab-mode-20210726.858/toolbox/emacsdocomplete.m
  matlab-mode-20210726.858/toolbox/emacsinit.m
  matlab-mode-20210726.858/toolbox/emacsnetshell.m
  matlab-mode-20210726.858/toolbox/emacsrun.m
  matlab-mode-20210726.858/toolbox/emacsrunregion.m
  matlab-mode-20210726.858/toolbox/emacstipstring.m
  matlab-mode-20210726.858/toolbox/help.m
  matlab-mode-20210726.858/toolbox/opentoline.m
Built matlab-mode in 5.244s, finished at 2021-10-22T15:55:03+0000
 ✓ Success:
4.0K -rw-r--r-- 1 root root  157 Oct 22 15:55 packages/matlab-mode-20210726.858.entry
592K -rw-r--r-- 1 root root 590K Oct 22 15:55 packages/matlab-mode-20210726.858.tar
4.0K -rw-r--r-- 1 root root 1.2K Oct 22 15:55 packages/matlab-mode-badge.svg
