Package: maxima
Fetcher: gitlab
Source:  https://gitlab.com/sasanidas/maxima.git

Updating /mnt/store/melpa/working/maxima/
Checking out origin/HEAD
Checking out ce5fd160c193e387d9e2bacdba4065c4b4262cb1
Copying files (->) and directories (=>)
  from /mnt/store/melpa/working/maxima/
  to /tmp/maximaR2i5Qr/maxima-20210526.1525
    maxima.el -> maxima.el
    maxima-font-lock.el -> maxima-font-lock.el
    keywords/constants -> keywords/constants
    keywords/functions -> keywords/functions
    keywords/global -> keywords/global
    keywords/graphic -> keywords/graphic
    keywords/object -> keywords/object
    keywords/operators -> keywords/operators
    keywords/options -> keywords/options
    keywords/plot -> keywords/plot
    keywords/properties -> keywords/properties
    keywords/scene -> keywords/scene
    keywords/special -> keywords/special
    keywords/system_variables -> keywords/system_variables
Created maxima-20210526.1525.tar containing:
  maxima-20210526.1525/
  maxima-20210526.1525/keywords/
  maxima-20210526.1525/keywords/constants
  maxima-20210526.1525/keywords/functions
  maxima-20210526.1525/keywords/global
  maxima-20210526.1525/keywords/graphic
  maxima-20210526.1525/keywords/object
  maxima-20210526.1525/keywords/operators
  maxima-20210526.1525/keywords/options
  maxima-20210526.1525/keywords/plot
  maxima-20210526.1525/keywords/properties
  maxima-20210526.1525/keywords/scene
  maxima-20210526.1525/keywords/special
  maxima-20210526.1525/keywords/system_variables
  maxima-20210526.1525/maxima-font-lock.el
  maxima-20210526.1525/maxima-pkg.el
  maxima-20210526.1525/maxima.el
Built maxima in 5.982s, finished at 2021-10-22T15:55:09+0000
 ✓ Success:
4.0K -rw-r--r-- 1 root root  416 Oct 22 15:55 packages/maxima-20210526.1525.entry
192K -rw-r--r-- 1 root root 190K Oct 22 15:55 packages/maxima-20210526.1525.tar
4.0K -rw-r--r-- 1 root root 1.2K Oct 22 15:55 packages/maxima-badge.svg
4.0K -rw-r--r-- 1 root root 1.1K Oct 22 15:55 packages/maxima-readme.txt
