Package: mb-url
Fetcher: github
Source:  https://github.com/dochang/mb-url.git

Updating /mnt/store/melpa/working/mb-url/
Checking out origin/HEAD
Checking out f6b608db585231eee231d5473edcf4183bb678fe
Copying files (->) and directories (=>)
  from /mnt/store/melpa/working/mb-url/
  to /tmp/mb-urlb7VVzh/mb-url-20211013.611
    mb-url-http.el -> mb-url-http.el
    mb-url.el -> mb-url.el
Created mb-url-20211013.611.tar containing:
  mb-url-20211013.611/
  mb-url-20211013.611/mb-url-http.el
  mb-url-20211013.611/mb-url-pkg.el
  mb-url-20211013.611/mb-url.el
Built mb-url in 5.423s, finished at 2021-10-22T15:55:10+0000
 ✓ Success:
4.0K -rw-r--r-- 1 root root  370 Oct 22 15:55 packages/mb-url-20211013.611.entry
 32K -rw-r--r-- 1 root root  30K Oct 22 15:55 packages/mb-url-20211013.611.tar
4.0K -rw-r--r-- 1 root root 1.2K Oct 22 15:55 packages/mb-url-badge.svg
4.0K -rw-r--r-- 1 root root 3.8K Oct 22 15:55 packages/mb-url-readme.txt
