Package: md-readme
Fetcher: github
Source:  https://github.com/thomas11/md-readme.git

Updating /mnt/store/melpa/working/md-readme/
Checking out origin/HEAD
Checking out ca99f44de11fab18d1f50d4b1722f2ceee3c814d
Copying files (->) and directories (=>)
  from /mnt/store/melpa/working/md-readme/
  to /tmp/md-readmeZ6YUBy/md-readme-20191112.1943
    md-readme.el -> md-readme.el
    bin => bin
Created md-readme-20191112.1943.tar containing:
  md-readme-20191112.1943/
  md-readme-20191112.1943/bin/
  md-readme-20191112.1943/bin/md-readme
  md-readme-20191112.1943/md-readme-pkg.el
  md-readme-20191112.1943/md-readme.el
Built md-readme in 4.846s, finished at 2021-10-22T15:55:16+0000
 ✓ Success:
4.0K -rw-r--r-- 1 root root  433 Oct 22 15:55 packages/md-readme-20191112.1943.entry
 20K -rw-r--r-- 1 root root  20K Oct 22 15:55 packages/md-readme-20191112.1943.tar
4.0K -rw-r--r-- 1 root root 1.2K Oct 22 15:55 packages/md-readme-badge.svg
4.0K -rw-r--r-- 1 root root 1.8K Oct 22 15:55 packages/md-readme-readme.txt
