Package: mentor
Fetcher: github
Source:  https://github.com/skangas/mentor.git

Updating /mnt/store/melpa/working/mentor/
Checking out origin/HEAD
Checking out aa1eb8a8e7d8c5e5564b08f82130eed0943826bb
Copying files (->) and directories (=>)
  from /mnt/store/melpa/working/mentor/
  to /tmp/mentorSLaWHJ/mentor-20201121.1649
    mentor-data.el -> mentor-data.el
    mentor-files.el -> mentor-files.el
    mentor-rpc.el -> mentor-rpc.el
    mentor.el -> mentor.el
    url-scgi.el -> url-scgi.el
Created mentor-20201121.1649.tar containing:
  mentor-20201121.1649/
  mentor-20201121.1649/mentor-data.el
  mentor-20201121.1649/mentor-files.el
  mentor-20201121.1649/mentor-pkg.el
  mentor-20201121.1649/mentor-rpc.el
  mentor-20201121.1649/mentor.el
  mentor-20201121.1649/url-scgi.el
Built mentor in 5.114s, finished at 2021-10-22T15:55:26+0000
 ✓ Success:
4.0K -rw-r--r-- 1 root root  403 Oct 22 15:55 packages/mentor-20201121.1649.entry
112K -rw-r--r-- 1 root root 110K Oct 22 15:55 packages/mentor-20201121.1649.tar
4.0K -rw-r--r-- 1 root root 1.2K Oct 22 15:55 packages/mentor-badge.svg
4.0K -rw-r--r-- 1 root root  659 Oct 22 15:55 packages/mentor-readme.txt
