Package: meow
Fetcher: github
Source:  https://github.com/meow-edit/meow.git

Updating /mnt/store/melpa/working/meow/
Checking out origin/HEAD
Checking out 1ce70538841b8d754e0c96479b8b6105f2ab09e7
Copying files (->) and directories (=>)
  from /mnt/store/melpa/working/meow/
  to /tmp/meowNZGHKc/meow-20211021.540
    meow-cheatsheet-layout.el -> meow-cheatsheet-layout.el
    meow-cheatsheet.el -> meow-cheatsheet.el
    meow-command.el -> meow-command.el
    meow-core.el -> meow-core.el
    meow-esc.el -> meow-esc.el
    meow-face.el -> meow-face.el
    meow-helpers.el -> meow-helpers.el
    meow-keymap.el -> meow-keymap.el
    meow-keypad.el -> meow-keypad.el
    meow-shims.el -> meow-shims.el
    meow-thing.el -> meow-thing.el
    meow-util.el -> meow-util.el
    meow-var.el -> meow-var.el
    meow-visual.el -> meow-visual.el
    meow.el -> meow.el
Created meow-20211021.540.tar containing:
  meow-20211021.540/
  meow-20211021.540/meow-cheatsheet-layout.el
  meow-20211021.540/meow-cheatsheet.el
  meow-20211021.540/meow-command.el
  meow-20211021.540/meow-core.el
  meow-20211021.540/meow-esc.el
  meow-20211021.540/meow-face.el
  meow-20211021.540/meow-helpers.el
  meow-20211021.540/meow-keymap.el
  meow-20211021.540/meow-keypad.el
  meow-20211021.540/meow-pkg.el
  meow-20211021.540/meow-shims.el
  meow-20211021.540/meow-thing.el
  meow-20211021.540/meow-util.el
  meow-20211021.540/meow-var.el
  meow-20211021.540/meow-visual.el
  meow-20211021.540/meow.el
Built meow in 5.041s, finished at 2021-10-22T15:55:26+0000
 ✓ Success:
4.0K -rw-r--r-- 1 root root  368 Oct 22 15:55 packages/meow-20211021.540.entry
192K -rw-r--r-- 1 root root 190K Oct 22 15:55 packages/meow-20211021.540.tar
4.0K -rw-r--r-- 1 root root 1.2K Oct 22 15:55 packages/meow-badge.svg
4.0K -rw-r--r-- 1 root root   53 Oct 22 15:55 packages/meow-readme.txt
