Package: meson-mode
Fetcher: github
Source:  https://github.com/wentasah/meson-mode.git

Updating /mnt/store/melpa/working/meson-mode/
Checking out origin/HEAD
Checking out 1a2e2abb098c9288c2cdb3affbad76edd98abf59
Copying files (->) and directories (=>)
  from /mnt/store/melpa/working/meson-mode/
  to /tmp/meson-modez4FjFv/meson-mode-20210820.905
    meson-mode.el -> meson-mode.el
    utils.el -> utils.el
Created meson-mode-20210820.905.tar containing:
  meson-mode-20210820.905/
  meson-mode-20210820.905/meson-mode-pkg.el
  meson-mode-20210820.905/meson-mode.el
  meson-mode-20210820.905/utils.el
Built meson-mode in 5.241s, finished at 2021-10-22T15:55:33+0000
 ✓ Success:
4.0K -rw-r--r-- 1 root root  410 Oct 22 15:55 packages/meson-mode-20210820.905.entry
 40K -rw-r--r-- 1 root root  40K Oct 22 15:55 packages/meson-mode-20210820.905.tar
4.0K -rw-r--r-- 1 root root 1.2K Oct 22 15:55 packages/meson-mode-badge.svg
4.0K -rw-r--r-- 1 root root  411 Oct 22 15:55 packages/meson-mode-readme.txt
