Package: metronome
Fetcher: gitlab
Source:  https://gitlab.com/jagrg/metronome.git

Updating /mnt/store/melpa/working/metronome/
Checking out origin/HEAD
Checking out 18257ecdd7b3d816104e83a5f0f96e676cc9fbfc
Copying files (->) and directories (=>)
  from /mnt/store/melpa/working/metronome/
  to /tmp/metronome80cJCF/metronome-20200502.1748
    metronome.el -> metronome.el
    sounds => sounds
Created metronome-20200502.1748.tar containing:
  metronome-20200502.1748/
  metronome-20200502.1748/metronome-pkg.el
  metronome-20200502.1748/metronome.el
  metronome-20200502.1748/sounds/
  metronome-20200502.1748/sounds/high.wav
  metronome-20200502.1748/sounds/low.wav
Built metronome in 5.090s, finished at 2021-10-22T15:55:47+0000
 ✓ Success:
 16K -rw-r--r-- 1 root root  15K Jul  3  2020 packages/metronome-20200502.1748.el
4.0K -rw-r--r-- 1 root root  349 Oct 22 15:55 packages/metronome-20200502.1748.entry
 32K -rw-r--r-- 1 root root  30K Oct 22 15:55 packages/metronome-20200502.1748.tar
4.0K -rw-r--r-- 1 root root 1.2K Oct 22 15:55 packages/metronome-badge.svg
4.0K -rw-r--r-- 1 root root  675 Oct 22 15:55 packages/metronome-readme.txt
