Package: minimal-theme
Fetcher: github
Source:  https://github.com/anler/minimal-theme.git

Updating /mnt/store/melpa/working/minimal-theme/
Checking out origin/HEAD
Checking out 221b43aad320d226863892dfe4d85465e8eb81ce
Copying files (->) and directories (=>)
  from /mnt/store/melpa/working/minimal-theme/
  to /tmp/minimal-thement3pKQ/minimal-theme-20190113.2132
    minimal-black-theme.el -> minimal-black-theme.el
    minimal-light-theme.el -> minimal-light-theme.el
    minimal-theme.el -> minimal-theme.el
Created minimal-theme-20190113.2132.tar containing:
  minimal-theme-20190113.2132/
  minimal-theme-20190113.2132/minimal-black-theme.el
  minimal-theme-20190113.2132/minimal-light-theme.el
  minimal-theme-20190113.2132/minimal-theme-pkg.el
  minimal-theme-20190113.2132/minimal-theme.el
Built minimal-theme in 5.766s, finished at 2021-10-22T15:56:11+0000
 ✓ Success:
4.0K -rw-r--r-- 1 root root  359 Oct 22 15:56 packages/minimal-theme-20190113.2132.entry
 32K -rw-r--r-- 1 root root  30K Oct 22 15:56 packages/minimal-theme-20190113.2132.tar
4.0K -rw-r--r-- 1 root root 1.2K Oct 22 15:56 packages/minimal-theme-badge.svg
4.0K -rw-r--r-- 1 root root   89 Oct 22 15:56 packages/minimal-theme-readme.txt
