Package: mkdown
Fetcher: github
Source:  https://github.com/ajtulloch/mkdown.el.git

Updating /mnt/store/melpa/working/mkdown/
Checking out origin/HEAD
Checking out 8e23de82719af6c5b53b52b3308a02b3a1fb872e
Copying files (->) and directories (=>)
  from /mnt/store/melpa/working/mkdown/
  to /tmp/mkdownvPZSRw/mkdown-20140517.1418
    mkdown.el -> mkdown.el
    mkdown.css -> mkdown.css
Created mkdown-20140517.1418.tar containing:
  mkdown-20140517.1418/
  mkdown-20140517.1418/mkdown-pkg.el
  mkdown-20140517.1418/mkdown.css
  mkdown-20140517.1418/mkdown.el
Built mkdown in 5.024s, finished at 2021-10-22T15:56:23+0000
 ✓ Success:
4.0K -rw-r--r-- 1 root root  322 Oct 22 15:56 packages/mkdown-20140517.1418.entry
140K -rw-r--r-- 1 root root 140K Oct 22 15:56 packages/mkdown-20140517.1418.tar
4.0K -rw-r--r-- 1 root root 1.2K Oct 22 15:56 packages/mkdown-badge.svg
4.0K -rw-r--r-- 1 root root  137 Oct 22 15:56 packages/mkdown-readme.txt
