Package: modus-themes
Fetcher: gitlab
Source:  https://gitlab.com/protesilaos/modus-themes.git

Updating /mnt/store/melpa/working/modus-themes/
Checking out origin/main
Checking out 7618d4c34bc02b93f75e09ea5ad1e6afdf393cb2
Copying files (->) and directories (=>)
  from /mnt/store/melpa/working/modus-themes/
  to /tmp/modus-themes0L4udc/modus-themes-20211022.952
    modus-operandi-theme.el -> modus-operandi-theme.el
    modus-themes.el -> modus-themes.el
    modus-vivendi-theme.el -> modus-vivendi-theme.el
  ! doc/modus-themes.info -> modus-themes.info
  ! doc/doclicense.texi -> doclicense.texi
Created /tmp/modus-themes0L4udc/modus-themes-20211022.952/doclicense.info
Created modus-themes-20211022.952.tar containing:
  modus-themes-20211022.952/
  modus-themes-20211022.952/dir
  modus-themes-20211022.952/doclicense.info
  modus-themes-20211022.952/modus-operandi-theme.el
  modus-themes-20211022.952/modus-themes-pkg.el
  modus-themes-20211022.952/modus-themes.el
  modus-themes-20211022.952/modus-themes.info
  modus-themes-20211022.952/modus-vivendi-theme.el
Built modus-themes in 9.864s, finished at 2021-10-22T15:56:52+0000
 ✓ Success:
4.0K -rw-r--r-- 1 root root  415 Oct 22 15:56 packages/modus-themes-20211022.952.entry
660K -rw-r--r-- 1 root root 660K Oct 22 15:56 packages/modus-themes-20211022.952.tar
4.0K -rw-r--r-- 1 root root 1.2K Oct 22 15:56 packages/modus-themes-badge.svg
 12K -rw-r--r-- 1 root root 8.3K Oct 22 15:56 packages/modus-themes-readme.txt
