Package: mongo
Fetcher: github
Source:  https://github.com/emacsorphanage/mongo.git

Updating /mnt/store/melpa/working/mongo/
Copying files (->) and directories (=>)
  from /mnt/store/melpa/working/mongo/
  to /tmp/mongoTh54Xl/mongo-20150315.1219
    bson.el -> bson.el
    mongo.el -> mongo.el
Created mongo-20150315.1219.tar containing:
  mongo-20150315.1219/
  mongo-20150315.1219/bson.el
  mongo-20150315.1219/mongo-pkg.el
  mongo-20150315.1219/mongo.el
Built mongo in 3.509s, finished at Sun Apr  4 16:54:23 2021
 ✓ Success:
4.0K -rw-r--r-- 1 root root  284 Apr  4 16:54 packages/mongo-20150315.1219.entry
 40K -rw-r--r-- 1 root root  40K Apr  4 16:54 packages/mongo-20150315.1219.tar
4.0K -rw-r--r-- 1 root root 1.2K Apr  4 16:54 packages/mongo-badge.svg
   0 -rw-r--r-- 1 root root    0 Apr  4 16:54 packages/mongo-readme.txt
