Package: monky
Fetcher: github
Source:  https://github.com/ananthakumaran/monky.git

Updating /mnt/store/melpa/working/monky/
Checking out origin/HEAD
Checking out 72c7cd21b7b995c476e938fd0b92a494aa25c3a7
Copying files (->) and directories (=>)
  from /mnt/store/melpa/working/monky/
  to /tmp/monkyiXsEh1/monky-20210417.12
    monky.el -> monky.el
    monky.info -> monky.info
    style => style
Created monky-20210417.12.tar containing:
  monky-20210417.12/
  monky-20210417.12/dir
  monky-20210417.12/monky-pkg.el
  monky-20210417.12/monky.el
  monky-20210417.12/monky.info
  monky-20210417.12/style/
  monky-20210417.12/style/files
  monky-20210417.12/style/files-status
  monky-20210417.12/style/log-graph
  monky-20210417.12/style/tags
Built monky in 5.632s, finished at 2021-10-22T15:56:56+0000
 ✓ Success:
4.0K -rw-r--r-- 1 root root  327 Oct 22 15:56 packages/monky-20210417.12.entry
132K -rw-r--r-- 1 root root 130K Oct 22 15:56 packages/monky-20210417.12.tar
4.0K -rw-r--r-- 1 root root 1.2K Oct 22 15:56 packages/monky-badge.svg
   0 -rw-r--r-- 1 root root    0 Oct 22 15:56 packages/monky-readme.txt
