Package: moom
Fetcher: github
Source:  https://github.com/takaxp/moom.git

Updating /mnt/store/melpa/working/moom/
Checking out origin/HEAD
Checking out f94cf84138a81212ffe856599834f7824a1b6e95
Copying files (->) and directories (=>)
  from /mnt/store/melpa/working/moom/
  to /tmp/moomnvkWYc/moom-20210324.825
    moom-font.el -> moom-font.el
    moom.el -> moom.el
Created moom-20210324.825.tar containing:
  moom-20210324.825/
  moom-20210324.825/moom-font.el
  moom-20210324.825/moom-pkg.el
  moom-20210324.825/moom.el
Built moom in 5.419s, finished at 2021-10-22T15:57:07+0000
 ✓ Success:
4.0K -rw-r--r-- 1 root root  385 Oct 22 15:57 packages/moom-20210324.825.entry
 80K -rw-r--r-- 1 root root  80K Oct 22 15:57 packages/moom-20210324.825.tar
4.0K -rw-r--r-- 1 root root 1.2K Oct 22 15:57 packages/moom-badge.svg
4.0K -rw-r--r-- 1 root root  551 Oct 22 15:57 packages/moom-readme.txt
