Package: moonscript
Fetcher: github
Source:  https://github.com/k2052/moonscript-mode.git

Updating /mnt/store/melpa/working/moonscript/
Checking out origin/HEAD
Checking out 56f90471e2ced2b0a177aed4d8c2f854797e9cc7
Copying files (->) and directories (=>)
  from /mnt/store/melpa/working/moonscript/
  to /tmp/moonscripta5acjN/moonscript-20170831.2226
    moonscript-repl.el -> moonscript-repl.el
    moonscript.el -> moonscript.el
Created moonscript-20170831.2226.tar containing:
  moonscript-20170831.2226/
  moonscript-20170831.2226/moonscript-pkg.el
  moonscript-20170831.2226/moonscript-repl.el
  moonscript-20170831.2226/moonscript.el
Built moonscript in 4.904s, finished at 2021-10-22T15:57:09+0000
 ✓ Success:
4.0K -rw-r--r-- 1 root root  344 Oct 22 15:57 packages/moonscript-20170831.2226.entry
 12K -rw-r--r-- 1 root root  10K Oct 22 15:57 packages/moonscript-20170831.2226.tar
4.0K -rw-r--r-- 1 root root 1.2K Oct 22 15:57 packages/moonscript-badge.svg
4.0K -rw-r--r-- 1 root root  150 Oct 22 15:57 packages/moonscript-readme.txt
