Package: motion-mode
Fetcher: github
Source:  https://github.com/ainame/motion-mode.git

Updating /mnt/store/melpa/working/motion-mode/
Checking out origin/HEAD
Checking out 4c94180e3ecea611a61240a0c0cd48f1032c4a55
Copying files (->) and directories (=>)
  from /mnt/store/melpa/working/motion-mode/
  to /tmp/motion-modesq1sS4/motion-mode-20140920.156
    motion-mode.el -> motion-mode.el
    bin => bin
    lib => lib
Created motion-mode-20140920.156.tar containing:
  motion-mode-20140920.156/
  motion-mode-20140920.156/bin/
  motion-mode-20140920.156/bin/code_converter.rb
  motion-mode-20140920.156/bin/make_dict.rb
  motion-mode-20140920.156/lib/
  motion-mode-20140920.156/lib/motion/
  motion-mode-20140920.156/lib/motion/code_converter.rb
  motion-mode-20140920.156/motion-mode-pkg.el
  motion-mode-20140920.156/motion-mode.el
Built motion-mode in 5.011s, finished at 2021-10-22T15:57:15+0000
 ✓ Success:
4.0K -rw-r--r-- 1 root root  354 Oct 22 15:57 packages/motion-mode-20140920.156.entry
 32K -rw-r--r-- 1 root root  30K Oct 22 15:57 packages/motion-mode-20140920.156.tar
4.0K -rw-r--r-- 1 root root 1.2K Oct 22 15:57 packages/motion-mode-badge.svg
   0 -rw-r--r-- 1 root root    0 Oct 22 15:57 packages/motion-mode-readme.txt
