Package: mozc
Fetcher: github
Source:  https://github.com/google/mozc.git

Updating /mnt/store/melpa/working/mozc/
Checking out origin/HEAD
Checking out d0d8a87c1ef19b7bd1d2c040e4ef38951b07fbd0
Built mozc in 29.969s, finished at 2021-10-22T15:57:45+0000
 ✓ Success:
 80K -rw-r--r-- 1 root root  79K Oct 22 15:57 packages/mozc-20210306.1053.el
4.0K -rw-r--r-- 1 root root  206 Oct 22 15:57 packages/mozc-20210306.1053.entry
4.0K -rw-r--r-- 1 root root 1.2K Oct 22 15:57 packages/mozc-badge.svg
 12K -rw-r--r-- 1 root root 9.4K Oct 22 15:57 packages/mozc-cand-posframe-20200208.750.el
4.0K -rw-r--r-- 1 root root  532 Oct 22 15:57 packages/mozc-cand-posframe-20200208.750.entry
4.0K -rw-r--r-- 1 root root 1.2K Oct 22 15:57 packages/mozc-cand-posframe-badge.svg
4.0K -rw-r--r-- 1 root root  106 Oct 22 15:57 packages/mozc-cand-posframe-readme.txt
4.0K -rw-r--r-- 1 root root  670 Oct 22 15:57 packages/mozc-cand-posframe.log
8.0K -rwxr-xr-x 1 root root 4.7K Oct 22 15:57 packages/mozc-im-20160412.22.el
4.0K -rw-r--r-- 1 root root  326 Oct 22 15:57 packages/mozc-im-20160412.22.entry
4.0K -rw-r--r-- 1 root root 1.2K Oct 22 15:57 packages/mozc-im-badge.svg
4.0K -rw-r--r-- 1 root root  161 Oct 22 15:57 packages/mozc-im-readme.txt
4.0K -rw-r--r-- 1 root root  584 Oct 22 15:57 packages/mozc-im.log
8.0K -rwxr-xr-x 1 root root 5.2K Oct 22 15:57 packages/mozc-popup-20150224.34.el
4.0K -rw-r--r-- 1 root root  360 Oct 22 15:57 packages/mozc-popup-20150224.34.entry
4.0K -rw-r--r-- 1 root root 1.2K Oct 22 15:57 packages/mozc-popup-badge.svg
4.0K -rw-r--r-- 1 root root   89 Oct 22 15:57 packages/mozc-popup-readme.txt
4.0K -rw-r--r-- 1 root root  608 Oct 22 15:57 packages/mozc-popup.log
4.0K -rw-r--r-- 1 root root 2.9K Oct 22 15:57 packages/mozc-readme.txt
 12K -rw-r--r-- 1 root root 8.3K Oct 22 15:57 packages/mozc-temp-20160228.840.el
4.0K -rw-r--r-- 1 root root  387 Oct 22 15:57 packages/mozc-temp-20160228.840.entry
4.0K -rw-r--r-- 1 root root 1.2K Oct 22 15:57 packages/mozc-temp-badge.svg
4.0K -rw-r--r-- 1 root root  200 Oct 22 15:57 packages/mozc-temp-readme.txt
4.0K -rw-r--r-- 1 root root  601 Oct 22 15:57 packages/mozc-temp.log
