Package: mtg-deck-mode
Fetcher: github
Source:  https://github.com/mattiasb/mtg-deck-mode.git

Updating /mnt/store/melpa/working/mtg-deck-mode/
Checking out origin/HEAD
Checking out 8265b8ed17fcd4406760c19aa6ee9c76068b1ab0
Copying files (->) and directories (=>)
  from /mnt/store/melpa/working/mtg-deck-mode/
  to /tmp/mtg-deck-modePNgapB/mtg-deck-mode-20180613.2010
    mtg-deck-mode.el -> mtg-deck-mode.el
    formats => formats
Created mtg-deck-mode-20180613.2010.tar containing:
  mtg-deck-mode-20180613.2010/
  mtg-deck-mode-20180613.2010/formats/
  mtg-deck-mode-20180613.2010/formats/all.cards
  mtg-deck-mode-20180613.2010/formats/all.names
  mtg-deck-mode-20180613.2010/formats/legacy.names
  mtg-deck-mode-20180613.2010/formats/modern.names
  mtg-deck-mode-20180613.2010/formats/standard.names
  mtg-deck-mode-20180613.2010/formats/vintage.names
  mtg-deck-mode-20180613.2010/mtg-deck-mode-pkg.el
  mtg-deck-mode-20180613.2010/mtg-deck-mode.el
Built mtg-deck-mode in 6.739s, finished at 2021-10-22T15:57:37+0000
 ✓ Success:
4.0K -rw-r--r-- 1 root root  402 Oct 22 15:57 packages/mtg-deck-mode-20180613.2010.entry
4.5M -rw-r--r-- 1 root root 4.5M Oct 22 15:57 packages/mtg-deck-mode-20180613.2010.tar
4.0K -rw-r--r-- 1 root root 1.2K Oct 22 15:57 packages/mtg-deck-mode-badge.svg
4.0K -rw-r--r-- 1 root root  177 Oct 22 15:57 packages/mtg-deck-mode-readme.txt
