Package: multi-web-mode
Fetcher: github
Source:  https://github.com/fgallina/multi-web-mode.git

Updating /mnt/store/melpa/working/multi-web-mode/
Checking out origin/HEAD
Checking out ad1c8d1c870334052d244c7ae3636cb7b9357b7c
Copying files (->) and directories (=>)
  from /mnt/store/melpa/working/multi-web-mode/
  to /tmp/multi-web-modeYe4nrP/multi-web-mode-20130824.354
    multi-web-mode.el -> multi-web-mode.el
    mweb-example-config.el -> mweb-example-config.el
Created multi-web-mode-20130824.354.tar containing:
  multi-web-mode-20130824.354/
  multi-web-mode-20130824.354/multi-web-mode-pkg.el
  multi-web-mode-20130824.354/multi-web-mode.el
  multi-web-mode-20130824.354/mweb-example-config.el
Built multi-web-mode in 10.566s, finished at 2021-10-22T15:58:13+0000
 ✓ Success:
4.0K -rw-r--r-- 1 root root  382 Oct 22 15:58 packages/multi-web-mode-20130824.354.entry
 20K -rw-r--r-- 1 root root  20K Oct 22 15:58 packages/multi-web-mode-20130824.354.tar
4.0K -rw-r--r-- 1 root root 1.2K Oct 22 15:58 packages/multi-web-mode-badge.svg
4.0K -rw-r--r-- 1 root root  292 Oct 22 15:58 packages/multi-web-mode-readme.txt
