Package: multi-line
Fetcher: github
Source:  https://github.com/IvanMalison/multi-line.git

Updating /mnt/store/melpa/working/multi-line/
Checking out origin/HEAD
Checking out d5ae863ced0adeb7032ada398005f27a6c669d79
Copying files (->) and directories (=>)
  from /mnt/store/melpa/working/multi-line/
  to /tmp/multi-lineaCzYkJ/multi-line-20170822.226
    multi-line-candidate.el -> multi-line-candidate.el
    multi-line-cycle.el -> multi-line-cycle.el
    multi-line-decorator.el -> multi-line-decorator.el
    multi-line-enter.el -> multi-line-enter.el
    multi-line-find.el -> multi-line-find.el
    multi-line-highlight.el -> multi-line-highlight.el
    multi-line-respace.el -> multi-line-respace.el
    multi-line-shared.el -> multi-line-shared.el
    multi-line.el -> multi-line.el
Created multi-line-20170822.226.tar containing:
  multi-line-20170822.226/
  multi-line-20170822.226/multi-line-candidate.el
  multi-line-20170822.226/multi-line-cycle.el
  multi-line-20170822.226/multi-line-decorator.el
  multi-line-20170822.226/multi-line-enter.el
  multi-line-20170822.226/multi-line-find.el
  multi-line-20170822.226/multi-line-highlight.el
  multi-line-20170822.226/multi-line-pkg.el
  multi-line-20170822.226/multi-line-respace.el
  multi-line-20170822.226/multi-line-shared.el
  multi-line-20170822.226/multi-line.el
Built multi-line in 10.112s, finished at 2021-10-22T15:58:04+0000
 ✓ Success:
4.0K -rw-r--r-- 1 root root  577 Oct 22 15:58 packages/multi-line-20170822.226.entry
 52K -rw-r--r-- 1 root root  50K Oct 22 15:58 packages/multi-line-20170822.226.tar
4.0K -rw-r--r-- 1 root root 1.2K Oct 22 15:58 packages/multi-line-badge.svg
4.0K -rw-r--r-- 1 root root  325 Oct 22 15:58 packages/multi-line-readme.txt
