Package: multi
Fetcher: github
Source:  https://github.com/kurisuwhyte/emacs-multi.git

Updating /mnt/store/melpa/working/multi/
Checking out origin/HEAD
Checking out 0987ab71692717ed457cb3984de184db9185806d
Built multi in 13.270s, finished at 2021-10-22T15:58:02+0000
 ✓ Success:
8.0K -rw-r--r-- 1 root root 4.9K Oct 22 15:58 packages/multi-20131013.1544.el
4.0K -rw-r--r-- 1 root root  405 Oct 22 15:58 packages/multi-20131013.1544.entry
4.0K -rw-r--r-- 1 root root 1.2K Oct 22 15:58 packages/multi-badge.svg
 16K -rw-r--r-- 1 root root  14K Oct 22 15:58 packages/multi-compile-20210923.233.el
4.0K -rw-r--r-- 1 root root  412 Oct 22 12:02 packages/multi-compile-20210923.233.entry
4.0K -rw-r--r-- 1 root root 1.2K Oct 22 12:02 packages/multi-compile-badge.svg
4.0K -rw-r--r-- 1 root root 1.7K Oct 22 15:58 packages/multi-compile-readme.txt
4.0K -rw-r--r-- 1 root root  227 Oct 22 15:57 packages/multi-compile.log
4.0K -rw-r--r-- 1 root root  577 Oct 22 12:02 packages/multi-line-20170822.226.entry
 52K -rw-r--r-- 1 root root  50K Oct 22 12:02 packages/multi-line-20170822.226.tar
4.0K -rw-r--r-- 1 root root 1.2K Oct 22 12:02 packages/multi-line-badge.svg
4.0K -rw-r--r-- 1 root root  325 Oct 22 12:02 packages/multi-line-readme.txt
4.0K -rw-r--r-- 1 root root  217 Oct 22 15:58 packages/multi-line.log
 52K -rw-r--r-- 1 root root  50K Oct 22 12:02 packages/multi-project-20210908.1233.el
4.0K -rw-r--r-- 1 root root  430 Oct 22 12:02 packages/multi-project-20210908.1233.entry
4.0K -rw-r--r-- 1 root root 1.2K Oct 22 12:02 packages/multi-project-badge.svg
4.0K -rw-r--r-- 1 root root 2.8K Oct 22 12:02 packages/multi-project-readme.txt
4.0K -rw-r--r-- 1 root root   98 Oct 22 15:57 packages/multi-project.log
4.0K -rw-r--r-- 1 root root  403 Oct 22 12:02 packages/multi-run-20210108.336.entry
 32K -rw-r--r-- 1 root root  30K Oct 22 12:02 packages/multi-run-20210108.336.tar
4.0K -rw-r--r-- 1 root root 1.2K Oct 22 12:02 packages/multi-run-badge.svg
4.0K -rw-r--r-- 1 root root   73 Oct 22 12:02 packages/multi-run-readme.txt
4.0K -rw-r--r-- 1 root root  132 Oct 22 15:57 packages/multi-run.log
 36K -rw-r--r-- 1 root root  33K Oct 22 12:02 packages/multi-term-20200514.428.el
4.0K -rw-r--r-- 1 root root  430 Oct 22 12:02 packages/multi-term-20200514.428.entry
4.0K -rw-r--r-- 1 root root 1.2K Oct 22 12:02 packages/multi-term-badge.svg
4.0K -rw-r--r-- 1 root root 1.7K Oct 22 12:02 packages/multi-term-readme.txt
4.0K -rw-r--r-- 1 root root  141 Oct 22 15:57 packages/multi-term.log
 12K -rw-r--r-- 1 root root  11K Oct 22 12:02 packages/multi-vterm-20210727.1050.el
4.0K -rw-r--r-- 1 root root  338 Oct 22 12:02 packages/multi-vterm-20210727.1050.entry
4.0K -rw-r--r-- 1 root root 1.2K Oct 22 12:02 packages/multi-vterm-badge.svg
4.0K -rw-r--r-- 1 root root  844 Oct 22 12:02 packages/multi-vterm-readme.txt
4.0K -rw-r--r-- 1 root root  139 Oct 22 15:58 packages/multi-vterm.log
4.0K -rw-r--r-- 1 root root  382 Oct 22 12:02 packages/multi-web-mode-20130824.354.entry
 20K -rw-r--r-- 1 root root  20K Oct 22 12:02 packages/multi-web-mode-20130824.354.tar
4.0K -rw-r--r-- 1 root root 1.2K Oct 22 12:02 packages/multi-web-mode-badge.svg
4.0K -rw-r--r-- 1 root root  292 Oct 22 12:02 packages/multi-web-mode-readme.txt
4.0K -rw-r--r-- 1 root root   97 Oct 22 15:58 packages/multi-web-mode.log
