Package: nameframe
Fetcher: github
Source:  https://github.com/john2x/nameframe.git

Updating /mnt/store/melpa/working/nameframe/
Checking out origin/HEAD
Checking out aafb8c5c5fbe0510e2f5d5b6b6b5dd0b73abe5d8
Built nameframe in 6.189s, finished at 2021-10-22T15:59:00+0000
 ✓ Success:
8.0K -rw-r--r-- 1 root root 4.5K Oct 22 15:59 packages/nameframe-20171107.56.el
4.0K -rw-r--r-- 1 root root  316 Oct 22 15:59 packages/nameframe-20171107.56.entry
4.0K -rw-r--r-- 1 root root 1.2K Oct 22 15:59 packages/nameframe-badge.svg
4.0K -rw-r--r-- 1 root root 2.2K Oct 22 15:59 packages/nameframe-perspective-20170406.119.el
4.0K -rw-r--r-- 1 root root  400 Oct 22 12:03 packages/nameframe-perspective-20170406.119.entry
4.0K -rw-r--r-- 1 root root 1.2K Oct 22 12:03 packages/nameframe-perspective-badge.svg
4.0K -rw-r--r-- 1 root root  210 Oct 22 12:03 packages/nameframe-perspective-readme.txt
4.0K -rw-r--r-- 1 root root  233 Oct 22 15:58 packages/nameframe-perspective.log
4.0K -rw-r--r-- 1 root root 3.2K Oct 22 12:03 packages/nameframe-projectile-20160928.403.el
4.0K -rw-r--r-- 1 root root  406 Oct 22 12:03 packages/nameframe-projectile-20160928.403.entry
4.0K -rw-r--r-- 1 root root 1.2K Oct 22 12:03 packages/nameframe-projectile-badge.svg
4.0K -rw-r--r-- 1 root root  250 Oct 22 12:03 packages/nameframe-projectile-readme.txt
4.0K -rw-r--r-- 1 root root  231 Oct 22 15:59 packages/nameframe-projectile.log
4.0K -rw-r--r-- 1 root root  285 Oct 22 15:59 packages/nameframe-readme.txt
