Package: names
Fetcher: github
Source:  https://github.com/Malabarba/names.git

Updating /mnt/store/melpa/working/names/
Checking out origin/HEAD
Checking out d8baba5360e5253938a25d3e005455b6d2d86971
Copying files (->) and directories (=>)
  from /mnt/store/melpa/working/names/
  to /tmp/namesc9VYNJ/names-20180321.1155
    names-dev.el -> names-dev.el
    names.el -> names.el
Created names-20180321.1155.tar containing:
  names-20180321.1155/
  names-20180321.1155/names-dev.el
  names-20180321.1155/names-pkg.el
  names-20180321.1155/names.el
Built names in 6.226s, finished at 2021-10-22T15:59:05+0000
 ✓ Success:
4.0K -rw-r--r-- 1 root root  432 Oct 22 15:59 packages/names-20180321.1155.entry
 72K -rw-r--r-- 1 root root  70K Oct 22 15:59 packages/names-20180321.1155.tar
4.0K -rw-r--r-- 1 root root 1.2K Oct 22 15:59 packages/names-badge.svg
4.0K -rw-r--r-- 1 root root  265 Oct 22 15:59 packages/names-readme.txt
