Package: nand2tetris
Fetcher: github
Source:  https://github.com/CestDiego/nand2tetris.el.git

Updating /mnt/store/melpa/working/nand2tetris/
Checking out origin/HEAD
Checking out 33acee34d24b1c6a87db833b7d23449cf858f64f
Copying files (->) and directories (=>)
  from /mnt/store/melpa/working/nand2tetris/
  to /tmp/nand2tetrisdzPrvu/nand2tetris-20171201.1813
    nand2tetris.el -> nand2tetris.el
    nand2tetris-core.el -> nand2tetris-core.el
    snippets => snippets
Created nand2tetris-20171201.1813.tar containing:
  nand2tetris-20171201.1813/
  nand2tetris-20171201.1813/nand2tetris-core.el
  nand2tetris-20171201.1813/nand2tetris-pkg.el
  nand2tetris-20171201.1813/nand2tetris.el
  nand2tetris-20171201.1813/snippets/
  nand2tetris-20171201.1813/snippets/nand2tetris-mode/
  nand2tetris-20171201.1813/snippets/nand2tetris-mode/.yas-parents
  nand2tetris-20171201.1813/snippets/nand2tetris-mode/ALU
  nand2tetris-20171201.1813/snippets/nand2tetris-mode/Adders/
  nand2tetris-20171201.1813/snippets/nand2tetris-mode/Adders/Add16
  nand2tetris-20171201.1813/snippets/nand2tetris-mode/Adders/FullAdder
  nand2tetris-20171201.1813/snippets/nand2tetris-mode/Adders/HalfAdder
  nand2tetris-20171201.1813/snippets/nand2tetris-mode/Adders/Inc16
  nand2tetris-20171201.1813/snippets/nand2tetris-mode/Aregister
  nand2tetris-20171201.1813/snippets/nand2tetris-mode/Bit
  nand2tetris-20171201.1813/snippets/nand2tetris-mode/CPU
  nand2tetris-20171201.1813/snippets/nand2tetris-mode/DFF
  nand2tetris-20171201.1813/snippets/nand2tetris-mode/DMux/
  nand2tetris-20171201.1813/snippets/nand2tetris-mode/DMux/DMux
  nand2tetris-20171201.1813/snippets/nand2tetris-mode/DMux/DMux4Way
  nand2tetris-20171201.1813/snippets/nand2tetris-mode/DMux/DMux8Way
  nand2tetris-20171201.1813/snippets/nand2tetris-mode/DRegister
  nand2tetris-20171201.1813/snippets/nand2tetris-mode/Keyboard
  nand2tetris-20171201.1813/snippets/nand2tetris-mode/Logical/
  nand2tetris-20171201.1813/snippets/nand2tetris-mode/Logical/And
  nand2tetris-20171201.1813/snippets/nand2tetris-mode/Logical/And16
  nand2tetris-20171201.1813/snippets/nand2tetris-mode/Logical/Nand
  nand2tetris-20171201.1813/snippets/nand2tetris-mode/Logical/Not
  nand2tetris-20171201.1813/snippets/nand2tetris-mode/Logical/Not16
  nand2tetris-20171201.1813/snippets/nand2tetris-mode/Logical/Or
  nand2tetris-20171201.1813/snippets/nand2tetris-mode/Logical/Or16
  nand2tetris-20171201.1813/snippets/nand2tetris-mode/Logical/Or8Way
  nand2tetris-20171201.1813/snippets/nand2tetris-mode/Logical/Xor
  nand2tetris-20171201.1813/snippets/nand2tetris-mode/Memory
  nand2tetris-20171201.1813/snippets/nand2tetris-mode/Mux/
  nand2tetris-20171201.1813/snippets/nand2tetris-mode/Mux/Mux
  nand2tetris-20171201.1813/snippets/nand2tetris-mode/Mux/Mux16
  nand2tetris-20171201.1813/snippets/nand2tetris-mode/Mux/Mux4Way16
  nand2tetris-20171201.1813/snippets/nand2tetris-mode/Mux/Mux8Way16
  nand2tetris-20171201.1813/snippets/nand2tetris-mode/PC
  nand2tetris-20171201.1813/snippets/nand2tetris-mode/RAM/
  nand2tetris-20171201.1813/snippets/nand2tetris-mode/RAM/RAM16K
  nand2tetris-20171201.1813/snippets/nand2tetris-mode/RAM/RAM4K
  nand2tetris-20171201.1813/snippets/nand2tetris-mode/RAM/RAM512
  nand2tetris-20171201.1813/snippets/nand2tetris-mode/RAM/RAM64
  nand2tetris-20171201.1813/snippets/nand2tetris-mode/RAM/RAM8
  nand2tetris-20171201.1813/snippets/nand2tetris-mode/ROM32K
  nand2tetris-20171201.1813/snippets/nand2tetris-mode/Register
  nand2tetris-20171201.1813/snippets/nand2tetris-mode/Screen
Built nand2tetris in 5.732s, finished at 2021-10-22T15:59:05+0000
 ✓ Success:
4.0K -rw-r--r-- 1 root root  426 Oct 22 15:59 packages/nand2tetris-20171201.1813.entry
 80K -rw-r--r-- 1 root root  80K Oct 22 15:59 packages/nand2tetris-20171201.1813.tar
 16K -rw-r--r-- 1 root root  13K Oct 22 12:03 packages/nand2tetris-assembler-20171201.1813.el
4.0K -rw-r--r-- 1 root root  435 Oct 22 12:03 packages/nand2tetris-assembler-20171201.1813.entry
4.0K -rw-r--r-- 1 root root 1.2K Oct 22 12:03 packages/nand2tetris-assembler-badge.svg
4.0K -rw-r--r-- 1 root root  126 Oct 22 12:03 packages/nand2tetris-assembler-readme.txt
4.0K -rw-r--r-- 1 root root  241 Oct 22 15:59 packages/nand2tetris-assembler.log
4.0K -rw-r--r-- 1 root root 1.2K Oct 22 15:59 packages/nand2tetris-badge.svg
4.0K -rw-r--r-- 1 root root  116 Oct 22 15:59 packages/nand2tetris-readme.txt
