Package: nav
Fetcher: github
Source:  https://github.com/ijt/emacs-nav.git

Updating /mnt/store/melpa/working/nav/
Checking out origin/HEAD
Checking out c5eb234c063f435dbdcd1f8bdc46cfc68c973ebe
Copying files (->) and directories (=>)
  from /mnt/store/melpa/working/nav/
  to /tmp/navQmrvi6/nav-20120507.707
    ack -> ack
    ack.el -> ack.el
    nav.el -> nav.el
Created nav-20120507.707.tar containing:
  nav-20120507.707/
  nav-20120507.707/ack
  nav-20120507.707/ack.el
  nav-20120507.707/nav-pkg.el
  nav-20120507.707/nav.el
Built nav in 5.370s, finished at 2021-10-22T15:59:15+0000
 ✓ Success:
4.0K -rw-r--r-- 1 root root  272 Oct 22 15:59 packages/nav-20120507.707.entry
112K -rw-r--r-- 1 root root 110K Oct 22 15:59 packages/nav-20120507.707.tar
4.0K -rw-r--r-- 1 root root 1.2K Oct 22 15:59 packages/nav-badge.svg
 12K -rw-r--r-- 1 root root 8.3K Oct 22 12:03 packages/nav-flash-20210906.1942.el
4.0K -rw-r--r-- 1 root root  385 Oct 22 12:03 packages/nav-flash-20210906.1942.entry
4.0K -rw-r--r-- 1 root root 1.2K Oct 22 12:03 packages/nav-flash-badge.svg
4.0K -rw-r--r-- 1 root root 3.3K Oct 22 12:03 packages/nav-flash-readme.txt
4.0K -rw-r--r-- 1 root root  161 Oct 22 15:59 packages/nav-flash.log
4.0K -rw-r--r-- 1 root root  370 Oct 22 15:59 packages/nav-readme.txt
