Package: neotree
Fetcher: github
Source:  https://github.com/jaypei/emacs-neotree.git

Updating /mnt/store/melpa/working/neotree/
Copying files (->) and directories (=>)
  from /mnt/store/melpa/working/neotree/
  to /tmp/neotreemFMc1C/neotree-20200324.1946
    neotree.el -> neotree.el
    icons => icons
Created neotree-20200324.1946.tar containing:
  neotree-20200324.1946/
  neotree-20200324.1946/icons/
  neotree-20200324.1946/icons/close.xpm
  neotree-20200324.1946/icons/leaf.xpm
  neotree-20200324.1946/icons/open.xpm
  neotree-20200324.1946/neotree-pkg.el
  neotree-20200324.1946/neotree.el
Built neotree in 6.892s, finished at Sun Apr  4 16:56:04 2021
 ✓ Success:
4.0K -rw-r--r-- 1 root root  327 Apr  4 16:56 packages/neotree-20200324.1946.entry
 92K -rw-r--r-- 1 root root  90K Apr  4 16:56 packages/neotree-20200324.1946.tar
4.0K -rw-r--r-- 1 root root 1.2K Apr  4 16:56 packages/neotree-badge.svg
4.0K -rw-r--r-- 1 root root  259 Apr  4 16:56 packages/neotree-readme.txt
