Package: netease-cloud-music
Fetcher: github
Source:  https://github.com/SpringHan/netease-cloud-music.el.git

Updating /mnt/store/melpa/working/netease-cloud-music/
Checking out origin/HEAD
Checking out 58962d7e04a8cc62f0792b15050fdc5a0c3d20c7
Copying files (->) and directories (=>)
  from /mnt/store/melpa/working/netease-cloud-music/
  to /tmp/netease-cloud-musicBy0uOg/netease-cloud-music-20211002.1453
    netease-cloud-music-functions.el -> netease-cloud-music-functions.el
    netease-cloud-music-ui.el -> netease-cloud-music-ui.el
    netease-cloud-music.el -> netease-cloud-music.el
Created netease-cloud-music-20211002.1453.tar containing:
  netease-cloud-music-20211002.1453/
  netease-cloud-music-20211002.1453/netease-cloud-music-functions.el
  netease-cloud-music-20211002.1453/netease-cloud-music-pkg.el
  netease-cloud-music-20211002.1453/netease-cloud-music-ui.el
  netease-cloud-music-20211002.1453/netease-cloud-music.el
Built netease-cloud-music in 5.374s, finished at 2021-10-22T15:59:30+0000
 ✓ Success:
4.0K -rw-r--r-- 1 root root  392 Oct 22 15:59 packages/netease-cloud-music-20211002.1453.entry
152K -rw-r--r-- 1 root root 150K Oct 22 15:59 packages/netease-cloud-music-20211002.1453.tar
4.0K -rw-r--r-- 1 root root 1.2K Oct 22 15:59 packages/netease-cloud-music-badge.svg
4.0K -rw-r--r-- 1 root root  286 Oct 22 15:59 packages/netease-cloud-music-readme.txt
