Package: nexus
Fetcher: github
Source:  https://github.com/juergenhoetzel/emacs-nexus.git

Updating /mnt/store/melpa/working/nexus/
Checking out origin/HEAD
Checking out 9603fd3d8ef34d4b3dcad3292c4ac743500d4946
Copying files (->) and directories (=>)
  from /mnt/store/melpa/working/nexus/
  to /tmp/nexusFQwJMf/nexus-20210903.1743
    ac-nexus.el -> ac-nexus.el
    nexus-widget.el -> nexus-widget.el
    nexus.el -> nexus.el
Created nexus-20210903.1743.tar containing:
  nexus-20210903.1743/
  nexus-20210903.1743/ac-nexus.el
  nexus-20210903.1743/nexus-pkg.el
  nexus-20210903.1743/nexus-widget.el
  nexus-20210903.1743/nexus.el
Built nexus in 4.831s, finished at 2021-10-22T15:59:41+0000
 ✓ Success:
4.0K -rw-r--r-- 1 root root  294 Oct 22 15:59 packages/nexus-20210903.1743.entry
 20K -rw-r--r-- 1 root root  20K Oct 22 15:59 packages/nexus-20210903.1743.tar
4.0K -rw-r--r-- 1 root root 1.2K Oct 22 15:59 packages/nexus-badge.svg
   0 -rw-r--r-- 1 root root    0 Oct 22 15:59 packages/nexus-readme.txt
