Package: nix-mode
Fetcher: github
Source:  https://github.com/NixOS/nix-mode.git

Updating /mnt/store/melpa/working/nix-mode/
Checking out origin/HEAD
Checking out 1ac42cd103ba11c37e8566e240a2272966e6f813
Copying files (->) and directories (=>)
  from /mnt/store/melpa/working/nix-mode/
  to /tmp/nix-modeD2vqOH/nix-mode-20211019.1523
    nix-build.el -> nix-build.el
    nix-drv-mode.el -> nix-drv-mode.el
    nix-edit.el -> nix-edit.el
    nix-format.el -> nix-format.el
    nix-instantiate.el -> nix-instantiate.el
    nix-log.el -> nix-log.el
    nix-mode.el -> nix-mode.el
    nix-prettify-mode.el -> nix-prettify-mode.el
    nix-repl.el -> nix-repl.el
    nix-search.el -> nix-search.el
    nix-shebang.el -> nix-shebang.el
    nix-shell.el -> nix-shell.el
    nix-store.el -> nix-store.el
    nix.el -> nix.el
Created nix-mode-20211019.1523.tar containing:
  nix-mode-20211019.1523/
  nix-mode-20211019.1523/nix-build.el
  nix-mode-20211019.1523/nix-drv-mode.el
  nix-mode-20211019.1523/nix-edit.el
  nix-mode-20211019.1523/nix-format.el
  nix-mode-20211019.1523/nix-instantiate.el
  nix-mode-20211019.1523/nix-log.el
  nix-mode-20211019.1523/nix-mode-pkg.el
  nix-mode-20211019.1523/nix-mode.el
  nix-mode-20211019.1523/nix-prettify-mode.el
  nix-mode-20211019.1523/nix-repl.el
  nix-mode-20211019.1523/nix-search.el
  nix-mode-20211019.1523/nix-shebang.el
  nix-mode-20211019.1523/nix-shell.el
  nix-mode-20211019.1523/nix-store.el
  nix-mode-20211019.1523/nix.el
Built nix-mode in 5.181s, finished at 2021-10-22T15:59:55+0000
 ✓ Success:
4.0K -rw-r--r-- 1 root root  356 Oct 22 15:59 packages/nix-mode-20211019.1523.entry
112K -rw-r--r-- 1 root root 110K Oct 22 15:59 packages/nix-mode-20211019.1523.tar
4.0K -rw-r--r-- 1 root root 1.2K Oct 22 15:59 packages/nix-mode-badge.svg
4.0K -rw-r--r-- 1 root root  140 Oct 22 15:59 packages/nix-mode-readme.txt
