Package: nndiscourse
Fetcher: github
Source:  https://github.com/dickmao/nndiscourse.git

Updating /mnt/store/melpa/working/nndiscourse/
Checking out origin/HEAD
Checking out 168b5ff1d8d8c39ac2db31e56fbab0927d557d7f
Copying files (->) and directories (=>)
  from /mnt/store/melpa/working/nndiscourse/
  to /tmp/nndiscourseUNRxDC/nndiscourse-20210926.1845
    nndiscourse.el -> nndiscourse.el
    nndiscourse/Gemfile -> nndiscourse/Gemfile
    nndiscourse/Gemfile.lock -> nndiscourse/Gemfile.lock
    nndiscourse/nndiscourse.gemspec -> nndiscourse/nndiscourse.gemspec
    nndiscourse/nndiscourse.thor -> nndiscourse/nndiscourse.thor
    nndiscourse/lib => nndiscourse/lib
Created nndiscourse-20210926.1845.tar containing:
  nndiscourse-20210926.1845/
  nndiscourse-20210926.1845/nndiscourse-pkg.el
  nndiscourse-20210926.1845/nndiscourse.el
  nndiscourse-20210926.1845/nndiscourse/
  nndiscourse-20210926.1845/nndiscourse/Gemfile
  nndiscourse-20210926.1845/nndiscourse/Gemfile.lock
  nndiscourse-20210926.1845/nndiscourse/lib/
  nndiscourse-20210926.1845/nndiscourse/lib/nndiscourse.rb
  nndiscourse-20210926.1845/nndiscourse/lib/nndiscourse/
  nndiscourse-20210926.1845/nndiscourse/lib/nndiscourse/version.rb
  nndiscourse-20210926.1845/nndiscourse/nndiscourse.gemspec
  nndiscourse-20210926.1845/nndiscourse/nndiscourse.thor
Built nndiscourse in 5.748s, finished at 2021-10-22T16:00:03+0000
 ✓ Success:
4.0K -rw-r--r-- 1 root root  365 Oct 22 16:00 packages/nndiscourse-20210926.1845.entry
 72K -rw-r--r-- 1 root root  70K Oct 22 16:00 packages/nndiscourse-20210926.1845.tar
4.0K -rw-r--r-- 1 root root 1.2K Oct 22 16:00 packages/nndiscourse-badge.svg
4.0K -rw-r--r-- 1 root root   30 Oct 22 16:00 packages/nndiscourse-readme.txt
