Package: nnreddit
Fetcher: github
Source:  https://github.com/dickmao/nnreddit.git

Updating /mnt/store/melpa/working/nnreddit/
Checking out origin/HEAD
Checking out cb22a8480e9688f16f3764953cebebe64df31ccf
Copying files (->) and directories (=>)
  from /mnt/store/melpa/working/nnreddit/
  to /tmp/nnredditZ5ll3G/nnreddit-20210912.236
  ! lisp/nnreddit-pkg.el -> nnreddit-pkg.el
  ! lisp/nnreddit.el -> nnreddit.el
    setup.py -> setup.py
    requirements.txt -> requirements.txt
    nnreddit => nnreddit
Created nnreddit-20210912.236.tar containing:
  nnreddit-20210912.236/
  nnreddit-20210912.236/nnreddit-pkg.el
  nnreddit-20210912.236/nnreddit.el
  nnreddit-20210912.236/nnreddit/
  nnreddit-20210912.236/nnreddit/VERSION
  nnreddit-20210912.236/nnreddit/__init__.py
  nnreddit-20210912.236/nnreddit/__main__.py
  nnreddit-20210912.236/nnreddit/authenticated_reddit.py
  nnreddit-20210912.236/nnreddit/pylintrc
  nnreddit-20210912.236/nnreddit/templates/
  nnreddit-20210912.236/nnreddit/templates/index.html
  nnreddit-20210912.236/nnreddit/templates/mailcap
  nnreddit-20210912.236/nnreddit/templates/rtv.cfg
  nnreddit-20210912.236/requirements.txt
  nnreddit-20210912.236/setup.py
Built nnreddit in 9.574s, finished at 2021-10-22T16:00:10+0000
 ✓ Success:
4.0K -rw-r--r-- 1 root root  412 Oct 22 16:00 packages/nnreddit-20210912.236.entry
120K -rw-r--r-- 1 root root 120K Oct 22 16:00 packages/nnreddit-20210912.236.tar
4.0K -rw-r--r-- 1 root root 1.2K Oct 22 16:00 packages/nnreddit-badge.svg
4.0K -rw-r--r-- 1 root root   27 Oct 22 16:00 packages/nnreddit-readme.txt
