Package: nntwitter
Fetcher: github
Source:  https://github.com/dickmao/nntwitter.git

Updating /mnt/store/melpa/working/nntwitter/
Checking out origin/HEAD
Checking out a802ef9b589dda41bcb5d6cfce2faf8948c20c8c
Copying files (->) and directories (=>)
  from /mnt/store/melpa/working/nntwitter/
  to /tmp/nntwitterPIJHIM/nntwitter-20210911.1751
  ! lisp/nntwitter-api.el -> nntwitter-api.el
  ! lisp/nntwitter-pkg.el -> nntwitter-pkg.el
  ! lisp/nntwitter.el -> nntwitter.el
Created nntwitter-20210911.1751.tar containing:
  nntwitter-20210911.1751/
  nntwitter-20210911.1751/nntwitter-api.el
  nntwitter-20210911.1751/nntwitter-pkg.el
  nntwitter-20210911.1751/nntwitter.el
Built nntwitter in 7.612s, finished at 2021-10-22T16:00:11+0000
 ✓ Success:
4.0K -rw-r--r-- 1 root root  342 Oct 22 16:00 packages/nntwitter-20210911.1751.entry
 80K -rw-r--r-- 1 root root  80K Oct 22 16:00 packages/nntwitter-20210911.1751.tar
4.0K -rw-r--r-- 1 root root 1.2K Oct 22 16:00 packages/nntwitter-badge.svg
4.0K -rw-r--r-- 1 root root   28 Oct 22 16:00 packages/nntwitter-readme.txt
