Package: nofrils-acme-theme
Fetcher: gitlab
Source:  https://gitlab.com/esessoms/nofrils-theme.git

Updating /mnt/store/melpa/working/nofrils-acme-theme/
Checking out origin/HEAD
Checking out 98ad7bfaff1d85b33dc162645670285b067c6f92
Copying files (->) and directories (=>)
  from /mnt/store/melpa/working/nofrils-acme-theme/
  to /tmp/nofrils-acme-themeLgiBxe/nofrils-acme-theme-20180620.1248
    nofrils-acme-theme.el -> nofrils-acme-theme.el
    nofrils-dark-theme.el -> nofrils-dark-theme.el
    nofrils-light-theme.el -> nofrils-light-theme.el
    nofrils-sepia-theme.el -> nofrils-sepia-theme.el
Created nofrils-acme-theme-20180620.1248.tar containing:
  nofrils-acme-theme-20180620.1248/
  nofrils-acme-theme-20180620.1248/nofrils-acme-theme-pkg.el
  nofrils-acme-theme-20180620.1248/nofrils-acme-theme.el
  nofrils-acme-theme-20180620.1248/nofrils-dark-theme.el
  nofrils-acme-theme-20180620.1248/nofrils-light-theme.el
  nofrils-acme-theme-20180620.1248/nofrils-sepia-theme.el
Built nofrils-acme-theme in 7.999s, finished at 2021-10-22T16:00:25+0000
 ✓ Success:
4.0K -rw-r--r-- 1 root root 2.7K Jul  7 12:17 packages/nofrils-acme-theme-20180227.2153.el
4.0K -rw-r--r-- 1 root root  391 Oct 22 16:00 packages/nofrils-acme-theme-20180620.1248.entry
 20K -rw-r--r-- 1 root root  20K Oct 22 16:00 packages/nofrils-acme-theme-20180620.1248.tar
4.0K -rw-r--r-- 1 root root 1.2K Oct 22 16:00 packages/nofrils-acme-theme-badge.svg
4.0K -rw-r--r-- 1 root root  236 Oct 22 16:00 packages/nofrils-acme-theme-readme.txt
