Package: npm
Fetcher: github
Source:  https://github.com/shaneikennedy/npm.el.git

Updating /mnt/store/melpa/working/npm/
Checking out origin/HEAD
Checking out 2bd544162cdfce69d70806446569d12ec27ad46c
Copying files (->) and directories (=>)
  from /mnt/store/melpa/working/npm/
  to /tmp/npmVScmqT/npm-20210930.703
    npm-common.el -> npm-common.el
    npm-init.el -> npm-init.el
    npm-install.el -> npm-install.el
    npm-run.el -> npm-run.el
    npm-update.el -> npm-update.el
    npm.el -> npm.el
Created npm-20210930.703.tar containing:
  npm-20210930.703/
  npm-20210930.703/npm-common.el
  npm-20210930.703/npm-init.el
  npm-20210930.703/npm-install.el
  npm-20210930.703/npm-pkg.el
  npm-20210930.703/npm-run.el
  npm-20210930.703/npm-update.el
  npm-20210930.703/npm.el
Built npm in 9.225s, finished at 2021-10-22T16:00:55+0000
 ✓ Success:
4.0K -rw-r--r-- 1 root root  365 Oct 22 16:00 packages/npm-20210930.703.entry
 20K -rw-r--r-- 1 root root  20K Oct 22 16:00 packages/npm-20210930.703.tar
4.0K -rw-r--r-- 1 root root 1.2K Oct 22 16:00 packages/npm-badge.svg
8.0K -rw-r--r-- 1 root root 7.6K Oct 22 16:00 packages/npm-mode-20190616.2025.el
4.0K -rw-r--r-- 1 root root  419 Oct 22 12:05 packages/npm-mode-20190616.2025.entry
4.0K -rw-r--r-- 1 root root 1.2K Oct 22 12:05 packages/npm-mode-badge.svg
4.0K -rw-r--r-- 1 root root 1.1K Oct 22 12:05 packages/npm-mode-readme.txt
4.0K -rw-r--r-- 1 root root  208 Oct 22 16:00 packages/npm-mode.log
4.0K -rw-r--r-- 1 root root   58 Oct 22 16:00 packages/npm-readme.txt
