Package: nroam
Fetcher: github
Source:  https://github.com/NicolasPetton/nroam.git

Updating /mnt/store/melpa/working/nroam/
Checking out origin/HEAD
Checking out 9a76f16d3fdd49a1733e5f2777036f1f83068a40
Copying files (->) and directories (=>)
  from /mnt/store/melpa/working/nroam/
  to /tmp/nroam3akFlE/nroam-20210325.2015
    nroam-backlinks.el -> nroam-backlinks.el
    nroam-unlinked.el -> nroam-unlinked.el
    nroam-utils.el -> nroam-utils.el
    nroam.el -> nroam.el
Created nroam-20210325.2015.tar containing:
  nroam-20210325.2015/
  nroam-20210325.2015/nroam-backlinks.el
  nroam-20210325.2015/nroam-pkg.el
  nroam-20210325.2015/nroam-unlinked.el
  nroam-20210325.2015/nroam-utils.el
  nroam-20210325.2015/nroam.el
Built nroam in 5.332s, finished at 2021-10-22T16:01:01+0000
 ✓ Success:
4.0K -rw-r--r-- 1 root root  410 Oct 22 16:01 packages/nroam-20210325.2015.entry
 32K -rw-r--r-- 1 root root  30K Oct 22 16:01 packages/nroam-20210325.2015.tar
4.0K -rw-r--r-- 1 root root 1.2K Oct 22 16:01 packages/nroam-badge.svg
4.0K -rw-r--r-- 1 root root  283 Oct 22 16:01 packages/nroam-readme.txt
