Package: nubox
Fetcher: github
Source:  https://github.com/martijnat/nubox.git

Updating /mnt/store/melpa/working/nubox/
Checking out origin/HEAD
Checking out 1ccb8035ae42727ba6bdd5c1106fbceddeeed370
Copying files (->) and directories (=>)
  from /mnt/store/melpa/working/nubox/
  to /tmp/nuboxNjW5NS/nubox-20170619.910
    nubox-dark-theme.el -> nubox-dark-theme.el
    nubox-light-theme.el -> nubox-light-theme.el
    nubox-tty-theme.el -> nubox-tty-theme.el
    nubox.el -> nubox.el
Created nubox-20170619.910.tar containing:
  nubox-20170619.910/
  nubox-20170619.910/nubox-dark-theme.el
  nubox-20170619.910/nubox-light-theme.el
  nubox-20170619.910/nubox-pkg.el
  nubox-20170619.910/nubox-tty-theme.el
  nubox-20170619.910/nubox.el
Built nubox in 5.697s, finished at 2021-10-22T16:01:04+0000
 ✓ Success:
4.0K -rw-r--r-- 1 root root  296 Oct 22 16:01 packages/nubox-20170619.910.entry
 40K -rw-r--r-- 1 root root  40K Oct 22 16:01 packages/nubox-20170619.910.tar
4.0K -rw-r--r-- 1 root root 1.2K Oct 22 16:01 packages/nubox-badge.svg
4.0K -rw-r--r-- 1 root root  246 Oct 22 16:01 packages/nubox-readme.txt
