Package: nyan-mode
Fetcher: github
Source:  https://github.com/TeMPOraL/nyan-mode.git

Updating /mnt/store/melpa/working/nyan-mode/
Checking out origin/HEAD
Checking out 06e67ab2c490756d3eeed4a68aba7c33e508a5d5
Copying files (->) and directories (=>)
  from /mnt/store/melpa/working/nyan-mode/
  to /tmp/nyan-mode48ta1X/nyan-mode-20200526.1054
    nyan-mode.el -> nyan-mode.el
    img => img
    mus => mus
Created nyan-mode-20200526.1054.tar containing:
  nyan-mode-20200526.1054/
  nyan-mode-20200526.1054/img/
  nyan-mode-20200526.1054/img/nyan-frame-1.xpm
  nyan-mode-20200526.1054/img/nyan-frame-2.xpm
  nyan-mode-20200526.1054/img/nyan-frame-3.xpm
  nyan-mode-20200526.1054/img/nyan-frame-4.xpm
  nyan-mode-20200526.1054/img/nyan-frame-5.xpm
  nyan-mode-20200526.1054/img/nyan-frame-6.xpm
  nyan-mode-20200526.1054/img/nyan.xpm
  nyan-mode-20200526.1054/img/outerspace.xpm
  nyan-mode-20200526.1054/img/rainbow.xpm
  nyan-mode-20200526.1054/mus/
  nyan-mode-20200526.1054/mus/nyanlooped.mp3
  nyan-mode-20200526.1054/nyan-mode-pkg.el
  nyan-mode-20200526.1054/nyan-mode.el
Built nyan-mode in 5.069s, finished at 2021-10-22T16:01:12+0000
 ✓ Success:
4.0K -rw-r--r-- 1 root root  472 Oct 22 16:01 packages/nyan-mode-20200526.1054.entry
480K -rw-r--r-- 1 root root 480K Oct 22 16:01 packages/nyan-mode-20200526.1054.tar
4.0K -rw-r--r-- 1 root root 1.2K Oct 22 16:01 packages/nyan-mode-badge.svg
4.0K -rw-r--r-- 1 root root  536 Oct 22 16:01 packages/nyan-mode-readme.txt
