Package: ob-browser
Fetcher: github
Source:  https://github.com/krisajenkins/ob-browser.git

Updating /mnt/store/melpa/working/ob-browser/
Checking out origin/HEAD
Checking out a347d9df1c87b7eb660be8723982c7ad2563631a
Copying files (->) and directories (=>)
  from /mnt/store/melpa/working/ob-browser/
  to /tmp/ob-browserTyLUWy/ob-browser-20170720.1918
    ob-browser.js -> ob-browser.js
    ob-browser.el -> ob-browser.el
Created ob-browser-20170720.1918.tar containing:
  ob-browser-20170720.1918/
  ob-browser-20170720.1918/ob-browser-pkg.el
  ob-browser-20170720.1918/ob-browser.el
  ob-browser-20170720.1918/ob-browser.js
Built ob-browser in 5.872s, finished at 2021-10-22T16:01:23+0000
 ✓ Success:
4.0K -rw-r--r-- 1 root root  420 Oct 22 16:01 packages/ob-browser-20170720.1918.entry
 12K -rw-r--r-- 1 root root  10K Oct 22 16:01 packages/ob-browser-20170720.1918.tar
4.0K -rw-r--r-- 1 root root 1.2K Oct 22 16:01 packages/ob-browser-badge.svg
4.0K -rw-r--r-- 1 root root   33 Oct 22 16:01 packages/ob-browser-readme.txt
