Package: ob-crystal
Fetcher: github
Source:  https://github.com/brantou/ob-crystal.git

Updating /mnt/store/melpa/working/ob-crystal/
Checking out origin/HEAD
Checking out d84c1adee4b269cdba06a97caedb8071561a09af
Copying files (->) and directories (=>)
  from /mnt/store/melpa/working/ob-crystal/
  to /tmp/ob-crystalOE0zRw/ob-crystal-20180126.718
    ob-crystal.el -> ob-crystal.el
    test-ob-crystal.el -> test-ob-crystal.el
Created ob-crystal-20180126.718.tar containing:
  ob-crystal-20180126.718/
  ob-crystal-20180126.718/ob-crystal-pkg.el
  ob-crystal-20180126.718/ob-crystal.el
  ob-crystal-20180126.718/test-ob-crystal.el
Built ob-crystal in 4.563s, finished at 2021-10-22T16:01:27+0000
 ✓ Success:
4.0K -rw-r--r-- 1 root root  435 Oct 22 16:01 packages/ob-crystal-20180126.718.entry
 20K -rw-r--r-- 1 root root  20K Oct 22 16:01 packages/ob-crystal-20180126.718.tar
4.0K -rw-r--r-- 1 root root 1.2K Oct 22 16:01 packages/ob-crystal-badge.svg
4.0K -rw-r--r-- 1 root root  249 Oct 22 16:01 packages/ob-crystal-readme.txt
