Package: ob-coffee
Fetcher: github
Source:  https://github.com/zweifisch/ob-coffee.git

Updating /mnt/store/melpa/working/ob-coffee/
Checking out origin/HEAD
Checking out 7f0b330273e8af7777de87a75fe52a89798e4548
Copying files (->) and directories (=>)
  from /mnt/store/melpa/working/ob-coffee/
  to /tmp/ob-coffeeWZG2Ii/ob-coffee-20170725.1424
    ob-coffee.el -> ob-coffee.el
    repl.js -> repl.js
Created ob-coffee-20170725.1424.tar containing:
  ob-coffee-20170725.1424/
  ob-coffee-20170725.1424/ob-coffee-pkg.el
  ob-coffee-20170725.1424/ob-coffee.el
  ob-coffee-20170725.1424/repl.js
Built ob-coffee in 4.533s, finished at 2021-10-22T16:01:27+0000
 ✓ Success:
4.0K -rw-r--r-- 1 root root  403 Oct 22 16:01 packages/ob-coffee-20170725.1424.entry
 12K -rw-r--r-- 1 root root  10K Oct 22 16:01 packages/ob-coffee-20170725.1424.tar
4.0K -rw-r--r-- 1 root root 1.2K Oct 22 16:01 packages/ob-coffee-badge.svg
4.0K -rw-r--r-- 1 root root   50 Oct 22 16:01 packages/ob-coffee-readme.txt
