Package: ob-go
Fetcher: github
Source:  https://github.com/pope/ob-go.git

Updating /mnt/store/melpa/working/ob-go/
Checking out origin/HEAD
Checking out 2067ed55f4c1d33a43cb3f6948609d240a8915f5
Copying files (->) and directories (=>)
  from /mnt/store/melpa/working/ob-go/
  to /tmp/ob-go0saqR3/ob-go-20190201.2040
    ob-go.el -> ob-go.el
    test-ob-go.el -> test-ob-go.el
Created ob-go-20190201.2040.tar containing:
  ob-go-20190201.2040/
  ob-go-20190201.2040/ob-go-pkg.el
  ob-go-20190201.2040/ob-go.el
  ob-go-20190201.2040/test-ob-go.el
Built ob-go in 4.990s, finished at 2021-10-22T16:01:37+0000
 ✓ Success:
4.0K -rw-r--r-- 1 root root  327 Oct 22 16:01 packages/ob-go-20190201.2040.entry
 20K -rw-r--r-- 1 root root  20K Oct 22 16:01 packages/ob-go-20190201.2040.tar
4.0K -rw-r--r-- 1 root root 1.2K Oct 22 16:01 packages/ob-go-badge.svg
4.0K -rw-r--r-- 1 root root  965 Oct 22 16:01 packages/ob-go-readme.txt
