Package: ob-http
Fetcher: github
Source:  https://github.com/zweifisch/ob-http.git

Updating /mnt/store/melpa/working/ob-http/
Checking out origin/HEAD
Checking out b1428ea2a63bcb510e7382a1bf5fe82b19c104a7
Copying files (->) and directories (=>)
  from /mnt/store/melpa/working/ob-http/
  to /tmp/ob-httpOuQbUZ/ob-http-20180707.1448
    ob-http-mode.el -> ob-http-mode.el
    ob-http.el -> ob-http.el
Created ob-http-20180707.1448.tar containing:
  ob-http-20180707.1448/
  ob-http-20180707.1448/ob-http-mode.el
  ob-http-20180707.1448/ob-http-pkg.el
  ob-http-20180707.1448/ob-http.el
Built ob-http in 4.578s, finished at 2021-10-22T16:01:42+0000
 ✓ Success:
4.0K -rw-r--r-- 1 root root  341 Oct 22 16:01 packages/ob-http-20180707.1448.entry
 20K -rw-r--r-- 1 root root  20K Oct 22 16:01 packages/ob-http-20180707.1448.tar
4.0K -rw-r--r-- 1 root root 1.2K Oct 22 16:01 packages/ob-http-badge.svg
4.0K -rw-r--r-- 1 root root   32 Oct 22 16:01 packages/ob-http-readme.txt
