Package: ob-hy
Fetcher: github
Source:  https://github.com/brantou/ob-hy.git

Updating /mnt/store/melpa/working/ob-hy/
Checking out origin/HEAD
Checking out a42ecaf440adc03e279afe43ee5ef6093ddd542a
Copying files (->) and directories (=>)
  from /mnt/store/melpa/working/ob-hy/
  to /tmp/ob-hyNpJZv3/ob-hy-20180702.540
    ob-hy.el -> ob-hy.el
    test-ob-hy.el -> test-ob-hy.el
Created ob-hy-20180702.540.tar containing:
  ob-hy-20180702.540/
  ob-hy-20180702.540/ob-hy-pkg.el
  ob-hy-20180702.540/ob-hy.el
  ob-hy-20180702.540/test-ob-hy.el
Built ob-hy in 4.676s, finished at 2021-10-22T16:01:42+0000
 ✓ Success:
4.0K -rw-r--r-- 1 root root  377 Oct 22 16:01 packages/ob-hy-20180702.540.entry
 32K -rw-r--r-- 1 root root  30K Oct 22 16:01 packages/ob-hy-20180702.540.tar
4.0K -rw-r--r-- 1 root root 1.2K Oct 22 16:01 packages/ob-hy-badge.svg
4.0K -rw-r--r-- 1 root root  317 Oct 22 16:01 packages/ob-hy-readme.txt
