Package: ob-ipython
Fetcher: github
Source:  https://github.com/gregsexton/ob-ipython.git

Updating /mnt/store/melpa/working/ob-ipython/
Checking out origin/HEAD
Checking out 7147455230841744fb5b95dcbe03320313a77124
Copying files (->) and directories (=>)
  from /mnt/store/melpa/working/ob-ipython/
  to /tmp/ob-ipythonEIW6en/ob-ipython-20180224.953
    ob-ipython.el -> ob-ipython.el
    client.py -> client.py
Created ob-ipython-20180224.953.tar containing:
  ob-ipython-20180224.953/
  ob-ipython-20180224.953/client.py
  ob-ipython-20180224.953/ob-ipython-pkg.el
  ob-ipython-20180224.953/ob-ipython.el
Built ob-ipython in 4.623s, finished at 2021-10-22T16:01:42+0000
 ✓ Success:
4.0K -rw-r--r-- 1 root root  548 Oct 22 16:01 packages/ob-ipython-20180224.953.entry
 40K -rw-r--r-- 1 root root  40K Oct 22 16:01 packages/ob-ipython-20180224.953.tar
4.0K -rw-r--r-- 1 root root 1.2K Oct 22 16:01 packages/ob-ipython-badge.svg
4.0K -rw-r--r-- 1 root root   67 Oct 22 16:01 packages/ob-ipython-readme.txt
