Package: ob-ml-marklogic
Fetcher: github
Source:  https://github.com/ndw/ob-ml-marklogic.git

Updating /mnt/store/melpa/working/ob-ml-marklogic/
Checking out origin/HEAD
Checking out d5660ad14f29e17cd26ae92eeb585b24030e9570
Copying files (->) and directories (=>)
  from /mnt/store/melpa/working/ob-ml-marklogic/
  to /tmp/ob-ml-marklogicZeQKle/ob-ml-marklogic-20190312.1314
    ob-ml-common.el -> ob-ml-common.el
    ob-ml-javascript.el -> ob-ml-javascript.el
    ob-ml-marklogic.el -> ob-ml-marklogic.el
    ob-ml-sparql.el -> ob-ml-sparql.el
    ob-ml-xquery.el -> ob-ml-xquery.el
Created ob-ml-marklogic-20190312.1314.tar containing:
  ob-ml-marklogic-20190312.1314/
  ob-ml-marklogic-20190312.1314/ob-ml-common.el
  ob-ml-marklogic-20190312.1314/ob-ml-javascript.el
  ob-ml-marklogic-20190312.1314/ob-ml-marklogic-pkg.el
  ob-ml-marklogic-20190312.1314/ob-ml-marklogic.el
  ob-ml-marklogic-20190312.1314/ob-ml-sparql.el
  ob-ml-marklogic-20190312.1314/ob-ml-xquery.el
Built ob-ml-marklogic in 5.086s, finished at 2021-10-22T16:01:49+0000
 ✓ Success:
4.0K -rw-r--r-- 1 root root  386 Oct 22 16:01 packages/ob-ml-marklogic-20190312.1314.entry
 32K -rw-r--r-- 1 root root  30K Oct 22 16:01 packages/ob-ml-marklogic-20190312.1314.tar
4.0K -rw-r--r-- 1 root root 1.2K Oct 22 16:01 packages/ob-ml-marklogic-badge.svg
4.0K -rw-r--r-- 1 root root 3.9K Oct 22 16:01 packages/ob-ml-marklogic-readme.txt
