Package: objed
Fetcher: github
Source:  https://github.com/clemera/objed.git

Updating /mnt/store/melpa/working/objed/
Checking out origin/HEAD
Checking out 70f9fb5e0aa1627b0afc7c6b3d0aea9bac70a210
Copying files (->) and directories (=>)
  from /mnt/store/melpa/working/objed/
  to /tmp/objedixm1gi/objed-20200911.1435
    objed-objects.el -> objed-objects.el
    objed.el -> objed.el
Created objed-20200911.1435.tar containing:
  objed-20200911.1435/
  objed-20200911.1435/objed-objects.el
  objed-20200911.1435/objed-pkg.el
  objed-20200911.1435/objed.el
Built objed in 5.500s, finished at 2021-10-22T16:02:10+0000
 ✓ Success:
4.0K -rw-r--r-- 1 root root  369 Oct 22 16:02 packages/objed-20200911.1435.entry
252K -rw-r--r-- 1 root root 250K Oct 22 16:02 packages/objed-20200911.1435.tar
4.0K -rw-r--r-- 1 root root 1.2K Oct 22 16:02 packages/objed-badge.svg
8.0K -rw-r--r-- 1 root root 4.6K Oct 22 16:02 packages/objed-readme.txt
