Package: octicons
Fetcher: github
Source:  https://github.com/emacsorphanage/octicons.git

Updating /mnt/store/melpa/working/octicons/
Checking out origin/HEAD
Checking out a61e561966ffd8faa3b48ce5b3a4eec10c59708b
Copying files (->) and directories (=>)
  from /mnt/store/melpa/working/octicons/
  to /tmp/octiconsnZWXRj/octicons-20151101.340
    octicons-data.el -> octicons-data.el
    octicons.el -> octicons.el
Created octicons-20151101.340.tar containing:
  octicons-20151101.340/
  octicons-20151101.340/octicons-data.el
  octicons-20151101.340/octicons-pkg.el
  octicons-20151101.340/octicons.el
Built octicons in 5.693s, finished at 2021-10-22T16:02:21+0000
 ✓ Success:
4.0K -rw-r--r-- 1 root root  324 Oct 22 16:02 packages/octicons-20151101.340.entry
 12K -rw-r--r-- 1 root root  10K Oct 22 16:02 packages/octicons-20151101.340.tar
4.0K -rw-r--r-- 1 root root 1.2K Oct 22 16:02 packages/octicons-badge.svg
4.0K -rw-r--r-- 1 root root   54 Oct 22 16:02 packages/octicons-readme.txt
