Package: octopress
Fetcher: github
Source:  https://github.com/aaronbieber/octopress.el.git

Updating /mnt/store/melpa/working/octopress/
Checking out origin/HEAD
Checking out f2c92d5420f14fc9167c7de1873836510e652de2
Copying files (->) and directories (=>)
  from /mnt/store/melpa/working/octopress/
  to /tmp/octopressfDu4Q2/octopress-20190123.107
    octopress.el -> octopress.el
    octopress.texi -> octopress.texi
Created /tmp/octopressfDu4Q2/octopress-20190123.107/octopress.info
Created octopress-20190123.107.tar containing:
  octopress-20190123.107/
  octopress-20190123.107/dir
  octopress-20190123.107/octopress-pkg.el
  octopress-20190123.107/octopress.el
  octopress-20190123.107/octopress.info
Built octopress in 8.061s, finished at 2021-10-22T16:02:25+0000
 ✓ Success:
4.0K -rw-r--r-- 1 root root  386 Oct 22 16:02 packages/octopress-20190123.107.entry
 72K -rw-r--r-- 1 root root  70K Oct 22 16:02 packages/octopress-20190123.107.tar
4.0K -rw-r--r-- 1 root root 1.2K Oct 22 16:02 packages/octopress-badge.svg
4.0K -rw-r--r-- 1 root root 1.2K Oct 22 16:02 packages/octopress-readme.txt
