Package: oer-reveal
Fetcher: gitlab
Source:  https://gitlab.com/oer/oer-reveal.git

Updating /mnt/store/melpa/working/oer-reveal/
Checking out origin/HEAD
Checking out 12a795417f9ec0d06245a71de595b7aaba86c3df
Copying files (->) and directories (=>)
  from /mnt/store/melpa/working/oer-reveal/
  to /tmp/oer-revealkabPSM/oer-reveal-20211015.1032
    oer-reveal-publish.el -> oer-reveal-publish.el
    oer-reveal.el -> oer-reveal.el
    ox-oer-reveal.el -> ox-oer-reveal.el
    README.md -> README.md
    README.md.license -> README.md.license
    LICENSE -> LICENSE
    LICENSES => LICENSES
    org => org
    css => css
    title-slide => title-slide
    examples => examples
Created oer-reveal-20211015.1032.tar containing:
  oer-reveal-20211015.1032/
  oer-reveal-20211015.1032/LICENSE
  oer-reveal-20211015.1032/LICENSES/
  oer-reveal-20211015.1032/LICENSES/CC-BY-SA-4.0.txt
  oer-reveal-20211015.1032/LICENSES/CC0-1.0.txt
  oer-reveal-20211015.1032/LICENSES/GPL-3.0-or-later.txt
  oer-reveal-20211015.1032/LICENSES/LicenseRef-MIT-HEH-JL.txt
  oer-reveal-20211015.1032/LICENSES/LicenseRef-MIT-JL.txt
  oer-reveal-20211015.1032/README.md
  oer-reveal-20211015.1032/README.md.license
  oer-reveal-20211015.1032/css/
  oer-reveal-20211015.1032/css/dbis-longtitle.css
  oer-reveal-20211015.1032/css/dbis.css
  oer-reveal-20211015.1032/css/ercis-quote.css
  oer-reveal-20211015.1032/css/ercis.css
  oer-reveal-20211015.1032/css/ercis2019.css
  oer-reveal-20211015.1032/css/folder_inbox.png
  oer-reveal-20211015.1032/css/folder_inbox.png.base
  oer-reveal-20211015.1032/css/folder_inbox.png.base.license
  oer-reveal-20211015.1032/css/folder_inbox.png.license
  oer-reveal-20211015.1032/css/hidelinks.js
  oer-reveal-20211015.1032/css/index.css
  oer-reveal-20211015.1032/css/oer-reveal.css
  oer-reveal-20211015.1032/css/outgoing-link.png
  oer-reveal-20211015.1032/css/outgoing-link.png.base
  oer-reveal-20211015.1032/css/outgoing-link.png.base.license
  oer-reveal-20211015.1032/css/outgoing-link.png.license
  oer-reveal-20211015.1032/css/toc-style.css
  oer-reveal-20211015.1032/css/wwu-ercis.css
  oer-reveal-20211015.1032/examples/
  oer-reveal-20211015.1032/examples/publish.el
  oer-reveal-20211015.1032/examples/quizzes/
  oer-reveal-20211015.1032/examples/quizzes/usage-hints.js
  oer-reveal-20211015.1032/examples/test-audio-jump.org
  oer-reveal-20211015.1032/examples/test-default.org
  oer-reveal-20211015.1032/examples/test-license.org
  oer-reveal-20211015.1032/examples/test-local.org
  oer-reveal-20211015.1032/examples/test-plain.org
  oer-reveal-20211015.1032/examples/title-slide.html
  oer-reveal-20211015.1032/oer-reveal-pkg.el
  oer-reveal-20211015.1032/oer-reveal-publish.el
  oer-reveal-20211015.1032/oer-reveal.el
  oer-reveal-20211015.1032/org/
  oer-reveal-20211015.1032/org/backmatter-de.org
  oer-reveal-20211015.1032/org/backmatter-ercis.org
  oer-reveal-20211015.1032/org/backmatter.org
  oer-reveal-20211015.1032/org/bibliography-de.org
  oer-reveal-20211015.1032/org/bibliography.org
  oer-reveal-20211015.1032/org/config-de.org
  oer-reveal-20211015.1032/org/config-ercis2019-de.org
  oer-reveal-20211015.1032/org/config-ercis2019.org
  oer-reveal-20211015.1032/org/config-title-notes.org
  oer-reveal-20211015.1032/org/config-usage-notes-de.org
  oer-reveal-20211015.1032/org/config-usage-notes.org
  oer-reveal-20211015.1032/org/config.org
  oer-reveal-20211015.1032/org/finalslide-ercis.org
  oer-reveal-20211015.1032/org/learning-objectives-notes.org
  oer-reveal-20211015.1032/org/license-disclaimer-cc-by-sa-4.0-de.org
  oer-reveal-20211015.1032/org/license-disclaimer-cc-by-sa-4.0.org
  oer-reveal-20211015.1032/org/license-template-de.org
  oer-reveal-20211015.1032/org/license-template.org
  oer-reveal-20211015.1032/org/reveal.js-hints-de.org
  oer-reveal-20211015.1032/org/reveal.js-hints.org
  oer-reveal-20211015.1032/org/source-code-licenses-de.org
  oer-reveal-20211015.1032/org/source-code-licenses.org
  oer-reveal-20211015.1032/ox-oer-reveal.el
  oer-reveal-20211015.1032/title-slide/
  oer-reveal-20211015.1032/title-slide/course-mlde.html
  oer-reveal-20211015.1032/title-slide/csos.html
  oer-reveal-20211015.1032/title-slide/dbis-course.html
  oer-reveal-20211015.1032/title-slide/dbis-talk-de.html
  oer-reveal-20211015.1032/title-slide/dbis-talk-glr-de.html
  oer-reveal-20211015.1032/title-slide/dbis-talk-pdf.html
  oer-reveal-20211015.1032/title-slide/dbis-talk-qr-de.html
  oer-reveal-20211015.1032/title-slide/dbis-talk-qr.html
  oer-reveal-20211015.1032/title-slide/dbis-talk.html
  oer-reveal-20211015.1032/title-slide/ds.html
  oer-reveal-20211015.1032/title-slide/ercis-talk-online-qr.html
  oer-reveal-20211015.1032/title-slide/ercis-talk-online.html
  oer-reveal-20211015.1032/title-slide/ercis-talk.html
  oer-reveal-20211015.1032/title-slide/ercis-talk2019.html
  oer-reveal-20211015.1032/title-slide/ercis2019-talk-online-qr.html
  oer-reveal-20211015.1032/title-slide/ercis2019-vortrag.html
  oer-reveal-20211015.1032/title-slide/kurs-mlde.html
  oer-reveal-20211015.1032/title-slide/kurs.html
Built oer-reveal in 5.911s, finished at 2021-10-22T16:02:24+0000
 ✓ Success:
4.0K -rw-r--r-- 1 root root  448 Oct 22 16:02 packages/oer-reveal-20211015.1032.entry
500K -rw-r--r-- 1 root root 500K Oct 22 16:02 packages/oer-reveal-20211015.1032.tar
4.0K -rw-r--r-- 1 root root 1.2K Oct 22 16:02 packages/oer-reveal-badge.svg
4.0K -rw-r--r-- 1 root root  698 Oct 22 16:02 packages/oer-reveal-readme.txt
