Package: olc
Fetcher: git
Source:  https://gitlab.liu.se/davby02/olc.git

Updating /mnt/store/melpa/working/olc/
Checking out origin/HEAD
Checking out d2dc62dbc3cf6460cc12bd96857a988bc80ac37e
Copying files (->) and directories (=>)
  from /mnt/store/melpa/working/olc/
  to /tmp/olclpdoj5/olc-20200818.1221
    olc.el -> olc.el
    olc.info -> olc.info
    olc.texi -> olc.texi
Created olc-20200818.1221.tar containing:
  olc-20200818.1221/
  olc-20200818.1221/dir
  olc-20200818.1221/olc-pkg.el
  olc-20200818.1221/olc.el
  olc-20200818.1221/olc.info
Built olc in 7.239s, finished at 2021-10-22T16:02:28+0000
 ✓ Success:
4.0K -rw-r--r-- 1 root root  364 Oct 22 16:02 packages/olc-20200818.1221.entry
 60K -rw-r--r-- 1 root root  60K Oct 22 16:02 packages/olc-20200818.1221.tar
4.0K -rw-r--r-- 1 root root 1.2K Oct 22 16:02 packages/olc-badge.svg
4.0K -rw-r--r-- 1 root root  501 Oct 22 16:02 packages/olc-readme.txt
