Package: omni-quotes
Fetcher: github
Source:  https://github.com/AdrieanKhisbe/omni-quotes.el.git

Updating /mnt/store/melpa/working/omni-quotes/
Checking out origin/HEAD
Checking out cfc7b7f01628a5d57384820d1096de4541e67cdf
Copying files (->) and directories (=>)
  from /mnt/store/melpa/working/omni-quotes/
  to /tmp/omni-quotesqcS7qy/omni-quotes-20200304.2341
    omni-quotes-reader.el -> omni-quotes-reader.el
    omni-quotes-ring.el -> omni-quotes-ring.el
    omni-quotes-timer.el -> omni-quotes-timer.el
    omni-quotes.el -> omni-quotes.el
Created omni-quotes-20200304.2341.tar containing:
  omni-quotes-20200304.2341/
  omni-quotes-20200304.2341/omni-quotes-pkg.el
  omni-quotes-20200304.2341/omni-quotes-reader.el
  omni-quotes-20200304.2341/omni-quotes-ring.el
  omni-quotes-20200304.2341/omni-quotes-timer.el
  omni-quotes-20200304.2341/omni-quotes.el
Built omni-quotes in 5.116s, finished at 2021-10-22T16:02:32+0000
 ✓ Success:
4.0K -rw-r--r-- 1 root root  495 Oct 22 16:02 packages/omni-quotes-20200304.2341.entry
 32K -rw-r--r-- 1 root root  30K Oct 22 16:02 packages/omni-quotes-20200304.2341.tar
4.0K -rw-r--r-- 1 root root 1.2K Oct 22 16:02 packages/omni-quotes-badge.svg
4.0K -rw-r--r-- 1 root root  159 Oct 22 16:02 packages/omni-quotes-readme.txt
