Package: omni-tags
Fetcher: github
Source:  https://github.com/AdrieanKhisbe/omni-tags.el.git

Updating /mnt/store/melpa/working/omni-tags/
Checking out origin/HEAD
Checking out 8f0f6c302fab900b7681e5c039f90850cbbabd33
Copying files (->) and directories (=>)
  from /mnt/store/melpa/working/omni-tags/
  to /tmp/omni-tagsEB69GD/omni-tags-20170426.2109
    omni-tags-face.el -> omni-tags-face.el
    omni-tags-navigation.el -> omni-tags-navigation.el
    omni-tags-utils.el -> omni-tags-utils.el
    omni-tags.el -> omni-tags.el
Created omni-tags-20170426.2109.tar containing:
  omni-tags-20170426.2109/
  omni-tags-20170426.2109/omni-tags-face.el
  omni-tags-20170426.2109/omni-tags-navigation.el
  omni-tags-20170426.2109/omni-tags-pkg.el
  omni-tags-20170426.2109/omni-tags-utils.el
  omni-tags-20170426.2109/omni-tags.el
Built omni-tags in 5.064s, finished at 2021-10-22T16:02:36+0000
 ✓ Success:
4.0K -rw-r--r-- 1 root root  428 Oct 22 16:02 packages/omni-tags-20170426.2109.entry
 32K -rw-r--r-- 1 root root  30K Oct 22 16:02 packages/omni-tags-20170426.2109.tar
4.0K -rw-r--r-- 1 root root 1.2K Oct 22 16:02 packages/omni-tags-badge.svg
4.0K -rw-r--r-- 1 root root  420 Oct 22 16:02 packages/omni-tags-readme.txt
