Package: one-themes
Fetcher: github
Source:  https://github.com/balajisivaraman/emacs-one-themes.git

Updating /mnt/store/melpa/working/one-themes/
Checking out origin/HEAD
Checking out 0e77d31f9fc0cd55f3d92ec0db79513d616b2efd
Copying files (->) and directories (=>)
  from /mnt/store/melpa/working/one-themes/
  to /tmp/one-themesx4YD54/one-themes-20200720.1444
    one-dark-theme.el -> one-dark-theme.el
    one-light-theme.el -> one-light-theme.el
    one-themes.el -> one-themes.el
Created one-themes-20200720.1444.tar containing:
  one-themes-20200720.1444/
  one-themes-20200720.1444/one-dark-theme.el
  one-themes-20200720.1444/one-light-theme.el
  one-themes-20200720.1444/one-themes-pkg.el
  one-themes-20200720.1444/one-themes.el
Built one-themes in 5.070s, finished at 2021-10-22T16:02:40+0000
 ✓ Success:
4.0K -rw-r--r-- 1 root root  376 Oct 22 16:02 packages/one-themes-20200720.1444.entry
 40K -rw-r--r-- 1 root root  40K Oct 22 16:02 packages/one-themes-20200720.1444.tar
4.0K -rw-r--r-- 1 root root 1.2K Oct 22 16:02 packages/one-themes-badge.svg
4.0K -rw-r--r-- 1 root root  141 Oct 22 16:02 packages/one-themes-readme.txt
