Package: opener
Fetcher: github
Source:  https://github.com/0robustus1/opener.el.git

Updating /mnt/store/melpa/working/opener/
Checking out origin/HEAD
Checking out c384f67278046fdcd220275fdd212ab85672cbeb
Copying files (->) and directories (=>)
  from /mnt/store/melpa/working/opener/
  to /tmp/openerljgGvc/opener-20161207.1810
    opener.el -> opener.el
    opener.texi -> opener.texi
Created /tmp/openerljgGvc/opener-20161207.1810/opener.info
Created opener-20161207.1810.tar containing:
  opener-20161207.1810/
  opener-20161207.1810/dir
  opener-20161207.1810/opener-pkg.el
  opener-20161207.1810/opener.el
  opener-20161207.1810/opener.info
Built opener in 7.993s, finished at 2021-10-22T16:02:50+0000
 ✓ Success:
4.0K -rw-r--r-- 1 root root  404 Oct 22 16:02 packages/opener-20161207.1810.entry
 20K -rw-r--r-- 1 root root  20K Oct 22 16:02 packages/opener-20161207.1810.tar
4.0K -rw-r--r-- 1 root root 1.2K Oct 22 16:02 packages/opener-badge.svg
4.0K -rw-r--r-- 1 root root  571 Oct 22 16:02 packages/opener-readme.txt
