Package: opensource
Fetcher: github
Source:  https://github.com/OpenSourceOrg/el-opensourceorg.git

Updating /mnt/store/melpa/working/opensource/
Checking out origin/HEAD
Checking out 4c15049079878fcd386cca5dba20b99296a1de84
Copying files (->) and directories (=>)
  from /mnt/store/melpa/working/opensource/
  to /tmp/opensourcecr2Tta/opensource-20160926.1616
    opensource-api.el -> opensource-api.el
    opensource-http.el -> opensource-http.el
    opensource-licenses.el -> opensource-licenses.el
    opensource-utils.el -> opensource-utils.el
    opensource-version.el -> opensource-version.el
    opensource.el -> opensource.el
Created opensource-20160926.1616.tar containing:
  opensource-20160926.1616/
  opensource-20160926.1616/opensource-api.el
  opensource-20160926.1616/opensource-http.el
  opensource-20160926.1616/opensource-licenses.el
  opensource-20160926.1616/opensource-pkg.el
  opensource-20160926.1616/opensource-utils.el
  opensource-20160926.1616/opensource-version.el
  opensource-20160926.1616/opensource.el
Built opensource in 5.256s, finished at 2021-10-22T16:02:52+0000
 ✓ Success:
4.0K -rw-r--r-- 1 root root  519 Oct 22 16:02 packages/opensource-20160926.1616.entry
 20K -rw-r--r-- 1 root root  20K Oct 22 16:02 packages/opensource-20160926.1616.tar
4.0K -rw-r--r-- 1 root root 1.2K Oct 22 16:02 packages/opensource-badge.svg
4.0K -rw-r--r-- 1 root root  324 Oct 22 16:02 packages/opensource-readme.txt
