Package: orderless
Fetcher: github
Source:  https://github.com/oantolin/orderless.git

Updating /mnt/store/melpa/working/orderless/
Checking out origin/HEAD
Checking out 62f71c34baca0b7d0adeab4a1c07d85ffcee80d9
Copying files (->) and directories (=>)
  from /mnt/store/melpa/working/orderless/
  to /tmp/orderlesssUnzgN/orderless-20210912.1932
    orderless.el -> orderless.el
    orderless.texi -> orderless.texi
Created /tmp/orderlesssUnzgN/orderless-20210912.1932/orderless.info
Created orderless-20210912.1932.tar containing:
  orderless-20210912.1932/
  orderless-20210912.1932/dir
  orderless-20210912.1932/orderless-pkg.el
  orderless-20210912.1932/orderless.el
  orderless-20210912.1932/orderless.info
Built orderless in 9.985s, finished at 2021-10-22T16:02:59+0000
 ✓ Success:
4.0K -rw-r--r-- 1 root root  417 Oct 22 16:02 packages/orderless-20210912.1932.entry
 52K -rw-r--r-- 1 root root  50K Oct 22 16:02 packages/orderless-20210912.1932.tar
4.0K -rw-r--r-- 1 root root 1.2K Oct 22 16:02 packages/orderless-badge.svg
4.0K -rw-r--r-- 1 root root 1.2K Oct 22 16:02 packages/orderless-readme.txt
