Package: org-web-tools
Fetcher: github
Source:  https://github.com/alphapapa/org-web-tools.git

Updating /mnt/store/melpa/working/org-web-tools/
Copying files (->) and directories (=>)
  from /mnt/store/melpa/working/org-web-tools/
  to /tmp/org-web-toolsm6m9rO/org-web-tools-20201212.1058
    org-web-tools-archive.el -> org-web-tools-archive.el
    org-web-tools.el -> org-web-tools.el
Created org-web-tools-20201212.1058.tar containing:
  org-web-tools-20201212.1058/
  org-web-tools-20201212.1058/org-web-tools-archive.el
  org-web-tools-20201212.1058/org-web-tools-pkg.el
  org-web-tools-20201212.1058/org-web-tools.el
Built org-web-tools in 2.966s, finished at Sun Apr  4 15:55:11 2021
 ✓ Success:
4.0K -rw-r--r-- 1 root root  506 Apr  4 15:55 packages/org-web-tools-20201212.1058.entry
 52K -rw-r--r-- 1 root root  50K Apr  4 15:55 packages/org-web-tools-20201212.1058.tar
4.0K -rw-r--r-- 1 root root 1.2K Apr  4 15:55 packages/org-web-tools-badge.svg
4.0K -rw-r--r-- 1 root root  482 Apr  4 15:55 packages/org-web-tools-readme.txt
