Package: org-pivotal
Fetcher: github
Source:  https://github.com/org-pivotal/org-pivotal.git

Updating /mnt/store/melpa/working/org-pivotal/
Copying files (->) and directories (=>)
  from /mnt/store/melpa/working/org-pivotal/
  to /tmp/org-pivotalDOHiqQ/org-pivotal-20200607.1505
    org-pivotal-api.el -> org-pivotal-api.el
    org-pivotal.el -> org-pivotal.el
Created org-pivotal-20200607.1505.tar containing:
  org-pivotal-20200607.1505/
  org-pivotal-20200607.1505/org-pivotal-api.el
  org-pivotal-20200607.1505/org-pivotal-pkg.el
  org-pivotal-20200607.1505/org-pivotal.el
Built org-pivotal in 3.121s, finished at Sun Apr  4 15:54:21 2021
 ✓ Success:
4.0K -rw-r--r-- 1 root root  473 Apr  4 15:54 packages/org-pivotal-20200607.1505.entry
 20K -rw-r--r-- 1 root root  20K Apr  4 15:54 packages/org-pivotal-20200607.1505.tar
4.0K -rw-r--r-- 1 root root 1.2K Apr  4 15:54 packages/org-pivotal-badge.svg
4.0K -rw-r--r-- 1 root root   63 Apr  4 15:54 packages/org-pivotal-readme.txt
