Package: org-notifications
Fetcher: github
Source:  https://github.com/doppelc/org-notifications.git

Updating /mnt/store/melpa/working/org-notifications/
Copying files (->) and directories (=>)
  from /mnt/store/melpa/working/org-notifications/
  to /tmp/org-notificationszsjl4n/org-notifications-20210310.1149
    org-notifications.el -> org-notifications.el
    sounds => sounds
Created org-notifications-20210310.1149.tar containing:
  org-notifications-20210310.1149/
  org-notifications-20210310.1149/org-notifications-pkg.el
  org-notifications-20210310.1149/org-notifications.el
  org-notifications-20210310.1149/sounds/
  org-notifications-20210310.1149/sounds/ding_elevator.wav
  org-notifications-20210310.1149/sounds/ding_percussion.wav
Built org-notifications in 3.061s, finished at Sun Apr  4 15:54:15 2021
 ✓ Success:
4.0K -rw-r--r-- 1 root root  473 Apr  4 15:54 packages/org-notifications-20210310.1149.entry
380K -rw-r--r-- 1 root root 380K Apr  4 15:54 packages/org-notifications-20210310.1149.tar
4.0K -rw-r--r-- 1 root root 1.2K Apr  4 15:54 packages/org-notifications-badge.svg
4.0K -rw-r--r-- 1 root root  502 Apr  4 15:54 packages/org-notifications-readme.txt
