Package: org-jira
Fetcher: github
Source:  https://github.com/ahungry/org-jira.git

Updating /mnt/store/melpa/working/org-jira/
Copying files (->) and directories (=>)
  from /mnt/store/melpa/working/org-jira/
  to /tmp/org-jiraResxbv/org-jira-20210330.246
    jiralib.el -> jiralib.el
    org-jira.el -> org-jira.el
    org-jira-sdk.el -> org-jira-sdk.el
Created org-jira-20210330.246.tar containing:
  org-jira-20210330.246/
  org-jira-20210330.246/jiralib.el
  org-jira-20210330.246/org-jira-pkg.el
  org-jira-20210330.246/org-jira-sdk.el
  org-jira-20210330.246/org-jira.el
Built org-jira in 3.083s, finished at Sun Apr  4 15:54:00 2021
 ✓ Success:
4.0K -rw-r--r-- 1 root root  410 Apr  4 15:54 packages/org-jira-20210330.246.entry
172K -rw-r--r-- 1 root root 170K Apr  4 15:54 packages/org-jira-20210330.246.tar
4.0K -rw-r--r-- 1 root root 1.2K Apr  4 15:54 packages/org-jira-badge.svg
4.0K -rw-r--r-- 1 root root   83 Apr  4 15:54 packages/org-jira-readme.txt
