Package: org-gcal
Fetcher: github
Source:  https://github.com/kidd/org-gcal.el.git

Updating /mnt/store/melpa/working/org-gcal/
Copying files (->) and directories (=>)
  from /mnt/store/melpa/working/org-gcal/
  to /tmp/org-gcalzAGKzq/org-gcal-20210313.420
    org-gcal.el -> org-gcal.el
    org-generic-id.el -> org-generic-id.el
Created org-gcal-20210313.420.tar containing:
  org-gcal-20210313.420/
  org-gcal-20210313.420/org-gcal-pkg.el
  org-gcal-20210313.420/org-gcal.el
  org-gcal-20210313.420/org-generic-id.el
Built org-gcal in 2.812s, finished at Sun Apr  4 15:53:52 2021
 ✓ Success:
4.0K -rw-r--r-- 1 root root  480 Apr  4 15:53 packages/org-gcal-20210313.420.entry
100K -rw-r--r-- 1 root root 100K Apr  4 15:53 packages/org-gcal-20210313.420.tar
4.0K -rw-r--r-- 1 root root 1.2K Apr  4 15:53 packages/org-gcal-badge.svg
4.0K -rw-r--r-- 1 root root   75 Apr  4 15:53 packages/org-gcal-readme.txt
