Package: org-clock-reminder
Fetcher: github
Source:  https://github.com/inickey/org-clock-reminder.git

Updating /mnt/store/melpa/working/org-clock-reminder/
Checking out origin/HEAD
Checking out 9f9b88348ffbc6628f2286dcb4c064b520d0a638
Copying files (->) and directories (=>)
  from /mnt/store/melpa/working/org-clock-reminder/
  to /tmp/org-clock-reminderCH6Vck/org-clock-reminder-20211010.2139
    org-clock-reminder.el -> org-clock-reminder.el
  ! icons/clocking.png -> clocking.png
  ! icons/inactivity.png -> inactivity.png
Created org-clock-reminder-20211010.2139.tar containing:
  org-clock-reminder-20211010.2139/
  org-clock-reminder-20211010.2139/clocking.png
  org-clock-reminder-20211010.2139/inactivity.png
  org-clock-reminder-20211010.2139/org-clock-reminder-pkg.el
  org-clock-reminder-20211010.2139/org-clock-reminder.el
Built org-clock-reminder in 5.288s, finished at 2021-10-22T16:03:24+0000
 ✓ Success:
4.0K -rw-r--r-- 1 root root  438 Oct 22 16:03 packages/org-clock-reminder-20211010.2139.entry
 32K -rw-r--r-- 1 root root  30K Oct 22 16:03 packages/org-clock-reminder-20211010.2139.tar
4.0K -rw-r--r-- 1 root root 1.2K Oct 22 16:03 packages/org-clock-reminder-badge.svg
4.0K -rw-r--r-- 1 root root  217 Oct 22 16:03 packages/org-clock-reminder-readme.txt
