Package: org-super-agenda
Fetcher: github
Source:  https://github.com/alphapapa/org-super-agenda.git

Updating /mnt/store/melpa/working/org-super-agenda/
Copying files (->) and directories (=>)
  from /mnt/store/melpa/working/org-super-agenda/
  to /tmp/org-super-agendadwNVPP/org-super-agenda-20201211.918
    org-super-agenda.el -> org-super-agenda.el
    org-super-agenda.info -> org-super-agenda.info
Created org-super-agenda-20201211.918.tar containing:
  org-super-agenda-20201211.918/
  org-super-agenda-20201211.918/dir
  org-super-agenda-20201211.918/org-super-agenda-pkg.el
  org-super-agenda-20201211.918/org-super-agenda.el
  org-super-agenda-20201211.918/org-super-agenda.info
Built org-super-agenda in 3.457s, finished at Sun Apr  4 15:54:54 2021
 ✓ Success:
4.0K -rw-r--r-- 1 root root  533 Apr  4 15:54 packages/org-super-agenda-20201211.918.entry
 92K -rw-r--r-- 1 root root  90K Apr  4 15:54 packages/org-super-agenda-20201211.918.tar
4.0K -rw-r--r-- 1 root root 1.2K Apr  4 15:54 packages/org-super-agenda-badge.svg
4.0K -rw-r--r-- 1 root root 3.9K Apr  4 15:54 packages/org-super-agenda-readme.txt
