Package: org-cliplink
Fetcher: github
Source:  https://github.com/rexim/org-cliplink.git

Updating /mnt/store/melpa/working/org-cliplink/
Checking out origin/HEAD
Checking out 13e0940b65d22bec34e2de4bc8cba1412a7abfbc
Copying files (->) and directories (=>)
  from /mnt/store/melpa/working/org-cliplink/
  to /tmp/org-cliplinkypHMuB/org-cliplink-20201126.1020
    org-cliplink-string.el -> org-cliplink-string.el
    org-cliplink-transport.el -> org-cliplink-transport.el
    org-cliplink.el -> org-cliplink.el
Created org-cliplink-20201126.1020.tar containing:
  org-cliplink-20201126.1020/
  org-cliplink-20201126.1020/org-cliplink-pkg.el
  org-cliplink-20201126.1020/org-cliplink-string.el
  org-cliplink-20201126.1020/org-cliplink-transport.el
  org-cliplink-20201126.1020/org-cliplink.el
Built org-cliplink in 5.305s, finished at 2021-10-22T16:03:20+0000
 ✓ Success:
4.0K -rw-r--r-- 1 root root  354 Oct 22 16:03 packages/org-cliplink-20201126.1020.entry
 52K -rw-r--r-- 1 root root  50K Oct 22 16:03 packages/org-cliplink-20201126.1020.tar
4.0K -rw-r--r-- 1 root root 1.2K Oct 22 16:03 packages/org-cliplink-badge.svg
4.0K -rw-r--r-- 1 root root  289 Oct 22 16:03 packages/org-cliplink-readme.txt
