Package: org-toodledo
Fetcher: github
Source:  https://github.com/myuhe/org-toodledo.git

Updating /mnt/store/melpa/working/org-toodledo/
Copying files (->) and directories (=>)
  from /mnt/store/melpa/working/org-toodledo/
  to /tmp/org-toodledoFmQpA5/org-toodledo-20150301.1113
    org-toodledo-sim.el -> org-toodledo-sim.el
    org-toodledo.el -> org-toodledo.el
Created org-toodledo-20150301.1113.tar containing:
  org-toodledo-20150301.1113/
  org-toodledo-20150301.1113/org-toodledo-pkg.el
  org-toodledo-20150301.1113/org-toodledo-sim.el
  org-toodledo-20150301.1113/org-toodledo.el
Built org-toodledo in 3.799s, finished at Sun Apr  4 15:55:02 2021
 ✓ Success:
4.0K -rw-r--r-- 1 root root  401 Apr  4 15:55 packages/org-toodledo-20150301.1113.entry
132K -rw-r--r-- 1 root root 130K Apr  4 15:55 packages/org-toodledo-20150301.1113.tar
4.0K -rw-r--r-- 1 root root 1.2K Apr  4 15:55 packages/org-toodledo-badge.svg
4.0K -rw-r--r-- 1 root root 1.2K Apr  4 15:55 packages/org-toodledo-readme.txt
