Package: org-roam-server
Fetcher: github
Source:  https://github.com/org-roam/org-roam-server.git

Updating /mnt/store/melpa/working/org-roam-server/
Copying files (->) and directories (=>)
  from /mnt/store/melpa/working/org-roam-server/
  to /tmp/org-roam-serverWZI00E/org-roam-server-20210321.1040
    org-roam-server.el -> org-roam-server.el
    index.html -> index.html
    assets => assets
Created org-roam-server-20210321.1040.tar containing:
  org-roam-server-20210321.1040/
  org-roam-server-20210321.1040/assets/
  org-roam-server-20210321.1040/assets/bootstrap-toggle.min.css
  org-roam-server-20210321.1040/assets/bootstrap-toggle.min.js
  org-roam-server-20210321.1040/assets/bootstrap.min.css
  org-roam-server-20210321.1040/assets/bootstrap.min.js
  org-roam-server-20210321.1040/assets/jquery-3.5.0.min.js
  org-roam-server-20210321.1040/assets/org.css
  org-roam-server-20210321.1040/assets/select2.min.css
  org-roam-server-20210321.1040/assets/select2.min.js
  org-roam-server-20210321.1040/assets/vis-network.min.js
  org-roam-server-20210321.1040/index.html
  org-roam-server-20210321.1040/org-roam-server-pkg.el
  org-roam-server-20210321.1040/org-roam-server.el
Built org-roam-server in 4.893s, finished at Sun Apr  4 15:54:43 2021
 ✓ Success:
4.0K -rw-r--r-- 1 root root  531 Apr  4 15:54 packages/org-roam-server-20210321.1040.entry
1.3M -rw-r--r-- 1 root root 1.3M Apr  4 15:54 packages/org-roam-server-20210321.1040.tar
4.0K -rw-r--r-- 1 root root 1.2K Apr  4 15:54 packages/org-roam-server-badge.svg
4.0K -rw-r--r-- 1 root root  166 Apr  4 15:54 packages/org-roam-server-readme.txt
