Package: org-vcard
Fetcher: github
Source:  https://github.com/flexibeast/org-vcard.git

Updating /mnt/store/melpa/working/org-vcard/
Checking out origin/HEAD
Checking out f4b7445550deb30e170a25fc42541e99730e21d0
Copying files (->) and directories (=>)
  from /mnt/store/melpa/working/org-vcard/
  to /tmp/org-vcardgBQCRP/org-vcard-20210208.305
    org-vcard.el -> org-vcard.el
    styles => styles
Created org-vcard-20210208.305.tar containing:
  org-vcard-20210208.305/
  org-vcard-20210208.305/org-vcard-pkg.el
  org-vcard-20210208.305/org-vcard.el
  org-vcard-20210208.305/styles/
  org-vcard-20210208.305/styles/flat/
  org-vcard-20210208.305/styles/flat/functions.el
  org-vcard-20210208.305/styles/flat/mappings/
  org-vcard-20210208.305/styles/flat/mappings/en
  org-vcard-20210208.305/styles/flat/mappings/en_AU
  org-vcard-20210208.305/styles/flat/mappings/en_US
  org-vcard-20210208.305/styles/tree/
  org-vcard-20210208.305/styles/tree/functions.el
  org-vcard-20210208.305/styles/tree/mappings/
  org-vcard-20210208.305/styles/tree/mappings/en
  org-vcard-20210208.305/styles/tree/mappings/en_AU
  org-vcard-20210208.305/styles/tree/mappings/en_US
Built org-vcard in 5.566s, finished at 2021-10-22T16:06:18+0000
 ✓ Success:
4.0K -rw-r--r-- 1 root root  417 Oct 22 16:06 packages/org-vcard-20210208.305.entry
100K -rw-r--r-- 1 root root 100K Oct 22 16:06 packages/org-vcard-20210208.305.tar
4.0K -rw-r--r-- 1 root root 1.2K Oct 22 16:06 packages/org-vcard-badge.svg
8.0K -rw-r--r-- 1 root root 6.1K Oct 22 16:06 packages/org-vcard-readme.txt
