Package: org-analyzer
Fetcher: github
Source:  https://github.com/rksm/clj-org-analyzer.git

Updating /mnt/store/melpa/working/org-analyzer/
Checking out origin/HEAD
Checking out 19da62aa4dcf1090be8f574f6f2d4c7e116163a8
Copying files (->) and directories (=>)
  from /mnt/store/melpa/working/org-analyzer/
  to /tmp/org-analyzerFcJW9h/org-analyzer-20191001.1717
  ! org-analyzer-el/org-analyzer.jar -> org-analyzer.jar
  ! org-analyzer-el/org-analyzer-pkg.el -> org-analyzer-pkg.el
  ! org-analyzer-el/org-analyzer.el -> org-analyzer.el
Created org-analyzer-20191001.1717.tar containing:
  org-analyzer-20191001.1717/
  org-analyzer-20191001.1717/org-analyzer-pkg.el
  org-analyzer-20191001.1717/org-analyzer.el
  org-analyzer-20191001.1717/org-analyzer.jar
Built org-analyzer in 5.641s, finished at 2021-10-22T16:03:01+0000
 ✓ Success:
4.0K -rw-r--r-- 1 root root  376 Oct 22 16:03 packages/org-analyzer-20191001.1717.entry
 14M -rw-r--r-- 1 root root  14M Oct 22 16:03 packages/org-analyzer-20191001.1717.tar
4.0K -rw-r--r-- 1 root root 1.2K Oct 22 16:03 packages/org-analyzer-badge.svg
4.0K -rw-r--r-- 1 root root  503 Oct 22 16:03 packages/org-analyzer-readme.txt
