Package: org-dp
Fetcher: github
Source:  https://github.com/tj64/org-dp.git

Updating /mnt/store/melpa/working/org-dp/
Checking out origin/HEAD
Checking out e720f1c155a795a5b65a04790ad195c413449716
Copying files (->) and directories (=>)
  from /mnt/store/melpa/working/org-dp/
  to /tmp/org-dpjy36E8/org-dp-20180311.923
    org-dp-lib.el -> org-dp-lib.el
    org-dp.el -> org-dp.el
Created org-dp-20180311.923.tar containing:
  org-dp-20180311.923/
  org-dp-20180311.923/org-dp-lib.el
  org-dp-20180311.923/org-dp-pkg.el
  org-dp-20180311.923/org-dp.el
Built org-dp in 12.813s, finished at 2021-10-22T16:03:43+0000
 ✓ Success:
4.0K -rw-r--r-- 1 root root  339 Oct 22 16:03 packages/org-dp-20180311.923.entry
 72K -rw-r--r-- 1 root root  70K Oct 22 16:03 packages/org-dp-20180311.923.tar
4.0K -rw-r--r-- 1 root root 1.2K Oct 22 16:03 packages/org-dp-badge.svg
