Package: org-roam-bibtex
Fetcher: github
Source:  https://github.com/org-roam/org-roam-bibtex.git

Updating /mnt/store/melpa/working/org-roam-bibtex/
Copying files (->) and directories (=>)
  from /mnt/store/melpa/working/org-roam-bibtex/
  to /tmp/org-roam-bibtexiLuWQs/org-roam-bibtex-20210330.852
    orb-anystyle.el -> orb-anystyle.el
    orb-compat.el -> orb-compat.el
    orb-core.el -> orb-core.el
    orb-helm.el -> orb-helm.el
    orb-ivy.el -> orb-ivy.el
    orb-pdf-scrapper.el -> orb-pdf-scrapper.el
    orb-utils.el -> orb-utils.el
    org-roam-bibtex.el -> org-roam-bibtex.el
Created org-roam-bibtex-20210330.852.tar containing:
  org-roam-bibtex-20210330.852/
  org-roam-bibtex-20210330.852/orb-anystyle.el
  org-roam-bibtex-20210330.852/orb-compat.el
  org-roam-bibtex-20210330.852/orb-core.el
  org-roam-bibtex-20210330.852/orb-helm.el
  org-roam-bibtex-20210330.852/orb-ivy.el
  org-roam-bibtex-20210330.852/orb-pdf-scrapper.el
  org-roam-bibtex-20210330.852/orb-utils.el
  org-roam-bibtex-20210330.852/org-roam-bibtex-pkg.el
  org-roam-bibtex-20210330.852/org-roam-bibtex.el
Built org-roam-bibtex in 3.991s, finished at Sun Apr  4 15:54:41 2021
 ✓ Success:
4.0K -rw-r--r-- 1 root root  549 Apr  4 15:54 packages/org-roam-bibtex-20210330.852.entry
192K -rw-r--r-- 1 root root 190K Apr  4 15:54 packages/org-roam-bibtex-20210330.852.tar
4.0K -rw-r--r-- 1 root root 1.2K Apr  4 15:54 packages/org-roam-bibtex-badge.svg
4.0K -rw-r--r-- 1 root root 1.3K Apr  4 15:54 packages/org-roam-bibtex-readme.txt
