Package: org-re-reveal
Fetcher: gitlab
Source:  https://gitlab.com/oer/org-re-reveal.git

Updating /mnt/store/melpa/working/org-re-reveal/
Copying files (->) and directories (=>)
  from /mnt/store/melpa/working/org-re-reveal/
  to /tmp/org-re-revealziyIEJ/org-re-reveal-20210121.1011
    org-re-reveal.el -> org-re-reveal.el
    ox-re-reveal.el -> ox-re-reveal.el
Created org-re-reveal-20210121.1011.tar containing:
  org-re-reveal-20210121.1011/
  org-re-reveal-20210121.1011/org-re-reveal-pkg.el
  org-re-reveal-20210121.1011/org-re-reveal.el
  org-re-reveal-20210121.1011/ox-re-reveal.el
Built org-re-reveal in 4.092s, finished at Sun Apr  4 15:54:32 2021
 ✓ Success:
4.0K -rw-r--r-- 1 root root  346 Apr  4 15:54 packages/org-re-reveal-20210121.1011.entry
120K -rw-r--r-- 1 root root 120K Apr  4 15:54 packages/org-re-reveal-20210121.1011.tar
4.0K -rw-r--r-- 1 root root 1.2K Apr  4 15:54 packages/org-re-reveal-badge.svg
4.0K -rw-r--r-- 1 root root 1.7K Apr  4 15:54 packages/org-re-reveal-readme.txt
4.0K -rw-r--r-- 1 root root  502 Apr  4 14:51 packages/org-re-reveal-ref-20210104.1650.entry
 60K -rw-r--r-- 1 root root  60K Apr  4 14:51 packages/org-re-reveal-ref-20210104.1650.tar
4.0K -rw-r--r-- 1 root root 1.2K Apr  4 14:51 packages/org-re-reveal-ref-badge.svg
4.0K -rw-r--r-- 1 root root 2.0K Apr  4 14:51 packages/org-re-reveal-ref-readme.txt
4.0K -rw-r--r-- 1 root root  448 Apr  4 15:54 packages/org-re-reveal-ref.log
