Package: org-ehtml
Fetcher: github
Source:  https://github.com/eschulte/org-ehtml.git

Updating /mnt/store/melpa/working/org-ehtml/
Copying files (->) and directories (=>)
  from /mnt/store/melpa/working/org-ehtml/
  to /tmp/org-ehtmlgAqmFI/org-ehtml-20150506.2358
  ! src/org-ehtml-server.el -> org-ehtml-server.el
  ! src/org-ehtml-util.el -> org-ehtml-util.el
  ! src/org-ehtml.el -> org-ehtml.el
  ! src/ox-ehtml.el -> ox-ehtml.el
  ! src/ox-ehtml.js -> ox-ehtml.js
  ! src/ox-ehtml.css -> ox-ehtml.css
Created org-ehtml-20150506.2358.tar containing:
  org-ehtml-20150506.2358/
  org-ehtml-20150506.2358/org-ehtml-pkg.el
  org-ehtml-20150506.2358/org-ehtml-server.el
  org-ehtml-20150506.2358/org-ehtml-util.el
  org-ehtml-20150506.2358/org-ehtml.el
  org-ehtml-20150506.2358/ox-ehtml.css
  org-ehtml-20150506.2358/ox-ehtml.el
  org-ehtml-20150506.2358/ox-ehtml.js
Built org-ehtml in 2.785s, finished at Sun Apr  4 15:53:49 2021
 ✓ Success:
4.0K -rw-r--r-- 1 root root  411 Apr  4 15:53 packages/org-ehtml-20150506.2358.entry
 32K -rw-r--r-- 1 root root  30K Apr  4 15:53 packages/org-ehtml-20150506.2358.tar
4.0K -rw-r--r-- 1 root root 1.2K Apr  4 15:53 packages/org-ehtml-badge.svg
4.0K -rw-r--r-- 1 root root  505 Apr  4 15:53 packages/org-ehtml-readme.txt
