Package: org-treeusage
Fetcher: gitlab
Source:  https://gitlab.com/mtekman/org-treeusage.el.git

Updating /mnt/store/melpa/working/org-treeusage/
Copying files (->) and directories (=>)
  from /mnt/store/melpa/working/org-treeusage/
  to /tmp/org-treeusagezg0Sri/org-treeusage-20200418.1904
    org-treeusage-cycle.el -> org-treeusage-cycle.el
    org-treeusage-overlay.el -> org-treeusage-overlay.el
    org-treeusage-parse.el -> org-treeusage-parse.el
    org-treeusage.el -> org-treeusage.el
Created org-treeusage-20200418.1904.tar containing:
  org-treeusage-20200418.1904/
  org-treeusage-20200418.1904/org-treeusage-cycle.el
  org-treeusage-20200418.1904/org-treeusage-overlay.el
  org-treeusage-20200418.1904/org-treeusage-parse.el
  org-treeusage-20200418.1904/org-treeusage-pkg.el
  org-treeusage-20200418.1904/org-treeusage.el
Built org-treeusage in 3.034s, finished at Sun Apr  4 15:55:07 2021
 ✓ Success:
4.0K -rw-r--r-- 1 root root  387 Apr  4 15:55 packages/org-treeusage-20200418.1904.entry
 32K -rw-r--r-- 1 root root  30K Apr  4 15:55 packages/org-treeusage-20200418.1904.tar
4.0K -rw-r--r-- 1 root root 1.2K Apr  4 15:55 packages/org-treeusage-badge.svg
4.0K -rw-r--r-- 1 root root  208 Apr  4 15:55 packages/org-treeusage-readme.txt
