Package: org-ql
Fetcher: github
Source:  https://github.com/alphapapa/org-ql.git

Updating /mnt/store/melpa/working/org-ql/
Copying files (->) and directories (=>)
  from /mnt/store/melpa/working/org-ql/
  to /tmp/org-qlIWbVoQ/org-ql-20201213.1358
    org-ql-search.el -> org-ql-search.el
    org-ql-view.el -> org-ql-view.el
    org-ql.el -> org-ql.el
    org-ql.info -> org-ql.info
Created org-ql-20201213.1358.tar containing:
  org-ql-20201213.1358/
  org-ql-20201213.1358/dir
  org-ql-20201213.1358/org-ql-pkg.el
  org-ql-20201213.1358/org-ql-search.el
  org-ql-20201213.1358/org-ql-view.el
  org-ql-20201213.1358/org-ql.el
  org-ql-20201213.1358/org-ql.info
Built org-ql in 3.605s, finished at Sun Apr  4 15:54:29 2021
 ✓ Success:
4.0K -rw-r--r-- 1 root root  641 Apr  4 15:54 packages/org-ql-20201213.1358.entry
240K -rw-r--r-- 1 root root 240K Apr  4 15:54 packages/org-ql-20201213.1358.tar
4.0K -rw-r--r-- 1 root root 1.2K Apr  4 15:54 packages/org-ql-badge.svg
4.0K -rw-r--r-- 1 root root  272 Apr  4 15:54 packages/org-ql-readme.txt
