Package: org-ml
Fetcher: github
Source:  https://github.com/ndwarshuis/org-ml.git

Updating /mnt/store/melpa/working/org-ml/
Copying files (->) and directories (=>)
  from /mnt/store/melpa/working/org-ml/
  to /tmp/org-mlqmBx0P/org-ml-20210328.1655
    org-ml-macs.el -> org-ml-macs.el
    org-ml.el -> org-ml.el
Created org-ml-20210328.1655.tar containing:
  org-ml-20210328.1655/
  org-ml-20210328.1655/org-ml-macs.el
  org-ml-20210328.1655/org-ml-pkg.el
  org-ml-20210328.1655/org-ml.el
Built org-ml in 2.953s, finished at Sun Apr  4 15:54:08 2021
 ✓ Success:
4.0K -rw-r--r-- 1 root root  405 Apr  4 15:54 packages/org-ml-20210328.1655.entry
320K -rw-r--r-- 1 root root 320K Apr  4 15:54 packages/org-ml-20210328.1655.tar
4.0K -rw-r--r-- 1 root root 1.2K Apr  4 15:54 packages/org-ml-badge.svg
4.0K -rw-r--r-- 1 root root 1.2K Apr  4 15:54 packages/org-ml-readme.txt
