Package: org-commentary
Fetcher: github
Source:  https://github.com/smaximov/org-commentary.git

Updating /mnt/store/melpa/working/org-commentary/
Copying files (->) and directories (=>)
  from /mnt/store/melpa/working/org-commentary/
  to /tmp/org-commentaryBOROb3/org-commentary-20160802.637
    org-commentary-cli.el -> org-commentary-cli.el
    org-commentary-export.el -> org-commentary-export.el
    org-commentary-headers.el -> org-commentary-headers.el
    org-commentary-util.el -> org-commentary-util.el
    org-commentary.el -> org-commentary.el
    bin => bin
Created org-commentary-20160802.637.tar containing:
  org-commentary-20160802.637/
  org-commentary-20160802.637/bin/
  org-commentary-20160802.637/bin/org-doc
  org-commentary-20160802.637/org-commentary-cli.el
  org-commentary-20160802.637/org-commentary-export.el
  org-commentary-20160802.637/org-commentary-headers.el
  org-commentary-20160802.637/org-commentary-pkg.el
  org-commentary-20160802.637/org-commentary-util.el
  org-commentary-20160802.637/org-commentary.el
Built org-commentary in 3.157s, finished at Sun Apr  4 15:53:40 2021
 ✓ Success:
4.0K -rw-r--r-- 1 root root  473 Apr  4 15:53 packages/org-commentary-20160802.637.entry
 52K -rw-r--r-- 1 root root  50K Apr  4 15:53 packages/org-commentary-20160802.637.tar
4.0K -rw-r--r-- 1 root root 1.2K Apr  4 15:53 packages/org-commentary-badge.svg
 12K -rw-r--r-- 1 root root  11K Apr  4 15:53 packages/org-commentary-readme.txt
