Package: org-runbook
Fetcher: github
Source:  https://github.com/tyler-dodge/org-runbook.git

Updating /mnt/store/melpa/working/org-runbook/
Copying files (->) and directories (=>)
  from /mnt/store/melpa/working/org-runbook/
  to /tmp/org-runbookeJRYHn/org-runbook-20210102.1627
    org-runbook-ivy.el -> org-runbook-ivy.el
    org-runbook.el -> org-runbook.el
Created org-runbook-20210102.1627.tar containing:
  org-runbook-20210102.1627/
  org-runbook-20210102.1627/org-runbook-ivy.el
  org-runbook-20210102.1627/org-runbook-pkg.el
  org-runbook-20210102.1627/org-runbook.el
Built org-runbook in 4.450s, finished at Sun Apr  4 15:54:44 2021
 ✓ Success:
4.0K -rw-r--r-- 1 root root  533 Apr  4 15:54 packages/org-runbook-20210102.1627.entry
 40K -rw-r--r-- 1 root root  40K Apr  4 15:54 packages/org-runbook-20210102.1627.tar
4.0K -rw-r--r-- 1 root root 1.2K Apr  4 15:54 packages/org-runbook-badge.svg
4.0K -rw-r--r-- 1 root root 1.3K Apr  4 15:54 packages/org-runbook-readme.txt
