Package: org-chef
Fetcher: github
Source:  https://github.com/Chobbes/org-chef.git

Updating /mnt/store/melpa/working/org-chef/
Checking out origin/HEAD
Checking out 87e9a6c4844ff32f47c8d1108ec0f087a3148a8e
Copying files (->) and directories (=>)
  from /mnt/store/melpa/working/org-chef/
  to /tmp/org-chefjqMVNc/org-chef-20210930.1418
    org-chef-24kitchen.el -> org-chef-24kitchen.el
    org-chef-basics-with-babish.el -> org-chef-basics-with-babish.el
    org-chef-bbc-food.el -> org-chef-bbc-food.el
    org-chef-bbc-good-food.el -> org-chef-bbc-good-food.el
    org-chef-binging-with-babish.el -> org-chef-binging-with-babish.el
    org-chef-chef-koch.el -> org-chef-chef-koch.el
    org-chef-cultures-for-health.el -> org-chef-cultures-for-health.el
    org-chef-edit.el -> org-chef-edit.el
    org-chef-fine-cooking.el -> org-chef-fine-cooking.el
    org-chef-genius-kitchen.el -> org-chef-genius-kitchen.el
    org-chef-jamie-oliver.el -> org-chef-jamie-oliver.el
    org-chef-json-ld.el -> org-chef-json-ld.el
    org-chef-marmiton.el -> org-chef-marmiton.el
    org-chef-martha-stewart.el -> org-chef-martha-stewart.el
    org-chef-nytimes.el -> org-chef-nytimes.el
    org-chef-recipetin-eats.el -> org-chef-recipetin-eats.el
    org-chef-reluctant-gourmet.el -> org-chef-reluctant-gourmet.el
    org-chef-saveur.el -> org-chef-saveur.el
    org-chef-serious-eats.el -> org-chef-serious-eats.el
    org-chef-simply-recipes.el -> org-chef-simply-recipes.el
    org-chef-taste.el -> org-chef-taste.el
    org-chef-utils.el -> org-chef-utils.el
    org-chef-wordpress.el -> org-chef-wordpress.el
    org-chef-xiachufang.el -> org-chef-xiachufang.el
    org-chef.el -> org-chef.el
Created org-chef-20210930.1418.tar containing:
  org-chef-20210930.1418/
  org-chef-20210930.1418/org-chef-24kitchen.el
  org-chef-20210930.1418/org-chef-basics-with-babish.el
  org-chef-20210930.1418/org-chef-bbc-food.el
  org-chef-20210930.1418/org-chef-bbc-good-food.el
  org-chef-20210930.1418/org-chef-binging-with-babish.el
  org-chef-20210930.1418/org-chef-chef-koch.el
  org-chef-20210930.1418/org-chef-cultures-for-health.el
  org-chef-20210930.1418/org-chef-edit.el
  org-chef-20210930.1418/org-chef-fine-cooking.el
  org-chef-20210930.1418/org-chef-genius-kitchen.el
  org-chef-20210930.1418/org-chef-jamie-oliver.el
  org-chef-20210930.1418/org-chef-json-ld.el
  org-chef-20210930.1418/org-chef-marmiton.el
  org-chef-20210930.1418/org-chef-martha-stewart.el
  org-chef-20210930.1418/org-chef-nytimes.el
  org-chef-20210930.1418/org-chef-pkg.el
  org-chef-20210930.1418/org-chef-recipetin-eats.el
  org-chef-20210930.1418/org-chef-reluctant-gourmet.el
  org-chef-20210930.1418/org-chef-saveur.el
  org-chef-20210930.1418/org-chef-serious-eats.el
  org-chef-20210930.1418/org-chef-simply-recipes.el
  org-chef-20210930.1418/org-chef-taste.el
  org-chef-20210930.1418/org-chef-utils.el
  org-chef-20210930.1418/org-chef-wordpress.el
  org-chef-20210930.1418/org-chef-xiachufang.el
  org-chef-20210930.1418/org-chef.el
Built org-chef in 5.353s, finished at 2021-10-22T16:03:19+0000
 ✓ Success:
4.0K -rw-r--r-- 1 root root  450 Oct 22 16:03 packages/org-chef-20210930.1418.entry
132K -rw-r--r-- 1 root root 130K Oct 22 16:03 packages/org-chef-20210930.1418.tar
4.0K -rw-r--r-- 1 root root 1.2K Oct 22 16:03 packages/org-chef-badge.svg
4.0K -rw-r--r-- 1 root root  161 Oct 22 16:03 packages/org-chef-readme.txt
