Package: org-outlook
Fetcher: github
Source:  https://github.com/mattfidler/org-outlook.el.git

Updating /mnt/store/melpa/working/org-outlook/
Copying files (->) and directories (=>)
  from /mnt/store/melpa/working/org-outlook/
  to /tmp/org-outlookWmP1n7/org-outlook-20160705.1338
    org-outlook.el -> org-outlook.el
    dir -> dir
    org-outlook.info -> org-outlook.info
Created org-outlook-20160705.1338.tar containing:
  org-outlook-20160705.1338/
  org-outlook-20160705.1338/dir
  org-outlook-20160705.1338/org-outlook-pkg.el
  org-outlook-20160705.1338/org-outlook.el
  org-outlook-20160705.1338/org-outlook.info
Built org-outlook in 2.763s, finished at Sun Apr  4 15:54:18 2021
 ✓ Success:
4.0K -rw-r--r-- 1 root root  314 Apr  4 15:54 packages/org-outlook-20160705.1338.entry
 40K -rw-r--r-- 1 root root  40K Apr  4 15:54 packages/org-outlook-20160705.1338.tar
4.0K -rw-r--r-- 1 root root 1.2K Apr  4 15:54 packages/org-outlook-badge.svg
4.0K -rw-r--r-- 1 root root 2.0K Apr  4 15:54 packages/org-outlook-readme.txt
