Package: org2jekyll
Fetcher: github
Source:  https://github.com/ardumont/org2jekyll.git

Updating /mnt/store/melpa/working/org2jekyll/
Copying files (->) and directories (=>)
  from /mnt/store/melpa/working/org2jekyll/
  to /tmp/org2jekyll5NixMw/org2jekyll-20210220.1845
    org2jekyll-utilities.el -> org2jekyll-utilities.el
    org2jekyll.el -> org2jekyll.el
Created org2jekyll-20210220.1845.tar containing:
  org2jekyll-20210220.1845/
  org2jekyll-20210220.1845/org2jekyll-pkg.el
  org2jekyll-20210220.1845/org2jekyll-utilities.el
  org2jekyll-20210220.1845/org2jekyll.el
Built org2jekyll in 2.904s, finished at Sun Apr  4 15:55:17 2021
 ✓ Success:
4.0K -rw-r--r-- 1 root root  538 Apr  4 15:55 packages/org2jekyll-20210220.1845.entry
 40K -rw-r--r-- 1 root root  40K Apr  4 15:55 packages/org2jekyll-20210220.1845.tar
4.0K -rw-r--r-- 1 root root 1.2K Apr  4 15:55 packages/org2jekyll-badge.svg
4.0K -rw-r--r-- 1 root root  701 Apr  4 15:55 packages/org2jekyll-readme.txt
