Package: org2blog
Fetcher: github
Source:  https://github.com/org2blog/org2blog.git

Updating /mnt/store/melpa/working/org2blog/
Copying files (->) and directories (=>)
  from /mnt/store/melpa/working/org2blog/
  to /tmp/org2blog8axbim/org2blog-20200817.1842
    org2blog-autoloads.el -> org2blog-autoloads.el
    org2blog-pkg.el -> org2blog-pkg.el
    org2blog-test-system.el -> org2blog-test-system.el
    org2blog.el -> org2blog.el
    ox-wp.el -> ox-wp.el
    README.org -> README.org
Created org2blog-20200817.1842.tar containing:
  org2blog-20200817.1842/
  org2blog-20200817.1842/README.org
  org2blog-20200817.1842/org2blog-autoloads.el
  org2blog-20200817.1842/org2blog-pkg.el
  org2blog-20200817.1842/org2blog-test-system.el
  org2blog-20200817.1842/org2blog.el
  org2blog-20200817.1842/ox-wp.el
Built org2blog in 3.357s, finished at Sun Apr  4 15:55:13 2021
 ✓ Success:
4.0K -rw-r--r-- 1 root root  503 Apr  4 15:55 packages/org2blog-20200817.1842.entry
220K -rw-r--r-- 1 root root 220K Apr  4 15:55 packages/org2blog-20200817.1842.tar
4.0K -rw-r--r-- 1 root root 1.2K Apr  4 15:55 packages/org2blog-badge.svg
4.0K -rw-r--r-- 1 root root  163 Apr  4 15:55 packages/org2blog-readme.txt
