Package: organize-imports-java
Fetcher: github
Source:  https://github.com/jcs-elpa/organize-imports-java.git

Updating /mnt/store/melpa/working/organize-imports-java/
Copying files (->) and directories (=>)
  from /mnt/store/melpa/working/organize-imports-java/
  to /tmp/organize-imports-java4YpVAv/organize-imports-java-20210121.606
    organize-imports-java.el -> organize-imports-java.el
    sdk => sdk
    default => default
Created organize-imports-java-20210121.606.tar containing:
  organize-imports-java-20210121.606/
  organize-imports-java-20210121.606/default/
  organize-imports-java-20210121.606/default/oij.config
  organize-imports-java-20210121.606/organize-imports-java-pkg.el
  organize-imports-java-20210121.606/organize-imports-java.el
  organize-imports-java-20210121.606/sdk/
  organize-imports-java-20210121.606/sdk/jre/
  organize-imports-java-20210121.606/sdk/jre/lib/
  organize-imports-java-20210121.606/sdk/jre/lib/charsets.jar
  organize-imports-java-20210121.606/sdk/jre/lib/ext/
  organize-imports-java-20210121.606/sdk/jre/lib/ext/cldrdata.jar
  organize-imports-java-20210121.606/sdk/jre/lib/ext/dnsns.jar
  organize-imports-java-20210121.606/sdk/jre/lib/ext/jaccess.jar
  organize-imports-java-20210121.606/sdk/jre/lib/ext/jfxrt.jar
  organize-imports-java-20210121.606/sdk/jre/lib/ext/localedata.jar
  organize-imports-java-20210121.606/sdk/jre/lib/ext/nashorn.jar
  organize-imports-java-20210121.606/sdk/jre/lib/ext/sunec.jar
  organize-imports-java-20210121.606/sdk/jre/lib/ext/sunjce_provider.jar
  organize-imports-java-20210121.606/sdk/jre/lib/ext/sunmscapi.jar
  organize-imports-java-20210121.606/sdk/jre/lib/ext/sunpkcs11.jar
  organize-imports-java-20210121.606/sdk/jre/lib/ext/zipfs.jar
  organize-imports-java-20210121.606/sdk/jre/lib/jfr.jar
  organize-imports-java-20210121.606/sdk/jre/lib/jsse.jar
  organize-imports-java-20210121.606/sdk/jre/lib/resources.jar
  organize-imports-java-20210121.606/sdk/jre/lib/rt.jar
  organize-imports-java-20210121.606/sdk/version.txt
Built organize-imports-java in 6.442s, finished at Sun Apr  4 15:55:22 2021
 ✓ Success:
4.0K -rw-r--r-- 1 root root  468 Apr  4 15:55 packages/organize-imports-java-20210121.606.entry
 88M -rw-r--r-- 1 root root  88M Apr  4 15:55 packages/organize-imports-java-20210121.606.tar
4.0K -rw-r--r-- 1 root root 1.2K Apr  4 15:55 packages/organize-imports-java-badge.svg
4.0K -rw-r--r-- 1 root root  185 Apr  4 15:55 packages/organize-imports-java-readme.txt
