Package: orglue
Fetcher: github
Source:  https://github.com/yoshinari-nomura/orglue.git

Updating /mnt/store/melpa/working/orglue/
Copying files (->) and directories (=>)
  from /mnt/store/melpa/working/orglue/
  to /tmp/orglueWSbRoI/orglue-20200411.311
    orglue-publish.el -> orglue-publish.el
    orglue.el -> orglue.el
Created orglue-20200411.311.tar containing:
  orglue-20200411.311/
  orglue-20200411.311/orglue-pkg.el
  orglue-20200411.311/orglue-publish.el
  orglue-20200411.311/orglue.el
Built orglue in 2.764s, finished at Sun Apr  4 15:55:22 2021
 ✓ Success:
4.0K -rw-r--r-- 1 root root  308 Apr  4 15:55 packages/orglue-20200411.311.entry
 32K -rw-r--r-- 1 root root  30K Apr  4 15:55 packages/orglue-20200411.311.tar
4.0K -rw-r--r-- 1 root root 1.2K Apr  4 15:55 packages/orglue-badge.svg
   0 -rw-r--r-- 1 root root    0 Apr  4 15:55 packages/orglue-readme.txt
