Package: orgtbl-aggregate
Fetcher: github
Source:  https://github.com/tbanel/orgaggregate.git

Updating /mnt/store/melpa/working/orgtbl-aggregate/
Copying files (->) and directories (=>)
  from /mnt/store/melpa/working/orgtbl-aggregate/
  to /tmp/orgtbl-aggregatei1IRyA/orgtbl-aggregate-20210315.1415
    org-insert-dblock.el -> org-insert-dblock.el
    orgtbl-aggregate.el -> orgtbl-aggregate.el
Created orgtbl-aggregate-20210315.1415.tar containing:
  orgtbl-aggregate-20210315.1415/
  orgtbl-aggregate-20210315.1415/org-insert-dblock.el
  orgtbl-aggregate-20210315.1415/orgtbl-aggregate-pkg.el
  orgtbl-aggregate-20210315.1415/orgtbl-aggregate.el
Built orgtbl-aggregate in 3.008s, finished at Sun Apr  4 15:55:24 2021
 ✓ Success:
4.0K -rw-r--r-- 1 root root  226 Apr  4 15:55 packages/orgtbl-aggregate-20210315.1415.entry
 60K -rw-r--r-- 1 root root  60K Apr  4 15:55 packages/orgtbl-aggregate-20210315.1415.tar
4.0K -rw-r--r-- 1 root root 1.2K Apr  4 15:55 packages/orgtbl-aggregate-badge.svg
4.0K -rw-r--r-- 1 root root 1.6K Apr  4 15:55 packages/orgtbl-aggregate-readme.txt
