Package: origami
Fetcher: github
Source:  https://github.com/gregsexton/origami.el.git

Updating /mnt/store/melpa/working/origami/
Copying files (->) and directories (=>)
  from /mnt/store/melpa/working/origami/
  to /tmp/origami7fDWdA/origami-20200331.1019
    origami-parsers.el -> origami-parsers.el
    origami.el -> origami.el
Created origami-20200331.1019.tar containing:
  origami-20200331.1019/
  origami-20200331.1019/origami-parsers.el
  origami-20200331.1019/origami-pkg.el
  origami-20200331.1019/origami.el
Built origami in 2.974s, finished at Sun Apr  4 15:55:27 2021
 ✓ Success:
4.0K -rw-r--r-- 1 root root  415 Apr  4 15:55 packages/origami-20200331.1019.entry
 60K -rw-r--r-- 1 root root  60K Apr  4 15:55 packages/origami-20200331.1019.tar
4.0K -rw-r--r-- 1 root root 1.2K Apr  4 15:55 packages/origami-badge.svg
8.0K -rw-r--r-- 1 root root 4.4K Apr  4 15:55 packages/origami-predef-20200615.1044.el
4.0K -rw-r--r-- 1 root root  483 Apr  4 14:51 packages/origami-predef-20200615.1044.entry
4.0K -rw-r--r-- 1 root root 1.2K Apr  4 14:51 packages/origami-predef-badge.svg
4.0K -rw-r--r-- 1 root root 1.2K Apr  4 14:51 packages/origami-predef-readme.txt
4.0K -rw-r--r-- 1 root root  160 Apr  4 15:55 packages/origami-predef.log
   0 -rw-r--r-- 1 root root    0 Apr  4 15:55 packages/origami-readme.txt
