Package: osa
Fetcher: github
Source:  https://github.com/atomontage/osa.git

Updating /mnt/store/melpa/working/osa/
Copying files (->) and directories (=>)
  from /mnt/store/melpa/working/osa/
  to /tmp/osaT8cCOz/osa-20200522.2103
    osa-examples.el -> osa-examples.el
    osa.el -> osa.el
    scripts/notify.js -> scripts/notify.js
    scripts/show-finder.applescript -> scripts/show-finder.applescript
    scripts/terminal.applescript -> scripts/terminal.applescript
Created osa-20200522.2103.tar containing:
  osa-20200522.2103/
  osa-20200522.2103/osa-examples.el
  osa-20200522.2103/osa-pkg.el
  osa-20200522.2103/osa.el
  osa-20200522.2103/scripts/
  osa-20200522.2103/scripts/notify.js
  osa-20200522.2103/scripts/show-finder.applescript
  osa-20200522.2103/scripts/terminal.applescript
Built osa in 3.030s, finished at Sun Apr  4 15:55:29 2021
 ✓ Success:
4.0K -rw-r--r-- 1 root root  354 Apr  4 15:55 packages/osa-20200522.2103.entry
 32K -rw-r--r-- 1 root root  30K Apr  4 15:55 packages/osa-20200522.2103.tar
4.0K -rw-r--r-- 1 root root 1.2K Apr  4 15:55 packages/osa-badge.svg
4.0K -rw-r--r-- 1 root root  398 Apr  4 15:55 packages/osa-chrome-20201122.1639.entry
 72K -rw-r--r-- 1 root root  70K Apr  4 15:55 packages/osa-chrome-20201122.1639.tar
4.0K -rw-r--r-- 1 root root 1.2K Apr  4 14:52 packages/osa-chrome-badge.svg
4.0K -rw-r--r-- 1 root root  306 Apr  4 15:55 packages/osa-chrome-readme.txt
4.0K -rw-r--r-- 1 root root 1.5K Apr  4 15:55 packages/osa-chrome.log
4.0K -rw-r--r-- 1 root root  210 Apr  4 15:55 packages/osa-readme.txt
