Package: osx-org-clock-menubar
Fetcher: github
Source:  https://github.com/jordonbiondo/osx-org-clock-menubar.git

Updating /mnt/store/melpa/working/osx-org-clock-menubar/
Copying files (->) and directories (=>)
  from /mnt/store/melpa/working/osx-org-clock-menubar/
  to /tmp/osx-org-clock-menubarNWfQEH/osx-org-clock-menubar-20150205.2111
    osx-org-clock-menubar.el -> osx-org-clock-menubar.el
    ocm-server.rb -> ocm-server.rb
Created osx-org-clock-menubar-20150205.2111.tar containing:
  osx-org-clock-menubar-20150205.2111/
  osx-org-clock-menubar-20150205.2111/ocm-server.rb
  osx-org-clock-menubar-20150205.2111/osx-org-clock-menubar-pkg.el
  osx-org-clock-menubar-20150205.2111/osx-org-clock-menubar.el
Built osx-org-clock-menubar in 3.210s, finished at Sun Apr  4 15:55:33 2021
 ✓ Success:
4.0K -rw-r--r-- 1 root root  390 Apr  4 15:55 packages/osx-org-clock-menubar-20150205.2111.entry
 20K -rw-r--r-- 1 root root  20K Apr  4 15:55 packages/osx-org-clock-menubar-20150205.2111.tar
4.0K -rw-r--r-- 1 root root 1.2K Apr  4 15:55 packages/osx-org-clock-menubar-badge.svg
4.0K -rw-r--r-- 1 root root  609 Apr  4 15:55 packages/osx-org-clock-menubar-readme.txt
