Package: osx-trash
Fetcher: github
Source:  https://github.com/emacsorphanage/osx-trash.git

Updating /mnt/store/melpa/working/osx-trash/
Copying files (->) and directories (=>)
  from /mnt/store/melpa/working/osx-trash/
  to /tmp/osx-trashXWLyJK/osx-trash-20160520.1300
    osx-trash.el -> osx-trash.el
    trashfile.AppleScript -> trashfile.AppleScript
Created osx-trash-20160520.1300.tar containing:
  osx-trash-20160520.1300/
  osx-trash-20160520.1300/osx-trash-pkg.el
  osx-trash-20160520.1300/osx-trash.el
  osx-trash-20160520.1300/trashfile.AppleScript
Built osx-trash in 3.131s, finished at Sun Apr  4 15:55:35 2021
 ✓ Success:
4.0K -rw-r--r-- 1 root root  414 Apr  4 15:55 packages/osx-trash-20160520.1300.entry
 12K -rw-r--r-- 1 root root  10K Apr  4 15:55 packages/osx-trash-20160520.1300.tar
4.0K -rw-r--r-- 1 root root 1.2K Apr  4 15:55 packages/osx-trash-badge.svg
4.0K -rw-r--r-- 1 root root  720 Apr  4 15:55 packages/osx-trash-readme.txt
