Package: osx-location
Fetcher: github
Source:  https://github.com/purcell/osx-location.git

Updating /mnt/store/melpa/working/osx-location/
Copying files (->) and directories (=>)
  from /mnt/store/melpa/working/osx-location/
  to /tmp/osx-location4h5wIF/osx-location-20200304.2209
    osx-location.el -> osx-location.el
    EmacsLocationHelper -> EmacsLocationHelper
Created osx-location-20200304.2209.tar containing:
  osx-location-20200304.2209/
  osx-location-20200304.2209/EmacsLocationHelper
  osx-location-20200304.2209/osx-location-pkg.el
  osx-location-20200304.2209/osx-location.el
Built osx-location in 3.199s, finished at Sun Apr  4 15:55:33 2021
 ✓ Success:
4.0K -rw-r--r-- 1 root root  417 Apr  4 15:55 packages/osx-location-20200304.2209.entry
 32K -rw-r--r-- 1 root root  30K Apr  4 15:55 packages/osx-location-20200304.2209.tar
4.0K -rw-r--r-- 1 root root 1.2K Apr  4 15:55 packages/osx-location-badge.svg
4.0K -rw-r--r-- 1 root root 1.3K Apr  4 15:55 packages/osx-location-readme.txt
