Package: outshine
Fetcher: github
Source:  https://github.com/alphapapa/outshine.git

Updating /mnt/store/melpa/working/outshine/
Copying files (->) and directories (=>)
  from /mnt/store/melpa/working/outshine/
  to /tmp/outshineJH2DpA/outshine-20191112.1414
    outshine-org-cmds.el -> outshine-org-cmds.el
    outshine.el -> outshine.el
Created outshine-20191112.1414.tar containing:
  outshine-20191112.1414/
  outshine-20191112.1414/outshine-org-cmds.el
  outshine-20191112.1414/outshine-pkg.el
  outshine-20191112.1414/outshine.el
Built outshine in 3.138s, finished at Sun Apr  4 15:55:41 2021
 ✓ Success:
4.0K -rw-r--r-- 1 root root  398 Apr  4 15:55 packages/outshine-20191112.1414.entry
280K -rw-r--r-- 1 root root 280K Apr  4 15:55 packages/outshine-20191112.1414.tar
4.0K -rw-r--r-- 1 root root 1.2K Apr  4 15:55 packages/outshine-badge.svg
4.0K -rw-r--r-- 1 root root  178 Apr  4 15:55 packages/outshine-readme.txt
