Package: ox-bibtex-chinese
Fetcher: github
Source:  https://github.com/tumashu/ox-bibtex-chinese.git

Updating /mnt/store/melpa/working/ox-bibtex-chinese/
Copying files (->) and directories (=>)
  from /mnt/store/melpa/working/ox-bibtex-chinese/
  to /tmp/ox-bibtex-chineseOaWO4P/ox-bibtex-chinese-20170723.309
    ox-bibtex-chinese-pkg.el -> ox-bibtex-chinese-pkg.el
    ox-bibtex-chinese.el -> ox-bibtex-chinese.el
    bibtex-styles => bibtex-styles
Created ox-bibtex-chinese-20170723.309.tar containing:
  ox-bibtex-chinese-20170723.309/
  ox-bibtex-chinese-20170723.309/bibtex-styles/
  ox-bibtex-chinese-20170723.309/bibtex-styles/GBT7714-2005-latex/
  ox-bibtex-chinese-20170723.309/bibtex-styles/GBT7714-2005-latex/GBT7714-2005AYLang-UTF8.bst
  ox-bibtex-chinese-20170723.309/bibtex-styles/GBT7714-2005-latex/GBT7714-2005NLang-UTF8.bst
  ox-bibtex-chinese-20170723.309/ox-bibtex-chinese-pkg.el
  ox-bibtex-chinese-20170723.309/ox-bibtex-chinese.el
Built ox-bibtex-chinese in 6.040s, finished at Sun Apr  4 15:55:55 2021
 ✓ Success:
4.0K -rw-r--r-- 1 root root  370 Apr  4 15:55 packages/ox-bibtex-chinese-20170723.309.entry
192K -rw-r--r-- 1 root root 190K Apr  4 15:55 packages/ox-bibtex-chinese-20170723.309.tar
4.0K -rw-r--r-- 1 root root 1.2K Apr  4 15:55 packages/ox-bibtex-chinese-badge.svg
4.0K -rw-r--r-- 1 root root  712 Apr  4 15:55 packages/ox-bibtex-chinese-readme.txt
