Package: ox-hugo
Fetcher: github
Source:  https://github.com/kaushalmodi/ox-hugo.git

Updating /mnt/store/melpa/working/ox-hugo/
Copying files (->) and directories (=>)
  from /mnt/store/melpa/working/ox-hugo/
  to /tmp/ox-hugou3faZt/ox-hugo-20210330.1758
    org-hugo-auto-export-mode.el -> org-hugo-auto-export-mode.el
    ox-blackfriday.el -> ox-blackfriday.el
    ox-hugo-pandoc-cite.el -> ox-hugo-pandoc-cite.el
    ox-hugo.el -> ox-hugo.el
Created ox-hugo-20210330.1758.tar containing:
  ox-hugo-20210330.1758/
  ox-hugo-20210330.1758/org-hugo-auto-export-mode.el
  ox-hugo-20210330.1758/ox-blackfriday.el
  ox-hugo-20210330.1758/ox-hugo-pandoc-cite.el
  ox-hugo-20210330.1758/ox-hugo-pkg.el
  ox-hugo-20210330.1758/ox-hugo.el
Built ox-hugo in 11.819s, finished at Sun Apr  4 15:56:08 2021
 ✓ Success:
4.0K -rw-r--r-- 1 root root  275 Apr  4 15:56 packages/ox-hugo-20210330.1758.entry
292K -rw-r--r-- 1 root root 290K Apr  4 15:56 packages/ox-hugo-20210330.1758.tar
4.0K -rw-r--r-- 1 root root 1.2K Apr  4 15:56 packages/ox-hugo-badge.svg
4.0K -rw-r--r-- 1 root root 2.4K Apr  4 15:56 packages/ox-hugo-readme.txt
