Package: ox-impress-js
Fetcher: github
Source:  https://github.com/nullpofy/org-impress-js.el.git

Updating /mnt/store/melpa/working/ox-impress-js/
Copying files (->) and directories (=>)
  from /mnt/store/melpa/working/ox-impress-js/
  to /tmp/ox-impress-jsoMr4fw/ox-impress-js-20150412.1716
    ox-impress-js.el -> ox-impress-js.el
    resources => resources
Created ox-impress-js-20150412.1716.tar containing:
  ox-impress-js-20150412.1716/
  ox-impress-js-20150412.1716/ox-impress-js-pkg.el
  ox-impress-js-20150412.1716/ox-impress-js.el
  ox-impress-js-20150412.1716/resources/
  ox-impress-js-20150412.1716/resources/css/
  ox-impress-js-20150412.1716/resources/css/impress-demo.css
  ox-impress-js-20150412.1716/resources/css/mystyle.css
  ox-impress-js-20150412.1716/resources/js/
  ox-impress-js-20150412.1716/resources/js/impress.js
Built ox-impress-js in 6.709s, finished at Sun Apr  4 15:56:07 2021
 ✓ Success:
4.0K -rw-r--r-- 1 root root  422 Apr  4 15:56 packages/ox-impress-js-20150412.1716.entry
100K -rw-r--r-- 1 root root 100K Apr  4 15:56 packages/ox-impress-js-20150412.1716.tar
4.0K -rw-r--r-- 1 root root 1.2K Apr  4 15:56 packages/ox-impress-js-badge.svg
4.0K -rw-r--r-- 1 root root  344 Apr  4 15:56 packages/ox-impress-js-readme.txt
