Package: ox-leanpub
Fetcher: gitlab
Source:  https://gitlab.com/zzamboni/ox-leanpub.git

Updating /mnt/store/melpa/working/ox-leanpub/
Copying files (->) and directories (=>)
  from /mnt/store/melpa/working/ox-leanpub/
  to /tmp/ox-leanpubSXJEsO/ox-leanpub-20201129.2027
    ox-leanpub-book.el -> ox-leanpub-book.el
    ox-leanpub-markdown.el -> ox-leanpub-markdown.el
    ox-leanpub-markua.el -> ox-leanpub-markua.el
    ox-leanpub.el -> ox-leanpub.el
Created ox-leanpub-20201129.2027.tar containing:
  ox-leanpub-20201129.2027/
  ox-leanpub-20201129.2027/ox-leanpub-book.el
  ox-leanpub-20201129.2027/ox-leanpub-markdown.el
  ox-leanpub-20201129.2027/ox-leanpub-markua.el
  ox-leanpub-20201129.2027/ox-leanpub-pkg.el
  ox-leanpub-20201129.2027/ox-leanpub.el
Built ox-leanpub in 6.862s, finished at Sun Apr  4 15:56:14 2021
 ✓ Success:
4.0K -rw-r--r-- 1 root root  500 Apr  4 15:56 packages/ox-leanpub-20201129.2027.entry
 80K -rw-r--r-- 1 root root  80K Apr  4 15:56 packages/ox-leanpub-20201129.2027.tar
4.0K -rw-r--r-- 1 root root 1.2K Apr  4 15:56 packages/ox-leanpub-badge.svg
4.0K -rw-r--r-- 1 root root 1.4K Apr  4 15:56 packages/ox-leanpub-readme.txt
