Package: ox-rfc
Fetcher: github
Source:  https://github.com/choppsv1/org-rfc-export.git

Updating /mnt/store/melpa/working/ox-rfc/
Copying files (->) and directories (=>)
  from /mnt/store/melpa/working/ox-rfc/
  to /tmp/ox-rfcNosWHF/ox-rfc-20201218.1356
    ox-rfc.el -> ox-rfc.el
    ox-rfc.info -> ox-rfc.info
    fdl.texi -> fdl.texi
Created /tmp/ox-rfcNosWHF/ox-rfc-20201218.1356/fdl.info
Created ox-rfc-20201218.1356.tar containing:
  ox-rfc-20201218.1356/
  ox-rfc-20201218.1356/dir
  ox-rfc-20201218.1356/fdl.info
  ox-rfc-20201218.1356/ox-rfc-pkg.el
  ox-rfc-20201218.1356/ox-rfc.el
  ox-rfc-20201218.1356/ox-rfc.info
Built ox-rfc in 10.822s, finished at Sun Apr  4 15:56:35 2021
 ✓ Success:
4.0K -rw-r--r-- 1 root root  390 Apr  4 15:56 packages/ox-rfc-20201218.1356.entry
132K -rw-r--r-- 1 root root 130K Apr  4 15:56 packages/ox-rfc-20201218.1356.tar
4.0K -rw-r--r-- 1 root root 1.2K Apr  4 15:56 packages/ox-rfc-badge.svg
4.0K -rw-r--r-- 1 root root  360 Apr  4 15:56 packages/ox-rfc-readme.txt
