Package: pacfiles-mode
Fetcher: github
Source:  https://github.com/UndeadKernel/pacfiles-mode.git

Updating /mnt/store/melpa/working/pacfiles-mode/
Copying files (->) and directories (=>)
  from /mnt/store/melpa/working/pacfiles-mode/
  to /tmp/pacfiles-modevOfAek/pacfiles-mode-20200915.1815
    pacfiles-buttons.el -> pacfiles-buttons.el
    pacfiles-mode.el -> pacfiles-mode.el
    pacfiles-utils.el -> pacfiles-utils.el
    pacfiles-win.el -> pacfiles-win.el
Created pacfiles-mode-20200915.1815.tar containing:
  pacfiles-mode-20200915.1815/
  pacfiles-mode-20200915.1815/pacfiles-buttons.el
  pacfiles-mode-20200915.1815/pacfiles-mode-pkg.el
  pacfiles-mode-20200915.1815/pacfiles-mode.el
  pacfiles-mode-20200915.1815/pacfiles-utils.el
  pacfiles-mode-20200915.1815/pacfiles-win.el
Built pacfiles-mode in 3.067s, finished at Sun Apr  4 15:56:43 2021
 ✓ Success:
4.0K -rw-r--r-- 1 root root  457 Apr  4 15:56 packages/pacfiles-mode-20200915.1815.entry
 40K -rw-r--r-- 1 root root  40K Apr  4 15:56 packages/pacfiles-mode-20200915.1815.tar
4.0K -rw-r--r-- 1 root root 1.2K Apr  4 15:56 packages/pacfiles-mode-badge.svg
4.0K -rw-r--r-- 1 root root  534 Apr  4 15:56 packages/pacfiles-mode-readme.txt
