Package: package-lint
Fetcher: github
Source:  https://github.com/purcell/package-lint.git

Updating /mnt/store/melpa/working/package-lint/
Copying files (->) and directories (=>)
  from /mnt/store/melpa/working/package-lint/
  to /tmp/package-lint74UFbk/package-lint-20210326.241
    package-lint.el -> package-lint.el
    data => data
Created package-lint-20210326.241.tar containing:
  package-lint-20210326.241/
  package-lint-20210326.241/data/
  package-lint-20210326.241/data/stdlib-changes
  package-lint-20210326.241/package-lint-pkg.el
  package-lint-20210326.241/package-lint.el
Built package-lint in 3.247s, finished at Sun Apr  4 15:56:46 2021
 ✓ Success:
4.0K -rw-r--r-- 1 root root  474 Apr  4 15:56 packages/package-lint-20210326.241.entry
772K -rw-r--r-- 1 root root 770K Apr  4 15:56 packages/package-lint-20210326.241.tar
4.0K -rw-r--r-- 1 root root 1.2K Apr  4 15:56 packages/package-lint-badge.svg
4.0K -rw-r--r-- 1 root root 2.8K Apr  4 14:52 packages/package-lint-flymake-20210110.2231.el
4.0K -rw-r--r-- 1 root root  278 Apr  4 14:52 packages/package-lint-flymake-20210110.2231.entry
4.0K -rw-r--r-- 1 root root 1.2K Apr  4 14:52 packages/package-lint-flymake-badge.svg
4.0K -rw-r--r-- 1 root root  345 Apr  4 14:52 packages/package-lint-flymake-readme.txt
4.0K -rw-r--r-- 1 root root  156 Apr  4 15:56 packages/package-lint-flymake.log
4.0K -rw-r--r-- 1 root root  260 Apr  4 15:56 packages/package-lint-readme.txt
