Package: package-build
Fetcher: github
Source:  https://github.com/melpa/package-build.git

Updating /mnt/store/melpa/working/package-build/
Copying files (->) and directories (=>)
  from /mnt/store/melpa/working/package-build/
  to /tmp/package-builduU1Ywd/package-build-20210318.1411
    package-build-badges.el -> package-build-badges.el
    package-build.el -> package-build.el
    package-recipe-mode.el -> package-recipe-mode.el
    package-recipe.el -> package-recipe.el
Created package-build-20210318.1411.tar containing:
  package-build-20210318.1411/
  package-build-20210318.1411/package-build-badges.el
  package-build-20210318.1411/package-build-pkg.el
  package-build-20210318.1411/package-build.el
  package-build-20210318.1411/package-recipe-mode.el
  package-build-20210318.1411/package-recipe.el
Built package-build in 3.111s, finished at Sun Apr  4 15:56:45 2021
 ✓ Success:
4.0K -rw-r--r-- 1 root root  404 Apr  4 15:56 packages/package-build-20210318.1411.entry
 60K -rw-r--r-- 1 root root  60K Apr  4 15:56 packages/package-build-20210318.1411.tar
4.0K -rw-r--r-- 1 root root 1.2K Apr  4 15:56 packages/package-build-badge.svg
4.0K -rw-r--r-- 1 root root  308 Apr  4 15:56 packages/package-build-readme.txt
