Package: pamparam
Fetcher: github
Source:  https://github.com/abo-abo/pamparam.git

Updating /mnt/store/melpa/working/pamparam/
Copying files (->) and directories (=>)
  from /mnt/store/melpa/working/pamparam/
  to /tmp/pamparamxReCOj/pamparam-20210105.1513
    pamparam.el -> pamparam.el
    doc => doc
Created pamparam-20210105.1513.tar containing:
  pamparam-20210105.1513/
  pamparam-20210105.1513/doc/
  pamparam-20210105.1513/doc/sets/
  pamparam-20210105.1513/doc/sets/capitals/
  pamparam-20210105.1513/doc/sets/capitals/capitals.org
  pamparam-20210105.1513/doc/sets/clojure/
  pamparam-20210105.1513/doc/sets/clojure/clojure.org
  pamparam-20210105.1513/pamparam-pkg.el
  pamparam-20210105.1513/pamparam.el
Built pamparam in 3.092s, finished at Sun Apr  4 15:56:55 2021
 ✓ Success:
 40K -rw-r--r-- 1 root root  38K Feb  1  2019 packages/pamparam-20190122.1412.el
4.0K -rw-r--r-- 1 root root  482 Apr  4 15:56 packages/pamparam-20210105.1513.entry
 72K -rw-r--r-- 1 root root  70K Apr  4 15:56 packages/pamparam-20210105.1513.tar
4.0K -rw-r--r-- 1 root root 1.2K Apr  4 15:56 packages/pamparam-badge.svg
4.0K -rw-r--r-- 1 root root  144 Apr  4 15:56 packages/pamparam-readme.txt
