Package: pandoc-mode
Fetcher: github
Source:  https://github.com/joostkremers/pandoc-mode.git

Updating /mnt/store/melpa/working/pandoc-mode/
Copying files (->) and directories (=>)
  from /mnt/store/melpa/working/pandoc-mode/
  to /tmp/pandoc-modewrGE9c/pandoc-mode-20210317.2340
    pandoc-mode-utils.el -> pandoc-mode-utils.el
    pandoc-mode.el -> pandoc-mode.el
    pandoc-mode.info -> pandoc-mode.info
Created pandoc-mode-20210317.2340.tar containing:
  pandoc-mode-20210317.2340/
  pandoc-mode-20210317.2340/dir
  pandoc-mode-20210317.2340/pandoc-mode-pkg.el
  pandoc-mode-20210317.2340/pandoc-mode-utils.el
  pandoc-mode-20210317.2340/pandoc-mode.el
  pandoc-mode-20210317.2340/pandoc-mode.info
Built pandoc-mode in 3.078s, finished at Sun Apr  4 15:56:59 2021
 ✓ Success:
4.0K -rw-r--r-- 1 root root  443 Apr  4 15:56 packages/pandoc-mode-20210317.2340.entry
192K -rw-r--r-- 1 root root 190K Apr  4 15:56 packages/pandoc-mode-20210317.2340.tar
4.0K -rw-r--r-- 1 root root 1.2K Apr  4 15:56 packages/pandoc-mode-badge.svg
4.0K -rw-r--r-- 1 root root  197 Apr  4 15:56 packages/pandoc-mode-readme.txt
