Package: paperless
Fetcher: github
Source:  https://github.com/atgreen/paperless.git

Updating /mnt/store/melpa/working/paperless/
Copying files (->) and directories (=>)
  from /mnt/store/melpa/working/paperless/
  to /tmp/paperlessNTEiAt/paperless-20201130.1241
    org-paperless.el -> org-paperless.el
    paperless.el -> paperless.el
Created paperless-20201130.1241.tar containing:
  paperless-20201130.1241/
  paperless-20201130.1241/org-paperless.el
  paperless-20201130.1241/paperless-pkg.el
  paperless-20201130.1241/paperless.el
Built paperless in 2.990s, finished at Sun Apr  4 15:57:00 2021
 ✓ Success:
4.0K -rw-r--r-- 1 root root  490 Apr  4 15:57 packages/paperless-20201130.1241.entry
 20K -rw-r--r-- 1 root root  20K Apr  4 15:57 packages/paperless-20201130.1241.tar
4.0K -rw-r--r-- 1 root root 1.2K Apr  4 15:57 packages/paperless-badge.svg
4.0K -rw-r--r-- 1 root root   45 Apr  4 15:57 packages/paperless-readme.txt
