Package: paradox
Fetcher: github
Source:  https://github.com/Malabarba/paradox.git

Updating /mnt/store/melpa/working/paradox/
Copying files (->) and directories (=>)
  from /mnt/store/melpa/working/paradox/
  to /tmp/paradoxo9JhAX/paradox-20191011.1111
    paradox-commit-list.el -> paradox-commit-list.el
    paradox-core.el -> paradox-core.el
    paradox-execute.el -> paradox-execute.el
    paradox-github.el -> paradox-github.el
    paradox-menu.el -> paradox-menu.el
    paradox.el -> paradox.el
Created paradox-20191011.1111.tar containing:
  paradox-20191011.1111/
  paradox-20191011.1111/paradox-commit-list.el
  paradox-20191011.1111/paradox-core.el
  paradox-20191011.1111/paradox-execute.el
  paradox-20191011.1111/paradox-github.el
  paradox-20191011.1111/paradox-menu.el
  paradox-20191011.1111/paradox-pkg.el
  paradox-20191011.1111/paradox.el
Built paradox in 3.148s, finished at Sun Apr  4 15:57:01 2021
 ✓ Success:
4.0K -rw-r--r-- 1 root root  536 Apr  4 15:57 packages/paradox-20191011.1111.entry
100K -rw-r--r-- 1 root root 100K Apr  4 15:57 packages/paradox-20191011.1111.tar
4.0K -rw-r--r-- 1 root root 1.2K Apr  4 15:57 packages/paradox-badge.svg
4.0K -rw-r--r-- 1 root root 2.9K Apr  4 15:57 packages/paradox-readme.txt
