Package: paredit
Fetcher: git
Source:  https://mumble.net/~campbell/git/paredit.git

Updating /mnt/store/melpa/working/paredit/
Note: paredit :files spec is equivalent to the default.
Built paredit in 4.542s, finished at Sun Apr  4 15:57:03 2021
 ✓ Success:
120K -rw-r--r-- 1 root root 120K Apr  4 15:57 packages/paredit-20191121.2328.el
4.0K -rw-r--r-- 1 root root  312 Apr  4 15:57 packages/paredit-20191121.2328.entry
4.0K -rw-r--r-- 1 root root 1.2K Apr  4 15:57 packages/paredit-badge.svg
4.0K -rw-r--r-- 1 root root 2.7K Apr  4 14:53 packages/paredit-everywhere-20180506.849.el
4.0K -rw-r--r-- 1 root root  386 Apr  4 14:53 packages/paredit-everywhere-20180506.849.entry
4.0K -rw-r--r-- 1 root root 1.2K Apr  4 14:53 packages/paredit-everywhere-badge.svg
4.0K -rw-r--r-- 1 root root  350 Apr  4 14:53 packages/paredit-everywhere-readme.txt
4.0K -rw-r--r-- 1 root root  158 Apr  4 15:57 packages/paredit-everywhere.log
8.0K -rw-r--r-- 1 root root 4.1K Apr  4 14:53 packages/paredit-menu-20160128.1733.el
4.0K -rw-r--r-- 1 root root  346 Apr  4 14:53 packages/paredit-menu-20160128.1733.entry
4.0K -rw-r--r-- 1 root root 1.2K Apr  4 14:53 packages/paredit-menu-badge.svg
4.0K -rw-r--r-- 1 root root 1017 Apr  4 14:53 packages/paredit-menu-readme.txt
4.0K -rw-r--r-- 1 root root  141 Apr  4 15:57 packages/paredit-menu.log
