Package: parinfer-rust-mode
Fetcher: github
Source:  https://github.com/justinbarclay/parinfer-rust-mode.git

Updating /mnt/store/melpa/working/parinfer-rust-mode/
Copying files (->) and directories (=>)
  from /mnt/store/melpa/working/parinfer-rust-mode/
  to /tmp/parinfer-rust-modeVThIg8/parinfer-rust-mode-20210325.1714
    parinfer-rust-changes.el -> parinfer-rust-changes.el
    parinfer-rust-helper.el -> parinfer-rust-helper.el
    parinfer-rust-mode.el -> parinfer-rust-mode.el
Created parinfer-rust-mode-20210325.1714.tar containing:
  parinfer-rust-mode-20210325.1714/
  parinfer-rust-mode-20210325.1714/parinfer-rust-changes.el
  parinfer-rust-mode-20210325.1714/parinfer-rust-helper.el
  parinfer-rust-mode-20210325.1714/parinfer-rust-mode-pkg.el
  parinfer-rust-mode-20210325.1714/parinfer-rust-mode.el
Built parinfer-rust-mode in 3.217s, finished at Sun Apr  4 15:57:07 2021
 ✓ Success:
4.0K -rw-r--r-- 1 root root  448 Apr  4 15:57 packages/parinfer-rust-mode-20210325.1714.entry
 52K -rw-r--r-- 1 root root  50K Apr  4 15:57 packages/parinfer-rust-mode-20210325.1714.tar
4.0K -rw-r--r-- 1 root root 1.2K Apr  4 15:57 packages/parinfer-rust-mode-badge.svg
4.0K -rw-r--r-- 1 root root 2.1K Apr  4 15:57 packages/parinfer-rust-mode-readme.txt
