Package: pastery
Fetcher: github
Source:  https://github.com/diasbruno/pastery.el.git

Updating /mnt/store/melpa/working/pastery/
Copying files (->) and directories (=>)
  from /mnt/store/melpa/working/pastery/
  to /tmp/pasteryeByCdz/pastery-20171114.349
    pastery-buffer.el -> pastery-buffer.el
    pastery-data.el -> pastery-data.el
    pastery-list-mode.el -> pastery-list-mode.el
    pastery-net.el -> pastery-net.el
    pastery.el -> pastery.el
Created pastery-20171114.349.tar containing:
  pastery-20171114.349/
  pastery-20171114.349/pastery-buffer.el
  pastery-20171114.349/pastery-data.el
  pastery-20171114.349/pastery-list-mode.el
  pastery-20171114.349/pastery-net.el
  pastery-20171114.349/pastery-pkg.el
  pastery-20171114.349/pastery.el
Built pastery in 3.214s, finished at Sun Apr  4 15:57:21 2021
 ✓ Success:
4.0K -rw-r--r-- 1 root root  382 Apr  4 15:57 packages/pastery-20171114.349.entry
 20K -rw-r--r-- 1 root root  20K Apr  4 15:57 packages/pastery-20171114.349.tar
4.0K -rw-r--r-- 1 root root 1.2K Apr  4 15:57 packages/pastery-badge.svg
4.0K -rw-r--r-- 1 root root  153 Apr  4 15:57 packages/pastery-readme.txt
