Package: pcmpl-git
Fetcher: github
Source:  https://github.com/leoliu/pcmpl-git-el.git

Updating /mnt/store/melpa/working/pcmpl-git/
Copying files (->) and directories (=>)
  from /mnt/store/melpa/working/pcmpl-git/
  to /tmp/pcmpl-gitpV5Kp3/pcmpl-git-20170121.59
    pcmpl-git-parse.el -> pcmpl-git-parse.el
    pcmpl-git.el -> pcmpl-git.el
    git-options -> git-options
Created pcmpl-git-20170121.59.tar containing:
  pcmpl-git-20170121.59/
  pcmpl-git-20170121.59/git-options
  pcmpl-git-20170121.59/pcmpl-git-parse.el
  pcmpl-git-20170121.59/pcmpl-git-pkg.el
  pcmpl-git-20170121.59/pcmpl-git.el
Built pcmpl-git in 2.896s, finished at Sun Apr  4 15:57:27 2021
 ✓ Success:
4.0K -rw-r--r-- 1 root root  265 Apr  4 15:57 packages/pcmpl-git-20170121.59.entry
 72K -rw-r--r-- 1 root root  70K Apr  4 15:57 packages/pcmpl-git-20170121.59.tar
4.0K -rw-r--r-- 1 root root 1.2K Apr  4 15:57 packages/pcmpl-git-badge.svg
4.0K -rw-r--r-- 1 root root  267 Apr  4 15:57 packages/pcmpl-git-readme.txt
