Package: peek-mode
Fetcher: github
Source:  https://github.com/erikriverson/peek-mode.git

Updating /mnt/store/melpa/working/peek-mode/
Copying files (->) and directories (=>)
  from /mnt/store/melpa/working/peek-mode/
  to /tmp/peek-mode8Da8fr/peek-mode-20130620.1946
    index.html -> index.html
    peek-mode.el -> peek-mode.el
Created peek-mode-20130620.1946.tar containing:
  peek-mode-20130620.1946/
  peek-mode-20130620.1946/index.html
  peek-mode-20130620.1946/peek-mode-pkg.el
  peek-mode-20130620.1946/peek-mode.el
Built peek-mode in 3.181s, finished at Sun Apr  4 15:57:35 2021
 ✓ Success:
4.0K -rw-r--r-- 1 root root  374 Apr  4 15:57 packages/peek-mode-20130620.1946.entry
 20K -rw-r--r-- 1 root root  20K Apr  4 15:57 packages/peek-mode-20130620.1946.tar
4.0K -rw-r--r-- 1 root root 1.2K Apr  4 15:57 packages/peek-mode-badge.svg
4.0K -rw-r--r-- 1 root root 1.3K Apr  4 15:57 packages/peek-mode-readme.txt
