Package: perspeen
Fetcher: github
Source:  https://github.com/seudut/perspeen.git

Updating /mnt/store/melpa/working/perspeen/
Copying files (->) and directories (=>)
  from /mnt/store/melpa/working/perspeen/
  to /tmp/perspeen5qeUua/perspeen-20171203.1021
    perspeen-tab.el -> perspeen-tab.el
    perspeen.el -> perspeen.el
Created perspeen-20171203.1021.tar containing:
  perspeen-20171203.1021/
  perspeen-20171203.1021/perspeen-pkg.el
  perspeen-20171203.1021/perspeen-tab.el
  perspeen-20171203.1021/perspeen.el
Built perspeen in 2.924s, finished at Sun Apr  4 15:57:48 2021
 ✓ Success:
4.0K -rw-r--r-- 1 root root  372 Apr  4 15:57 packages/perspeen-20171203.1021.entry
 40K -rw-r--r-- 1 root root  40K Apr  4 15:57 packages/perspeen-20171203.1021.tar
4.0K -rw-r--r-- 1 root root 1.2K Apr  4 15:57 packages/perspeen-badge.svg
4.0K -rw-r--r-- 1 root root  242 Apr  4 15:57 packages/perspeen-readme.txt
