Package: phi-search
Fetcher: github
Source:  https://github.com/zk-phi/phi-search.git

Updating /mnt/store/melpa/working/phi-search/
Copying files (->) and directories (=>)
  from /mnt/store/melpa/working/phi-search/
  to /tmp/phi-searchS2DosX/phi-search-20200510.906
    phi-replace.el -> phi-replace.el
    phi-search-core.el -> phi-search-core.el
    phi-search.el -> phi-search.el
Created phi-search-20200510.906.tar containing:
  phi-search-20200510.906/
  phi-search-20200510.906/phi-replace.el
  phi-search-20200510.906/phi-search-core.el
  phi-search-20200510.906/phi-search-pkg.el
  phi-search-20200510.906/phi-search.el
Built phi-search in 2.994s, finished at Sun Apr  4 15:57:55 2021
 ✓ Success:
4.0K -rw-r--r-- 1 root root  303 Apr  4 15:57 packages/phi-search-20200510.906.entry
 52K -rw-r--r-- 1 root root  50K Apr  4 15:57 packages/phi-search-20200510.906.tar
4.0K -rw-r--r-- 1 root root 1.2K Apr  4 15:57 packages/phi-search-badge.svg
4.0K -rw-r--r-- 1 root root 3.2K Apr  4 14:54 packages/phi-search-dired-20200816.1542.el
4.0K -rw-r--r-- 1 root root  316 Apr  4 14:54 packages/phi-search-dired-20200816.1542.entry
4.0K -rw-r--r-- 1 root root 1.2K Apr  4 14:54 packages/phi-search-dired-badge.svg
4.0K -rw-r--r-- 1 root root  158 Apr  4 14:54 packages/phi-search-dired-readme.txt
4.0K -rw-r--r-- 1 root root  151 Apr  4 15:57 packages/phi-search-dired.log
 12K -rw-r--r-- 1 root root  11K Apr  4 14:54 packages/phi-search-mc-20160324.1503.el
4.0K -rw-r--r-- 1 root root  418 Apr  4 14:54 packages/phi-search-mc-20160324.1503.entry
4.0K -rw-r--r-- 1 root root 1.2K Apr  4 14:54 packages/phi-search-mc-badge.svg
4.0K -rw-r--r-- 1 root root 1.9K Apr  4 14:54 packages/phi-search-mc-readme.txt
4.0K -rw-r--r-- 1 root root  142 Apr  4 15:57 packages/phi-search-mc.log
4.0K -rw-r--r-- 1 root root 3.9K Apr  4 14:54 packages/phi-search-migemo-20170618.921.el
4.0K -rw-r--r-- 1 root root  335 Apr  4 14:54 packages/phi-search-migemo-20170618.921.entry
4.0K -rw-r--r-- 1 root root 1.2K Apr  4 14:54 packages/phi-search-migemo-badge.svg
4.0K -rw-r--r-- 1 root root  934 Apr  4 14:54 packages/phi-search-migemo-readme.txt
4.0K -rw-r--r-- 1 root root  154 Apr  4 15:57 packages/phi-search-migemo.log
4.0K -rw-r--r-- 1 root root 1.2K Apr  4 15:57 packages/phi-search-readme.txt
