Package: php-eldoc
Fetcher: github
Source:  https://github.com/sabof/php-eldoc.git

Updating /mnt/store/melpa/working/php-eldoc/
Copying files (->) and directories (=>)
  from /mnt/store/melpa/working/php-eldoc/
  to /tmp/php-eldocWWZjkg/php-eldoc-20140202.1941
    php-eldoc.el -> php-eldoc.el
    probe.php -> probe.php
Created php-eldoc-20140202.1941.tar containing:
  php-eldoc-20140202.1941/
  php-eldoc-20140202.1941/php-eldoc-pkg.el
  php-eldoc-20140202.1941/php-eldoc.el
  php-eldoc-20140202.1941/probe.php
Built php-eldoc in 3.300s, finished at Sun Apr  4 15:58:01 2021
 ✓ Success:
4.0K -rw-r--r-- 1 root root  249 Apr  4 15:58 packages/php-eldoc-20140202.1941.entry
120K -rw-r--r-- 1 root root 120K Apr  4 15:58 packages/php-eldoc-20140202.1941.tar
4.0K -rw-r--r-- 1 root root 1.2K Apr  4 15:58 packages/php-eldoc-badge.svg
4.0K -rw-r--r-- 1 root root  196 Apr  4 15:58 packages/php-eldoc-readme.txt
