Package: php-mode
Fetcher: github
Source:  https://github.com/emacs-php/php-mode.git

Updating /mnt/store/melpa/working/php-mode/
Copying files (->) and directories (=>)
  from /mnt/store/melpa/working/php-mode/
  to /tmp/php-modehdbzZN/php-mode-20210310.1724
  ! lisp/php-align.el -> php-align.el
  ! lisp/php-face.el -> php-face.el
  ! lisp/php-local-manual.el -> php-local-manual.el
  ! lisp/php-mode-debug.el -> php-mode-debug.el
  ! lisp/php-mode.el -> php-mode.el
  ! lisp/php-project.el -> php-project.el
  ! lisp/php.el -> php.el
Created php-mode-20210310.1724.tar containing:
  php-mode-20210310.1724/
  php-mode-20210310.1724/php-align.el
  php-mode-20210310.1724/php-face.el
  php-mode-20210310.1724/php-local-manual.el
  php-mode-20210310.1724/php-mode-debug.el
  php-mode-20210310.1724/php-mode-pkg.el
  php-mode-20210310.1724/php-mode.el
  php-mode-20210310.1724/php-project.el
  php-mode-20210310.1724/php.el
Built php-mode in 3.875s, finished at Sun Apr  4 15:58:02 2021
 ✓ Success:
4.0K -rw-r--r-- 1 root root  355 Apr  4 15:58 packages/php-mode-20210310.1724.entry
132K -rw-r--r-- 1 root root 130K Apr  4 15:58 packages/php-mode-20210310.1724.tar
4.0K -rw-r--r-- 1 root root 1.2K Apr  4 15:58 packages/php-mode-badge.svg
4.0K -rw-r--r-- 1 root root  983 Apr  4 15:58 packages/php-mode-readme.txt
