Package: phpactor
Fetcher: github
Source:  https://github.com/emacs-php/phpactor.el.git

Updating /mnt/store/melpa/working/phpactor/
Copying files (->) and directories (=>)
  from /mnt/store/melpa/working/phpactor/
  to /tmp/phpactorpLdvqy/phpactor-20210311.1615
    phpactor.el -> phpactor.el
    composer.json -> composer.json
    composer.lock -> composer.lock
Created phpactor-20210311.1615.tar containing:
  phpactor-20210311.1615/
  phpactor-20210311.1615/composer.json
  phpactor-20210311.1615/composer.lock
  phpactor-20210311.1615/phpactor-pkg.el
  phpactor-20210311.1615/phpactor.el
Built phpactor in 3.012s, finished at Sun Apr  4 15:58:06 2021
 ✓ Success:
4.0K -rw-r--r-- 1 root root  510 Apr  4 15:58 packages/phpactor-20210311.1615.entry
340K -rw-r--r-- 1 root root 340K Apr  4 15:58 packages/phpactor-20210311.1615.tar
4.0K -rw-r--r-- 1 root root 1.2K Apr  4 15:58 packages/phpactor-badge.svg
4.0K -rw-r--r-- 1 root root  543 Apr  4 15:58 packages/phpactor-readme.txt
