Package: pillar
Fetcher: github
Source:  https://github.com/pillar-markup/pillar-mode.git

Updating /mnt/store/melpa/working/pillar/
Copying files (->) and directories (=>)
  from /mnt/store/melpa/working/pillar/
  to /tmp/pillarzFlyNj/pillar-20141112.1811
    pillar-latex2pillar.el -> pillar-latex2pillar.el
    pillar.el -> pillar.el
Created pillar-20141112.1811.tar containing:
  pillar-20141112.1811/
  pillar-20141112.1811/pillar-latex2pillar.el
  pillar-20141112.1811/pillar-pkg.el
  pillar-20141112.1811/pillar.el
Built pillar in 3.352s, finished at Sun Apr  4 15:58:12 2021
 ✓ Success:
4.0K -rw-r--r-- 1 root root  374 Apr  4 15:58 packages/pillar-20141112.1811.entry
 32K -rw-r--r-- 1 root root  30K Apr  4 15:58 packages/pillar-20141112.1811.tar
4.0K -rw-r--r-- 1 root root 1.2K Apr  4 15:58 packages/pillar-badge.svg
4.0K -rw-r--r-- 1 root root   36 Apr  4 15:58 packages/pillar-readme.txt
