Package: pinboard
Fetcher: github
Source:  https://github.com/davep/pinboard.el.git

Updating /mnt/store/melpa/working/pinboard/
Built pinboard in 5.069s, finished at Sun Apr  4 15:58:14 2021
 ✓ Success:
 28K -rw-r--r-- 1 root root  28K Apr  4 15:58 packages/pinboard-20200630.1544.el
4.0K -rw-r--r-- 1 root root  413 Apr  4 15:58 packages/pinboard-20200630.1544.entry
8.0K -rw-r--r-- 1 root root 6.3K Apr  4 15:58 packages/pinboard-api-20140324.1148.el
4.0K -rw-r--r-- 1 root root  368 Apr  4 15:58 packages/pinboard-api-20140324.1148.entry
4.0K -rw-r--r-- 1 root root 1.2K Apr  4 14:54 packages/pinboard-api-badge.svg
4.0K -rw-r--r-- 1 root root   46 Apr  4 15:58 packages/pinboard-api-readme.txt
4.0K -rw-r--r-- 1 root root  145 Apr  4 15:58 packages/pinboard-api.log
4.0K -rw-r--r-- 1 root root 1.2K Apr  4 15:58 packages/pinboard-badge.svg
4.0K -rw-r--r-- 1 root root 1.9K Apr  4 15:58 packages/pinboard-popular-20180511.1726.el
4.0K -rw-r--r-- 1 root root  287 Apr  4 15:58 packages/pinboard-popular-20180511.1726.entry
4.0K -rw-r--r-- 1 root root 1.2K Apr  4 15:58 packages/pinboard-popular-badge.svg
4.0K -rw-r--r-- 1 root root   60 Apr  4 15:58 packages/pinboard-popular-readme.txt
4.0K -rw-r--r-- 1 root root  238 Apr  4 15:58 packages/pinboard-popular.log
4.0K -rw-r--r-- 1 root root  923 Apr  4 15:58 packages/pinboard-readme.txt
