Package: pinot
Fetcher: github
Source:  https://github.com/tkf/emacs-pinot-search.git

Updating /mnt/store/melpa/working/pinot/
Copying files (->) and directories (=>)
  from /mnt/store/melpa/working/pinot/
  to /tmp/pinoteJSN7l/pinot-20140211.2026
    pinot.el -> pinot.el
    pinot-search-wrapper.py -> pinot-search-wrapper.py
Created pinot-20140211.2026.tar containing:
  pinot-20140211.2026/
  pinot-20140211.2026/pinot-pkg.el
  pinot-20140211.2026/pinot-search-wrapper.py
  pinot-20140211.2026/pinot.el
Built pinot in 2.891s, finished at Sun Apr  4 15:58:16 2021
 ✓ Success:
4.0K -rw-r--r-- 1 root root  254 Apr  4 15:58 packages/pinot-20140211.2026.entry
 20K -rw-r--r-- 1 root root  20K Apr  4 15:58 packages/pinot-20140211.2026.tar
4.0K -rw-r--r-- 1 root root 1.2K Apr  4 15:58 packages/pinot-badge.svg
   0 -rw-r--r-- 1 root root    0 Apr  4 15:58 packages/pinot-readme.txt
