Package: pinyin
Fetcher: github
Source:  https://github.com/xuchunyang/pinyin.el.git

Updating /mnt/store/melpa/working/pinyin/
Copying files (->) and directories (=>)
  from /mnt/store/melpa/working/pinyin/
  to /tmp/pinyinuKJW8P/pinyin-20180620.1241
    pinyin.el -> pinyin.el
    pinyin-data/pinyin.txt -> pinyin-data/pinyin.txt
Created pinyin-20180620.1241.tar containing:
  pinyin-20180620.1241/
  pinyin-20180620.1241/pinyin-data/
  pinyin-20180620.1241/pinyin-data/pinyin.txt
  pinyin-20180620.1241/pinyin-pkg.el
  pinyin-20180620.1241/pinyin.el
Built pinyin in 3.841s, finished at Sun Apr  4 15:58:17 2021
 ✓ Success:
4.0K -rw-r--r-- 1 root root  375 Apr  4 15:58 packages/pinyin-20180620.1241.entry
912K -rw-r--r-- 1 root root 910K Apr  4 15:58 packages/pinyin-20180620.1241.tar
4.0K -rw-r--r-- 1 root root 1.2K Apr  4 15:58 packages/pinyin-badge.svg
4.0K -rw-r--r-- 1 root root   41 Apr  4 15:58 packages/pinyin-readme.txt
8.0K -rw-r--r-- 1 root root 5.1K Apr  4 15:58 packages/pinyin-search-20160515.358.el
4.0K -rw-r--r-- 1 root root  380 Apr  4 14:54 packages/pinyin-search-20160515.358.entry
4.0K -rw-r--r-- 1 root root 1.2K Apr  4 14:54 packages/pinyin-search-badge.svg
4.0K -rw-r--r-- 1 root root  417 Apr  4 14:54 packages/pinyin-search-readme.txt
4.0K -rw-r--r-- 1 root root  149 Apr  4 15:58 packages/pinyin-search.log
