Package: plisp-mode
Fetcher: github
Source:  https://github.com/flexibeast/plisp-mode.git

Updating /mnt/store/melpa/working/plisp-mode/
Copying files (->) and directories (=>)
  from /mnt/store/melpa/working/plisp-mode/
  to /tmp/plisp-modeglIxbY/plisp-mode-20200427.405
    plisp-mode.el -> plisp-mode.el
    inferior-plisp.el -> inferior-plisp.el
Created plisp-mode-20200427.405.tar containing:
  plisp-mode-20200427.405/
  plisp-mode-20200427.405/inferior-plisp.el
  plisp-mode-20200427.405/plisp-mode-pkg.el
  plisp-mode-20200427.405/plisp-mode.el
Built plisp-mode in 3.047s, finished at Sun Apr  4 15:58:34 2021
 ✓ Success:
4.0K -rw-r--r-- 1 root root  380 Apr  4 15:58 packages/plisp-mode-20200427.405.entry
 60K -rw-r--r-- 1 root root  60K Apr  4 15:58 packages/plisp-mode-20200427.405.tar
4.0K -rw-r--r-- 1 root root 1.2K Apr  4 15:58 packages/plisp-mode-badge.svg
8.0K -rw-r--r-- 1 root root 7.2K Apr  4 15:58 packages/plisp-mode-readme.txt
