Package: po-mode
Fetcher: github
Source:  https://github.com/emacsmirror/po-mode.git

Updating /mnt/store/melpa/working/po-mode/
Copying files (->) and directories (=>)
  from /mnt/store/melpa/working/po-mode/
  to /tmp/po-mode3RuVkp/po-mode-20200606.1404
    po-compat.el -> po-compat.el
    po-mode.el -> po-mode.el
    start-po.el -> start-po.el
Created po-mode-20200606.1404.tar containing:
  po-mode-20200606.1404/
  po-mode-20200606.1404/po-compat.el
  po-mode-20200606.1404/po-mode-pkg.el
  po-mode-20200606.1404/po-mode.el
  po-mode-20200606.1404/start-po.el
Built po-mode in 2.872s, finished at Sun Apr  4 15:58:37 2021
 ✓ Success:
4.0K -rw-r--r-- 1 root root  174 Apr  4 15:58 packages/po-mode-20200606.1404.entry
152K -rw-r--r-- 1 root root 150K Apr  4 15:58 packages/po-mode-20200606.1404.tar
4.0K -rw-r--r-- 1 root root 1.2K Apr  4 15:58 packages/po-mode-badge.svg
4.0K -rw-r--r-- 1 root root 1.6K Apr  4 15:58 packages/po-mode-readme.txt
