Package: poet-theme
Fetcher: github
Source:  https://github.com/kunalb/poet.git

Updating /mnt/store/melpa/working/poet-theme/
Copying files (->) and directories (=>)
  from /mnt/store/melpa/working/poet-theme/
  to /tmp/poet-themeGDZwBb/poet-theme-20200606.2343
    poet-dark-monochrome-theme.el -> poet-dark-monochrome-theme.el
    poet-dark-theme.el -> poet-dark-theme.el
    poet-monochrome-theme.el -> poet-monochrome-theme.el
    poet-theme.el -> poet-theme.el
Created poet-theme-20200606.2343.tar containing:
  poet-theme-20200606.2343/
  poet-theme-20200606.2343/poet-dark-monochrome-theme.el
  poet-theme-20200606.2343/poet-dark-theme.el
  poet-theme-20200606.2343/poet-monochrome-theme.el
  poet-theme-20200606.2343/poet-theme-pkg.el
  poet-theme-20200606.2343/poet-theme.el
Built poet-theme in 3.196s, finished at Sun Apr  4 15:58:44 2021
 ✓ Success:
4.0K -rw-r--r-- 1 root root  388 Apr  4 15:58 packages/poet-theme-20200606.2343.entry
 72K -rw-r--r-- 1 root root  70K Apr  4 15:58 packages/poet-theme-20200606.2343.tar
4.0K -rw-r--r-- 1 root root 1.2K Apr  4 15:58 packages/poet-theme-badge.svg
4.0K -rw-r--r-- 1 root root 1.4K Apr  4 15:58 packages/poet-theme-readme.txt
