Package: polymode
Fetcher: github
Source:  https://github.com/polymode/polymode.git

Updating /mnt/store/melpa/working/polymode/
Copying files (->) and directories (=>)
  from /mnt/store/melpa/working/polymode/
  to /tmp/polymodeFiCa5f/polymode-20200606.1106
    poly-lock.el -> poly-lock.el
    polymode-base.el -> polymode-base.el
    polymode-classes.el -> polymode-classes.el
    polymode-compat.el -> polymode-compat.el
    polymode-core.el -> polymode-core.el
    polymode-debug.el -> polymode-debug.el
    polymode-export.el -> polymode-export.el
    polymode-methods.el -> polymode-methods.el
    polymode-tangle.el -> polymode-tangle.el
    polymode-test-utils.el -> polymode-test-utils.el
    polymode-weave.el -> polymode-weave.el
    polymode.el -> polymode.el
Created polymode-20200606.1106.tar containing:
  polymode-20200606.1106/
  polymode-20200606.1106/poly-lock.el
  polymode-20200606.1106/polymode-base.el
  polymode-20200606.1106/polymode-classes.el
  polymode-20200606.1106/polymode-compat.el
  polymode-20200606.1106/polymode-core.el
  polymode-20200606.1106/polymode-debug.el
  polymode-20200606.1106/polymode-export.el
  polymode-20200606.1106/polymode-methods.el
  polymode-20200606.1106/polymode-pkg.el
  polymode-20200606.1106/polymode-tangle.el
  polymode-20200606.1106/polymode-test-utils.el
  polymode-20200606.1106/polymode-weave.el
  polymode-20200606.1106/polymode.el
Built polymode in 3.140s, finished at Sun Apr  4 15:58:56 2021
 ✓ Success:
4.0K -rw-r--r-- 1 root root  359 Apr  4 15:58 packages/polymode-20200606.1106.entry
292K -rw-r--r-- 1 root root 290K Apr  4 15:58 packages/polymode-20200606.1106.tar
4.0K -rw-r--r-- 1 root root 1.2K Apr  4 15:58 packages/polymode-badge.svg
4.0K -rw-r--r-- 1 root root  117 Apr  4 15:58 packages/polymode-readme.txt
