Package: pomidor
Fetcher: github
Source:  https://github.com/TatriX/pomidor.git

Updating /mnt/store/melpa/working/pomidor/
Copying files (->) and directories (=>)
  from /mnt/store/melpa/working/pomidor/
  to /tmp/pomidorTJgb1b/pomidor-20210111.919
    pomidor.el -> pomidor.el
    tick.wav -> tick.wav
    tack.wav -> tack.wav
    overwork.wav -> overwork.wav
Created pomidor-20210111.919.tar containing:
  pomidor-20210111.919/
  pomidor-20210111.919/overwork.wav
  pomidor-20210111.919/pomidor-pkg.el
  pomidor-20210111.919/pomidor.el
  pomidor-20210111.919/tack.wav
  pomidor-20210111.919/tick.wav
Built pomidor in 3.123s, finished at Sun Apr  4 15:58:57 2021
 ✓ Success:
4.0K -rw-r--r-- 1 root root  422 Apr  4 15:58 packages/pomidor-20210111.919.entry
220K -rw-r--r-- 1 root root 220K Apr  4 15:58 packages/pomidor-20210111.919.tar
4.0K -rw-r--r-- 1 root root 1.2K Apr  4 15:58 packages/pomidor-badge.svg
4.0K -rw-r--r-- 1 root root   94 Apr  4 15:58 packages/pomidor-readme.txt
