Package: popup
Fetcher: github
Source:  https://github.com/auto-complete/popup-el.git

Updating /mnt/store/melpa/working/popup/
Note: popup :files spec is equivalent to the default.
Built popup in 3.995s, finished at Sun Apr  4 15:59:03 2021
 ✓ Success:
 56K -rw-r--r-- 1 root root  55K Apr  4 15:59 packages/popup-20210317.138.el
4.0K -rw-r--r-- 1 root root  347 Apr  4 15:59 packages/popup-20210317.138.entry
4.0K -rw-r--r-- 1 root root 1.2K Apr  4 15:59 packages/popup-badge.svg
4.0K -rw-r--r-- 1 root root 3.0K Apr  4 15:59 packages/popup-complete-20141109.308.el
4.0K -rw-r--r-- 1 root root  336 Apr  4 15:59 packages/popup-complete-20141109.308.entry
4.0K -rw-r--r-- 1 root root 1.2K Apr  4 14:55 packages/popup-complete-badge.svg
4.0K -rw-r--r-- 1 root root   87 Apr  4 15:59 packages/popup-complete-readme.txt
4.0K -rw-r--r-- 1 root root  153 Apr  4 15:58 packages/popup-complete.log
8.0K -rw-r--r-- 1 root root 6.0K Apr  4 14:55 packages/popup-edit-menu-20170404.1425.el
4.0K -rw-r--r-- 1 root root  360 Apr  4 14:55 packages/popup-edit-menu-20170404.1425.entry
4.0K -rw-r--r-- 1 root root 1.2K Apr  4 14:55 packages/popup-edit-menu-badge.svg
4.0K -rw-r--r-- 1 root root  665 Apr  4 14:55 packages/popup-edit-menu-readme.txt
4.0K -rw-r--r-- 1 root root  150 Apr  4 15:59 packages/popup-edit-menu.log
 12K -rw-r--r-- 1 root root 8.7K Apr  4 14:55 packages/popup-imenu-20210404.1153.el
4.0K -rw-r--r-- 1 root root  437 Apr  4 14:55 packages/popup-imenu-20210404.1153.entry
4.0K -rw-r--r-- 1 root root 1.2K Apr  4 14:55 packages/popup-imenu-badge.svg
4.0K -rw-r--r-- 1 root root  134 Apr  4 14:55 packages/popup-imenu-readme.txt
4.0K -rw-r--r-- 1 root root  136 Apr  4 15:59 packages/popup-imenu.log
 16K -rw-r--r-- 1 root root  16K Apr  4 14:55 packages/popup-kill-ring-20131020.1854.el
4.0K -rw-r--r-- 1 root root  441 Apr  4 14:55 packages/popup-kill-ring-20131020.1854.entry
4.0K -rw-r--r-- 1 root root 1.2K Apr  4 14:55 packages/popup-kill-ring-badge.svg
4.0K -rw-r--r-- 1 root root  162 Apr  4 14:55 packages/popup-kill-ring-readme.txt
   0 -rw-r--r-- 1 root root    0 Apr  4 15:59 packages/popup-kill-ring.log
4.0K -rw-r--r-- 1 root root  192 Apr  4 15:59 packages/popup-readme.txt
 20K -rw-r--r-- 1 root root  19K Apr  4 14:55 packages/popup-switcher-20210402.1208.el
4.0K -rw-r--r-- 1 root root  452 Apr  4 14:55 packages/popup-switcher-20210402.1208.entry
4.0K -rw-r--r-- 1 root root 1.2K Apr  4 14:55 packages/popup-switcher-badge.svg
   0 -rw-r--r-- 1 root root    0 Apr  4 15:59 packages/popup-switcher.log
