Package: posix-manual
Fetcher: github
Source:  https://github.com/lassik/emacs-posix-manual.git

Updating /mnt/store/melpa/working/posix-manual/
Copying files (->) and directories (=>)
  from /mnt/store/melpa/working/posix-manual/
  to /tmp/posix-manualEYL3kb/posix-manual-20200301.1103
    posix-manual-data.el -> posix-manual-data.el
    posix-manual.el -> posix-manual.el
Created posix-manual-20200301.1103.tar containing:
  posix-manual-20200301.1103/
  posix-manual-20200301.1103/posix-manual-data.el
  posix-manual-20200301.1103/posix-manual-pkg.el
  posix-manual-20200301.1103/posix-manual.el
Built posix-manual in 3.105s, finished at Sun Apr  4 15:59:11 2021
 ✓ Success:
4.0K -rw-r--r-- 1 root root  367 Apr  4 15:59 packages/posix-manual-20200301.1103.entry
120K -rw-r--r-- 1 root root 120K Apr  4 15:59 packages/posix-manual-20200301.1103.tar
4.0K -rw-r--r-- 1 root root 1.2K Apr  4 15:59 packages/posix-manual-badge.svg
4.0K -rw-r--r-- 1 root root  129 Apr  4 15:59 packages/posix-manual-readme.txt
