Package: powerline-evil
Fetcher: github
Source:  https://github.com/johnson-christopher/powerline-evil.git

Updating /mnt/store/melpa/working/powerline-evil/
Copying files (->) and directories (=>)
  from /mnt/store/melpa/working/powerline-evil/
  to /tmp/powerline-evilkLN2t2/powerline-evil-20190603.340
    powerline-evil-themes.el -> powerline-evil-themes.el
    powerline-evil.el -> powerline-evil.el
Created powerline-evil-20190603.340.tar containing:
  powerline-evil-20190603.340/
  powerline-evil-20190603.340/powerline-evil-pkg.el
  powerline-evil-20190603.340/powerline-evil-themes.el
  powerline-evil-20190603.340/powerline-evil.el
Built powerline-evil in 3.120s, finished at Sun Apr  4 15:59:14 2021
 ✓ Success:
4.0K -rw-r--r-- 1 root root  463 Apr  4 15:59 packages/powerline-evil-20190603.340.entry
 20K -rw-r--r-- 1 root root  20K Apr  4 15:59 packages/powerline-evil-20190603.340.tar
4.0K -rw-r--r-- 1 root root 1.2K Apr  4 15:59 packages/powerline-evil-badge.svg
4.0K -rw-r--r-- 1 root root   73 Apr  4 15:59 packages/powerline-evil-readme.txt
