Package: powerline
Fetcher: github
Source:  https://github.com/milkypostman/powerline.git

Updating /mnt/store/melpa/working/powerline/
Copying files (->) and directories (=>)
  from /mnt/store/melpa/working/powerline/
  to /tmp/powerline0Ul2pj/powerline-20210317.110
    powerline-separators.el -> powerline-separators.el
    powerline-themes.el -> powerline-themes.el
    powerline.el -> powerline.el
Created powerline-20210317.110.tar containing:
  powerline-20210317.110/
  powerline-20210317.110/powerline-pkg.el
  powerline-20210317.110/powerline-separators.el
  powerline-20210317.110/powerline-themes.el
  powerline-20210317.110/powerline.el
Built powerline in 3.042s, finished at Sun Apr  4 15:59:13 2021
 ✓ Success:
4.0K -rw-r--r-- 1 root root  389 Apr  4 15:59 packages/powerline-20210317.110.entry
 80K -rw-r--r-- 1 root root  80K Apr  4 15:59 packages/powerline-20210317.110.tar
4.0K -rw-r--r-- 1 root root 1.2K Apr  4 15:59 packages/powerline-badge.svg
4.0K -rw-r--r-- 1 root root  463 Apr  4 14:55 packages/powerline-evil-20190603.340.entry
 20K -rw-r--r-- 1 root root  20K Apr  4 14:55 packages/powerline-evil-20190603.340.tar
4.0K -rw-r--r-- 1 root root 1.2K Apr  4 14:55 packages/powerline-evil-badge.svg
4.0K -rw-r--r-- 1 root root   73 Apr  4 14:55 packages/powerline-evil-readme.txt
4.0K -rw-r--r-- 1 root root  158 Apr  4 15:59 packages/powerline-evil.log
4.0K -rw-r--r-- 1 root root  148 Apr  4 15:59 packages/powerline-readme.txt
