Package: prettier
Fetcher: github
Source:  https://github.com/jscheid/prettier.el.git

Updating /mnt/store/melpa/working/prettier/
Copying files (->) and directories (=>)
  from /mnt/store/melpa/working/prettier/
  to /tmp/prettieruqsTEN/prettier-20210313.1047
    prettier.el -> prettier.el
    dir -> dir
    prettier.info -> prettier.info
    bootstrap-min.js -> bootstrap-min.js
    prettier-el.js.gz.base64 -> prettier-el.js.gz.base64
Created prettier-20210313.1047.tar containing:
  prettier-20210313.1047/
  prettier-20210313.1047/bootstrap-min.js
  prettier-20210313.1047/dir
  prettier-20210313.1047/prettier-el.js.gz.base64
  prettier-20210313.1047/prettier-pkg.el
  prettier-20210313.1047/prettier.el
  prettier-20210313.1047/prettier.info
Built prettier in 2.521s, finished at Sun Apr  4 15:59:20 2021
 ✓ Success:
4.0K -rw-r--r-- 1 root root  439 Apr  4 15:59 packages/prettier-20210313.1047.entry
 80K -rw-r--r-- 1 root root  80K Apr  4 15:59 packages/prettier-20210313.1047.tar
4.0K -rw-r--r-- 1 root root 1.2K Apr  4 15:59 packages/prettier-badge.svg
 12K -rw-r--r-- 1 root root 8.7K Apr  4 14:55 packages/prettier-js-20180109.726.el
4.0K -rw-r--r-- 1 root root  383 Apr  4 14:55 packages/prettier-js-20180109.726.entry
4.0K -rw-r--r-- 1 root root 1.2K Apr  4 14:55 packages/prettier-js-badge.svg
4.0K -rw-r--r-- 1 root root   60 Apr  4 14:55 packages/prettier-js-readme.txt
4.0K -rw-r--r-- 1 root root  141 Apr  4 15:59 packages/prettier-js.log
4.0K -rw-r--r-- 1 root root  255 Apr  4 15:59 packages/prettier-readme.txt
