Package: project-persist
Fetcher: github
Source:  https://github.com/rdallasgray/project-persist.git

Updating /mnt/store/melpa/working/project-persist/
Copying files (->) and directories (=>)
  from /mnt/store/melpa/working/project-persist/
  to /tmp/project-persistqxBQyQ/project-persist-20180906.1302
  ! lib/project-persist-pkg.el -> project-persist-pkg.el
  ! lib/project-persist.el -> project-persist.el
Created project-persist-20180906.1302.tar containing:
  project-persist-20180906.1302/
  project-persist-20180906.1302/project-persist-pkg.el
  project-persist-20180906.1302/project-persist.el
Built project-persist in 3.588s, finished at Sun Apr  4 15:59:36 2021
 ✓ Success:
4.0K -rw-r--r-- 1 root root  367 Apr  4 15:59 packages/project-persist-20180906.1302.entry
 32K -rw-r--r-- 1 root root  30K Apr  4 15:59 packages/project-persist-20180906.1302.tar
4.0K -rw-r--r-- 1 root root 1.2K Apr  4 15:59 packages/project-persist-badge.svg
4.0K -rw-r--r-- 1 root root  445 Apr  4 15:59 packages/project-persist-drawer-20151108.1222.entry
 12K -rw-r--r-- 1 root root  10K Apr  4 15:59 packages/project-persist-drawer-20151108.1222.tar
4.0K -rw-r--r-- 1 root root 1.2K Apr  4 15:59 packages/project-persist-drawer-badge.svg
4.0K -rw-r--r-- 1 root root 1.1K Apr  4 15:59 packages/project-persist-drawer-readme.txt
4.0K -rw-r--r-- 1 root root  806 Apr  4 15:59 packages/project-persist-drawer.log
4.0K -rw-r--r-- 1 root root 1.6K Apr  4 15:59 packages/project-persist-readme.txt
