Package: projectile
Fetcher: github
Source:  https://github.com/bbatsov/projectile.git

Updating /mnt/store/melpa/working/projectile/
Note: projectile :files spec is equivalent to the default.
Built projectile in 4.123s, finished at Sun Apr  4 15:59:39 2021
 ✓ Success:
216K -rw-r--r-- 1 root root 216K Apr  4 15:59 packages/projectile-20210309.722.el
4.0K -rw-r--r-- 1 root root  455 Apr  4 15:59 packages/projectile-20210309.722.entry
4.0K -rw-r--r-- 1 root root 1.2K Apr  4 15:59 packages/projectile-badge.svg
4.0K -rw-r--r-- 1 root root 2.8K Apr  4 15:59 packages/projectile-codesearch-20180508.1522.el
4.0K -rw-r--r-- 1 root root  481 Apr  4 15:59 packages/projectile-codesearch-20180508.1522.entry
4.0K -rw-r--r-- 1 root root 1.2K Apr  4 14:56 packages/projectile-codesearch-badge.svg
4.0K -rw-r--r-- 1 root root  613 Apr  4 15:59 packages/projectile-codesearch-readme.txt
4.0K -rw-r--r-- 1 root root  163 Apr  4 15:59 packages/projectile-codesearch.log
4.0K -rw-r--r-- 1 root root 1.2K Feb  4 20:03 packages/projectile-direnv-badge.svg
4.0K -rw-r--r-- 1 root root  196 Feb  4 20:03 packages/projectile-direnv-readme.txt
4.0K -rw-r--r-- 1 root root  597 Feb  4 20:03 packages/projectile-direnv.log
 12K -rw-r--r-- 1 root root 8.2K Apr  4 15:59 packages/projectile-git-autofetch-20200820.2028.el
4.0K -rw-r--r-- 1 root root  455 Apr  4 14:56 packages/projectile-git-autofetch-20200820.2028.entry
4.0K -rw-r--r-- 1 root root 1.2K Apr  4 14:56 packages/projectile-git-autofetch-badge.svg
4.0K -rw-r--r-- 1 root root  250 Apr  4 14:56 packages/projectile-git-autofetch-readme.txt
4.0K -rw-r--r-- 1 root root  177 Apr  4 15:59 packages/projectile-git-autofetch.log
4.0K -rw-r--r-- 1 root root 1023 Jun  1  2020 packages/projectile-hanami-badge.svg
4.0K -rw-r--r-- 1 root root  404 Jun  1  2020 packages/projectile-hanami-readme.txt
 84K -rw-r--r-- 1 root root  81K Apr  4 14:56 packages/projectile-rails-20210325.2120.el
4.0K -rw-r--r-- 1 root root  596 Apr  4 14:56 packages/projectile-rails-20210325.2120.entry
4.0K -rw-r--r-- 1 root root 1.2K Apr  4 14:56 packages/projectile-rails-badge.svg
4.0K -rw-r--r-- 1 root root   72 Apr  4 14:56 packages/projectile-rails-readme.txt
4.0K -rw-r--r-- 1 root root  149 Apr  4 15:59 packages/projectile-rails.log
4.0K -rw-r--r-- 1 root root  356 Apr  4 15:59 packages/projectile-readme.txt
4.0K -rw-r--r-- 1 root root 2.6K Apr  4 14:56 packages/projectile-ripgrep-20180914.1500.el
4.0K -rw-r--r-- 1 root root  489 Apr  4 14:56 packages/projectile-ripgrep-20180914.1500.entry
4.0K -rw-r--r-- 1 root root 1.2K Apr  4 14:56 packages/projectile-ripgrep-badge.svg
4.0K -rw-r--r-- 1 root root  102 Apr  4 14:56 packages/projectile-ripgrep-readme.txt
4.0K -rw-r--r-- 1 root root  153 Apr  4 15:59 packages/projectile-ripgrep.log
4.0K -rw-r--r-- 1 root root 2.1K Apr  4 14:56 packages/projectile-sift-20160107.1015.el
4.0K -rw-r--r-- 1 root root  440 Apr  4 14:56 packages/projectile-sift-20160107.1015.entry
4.0K -rw-r--r-- 1 root root 1.2K Apr  4 14:56 packages/projectile-sift-badge.svg
4.0K -rw-r--r-- 1 root root   99 Apr  4 14:56 packages/projectile-sift-readme.txt
4.0K -rw-r--r-- 1 root root  144 Apr  4 15:59 packages/projectile-sift.log
8.0K -rw-r--r-- 1 root root 5.7K Apr  4 14:56 packages/projectile-speedbar-20190807.2010.el
4.0K -rw-r--r-- 1 root root  508 Apr  4 14:56 packages/projectile-speedbar-20190807.2010.entry
4.0K -rw-r--r-- 1 root root 1.2K Apr  4 14:56 packages/projectile-speedbar-badge.svg
4.0K -rw-r--r-- 1 root root  622 Apr  4 14:56 packages/projectile-speedbar-readme.txt
4.0K -rw-r--r-- 1 root root  165 Apr  4 15:59 packages/projectile-speedbar.log
8.0K -rw-r--r-- 1 root root 4.2K Apr  4 14:56 packages/projectile-trailblazer-20170928.1624.el
4.0K -rw-r--r-- 1 root root  602 Apr  4 14:56 packages/projectile-trailblazer-20170928.1624.entry
4.0K -rw-r--r-- 1 root root 1.2K Apr  4 14:56 packages/projectile-trailblazer-badge.svg
4.0K -rw-r--r-- 1 root root   78 Apr  4 14:56 packages/projectile-trailblazer-readme.txt
   0 -rw-r--r-- 1 root root    0 Apr  4 15:59 packages/projectile-trailblazer.log
8.0K -rw-r--r-- 1 root root 4.2K Apr  4 14:56 packages/projectile-variable-20170208.1718.el
4.0K -rw-r--r-- 1 root root  441 Apr  4 14:56 packages/projectile-variable-20170208.1718.entry
4.0K -rw-r--r-- 1 root root 1.2K Apr  4 14:56 packages/projectile-variable-badge.svg
4.0K -rw-r--r-- 1 root root  789 Apr  4 14:56 packages/projectile-variable-readme.txt
4.0K -rw-r--r-- 1 root root  609 Apr  4 14:56 packages/projectile-variable.log
