Package: psc-ide
Fetcher: github
Source:  https://github.com/purescript-emacs/psc-ide-emacs.git

Updating /mnt/store/melpa/working/psc-ide/
Copying files (->) and directories (=>)
  from /mnt/store/melpa/working/psc-ide/
  to /tmp/psc-ideQ3U8im/psc-ide-20210219.2247
    psc-ide-backported.el -> psc-ide-backported.el
    psc-ide-flycheck.el -> psc-ide-flycheck.el
    psc-ide-protocol.el -> psc-ide-protocol.el
    psc-ide.el -> psc-ide.el
Created psc-ide-20210219.2247.tar containing:
  psc-ide-20210219.2247/
  psc-ide-20210219.2247/psc-ide-backported.el
  psc-ide-20210219.2247/psc-ide-flycheck.el
  psc-ide-20210219.2247/psc-ide-pkg.el
  psc-ide-20210219.2247/psc-ide-protocol.el
  psc-ide-20210219.2247/psc-ide.el
Built psc-ide in 3.224s, finished at Sun Apr  4 15:59:56 2021
 ✓ Success:
4.0K -rw-r--r-- 1 root root  658 Apr  4 15:59 packages/psc-ide-20210219.2247.entry
 60K -rw-r--r-- 1 root root  60K Apr  4 15:59 packages/psc-ide-20210219.2247.tar
4.0K -rw-r--r-- 1 root root 1.2K Apr  4 15:59 packages/psc-ide-badge.svg
4.0K -rw-r--r-- 1 root root   46 Apr  4 15:59 packages/psc-ide-readme.txt
