Package: psci
Fetcher: github
Source:  https://github.com/purescript-emacs/emacs-psci.git

Updating /mnt/store/melpa/working/psci/
Copying files (->) and directories (=>)
  from /mnt/store/melpa/working/psci/
  to /tmp/psci6NK8Vq/psci-20191025.830
    psci-dev.el -> psci-dev.el
    psci.el -> psci.el
Created psci-20191025.830.tar containing:
  psci-20191025.830/
  psci-20191025.830/psci-dev.el
  psci-20191025.830/psci-pkg.el
  psci-20191025.830/psci.el
Built psci in 3.119s, finished at Sun Apr  4 15:59:56 2021
 ✓ Success:
4.0K -rw-r--r-- 1 root root  450 Apr  4 15:59 packages/psci-20191025.830.entry
 20K -rw-r--r-- 1 root root  20K Apr  4 15:59 packages/psci-20191025.830.tar
4.0K -rw-r--r-- 1 root root 1.2K Apr  4 15:59 packages/psci-badge.svg
4.0K -rw-r--r-- 1 root root  637 Apr  4 15:59 packages/psci-readme.txt
