Package: pubmed
Fetcher: gitlab
Source:  https://gitlab.com/fvdbeek/emacs-pubmed.git

Updating /mnt/store/melpa/working/pubmed/
Copying files (->) and directories (=>)
  from /mnt/store/melpa/working/pubmed/
  to /tmp/pubmed1v9q0G/pubmed-20200618.2203
    pubmed-advanced-search.el -> pubmed-advanced-search.el
    pubmed-bibtex.el -> pubmed-bibtex.el
    pubmed-dissemin.el -> pubmed-dissemin.el
    pubmed-openaccessbutton.el -> pubmed-openaccessbutton.el
    pubmed-pmc.el -> pubmed-pmc.el
    pubmed-scihub.el -> pubmed-scihub.el
    pubmed-springer.el -> pubmed-springer.el
    pubmed-unpaywall.el -> pubmed-unpaywall.el
    pubmed.el -> pubmed.el
Created pubmed-20200618.2203.tar containing:
  pubmed-20200618.2203/
  pubmed-20200618.2203/pubmed-advanced-search.el
  pubmed-20200618.2203/pubmed-bibtex.el
  pubmed-20200618.2203/pubmed-dissemin.el
  pubmed-20200618.2203/pubmed-openaccessbutton.el
  pubmed-20200618.2203/pubmed-pkg.el
  pubmed-20200618.2203/pubmed-pmc.el
  pubmed-20200618.2203/pubmed-scihub.el
  pubmed-20200618.2203/pubmed-springer.el
  pubmed-20200618.2203/pubmed-unpaywall.el
  pubmed-20200618.2203/pubmed.el
Built pubmed in 3.777s, finished at Sun Apr  4 16:00:02 2021
 ✓ Success:
4.0K -rw-r--r-- 1 root root  473 Apr  4 16:00 packages/pubmed-20200618.2203.entry
232K -rw-r--r-- 1 root root 230K Apr  4 16:00 packages/pubmed-20200618.2203.tar
4.0K -rw-r--r-- 1 root root 1.2K Apr  4 16:00 packages/pubmed-badge.svg
4.0K -rw-r--r-- 1 root root  107 Apr  4 16:00 packages/pubmed-readme.txt
