Package: punpun-theme
Fetcher: git
Source:  https://depp.brause.cc/punpun-theme.git

Updating /mnt/store/melpa/working/punpun-theme/
Copying files (->) and directories (=>)
  from /mnt/store/melpa/working/punpun-theme/
  to /tmp/punpun-themeo7k0Fh/punpun-theme-20200506.1241
    punpun-common.el -> punpun-common.el
    punpun-dark-theme.el -> punpun-dark-theme.el
    punpun-light-theme.el -> punpun-light-theme.el
    punpun-theme-pkg.el -> punpun-theme-pkg.el
Created punpun-theme-20200506.1241.tar containing:
  punpun-theme-20200506.1241/
  punpun-theme-20200506.1241/punpun-common.el
  punpun-theme-20200506.1241/punpun-dark-theme.el
  punpun-theme-20200506.1241/punpun-light-theme.el
  punpun-theme-20200506.1241/punpun-theme-pkg.el
Built punpun-theme in 6.185s, finished at Sun Apr  4 16:00:09 2021
 ✓ Success:
4.0K -rw-r--r-- 1 root root  139 Apr  4 16:00 packages/punpun-theme-20200506.1241.entry
 20K -rw-r--r-- 1 root root  20K Apr  4 16:00 packages/punpun-theme-20200506.1241.tar
4.0K -rw-r--r-- 1 root root 1.2K Apr  4 16:00 packages/punpun-theme-badge.svg
