Package: purp-theme
Fetcher: github
Source:  https://github.com/gnuvince/purp.git

Updating /mnt/store/melpa/working/purp-theme/
Copying files (->) and directories (=>)
  from /mnt/store/melpa/working/purp-theme/
  to /tmp/purp-themeD27qmr/purp-theme-20190629.1829
    blurb-theme.el -> blurb-theme.el
    purp-common.el -> purp-common.el
    purp-light-theme.el -> purp-light-theme.el
    purp-theme.el -> purp-theme.el
Created purp-theme-20190629.1829.tar containing:
  purp-theme-20190629.1829/
  purp-theme-20190629.1829/blurb-theme.el
  purp-theme-20190629.1829/purp-common.el
  purp-theme-20190629.1829/purp-light-theme.el
  purp-theme-20190629.1829/purp-theme-pkg.el
  purp-theme-20190629.1829/purp-theme.el
Built purp-theme in 5.178s, finished at Sun Apr  4 16:00:10 2021
 ✓ Success:
4.0K -rw-r--r-- 1 root root  353 Apr  4 16:00 packages/purp-theme-20190629.1829.entry
 32K -rw-r--r-- 1 root root  30K Apr  4 16:00 packages/purp-theme-20190629.1829.tar
4.0K -rw-r--r-- 1 root root 1.2K Apr  4 16:00 packages/purp-theme-badge.svg
4.0K -rw-r--r-- 1 root root   36 Apr  4 16:00 packages/purp-theme-readme.txt
