Package: pycoverage
Fetcher: github
Source:  https://github.com/mattharrison/pycoverage.el.git

Updating /mnt/store/melpa/working/pycoverage/
Copying files (->) and directories (=>)
  from /mnt/store/melpa/working/pycoverage/
  to /tmp/pycoverage9zJUED/pycoverage-20200513.2047
    pycoverage.el -> pycoverage.el
  ! cov2emacs/bin/cov2emacs -> cov2emacs
  ! cov2emacs/cov2emacslib/__init__.py -> __init__.py
  ! cov2emacs/cov2emacslib/meta.py -> meta.py
Created pycoverage-20200513.2047.tar containing:
  pycoverage-20200513.2047/
  pycoverage-20200513.2047/__init__.py
  pycoverage-20200513.2047/cov2emacs
  pycoverage-20200513.2047/meta.py
  pycoverage-20200513.2047/pycoverage-pkg.el
  pycoverage-20200513.2047/pycoverage.el
Built pycoverage in 5.674s, finished at Sun Apr  4 16:00:34 2021
 ✓ Success:
4.0K -rw-r--r-- 1 root root  379 Apr  4 16:00 packages/pycoverage-20200513.2047.entry
 32K -rw-r--r-- 1 root root  30K Apr  4 16:00 packages/pycoverage-20200513.2047.tar
4.0K -rw-r--r-- 1 root root 1.2K Apr  4 16:00 packages/pycoverage-badge.svg
