Package: pyim-wbdict
Fetcher: github
Source:  https://github.com/tumashu/pyim-wbdict.git

Updating /mnt/store/melpa/working/pyim-wbdict/
Copying files (->) and directories (=>)
  from /mnt/store/melpa/working/pyim-wbdict/
  to /tmp/pyim-wbdictuoqDnp/pyim-wbdict-20210111.923
    pyim-wbdict.el -> pyim-wbdict.el
    pyim-wbdict-v86.pyim -> pyim-wbdict-v86.pyim
    pyim-wbdict-v98-morphe.pyim -> pyim-wbdict-v98-morphe.pyim
    pyim-wbdict-v98.pyim -> pyim-wbdict-v98.pyim
Created pyim-wbdict-20210111.923.tar containing:
  pyim-wbdict-20210111.923/
  pyim-wbdict-20210111.923/pyim-wbdict-pkg.el
  pyim-wbdict-20210111.923/pyim-wbdict-v86.pyim
  pyim-wbdict-20210111.923/pyim-wbdict-v98-morphe.pyim
  pyim-wbdict-20210111.923/pyim-wbdict-v98.pyim
  pyim-wbdict-20210111.923/pyim-wbdict.el
Built pyim-wbdict in 5.117s, finished at Sun Apr  4 16:00:44 2021
 ✓ Success:
4.0K -rw-r--r-- 1 root root  409 Apr  4 16:00 packages/pyim-wbdict-20210111.923.entry
3.4M -rw-r--r-- 1 root root 3.4M Apr  4 16:00 packages/pyim-wbdict-20210111.923.tar
4.0K -rw-r--r-- 1 root root 1.2K Apr  4 16:00 packages/pyim-wbdict-badge.svg
4.0K -rw-r--r-- 1 root root  922 Apr  4 16:00 packages/pyim-wbdict-readme.txt
