Package: pyim
Fetcher: github
Source:  https://github.com/tumashu/pyim.git

Updating /mnt/store/melpa/working/pyim/
Note: pyim :files spec is equivalent to the default.
Copying files (->) and directories (=>)
  from /mnt/store/melpa/working/pyim/
  to /tmp/pyimDMf12g/pyim-20210319.1102
    pyim-common.el -> pyim-common.el
    pyim-dhashcache.el -> pyim-dhashcache.el
    pyim-dregcache.el -> pyim-dregcache.el
    pyim-liberime.el -> pyim-liberime.el
    pyim-probe.el -> pyim-probe.el
    pyim-pymap.el -> pyim-pymap.el
    pyim.el -> pyim.el
Created pyim-20210319.1102.tar containing:
  pyim-20210319.1102/
  pyim-20210319.1102/pyim-common.el
  pyim-20210319.1102/pyim-dhashcache.el
  pyim-20210319.1102/pyim-dregcache.el
  pyim-20210319.1102/pyim-liberime.el
  pyim-20210319.1102/pyim-pkg.el
  pyim-20210319.1102/pyim-probe.el
  pyim-20210319.1102/pyim-pymap.el
  pyim-20210319.1102/pyim.el
Built pyim in 6.001s, finished at Sun Apr  4 16:00:44 2021
 ✓ Success:
4.0K -rw-r--r-- 1 root root  472 Apr  4 16:00 packages/pyim-20210319.1102.entry
392K -rw-r--r-- 1 root root 390K Apr  4 16:00 packages/pyim-20210319.1102.tar
4.0K -rw-r--r-- 1 root root 1.2K Apr  4 16:00 packages/pyim-badge.svg
4.0K -rw-r--r-- 1 root root  374 Apr  4 16:00 packages/pyim-basedict-20210311.159.entry
2.7M -rw-r--r-- 1 root root 2.7M Apr  4 16:00 packages/pyim-basedict-20210311.159.tar
4.0K -rw-r--r-- 1 root root 1.2K Apr  4 16:00 packages/pyim-basedict-badge.svg
4.0K -rw-r--r-- 1 root root  779 Apr  4 16:00 packages/pyim-basedict-readme.txt
4.0K -rw-r--r-- 1 root root 1013 Apr  4 16:00 packages/pyim-basedict.log
4.0K -rw-r--r-- 1 root root  449 Apr  4 16:00 packages/pyim-cangjie5dict-20170730.246.entry
880K -rw-r--r-- 1 root root 880K Apr  4 16:00 packages/pyim-cangjie5dict-20170730.246.tar
4.0K -rw-r--r-- 1 root root 1.2K Apr  4 16:00 packages/pyim-cangjie5dict-badge.svg
4.0K -rw-r--r-- 1 root root  485 Apr  4 16:00 packages/pyim-cangjie5dict-readme.txt
4.0K -rw-r--r-- 1 root root 1.1K Apr  4 16:00 packages/pyim-cangjie5dict.log
 24K -rw-r--r-- 1 root root  21K Apr  4 16:00 packages/pyim-readme.txt
4.0K -rw-r--r-- 1 root root  409 Apr  4 14:56 packages/pyim-wbdict-20210111.923.entry
3.4M -rw-r--r-- 1 root root 3.4M Apr  4 14:56 packages/pyim-wbdict-20210111.923.tar
4.0K -rw-r--r-- 1 root root 1.2K Apr  4 14:56 packages/pyim-wbdict-badge.svg
4.0K -rw-r--r-- 1 root root  922 Apr  4 14:56 packages/pyim-wbdict-readme.txt
4.0K -rw-r--r-- 1 root root  137 Apr  4 16:00 packages/pyim-wbdict.log
