Package: pyimpsort
Fetcher: github
Source:  https://github.com/emacsorphanage/pyimpsort.git

Updating /mnt/store/melpa/working/pyimpsort/
Copying files (->) and directories (=>)
  from /mnt/store/melpa/working/pyimpsort/
  to /tmp/pyimpsortdr9zPz/pyimpsort-20160130.453
    pyimpsort.el -> pyimpsort.el
    pyimpsort.py -> pyimpsort.py
Created pyimpsort-20160130.453.tar containing:
  pyimpsort-20160130.453/
  pyimpsort-20160130.453/pyimpsort-pkg.el
  pyimpsort-20160130.453/pyimpsort.el
  pyimpsort-20160130.453/pyimpsort.py
Built pyimpsort in 3.792s, finished at Sun Apr  4 16:00:46 2021
 ✓ Success:
4.0K -rw-r--r-- 1 root root  394 Apr  4 16:00 packages/pyimpsort-20160130.453.entry
 20K -rw-r--r-- 1 root root  20K Apr  4 16:00 packages/pyimpsort-20160130.453.tar
4.0K -rw-r--r-- 1 root root 1.2K Apr  4 16:00 packages/pyimpsort-badge.svg
4.0K -rw-r--r-- 1 root root  791 Apr  4 16:00 packages/pyimpsort-readme.txt
