Package: pyim-cangjie5dict
Fetcher: github
Source:  https://github.com/p1uxtar/pyim-cangjie5dict.git

Updating /mnt/store/melpa/working/pyim-cangjie5dict/
Copying files (->) and directories (=>)
  from /mnt/store/melpa/working/pyim-cangjie5dict/
  to /tmp/pyim-cangjie5dict54fOxb/pyim-cangjie5dict-20170730.246
    pyim-cangjie5dict.el -> pyim-cangjie5dict.el
    pyim-cangjie5dict.pyim -> pyim-cangjie5dict.pyim
Created pyim-cangjie5dict-20170730.246.tar containing:
  pyim-cangjie5dict-20170730.246/
  pyim-cangjie5dict-20170730.246/pyim-cangjie5dict-pkg.el
  pyim-cangjie5dict-20170730.246/pyim-cangjie5dict.el
  pyim-cangjie5dict-20170730.246/pyim-cangjie5dict.pyim
Built pyim-cangjie5dict in 5.393s, finished at Sun Apr  4 16:00:43 2021
 ✓ Success:
4.0K -rw-r--r-- 1 root root  449 Apr  4 16:00 packages/pyim-cangjie5dict-20170730.246.entry
880K -rw-r--r-- 1 root root 880K Apr  4 16:00 packages/pyim-cangjie5dict-20170730.246.tar
4.0K -rw-r--r-- 1 root root 1.2K Apr  4 16:00 packages/pyim-cangjie5dict-badge.svg
4.0K -rw-r--r-- 1 root root  485 Apr  4 16:00 packages/pyim-cangjie5dict-readme.txt
