Package: pyim-basedict
Fetcher: github
Source:  https://github.com/tumashu/pyim-basedict.git

Updating /mnt/store/melpa/working/pyim-basedict/
Copying files (->) and directories (=>)
  from /mnt/store/melpa/working/pyim-basedict/
  to /tmp/pyim-basedictOwStGc/pyim-basedict-20210311.159
    pyim-basedict.el -> pyim-basedict.el
    pyim-basedict.pyim -> pyim-basedict.pyim
Created pyim-basedict-20210311.159.tar containing:
  pyim-basedict-20210311.159/
  pyim-basedict-20210311.159/pyim-basedict-pkg.el
  pyim-basedict-20210311.159/pyim-basedict.el
  pyim-basedict-20210311.159/pyim-basedict.pyim
Built pyim-basedict in 5.611s, finished at Sun Apr  4 16:00:43 2021
 ✓ Success:
4.0K -rw-r--r-- 1 root root  374 Apr  4 16:00 packages/pyim-basedict-20210311.159.entry
2.7M -rw-r--r-- 1 root root 2.7M Apr  4 16:00 packages/pyim-basedict-20210311.159.tar
4.0K -rw-r--r-- 1 root root 1.2K Apr  4 16:00 packages/pyim-basedict-badge.svg
4.0K -rw-r--r-- 1 root root  779 Apr  4 16:00 packages/pyim-basedict-readme.txt
