Package: pyramid
Fetcher: github
Source:  https://github.com/dakra/pyramid.el.git

Updating /mnt/store/melpa/working/pyramid/
Copying files (->) and directories (=>)
  from /mnt/store/melpa/working/pyramid/
  to /tmp/pyramidSxi1Dy/pyramid-20181212.1204
    pyramid.el -> pyramid.el
    snippets => snippets
Created pyramid-20181212.1204.tar containing:
  pyramid-20181212.1204/
  pyramid-20181212.1204/pyramid-pkg.el
  pyramid-20181212.1204/pyramid.el
  pyramid-20181212.1204/snippets/
  pyramid-20181212.1204/snippets/python-mode/
  pyramid-20181212.1204/snippets/python-mode/assign_translate
  pyramid-20181212.1204/snippets/python-mode/translate
  pyramid-20181212.1204/snippets/python-mode/view
  pyramid-20181212.1204/snippets/web-mode/
  pyramid-20181212.1204/snippets/web-mode/route_url
Built pyramid in 3.182s, finished at Sun Apr  4 16:00:49 2021
 ✓ Success:
4.0K -rw-r--r-- 1 root root  464 Apr  4 16:00 packages/pyramid-20181212.1204.entry
 40K -rw-r--r-- 1 root root  40K Apr  4 16:00 packages/pyramid-20181212.1204.tar
4.0K -rw-r--r-- 1 root root 1.2K Apr  4 16:00 packages/pyramid-badge.svg
4.0K -rw-r--r-- 1 root root  359 Apr  4 16:00 packages/pyramid-readme.txt
