Package: python-mode
Fetcher: gitlab
Source:  https://gitlab.com/python-mode-devs/python-mode.git

Updating /mnt/store/melpa/working/python-mode/
Copying files (->) and directories (=>)
  from /mnt/store/melpa/working/python-mode/
  to /tmp/python-mode7EHT6Y/python-mode-20210329.639
    python-mode.el -> python-mode.el
    completion/pycomplete.el -> completion/pycomplete.el
    completion/pycomplete.py -> completion/pycomplete.py
Created python-mode-20210329.639.tar containing:
  python-mode-20210329.639/
  python-mode-20210329.639/completion/
  python-mode-20210329.639/completion/pycomplete.el
  python-mode-20210329.639/completion/pycomplete.py
  python-mode-20210329.639/python-mode-pkg.el
  python-mode-20210329.639/python-mode.el
Built python-mode in 3.004s, finished at Sun Apr  4 16:00:54 2021
 ✓ Success:
4.0K -rw-r--r-- 1 root root  499 Apr  4 16:00 packages/python-mode-20210329.639.entry
1.1M -rw-r--r-- 1 root root 1.1M Apr  4 16:00 packages/python-mode-20210329.639.tar
4.0K -rw-r--r-- 1 root root 1.2K Apr  4 16:00 packages/python-mode-badge.svg
4.0K -rw-r--r-- 1 root root  941 Apr  4 16:00 packages/python-mode-readme.txt
