Package: python-x
Fetcher: gitlab
Source:  https://gitlab.com/wavexx/python-x.el.git

Updating /mnt/store/melpa/working/python-x/
Copying files (->) and directories (=>)
  from /mnt/store/melpa/working/python-x/
  to /tmp/python-x7QgsQp/python-x-20190611.1303
    python-help-mode.el -> python-help-mode.el
    python-x-pkg.el -> python-x-pkg.el
    python-x.el -> python-x.el
Created python-x-20190611.1303.tar containing:
  python-x-20190611.1303/
  python-x-20190611.1303/python-help-mode.el
  python-x-20190611.1303/python-x-pkg.el
  python-x-20190611.1303/python-x.el
Built python-x in 3.122s, finished at Sun Apr  4 16:00:56 2021
 ✓ Success:
4.0K -rw-r--r-- 1 root root  343 Apr  4 16:00 packages/python-x-20190611.1303.entry
 40K -rw-r--r-- 1 root root  40K Apr  4 16:00 packages/python-x-20190611.1303.tar
4.0K -rw-r--r-- 1 root root 1.2K Apr  4 16:00 packages/python-x-badge.svg
4.0K -rw-r--r-- 1 root root 3.4K Apr  4 16:00 packages/python-x-readme.txt
