Package: python-docstring
Fetcher: github
Source:  https://github.com/glyph/python-docstring-mode.git

Updating /mnt/store/melpa/working/python-docstring/
Copying files (->) and directories (=>)
  from /mnt/store/melpa/working/python-docstring/
  to /tmp/python-docstringDeBMLH/python-docstring-20190716.921
    docstring_wrap.py -> docstring_wrap.py
    python-docstring.el -> python-docstring.el
Created python-docstring-20190716.921.tar containing:
  python-docstring-20190716.921/
  python-docstring-20190716.921/docstring_wrap.py
  python-docstring-20190716.921/python-docstring-pkg.el
  python-docstring-20190716.921/python-docstring.el
Built python-docstring in 2.869s, finished at Sun Apr  4 16:00:53 2021
 ✓ Success:
4.0K -rw-r--r-- 1 root root  153 Apr  4 16:00 packages/python-docstring-20190716.921.entry
 40K -rw-r--r-- 1 root root  40K Apr  4 16:00 packages/python-docstring-20190716.921.tar
4.0K -rw-r--r-- 1 root root 1.2K Apr  4 16:00 packages/python-docstring-badge.svg
4.0K -rw-r--r-- 1 root root  321 Apr  4 16:00 packages/python-docstring-readme.txt
