Package: quelpa
Fetcher: github
Source:  https://github.com/quelpa/quelpa.git

Updating /mnt/store/melpa/working/quelpa/
Copying files (->) and directories (=>)
  from /mnt/store/melpa/working/quelpa/
  to /tmp/quelpaGuRVwM/quelpa-20210329.639
    bootstrap.el -> bootstrap.el
    quelpa.el -> quelpa.el
Created quelpa-20210329.639.tar containing:
  quelpa-20210329.639/
  quelpa-20210329.639/bootstrap.el
  quelpa-20210329.639/quelpa-pkg.el
  quelpa-20210329.639/quelpa.el
Built quelpa in 3.376s, finished at Sun Apr  4 16:01:04 2021
 ✓ Success:
 92K -rw-r--r-- 1 root root  90K Feb 29  2020 packages/quelpa-20200129.743.tar
4.0K -rw-r--r-- 1 root root  352 Apr  4 16:01 packages/quelpa-20210329.639.entry
 92K -rw-r--r-- 1 root root  90K Apr  4 16:01 packages/quelpa-20210329.639.tar
4.0K -rw-r--r-- 1 root root 1.2K Apr  4 16:01 packages/quelpa-badge.svg
8.0K -rw-r--r-- 1 root root 5.5K Apr  4 16:01 packages/quelpa-leaf-20210124.348.el
4.0K -rw-r--r-- 1 root root  405 Apr  4 14:57 packages/quelpa-leaf-20210124.348.entry
4.0K -rw-r--r-- 1 root root 1.2K Apr  4 14:57 packages/quelpa-leaf-badge.svg
4.0K -rw-r--r-- 1 root root  105 Apr  4 14:57 packages/quelpa-leaf-readme.txt
4.0K -rw-r--r-- 1 root root  136 Apr  4 16:01 packages/quelpa-leaf.log
4.0K -rw-r--r-- 1 root root  223 Apr  4 16:01 packages/quelpa-readme.txt
4.0K -rw-r--r-- 1 root root 4.0K Apr  4 14:57 packages/quelpa-use-package-20201022.746.el
4.0K -rw-r--r-- 1 root root  469 Apr  4 14:57 packages/quelpa-use-package-20201022.746.entry
4.0K -rw-r--r-- 1 root root 1.2K Apr  4 14:57 packages/quelpa-use-package-badge.svg
4.0K -rw-r--r-- 1 root root  175 Apr  4 14:57 packages/quelpa-use-package-readme.txt
4.0K -rw-r--r-- 1 root root  157 Apr  4 16:01 packages/quelpa-use-package.log
