Package: r-autoyas
Fetcher: github
Source:  https://github.com/mattfidler/r-autoyas.el.git

Updating /mnt/store/melpa/working/r-autoyas/
Copying files (->) and directories (=>)
  from /mnt/store/melpa/working/r-autoyas/
  to /tmp/r-autoyaszLpVTx/r-autoyas-20140101.1510
    r-autoyas.el -> r-autoyas.el
    r-autoyas.texi -> r-autoyas.texi
Created /tmp/r-autoyaszLpVTx/r-autoyas-20140101.1510/r-autoyas.info
Created r-autoyas-20140101.1510.tar containing:
  r-autoyas-20140101.1510/
  r-autoyas-20140101.1510/dir
  r-autoyas-20140101.1510/r-autoyas-pkg.el
  r-autoyas-20140101.1510/r-autoyas.el
  r-autoyas-20140101.1510/r-autoyas.info
Built r-autoyas in 6.308s, finished at Sun Apr  4 16:01:14 2021
 ✓ Success:
4.0K -rw-r--r-- 1 root root  430 Apr  4 16:01 packages/r-autoyas-20140101.1510.entry
 60K -rw-r--r-- 1 root root  60K Apr  4 16:01 packages/r-autoyas-20140101.1510.tar
4.0K -rw-r--r-- 1 root root 1.2K Apr  4 16:01 packages/r-autoyas-badge.svg
4.0K -rw-r--r-- 1 root root   71 Apr  4 16:01 packages/r-autoyas-readme.txt
