Package: raku-mode
Fetcher: github
Source:  https://github.com/Raku/raku-mode.git

Updating /mnt/store/melpa/working/raku-mode/
Copying files (->) and directories (=>)
  from /mnt/store/melpa/working/raku-mode/
  to /tmp/raku-modeY9PP80/raku-mode-20200902.2139
    raku-detect.el -> raku-detect.el
    raku-font-lock.el -> raku-font-lock.el
    raku-imenu.el -> raku-imenu.el
    raku-indent.el -> raku-indent.el
    raku-mode.el -> raku-mode.el
    raku-repl.el -> raku-repl.el
    raku-skeletons.el -> raku-skeletons.el
    raku-unicode-menu.el -> raku-unicode-menu.el
Created raku-mode-20200902.2139.tar containing:
  raku-mode-20200902.2139/
  raku-mode-20200902.2139/raku-detect.el
  raku-mode-20200902.2139/raku-font-lock.el
  raku-mode-20200902.2139/raku-imenu.el
  raku-mode-20200902.2139/raku-indent.el
  raku-mode-20200902.2139/raku-mode-pkg.el
  raku-mode-20200902.2139/raku-mode.el
  raku-mode-20200902.2139/raku-repl.el
  raku-mode-20200902.2139/raku-skeletons.el
  raku-mode-20200902.2139/raku-unicode-menu.el
Built raku-mode in 3.971s, finished at Sun Apr  4 16:01:21 2021
 ✓ Success:
4.0K -rw-r--r-- 1 root root  433 Apr  4 16:01 packages/raku-mode-20200902.2139.entry
 60K -rw-r--r-- 1 root root  60K Apr  4 16:01 packages/raku-mode-20200902.2139.tar
4.0K -rw-r--r-- 1 root root 1.2K Apr  4 16:01 packages/raku-mode-badge.svg
4.0K -rw-r--r-- 1 root root  104 Apr  4 16:01 packages/raku-mode-readme.txt
