Package: rbtagger
Fetcher: github
Source:  https://github.com/thiagoa/rbtagger.git

Updating /mnt/store/melpa/working/rbtagger/
Copying files (->) and directories (=>)
  from /mnt/store/melpa/working/rbtagger/
  to /tmp/rbtaggerN8V2bl/rbtagger-20200911.2209
    rbtagger.el -> rbtagger.el
    bin => bin
Created rbtagger-20200911.2209.tar containing:
  rbtagger-20200911.2209/
  rbtagger-20200911.2209/bin/
  rbtagger-20200911.2209/bin/ruby_index_tags
  rbtagger-20200911.2209/rbtagger-pkg.el
  rbtagger-20200911.2209/rbtagger.el
Built rbtagger in 4.190s, finished at Sun Apr  4 16:01:28 2021
 ✓ Success:
4.0K -rw-r--r-- 1 root root  377 Apr  4 16:01 packages/rbtagger-20200911.2209.entry
 20K -rw-r--r-- 1 root root  20K Apr  4 16:01 packages/rbtagger-20200911.2209.tar
4.0K -rw-r--r-- 1 root root 1.2K Apr  4 16:01 packages/rbtagger-badge.svg
4.0K -rw-r--r-- 1 root root  170 Apr  4 16:01 packages/rbtagger-readme.txt
