Package: realgud-node-debug
Fetcher: github
Source:  https://github.com/realgud/realgud-node-debug.git

Updating /mnt/store/melpa/working/realgud-node-debug/
Copying files (->) and directories (=>)
  from /mnt/store/melpa/working/realgud-node-debug/
  to /tmp/realgud-node-debugvz3K37/realgud-node-debug-20190525.1634
    realgud-node-debug.el -> realgud-node-debug.el
    realgud-node-debug/core.el -> realgud-node-debug/core.el
    realgud-node-debug/init.el -> realgud-node-debug/init.el
    realgud-node-debug/node-debug.el -> realgud-node-debug/node-debug.el
    realgud-node-debug/track-mode.el -> realgud-node-debug/track-mode.el
Created realgud-node-debug-20190525.1634.tar containing:
  realgud-node-debug-20190525.1634/
  realgud-node-debug-20190525.1634/realgud-node-debug-pkg.el
  realgud-node-debug-20190525.1634/realgud-node-debug.el
  realgud-node-debug-20190525.1634/realgud-node-debug/
  realgud-node-debug-20190525.1634/realgud-node-debug/core.el
  realgud-node-debug-20190525.1634/realgud-node-debug/init.el
  realgud-node-debug-20190525.1634/realgud-node-debug/node-debug.el
  realgud-node-debug-20190525.1634/realgud-node-debug/track-mode.el
Built realgud-node-debug in 6.240s, finished at Sun Apr  4 16:01:53 2021
 ✓ Success:
4.0K -rw-r--r-- 1 root root  491 Apr  4 16:01 packages/realgud-node-debug-20190525.1634.entry
 32K -rw-r--r-- 1 root root  30K Apr  4 16:01 packages/realgud-node-debug-20190525.1634.tar
4.0K -rw-r--r-- 1 root root 1.2K Apr  4 16:01 packages/realgud-node-debug-badge.svg
4.0K -rw-r--r-- 1 root root  171 Apr  4 16:01 packages/realgud-node-debug-readme.txt
