Package: realgud-lldb
Fetcher: github
Source:  https://github.com/realgud/realgud-lldb.git

Updating /mnt/store/melpa/working/realgud-lldb/
Copying files (->) and directories (=>)
  from /mnt/store/melpa/working/realgud-lldb/
  to /tmp/realgud-lldbFC3jDZ/realgud-lldb-20190912.1335
    cask-install.el -> cask-install.el
    realgud-lldb.el -> realgud-lldb.el
    lldb/core.el -> lldb/core.el
    lldb/init.el -> lldb/init.el
    lldb/lldb.el -> lldb/lldb.el
    lldb/track-mode.el -> lldb/track-mode.el
Created realgud-lldb-20190912.1335.tar containing:
  realgud-lldb-20190912.1335/
  realgud-lldb-20190912.1335/cask-install.el
  realgud-lldb-20190912.1335/lldb/
  realgud-lldb-20190912.1335/lldb/core.el
  realgud-lldb-20190912.1335/lldb/init.el
  realgud-lldb-20190912.1335/lldb/lldb.el
  realgud-lldb-20190912.1335/lldb/track-mode.el
  realgud-lldb-20190912.1335/realgud-lldb-pkg.el
  realgud-lldb-20190912.1335/realgud-lldb.el
Built realgud-lldb in 5.787s, finished at Sun Apr  4 16:01:52 2021
 ✓ Success:
4.0K -rw-r--r-- 1 root root  383 Apr  4 16:01 packages/realgud-lldb-20190912.1335.entry
 40K -rw-r--r-- 1 root root  40K Apr  4 16:01 packages/realgud-lldb-20190912.1335.tar
4.0K -rw-r--r-- 1 root root 1.2K Apr  4 16:01 packages/realgud-lldb-badge.svg
4.0K -rw-r--r-- 1 root root   72 Apr  4 16:01 packages/realgud-lldb-readme.txt
