Package: realgud-trepan-ni
Fetcher: github
Source:  https://github.com/realgud/realgud-trepan-ni.git

Updating /mnt/store/melpa/working/realgud-trepan-ni/
Copying files (->) and directories (=>)
  from /mnt/store/melpa/working/realgud-trepan-ni/
  to /tmp/realgud-trepan-niRKOPCm/realgud-trepan-ni-20200722.1118
    cask-install.el -> cask-install.el
    realgud-trepan-ni.el -> realgud-trepan-ni.el
    trepan-ni/core.el -> trepan-ni/core.el
    trepan-ni/init.el -> trepan-ni/init.el
    trepan-ni/track-mode.el -> trepan-ni/track-mode.el
    trepan-ni/trepan-ni.el -> trepan-ni/trepan-ni.el
Created realgud-trepan-ni-20200722.1118.tar containing:
  realgud-trepan-ni-20200722.1118/
  realgud-trepan-ni-20200722.1118/cask-install.el
  realgud-trepan-ni-20200722.1118/realgud-trepan-ni-pkg.el
  realgud-trepan-ni-20200722.1118/realgud-trepan-ni.el
  realgud-trepan-ni-20200722.1118/trepan-ni/
  realgud-trepan-ni-20200722.1118/trepan-ni/core.el
  realgud-trepan-ni-20200722.1118/trepan-ni/init.el
  realgud-trepan-ni-20200722.1118/trepan-ni/track-mode.el
  realgud-trepan-ni-20200722.1118/trepan-ni/trepan-ni.el
Built realgud-trepan-ni in 5.946s, finished at Sun Apr  4 16:02:00 2021
 ✓ Success:
4.0K -rw-r--r-- 1 root root  434 Apr  4 16:02 packages/realgud-trepan-ni-20200722.1118.entry
 32K -rw-r--r-- 1 root root  30K Apr  4 16:02 packages/realgud-trepan-ni-20200722.1118.tar
4.0K -rw-r--r-- 1 root root 1.2K Apr  4 16:02 packages/realgud-trepan-ni-badge.svg
4.0K -rw-r--r-- 1 root root  187 Apr  4 16:02 packages/realgud-trepan-ni-readme.txt
