Package: realgud
Fetcher: github
Source:  https://github.com/realgud/realgud.git

Updating /mnt/store/melpa/working/realgud/
Copying files (->) and directories (=>)
  from /mnt/store/melpa/working/realgud/
  to /tmp/realgudZyrhlY/realgud-20201221.1435
    realgud.el -> realgud.el
  ! realgud/.nosearch -> .nosearch
    realgud-recursive-autoloads.el -> realgud-recursive-autoloads.el
    realgud/common/attach.el -> realgud/common/attach.el
    realgud/common/backtrace-mode.el -> realgud/common/backtrace-mode.el
    realgud/common/backtrack-mode.el -> realgud/common/backtrack-mode.el
    realgud/common/bp-image-data.el -> realgud/common/bp-image-data.el
    realgud/common/bp.el -> realgud/common/bp.el
    realgud/common/breakpoint-mode.el -> realgud/common/breakpoint-mode.el
    realgud/common/cmds.el -> realgud/common/cmds.el
    realgud/common/core.el -> realgud/common/core.el
    realgud/common/custom.el -> realgud/common/custom.el
    realgud/common/eval.el -> realgud/common/eval.el
    realgud/common/file.el -> realgud/common/file.el
    realgud/common/follow.el -> realgud/common/follow.el
    realgud/common/fringe.el -> realgud/common/fringe.el
    realgud/common/helper.el -> realgud/common/helper.el
    realgud/common/init.el -> realgud/common/init.el
    realgud/common/key.el -> realgud/common/key.el
    realgud/common/lang.el -> realgud/common/lang.el
    realgud/common/loc.el -> realgud/common/loc.el
    realgud/common/locals-mode.el -> realgud/common/locals-mode.el
    realgud/common/lochist.el -> realgud/common/lochist.el
    realgud/common/menu.el -> realgud/common/menu.el
    realgud/common/regexp.el -> realgud/common/regexp.el
    realgud/common/reset.el -> realgud/common/reset.el
    realgud/common/run.el -> realgud/common/run.el
    realgud/common/send.el -> realgud/common/send.el
    realgud/common/shortkey.el -> realgud/common/shortkey.el
    realgud/common/track-mode.el -> realgud/common/track-mode.el
    realgud/common/track.el -> realgud/common/track.el
    realgud/common/utils.el -> realgud/common/utils.el
    realgud/common/window.el -> realgud/common/window.el
    realgud/common/buffer/backtrace.el -> realgud/common/buffer/backtrace.el
    realgud/common/buffer/breakpoint.el -> realgud/common/buffer/breakpoint.el
    realgud/common/buffer/command.el -> realgud/common/buffer/command.el
    realgud/common/buffer/helper.el -> realgud/common/buffer/helper.el
    realgud/common/buffer/info.el -> realgud/common/buffer/info.el
    realgud/common/buffer/locals.el -> realgud/common/buffer/locals.el
    realgud/common/buffer/source.el -> realgud/common/buffer/source.el
    realgud/debugger/bashdb/bashdb.el -> realgud/debugger/bashdb/bashdb.el
    realgud/debugger/bashdb/core.el -> realgud/debugger/bashdb/core.el
    realgud/debugger/bashdb/init.el -> realgud/debugger/bashdb/init.el
    realgud/debugger/bashdb/track-mode.el -> realgud/debugger/bashdb/track-mode.el
    realgud/debugger/gdb/core.el -> realgud/debugger/gdb/core.el
    realgud/debugger/gdb/gdb.el -> realgud/debugger/gdb/gdb.el
    realgud/debugger/gdb/init.el -> realgud/debugger/gdb/init.el
    realgud/debugger/gdb/track-mode.el -> realgud/debugger/gdb/track-mode.el
    realgud/debugger/gub/core.el -> realgud/debugger/gub/core.el
    realgud/debugger/gub/gub.el -> realgud/debugger/gub/gub.el
    realgud/debugger/gub/init.el -> realgud/debugger/gub/init.el
    realgud/debugger/gub/track-mode.el -> realgud/debugger/gub/track-mode.el
    realgud/debugger/kshdb/core.el -> realgud/debugger/kshdb/core.el
    realgud/debugger/kshdb/init.el -> realgud/debugger/kshdb/init.el
    realgud/debugger/kshdb/kshdb.el -> realgud/debugger/kshdb/kshdb.el
    realgud/debugger/kshdb/track-mode.el -> realgud/debugger/kshdb/track-mode.el
    realgud/debugger/pdb/core.el -> realgud/debugger/pdb/core.el
    realgud/debugger/pdb/init.el -> realgud/debugger/pdb/init.el
    realgud/debugger/pdb/pdb.el -> realgud/debugger/pdb/pdb.el
    realgud/debugger/pdb/track-mode.el -> realgud/debugger/pdb/track-mode.el
    realgud/debugger/perldb/core.el -> realgud/debugger/perldb/core.el
    realgud/debugger/perldb/init.el -> realgud/debugger/perldb/init.el
    realgud/debugger/perldb/perldb.el -> realgud/debugger/perldb/perldb.el
    realgud/debugger/perldb/track-mode.el -> realgud/debugger/perldb/track-mode.el
    realgud/debugger/rdebug/core.el -> realgud/debugger/rdebug/core.el
    realgud/debugger/rdebug/init.el -> realgud/debugger/rdebug/init.el
    realgud/debugger/rdebug/rdebug.el -> realgud/debugger/rdebug/rdebug.el
    realgud/debugger/rdebug/track-mode.el -> realgud/debugger/rdebug/track-mode.el
    realgud/debugger/remake/core.el -> realgud/debugger/remake/core.el
    realgud/debugger/remake/init.el -> realgud/debugger/remake/init.el
    realgud/debugger/remake/remake.el -> realgud/debugger/remake/remake.el
    realgud/debugger/remake/track-mode.el -> realgud/debugger/remake/track-mode.el
    realgud/debugger/trepan/backtrack-mode.el -> realgud/debugger/trepan/backtrack-mode.el
    realgud/debugger/trepan/core.el -> realgud/debugger/trepan/core.el
    realgud/debugger/trepan/init.el -> realgud/debugger/trepan/init.el
    realgud/debugger/trepan/track-mode.el -> realgud/debugger/trepan/track-mode.el
    realgud/debugger/trepan/trepan.el -> realgud/debugger/trepan/trepan.el
    realgud/debugger/trepan.pl/backtrack-mode.el -> realgud/debugger/trepan.pl/backtrack-mode.el
    realgud/debugger/trepan.pl/core.el -> realgud/debugger/trepan.pl/core.el
    realgud/debugger/trepan.pl/init.el -> realgud/debugger/trepan.pl/init.el
    realgud/debugger/trepan.pl/track-mode.el -> realgud/debugger/trepan.pl/track-mode.el
    realgud/debugger/trepan.pl/trepanpl.el -> realgud/debugger/trepan.pl/trepanpl.el
    realgud/debugger/trepan2/core.el -> realgud/debugger/trepan2/core.el
    realgud/debugger/trepan2/init.el -> realgud/debugger/trepan2/init.el
    realgud/debugger/trepan2/track-mode.el -> realgud/debugger/trepan2/track-mode.el
    realgud/debugger/trepan2/trepan2.el -> realgud/debugger/trepan2/trepan2.el
    realgud/debugger/trepan3k/core.el -> realgud/debugger/trepan3k/core.el
    realgud/debugger/trepan3k/init.el -> realgud/debugger/trepan3k/init.el
    realgud/debugger/trepan3k/track-mode.el -> realgud/debugger/trepan3k/track-mode.el
    realgud/debugger/trepan3k/trepan3k.el -> realgud/debugger/trepan3k/trepan3k.el
    realgud/debugger/trepanjs/backtrack-mode.el -> realgud/debugger/trepanjs/backtrack-mode.el
    realgud/debugger/trepanjs/core.el -> realgud/debugger/trepanjs/core.el
    realgud/debugger/trepanjs/init.el -> realgud/debugger/trepanjs/init.el
    realgud/debugger/trepanjs/track-mode.el -> realgud/debugger/trepanjs/track-mode.el
    realgud/debugger/trepanjs/trepanjs.el -> realgud/debugger/trepanjs/trepanjs.el
    realgud/debugger/zshdb/core.el -> realgud/debugger/zshdb/core.el
    realgud/debugger/zshdb/init.el -> realgud/debugger/zshdb/init.el
    realgud/debugger/zshdb/track-mode.el -> realgud/debugger/zshdb/track-mode.el
    realgud/debugger/zshdb/zshdb.el -> realgud/debugger/zshdb/zshdb.el
    realgud/lang/java.el -> realgud/lang/java.el
    realgud/lang/js.el -> realgud/lang/js.el
    realgud/lang/perl.el -> realgud/lang/perl.el
    realgud/lang/posix-shell.el -> realgud/lang/posix-shell.el
    realgud/lang/python.el -> realgud/lang/python.el
    realgud/lang/ruby.el -> realgud/lang/ruby.el
Created realgud-20201221.1435.tar containing:
  realgud-20201221.1435/
  realgud-20201221.1435/.nosearch
  realgud-20201221.1435/realgud-pkg.el
  realgud-20201221.1435/realgud-recursive-autoloads.el
  realgud-20201221.1435/realgud.el
  realgud-20201221.1435/realgud/
  realgud-20201221.1435/realgud/common/
  realgud-20201221.1435/realgud/common/attach.el
  realgud-20201221.1435/realgud/common/backtrace-mode.el
  realgud-20201221.1435/realgud/common/backtrack-mode.el
  realgud-20201221.1435/realgud/common/bp-image-data.el
  realgud-20201221.1435/realgud/common/bp.el
  realgud-20201221.1435/realgud/common/breakpoint-mode.el
  realgud-20201221.1435/realgud/common/buffer/
  realgud-20201221.1435/realgud/common/buffer/backtrace.el
  realgud-20201221.1435/realgud/common/buffer/breakpoint.el
  realgud-20201221.1435/realgud/common/buffer/command.el
  realgud-20201221.1435/realgud/common/buffer/helper.el
  realgud-20201221.1435/realgud/common/buffer/info.el
  realgud-20201221.1435/realgud/common/buffer/locals.el
  realgud-20201221.1435/realgud/common/buffer/source.el
  realgud-20201221.1435/realgud/common/cmds.el
  realgud-20201221.1435/realgud/common/core.el
  realgud-20201221.1435/realgud/common/custom.el
  realgud-20201221.1435/realgud/common/eval.el
  realgud-20201221.1435/realgud/common/file.el
  realgud-20201221.1435/realgud/common/follow.el
  realgud-20201221.1435/realgud/common/fringe.el
  realgud-20201221.1435/realgud/common/helper.el
  realgud-20201221.1435/realgud/common/init.el
  realgud-20201221.1435/realgud/common/key.el
  realgud-20201221.1435/realgud/common/lang.el
  realgud-20201221.1435/realgud/common/loc.el
  realgud-20201221.1435/realgud/common/locals-mode.el
  realgud-20201221.1435/realgud/common/lochist.el
  realgud-20201221.1435/realgud/common/menu.el
  realgud-20201221.1435/realgud/common/regexp.el
  realgud-20201221.1435/realgud/common/reset.el
  realgud-20201221.1435/realgud/common/run.el
  realgud-20201221.1435/realgud/common/send.el
  realgud-20201221.1435/realgud/common/shortkey.el
  realgud-20201221.1435/realgud/common/track-mode.el
  realgud-20201221.1435/realgud/common/track.el
  realgud-20201221.1435/realgud/common/utils.el
  realgud-20201221.1435/realgud/common/window.el
  realgud-20201221.1435/realgud/debugger/
  realgud-20201221.1435/realgud/debugger/bashdb/
  realgud-20201221.1435/realgud/debugger/bashdb/bashdb.el
  realgud-20201221.1435/realgud/debugger/bashdb/core.el
  realgud-20201221.1435/realgud/debugger/bashdb/init.el
  realgud-20201221.1435/realgud/debugger/bashdb/track-mode.el
  realgud-20201221.1435/realgud/debugger/gdb/
  realgud-20201221.1435/realgud/debugger/gdb/core.el
  realgud-20201221.1435/realgud/debugger/gdb/gdb.el
  realgud-20201221.1435/realgud/debugger/gdb/init.el
  realgud-20201221.1435/realgud/debugger/gdb/track-mode.el
  realgud-20201221.1435/realgud/debugger/gub/
  realgud-20201221.1435/realgud/debugger/gub/core.el
  realgud-20201221.1435/realgud/debugger/gub/gub.el
  realgud-20201221.1435/realgud/debugger/gub/init.el
  realgud-20201221.1435/realgud/debugger/gub/track-mode.el
  realgud-20201221.1435/realgud/debugger/kshdb/
  realgud-20201221.1435/realgud/debugger/kshdb/core.el
  realgud-20201221.1435/realgud/debugger/kshdb/init.el
  realgud-20201221.1435/realgud/debugger/kshdb/kshdb.el
  realgud-20201221.1435/realgud/debugger/kshdb/track-mode.el
  realgud-20201221.1435/realgud/debugger/pdb/
  realgud-20201221.1435/realgud/debugger/pdb/core.el
  realgud-20201221.1435/realgud/debugger/pdb/init.el
  realgud-20201221.1435/realgud/debugger/pdb/pdb.el
  realgud-20201221.1435/realgud/debugger/pdb/track-mode.el
  realgud-20201221.1435/realgud/debugger/perldb/
  realgud-20201221.1435/realgud/debugger/perldb/core.el
  realgud-20201221.1435/realgud/debugger/perldb/init.el
  realgud-20201221.1435/realgud/debugger/perldb/perldb.el
  realgud-20201221.1435/realgud/debugger/perldb/track-mode.el
  realgud-20201221.1435/realgud/debugger/rdebug/
  realgud-20201221.1435/realgud/debugger/rdebug/core.el
  realgud-20201221.1435/realgud/debugger/rdebug/init.el
  realgud-20201221.1435/realgud/debugger/rdebug/rdebug.el
  realgud-20201221.1435/realgud/debugger/rdebug/track-mode.el
  realgud-20201221.1435/realgud/debugger/remake/
  realgud-20201221.1435/realgud/debugger/remake/core.el
  realgud-20201221.1435/realgud/debugger/remake/init.el
  realgud-20201221.1435/realgud/debugger/remake/remake.el
  realgud-20201221.1435/realgud/debugger/remake/track-mode.el
  realgud-20201221.1435/realgud/debugger/trepan.pl/
  realgud-20201221.1435/realgud/debugger/trepan.pl/backtrack-mode.el
  realgud-20201221.1435/realgud/debugger/trepan.pl/core.el
  realgud-20201221.1435/realgud/debugger/trepan.pl/init.el
  realgud-20201221.1435/realgud/debugger/trepan.pl/track-mode.el
  realgud-20201221.1435/realgud/debugger/trepan.pl/trepanpl.el
  realgud-20201221.1435/realgud/debugger/trepan/
  realgud-20201221.1435/realgud/debugger/trepan/backtrack-mode.el
  realgud-20201221.1435/realgud/debugger/trepan/core.el
  realgud-20201221.1435/realgud/debugger/trepan/init.el
  realgud-20201221.1435/realgud/debugger/trepan/track-mode.el
  realgud-20201221.1435/realgud/debugger/trepan/trepan.el
  realgud-20201221.1435/realgud/debugger/trepan2/
  realgud-20201221.1435/realgud/debugger/trepan2/core.el
  realgud-20201221.1435/realgud/debugger/trepan2/init.el
  realgud-20201221.1435/realgud/debugger/trepan2/track-mode.el
  realgud-20201221.1435/realgud/debugger/trepan2/trepan2.el
  realgud-20201221.1435/realgud/debugger/trepan3k/
  realgud-20201221.1435/realgud/debugger/trepan3k/core.el
  realgud-20201221.1435/realgud/debugger/trepan3k/init.el
  realgud-20201221.1435/realgud/debugger/trepan3k/track-mode.el
  realgud-20201221.1435/realgud/debugger/trepan3k/trepan3k.el
  realgud-20201221.1435/realgud/debugger/trepanjs/
  realgud-20201221.1435/realgud/debugger/trepanjs/backtrack-mode.el
  realgud-20201221.1435/realgud/debugger/trepanjs/core.el
  realgud-20201221.1435/realgud/debugger/trepanjs/init.el
  realgud-20201221.1435/realgud/debugger/trepanjs/track-mode.el
  realgud-20201221.1435/realgud/debugger/trepanjs/trepanjs.el
  realgud-20201221.1435/realgud/debugger/zshdb/
  realgud-20201221.1435/realgud/debugger/zshdb/core.el
  realgud-20201221.1435/realgud/debugger/zshdb/init.el
  realgud-20201221.1435/realgud/debugger/zshdb/track-mode.el
  realgud-20201221.1435/realgud/debugger/zshdb/zshdb.el
  realgud-20201221.1435/realgud/lang/
  realgud-20201221.1435/realgud/lang/java.el
  realgud-20201221.1435/realgud/lang/js.el
  realgud-20201221.1435/realgud/lang/perl.el
  realgud-20201221.1435/realgud/lang/posix-shell.el
  realgud-20201221.1435/realgud/lang/python.el
  realgud-20201221.1435/realgud/lang/ruby.el
Built realgud in 7.607s, finished at Sun Apr  4 16:01:48 2021
 ✓ Success:
4.0K -rw-r--r-- 1 root root  557 Apr  4 16:01 packages/realgud-20201221.1435.entry
760K -rw-r--r-- 1 root root 760K Apr  4 16:01 packages/realgud-20201221.1435.tar
4.0K -rw-r--r-- 1 root root 1.2K Apr  4 16:01 packages/realgud-badge.svg
4.0K -rw-r--r-- 1 root root  389 Apr  4 16:01 packages/realgud-byebug-20190520.1140.entry
 32K -rw-r--r-- 1 root root  30K Apr  4 16:01 packages/realgud-byebug-20190520.1140.tar
4.0K -rw-r--r-- 1 root root 1.2K Apr  4 16:01 packages/realgud-byebug-badge.svg
4.0K -rw-r--r-- 1 root root  223 Apr  4 16:01 packages/realgud-byebug-readme.txt
4.0K -rw-r--r-- 1 root root 1.4K Apr  4 16:01 packages/realgud-byebug.log
4.0K -rw-r--r-- 1 root root  384 Apr  4 16:01 packages/realgud-ipdb-20200722.1116.entry
 40K -rw-r--r-- 1 root root  40K Apr  4 16:01 packages/realgud-ipdb-20200722.1116.tar
4.0K -rw-r--r-- 1 root root 1.2K Apr  4 16:01 packages/realgud-ipdb-badge.svg
4.0K -rw-r--r-- 1 root root   71 Apr  4 16:01 packages/realgud-ipdb-readme.txt
4.0K -rw-r--r-- 1 root root 1.3K Apr  4 16:01 packages/realgud-ipdb.log
4.0K -rw-r--r-- 1 root root  421 Apr  4 14:57 packages/realgud-jdb-20200722.1120.entry
 40K -rw-r--r-- 1 root root  40K Apr  4 14:57 packages/realgud-jdb-20200722.1120.tar
4.0K -rw-r--r-- 1 root root 1.2K Apr  4 14:57 packages/realgud-jdb-badge.svg
4.0K -rw-r--r-- 1 root root  129 Apr  4 14:57 packages/realgud-jdb-readme.txt
4.0K -rw-r--r-- 1 root root  137 Apr  4 16:01 packages/realgud-jdb.log
4.0K -rw-r--r-- 1 root root  383 Apr  4 14:57 packages/realgud-lldb-20190912.1335.entry
 40K -rw-r--r-- 1 root root  40K Apr  4 14:57 packages/realgud-lldb-20190912.1335.tar
4.0K -rw-r--r-- 1 root root 1.2K Apr  4 14:57 packages/realgud-lldb-badge.svg
4.0K -rw-r--r-- 1 root root   72 Apr  4 14:57 packages/realgud-lldb-readme.txt
4.0K -rw-r--r-- 1 root root  140 Apr  4 16:01 packages/realgud-lldb.log
4.0K -rw-r--r-- 1 root root  491 Apr  4 14:57 packages/realgud-node-debug-20190525.1634.entry
 32K -rw-r--r-- 1 root root  30K Apr  4 14:57 packages/realgud-node-debug-20190525.1634.tar
4.0K -rw-r--r-- 1 root root 1.2K Apr  4 14:57 packages/realgud-node-debug-badge.svg
4.0K -rw-r--r-- 1 root root  171 Apr  4 14:57 packages/realgud-node-debug-readme.txt
4.0K -rw-r--r-- 1 root root  158 Apr  4 16:01 packages/realgud-node-debug.log
4.0K -rw-r--r-- 1 root root  450 Apr  4 14:57 packages/realgud-node-inspect-20190523.1251.entry
 32K -rw-r--r-- 1 root root  30K Apr  4 14:57 packages/realgud-node-inspect-20190523.1251.tar
4.0K -rw-r--r-- 1 root root 1.2K Apr  4 14:57 packages/realgud-node-inspect-badge.svg
4.0K -rw-r--r-- 1 root root  243 Apr  4 14:57 packages/realgud-node-inspect-readme.txt
4.0K -rw-r--r-- 1 root root  164 Apr  4 16:01 packages/realgud-node-inspect.log
4.0K -rw-r--r-- 1 root root  413 Apr  4 14:57 packages/realgud-old-debuggers-20190520.1150.entry
 80K -rw-r--r-- 1 root root  80K Apr  4 14:57 packages/realgud-old-debuggers-20190520.1150.tar
4.0K -rw-r--r-- 1 root root 1.2K Apr  4 14:57 packages/realgud-old-debuggers-badge.svg
4.0K -rw-r--r-- 1 root root   44 Apr  4 14:57 packages/realgud-old-debuggers-readme.txt
   0 -rw-r--r-- 1 root root    0 Apr  4 16:01 packages/realgud-old-debuggers.log
4.0K -rw-r--r-- 1 root root  405 Apr  4 14:57 packages/realgud-pry-20201011.1815.entry
 32K -rw-r--r-- 1 root root  30K Apr  4 14:57 packages/realgud-pry-20201011.1815.tar
4.0K -rw-r--r-- 1 root root 1.2K Apr  4 14:57 packages/realgud-pry-badge.svg
4.0K -rw-r--r-- 1 root root   42 Apr  4 14:57 packages/realgud-pry-readme.txt
   0 -rw-r--r-- 1 root root    0 Apr  4 16:01 packages/realgud-pry.log
4.0K -rw-r--r-- 1 root root  401 Apr  4 14:57 packages/realgud-rdb2-20190520.1146.entry
 32K -rw-r--r-- 1 root root  30K Apr  4 14:57 packages/realgud-rdb2-20190520.1146.tar
4.0K -rw-r--r-- 1 root root 1.2K Apr  4 14:57 packages/realgud-rdb2-badge.svg
4.0K -rw-r--r-- 1 root root   48 Apr  4 14:57 packages/realgud-rdb2-readme.txt
4.0K -rw-r--r-- 1 root root 1.3K Apr  4 14:57 packages/realgud-rdb2.log
4.0K -rw-r--r-- 1 root root 2.1K Apr  4 16:01 packages/realgud-readme.txt
4.0K -rw-r--r-- 1 root root  434 Apr  4 14:57 packages/realgud-trepan-ni-20200722.1118.entry
 32K -rw-r--r-- 1 root root  30K Apr  4 14:57 packages/realgud-trepan-ni-20200722.1118.tar
4.0K -rw-r--r-- 1 root root 1.2K Apr  4 14:57 packages/realgud-trepan-ni-badge.svg
4.0K -rw-r--r-- 1 root root  187 Apr  4 14:57 packages/realgud-trepan-ni-readme.txt
4.0K -rw-r--r-- 1 root root 1.6K Apr  4 14:57 packages/realgud-trepan-ni.log
