Package: realgud-byebug
Fetcher: github
Source:  https://github.com/realgud/realgud-byebug.git

Updating /mnt/store/melpa/working/realgud-byebug/
Copying files (->) and directories (=>)
  from /mnt/store/melpa/working/realgud-byebug/
  to /tmp/realgud-byebug23TmY9/realgud-byebug-20190520.1140
    realgud-byebug.el -> realgud-byebug.el
    byebug/byebug.el -> byebug/byebug.el
    byebug/core.el -> byebug/core.el
    byebug/init.el -> byebug/init.el
    byebug/track-mode.el -> byebug/track-mode.el
Created realgud-byebug-20190520.1140.tar containing:
  realgud-byebug-20190520.1140/
  realgud-byebug-20190520.1140/byebug/
  realgud-byebug-20190520.1140/byebug/byebug.el
  realgud-byebug-20190520.1140/byebug/core.el
  realgud-byebug-20190520.1140/byebug/init.el
  realgud-byebug-20190520.1140/byebug/track-mode.el
  realgud-byebug-20190520.1140/realgud-byebug-pkg.el
  realgud-byebug-20190520.1140/realgud-byebug.el
Built realgud-byebug in 5.658s, finished at Sun Apr  4 16:01:46 2021
 ✓ Success:
4.0K -rw-r--r-- 1 root root  389 Apr  4 16:01 packages/realgud-byebug-20190520.1140.entry
 32K -rw-r--r-- 1 root root  30K Apr  4 16:01 packages/realgud-byebug-20190520.1140.tar
4.0K -rw-r--r-- 1 root root 1.2K Apr  4 16:01 packages/realgud-byebug-badge.svg
4.0K -rw-r--r-- 1 root root  223 Apr  4 16:01 packages/realgud-byebug-readme.txt
