Package: realgud-jdb
Fetcher: github
Source:  https://github.com/realgud/realgud-jdb.git

Updating /mnt/store/melpa/working/realgud-jdb/
Copying files (->) and directories (=>)
  from /mnt/store/melpa/working/realgud-jdb/
  to /tmp/realgud-jdbFHwPRm/realgud-jdb-20200722.1120
    realgud-jdb.el -> realgud-jdb.el
    realgud-jdb/core.el -> realgud-jdb/core.el
    realgud-jdb/file.el -> realgud-jdb/file.el
    realgud-jdb/init.el -> realgud-jdb/init.el
    realgud-jdb/jdb.el -> realgud-jdb/jdb.el
    realgud-jdb/track-mode.el -> realgud-jdb/track-mode.el
Created realgud-jdb-20200722.1120.tar containing:
  realgud-jdb-20200722.1120/
  realgud-jdb-20200722.1120/realgud-jdb-pkg.el
  realgud-jdb-20200722.1120/realgud-jdb.el
  realgud-jdb-20200722.1120/realgud-jdb/
  realgud-jdb-20200722.1120/realgud-jdb/core.el
  realgud-jdb-20200722.1120/realgud-jdb/file.el
  realgud-jdb-20200722.1120/realgud-jdb/init.el
  realgud-jdb-20200722.1120/realgud-jdb/jdb.el
  realgud-jdb-20200722.1120/realgud-jdb/track-mode.el
Built realgud-jdb in 5.833s, finished at Sun Apr  4 16:01:50 2021
 ✓ Success:
4.0K -rw-r--r-- 1 root root  421 Apr  4 16:01 packages/realgud-jdb-20200722.1120.entry
 40K -rw-r--r-- 1 root root  40K Apr  4 16:01 packages/realgud-jdb-20200722.1120.tar
4.0K -rw-r--r-- 1 root root 1.2K Apr  4 16:01 packages/realgud-jdb-badge.svg
4.0K -rw-r--r-- 1 root root  129 Apr  4 16:01 packages/realgud-jdb-readme.txt
