Package: reazon
Fetcher: github
Source:  https://github.com/nickdrozd/reazon.git

Updating /mnt/store/melpa/working/reazon/
Copying files (->) and directories (=>)
  from /mnt/store/melpa/working/reazon/
  to /tmp/reazoniV4hbg/reazon-20180921.1437
    reazon-perf.el -> reazon-perf.el
    reazon-sudoku.el -> reazon-sudoku.el
    reazon.el -> reazon.el
Created reazon-20180921.1437.tar containing:
  reazon-20180921.1437/
  reazon-20180921.1437/reazon-perf.el
  reazon-20180921.1437/reazon-pkg.el
  reazon-20180921.1437/reazon-sudoku.el
  reazon-20180921.1437/reazon.el
Built reazon in 6.499s, finished at Sun Apr  4 16:02:04 2021
 ✓ Success:
4.0K -rw-r--r-- 1 root root  355 Apr  4 16:02 packages/reazon-20180921.1437.entry
 32K -rw-r--r-- 1 root root  30K Apr  4 16:02 packages/reazon-20180921.1437.tar
4.0K -rw-r--r-- 1 root root 1.2K Apr  4 16:02 packages/reazon-badge.svg
4.0K -rw-r--r-- 1 root root  364 Apr  4 16:02 packages/reazon-readme.txt
