Package: recover-buffers
Fetcher: github
Source:  https://github.com/tripleee/recover-buffers.git

Updating /mnt/store/melpa/working/recover-buffers/
Copying files (->) and directories (=>)
  from /mnt/store/melpa/working/recover-buffers/
  to /tmp/recover-buffers3jmsOv/recover-buffers-20171009.437
    50recover-buffers.el -> 50recover-buffers.el
    recover-buffers.el -> recover-buffers.el
Created recover-buffers-20171009.437.tar containing:
  recover-buffers-20171009.437/
  recover-buffers-20171009.437/50recover-buffers.el
  recover-buffers-20171009.437/recover-buffers-pkg.el
  recover-buffers-20171009.437/recover-buffers.el
Built recover-buffers in 5.704s, finished at Sun Apr  4 16:02:14 2021
 ✓ Success:
4.0K -rw-r--r-- 1 root root  279 Apr  4 16:02 packages/recover-buffers-20171009.437.entry
 12K -rw-r--r-- 1 root root  10K Apr  4 16:02 packages/recover-buffers-20171009.437.tar
4.0K -rw-r--r-- 1 root root 1.2K Apr  4 16:02 packages/recover-buffers-badge.svg
4.0K -rw-r--r-- 1 root root  451 Apr  4 16:02 packages/recover-buffers-readme.txt
