Package: redshank
Fetcher: github
Source:  https://github.com/emacsattic/redshank.git

Updating /mnt/store/melpa/working/redshank/
Copying files (->) and directories (=>)
  from /mnt/store/melpa/working/redshank/
  to /tmp/redshankLM7Cit/redshank-20180730.407
    redshank-loader.el -> redshank-loader.el
    redshank.el -> redshank.el
Created redshank-20180730.407.tar containing:
  redshank-20180730.407/
  redshank-20180730.407/redshank-loader.el
  redshank-20180730.407/redshank-pkg.el
  redshank-20180730.407/redshank.el
Built redshank in 3.020s, finished at Sun Apr  4 16:02:21 2021
 ✓ Success:
4.0K -rw-r--r-- 1 root root  319 Apr  4 16:02 packages/redshank-20180730.407.entry
 52K -rw-r--r-- 1 root root  50K Apr  4 16:02 packages/redshank-20180730.407.tar
4.0K -rw-r--r-- 1 root root 1.2K Apr  4 16:02 packages/redshank-badge.svg
4.0K -rw-r--r-- 1 root root  210 Apr  4 16:02 packages/redshank-readme.txt
