Package: redtick
Fetcher: github
Source:  https://github.com/ferfebles/redtick.git

Updating /mnt/store/melpa/working/redtick/
Copying files (->) and directories (=>)
  from /mnt/store/melpa/working/redtick/
  to /tmp/redtickJzzkHq/redtick-20180424.2136
    redtick.el -> redtick.el
    resources => resources
Created redtick-20180424.2136.tar containing:
  redtick-20180424.2136/
  redtick-20180424.2136/redtick-pkg.el
  redtick-20180424.2136/redtick.el
  redtick-20180424.2136/resources/
  redtick-20180424.2136/resources/end-rest.mp3
  redtick-20180424.2136/resources/rest.wav
  redtick-20180424.2136/resources/work.wav
Built redtick in 3.051s, finished at Sun Apr  4 16:02:23 2021
 ✓ Success:
4.0K -rw-r--r-- 1 root root  301 Apr  4 16:02 packages/redtick-20180424.2136.entry
532K -rw-r--r-- 1 root root 530K Apr  4 16:02 packages/redtick-20180424.2136.tar
4.0K -rw-r--r-- 1 root root 1.2K Apr  4 16:02 packages/redtick-badge.svg
4.0K -rw-r--r-- 1 root root  718 Apr  4 16:02 packages/redtick-readme.txt
