Package: remark-mode
Fetcher: github
Source:  https://github.com/torgeir/remark-mode.el.git

Updating /mnt/store/melpa/working/remark-mode/
Copying files (->) and directories (=>)
  from /mnt/store/melpa/working/remark-mode/
  to /tmp/remark-modeXAd9h3/remark-mode-20191103.1825
    remark-mode.el -> remark-mode.el
    remark.html -> remark.html
    server.js -> server.js
Created remark-mode-20191103.1825.tar containing:
  remark-mode-20191103.1825/
  remark-mode-20191103.1825/remark-mode-pkg.el
  remark-mode-20191103.1825/remark-mode.el
  remark-mode-20191103.1825/remark.html
  remark-mode-20191103.1825/server.js
Built remark-mode in 2.939s, finished at Sun Apr  4 16:02:32 2021
 ✓ Success:
4.0K -rw-r--r-- 1 root root  348 Apr  4 16:02 packages/remark-mode-20191103.1825.entry
 32K -rw-r--r-- 1 root root  30K Apr  4 16:02 packages/remark-mode-20191103.1825.tar
4.0K -rw-r--r-- 1 root root 1.2K Apr  4 16:02 packages/remark-mode-badge.svg
4.0K -rw-r--r-- 1 root root  112 Apr  4 16:02 packages/remark-mode-readme.txt
