Package: req-package
Fetcher: gitlab
Source:  https://gitlab.com/edvorg/req-package.git

Updating /mnt/store/melpa/working/req-package/
Copying files (->) and directories (=>)
  from /mnt/store/melpa/working/req-package/
  to /tmp/req-packagejp3z8e/req-package-20180122.500
    req-package-args.el -> req-package-args.el
    req-package-cycles.el -> req-package-cycles.el
    req-package-hooks.el -> req-package-hooks.el
    req-package.el -> req-package.el
Created req-package-20180122.500.tar containing:
  req-package-20180122.500/
  req-package-20180122.500/req-package-args.el
  req-package-20180122.500/req-package-cycles.el
  req-package-20180122.500/req-package-hooks.el
  req-package-20180122.500/req-package-pkg.el
  req-package-20180122.500/req-package.el
Built req-package in 2.892s, finished at Sun Apr  4 16:02:41 2021
 ✓ Success:
4.0K -rw-r--r-- 1 root root  529 Apr  4 16:02 packages/req-package-20180122.500.entry
 32K -rw-r--r-- 1 root root  30K Apr  4 16:02 packages/req-package-20180122.500.tar
4.0K -rw-r--r-- 1 root root 1.2K Apr  4 16:02 packages/req-package-badge.svg
8.0K -rw-r--r-- 1 root root 7.1K Apr  4 16:02 packages/req-package-readme.txt
