Package: requirejs
Fetcher: github
Source:  https://github.com/joeheyming/requirejs-emacs.git

Updating /mnt/store/melpa/working/requirejs/
Copying files (->) and directories (=>)
  from /mnt/store/melpa/working/requirejs/
  to /tmp/requirejsZpQB0h/requirejs-20151204.719
    requirejs.el -> requirejs.el
    snippets => snippets
Created requirejs-20151204.719.tar containing:
  requirejs-20151204.719/
  requirejs-20151204.719/requirejs-pkg.el
  requirejs-20151204.719/requirejs.el
  requirejs-20151204.719/snippets/
  requirejs-20151204.719/snippets/js-mode/
  requirejs-20151204.719/snippets/js-mode/def
  requirejs-20151204.719/snippets/js2-mode/
  requirejs-20151204.719/snippets/js2-mode/.yas-parents
Built requirejs in 3.094s, finished at Sun Apr  4 16:02:42 2021
 ✓ Success:
4.0K -rw-r--r-- 1 root root  549 Apr  4 16:02 packages/requirejs-20151204.719.entry
 40K -rw-r--r-- 1 root root  40K Apr  4 16:02 packages/requirejs-20151204.719.tar
4.0K -rw-r--r-- 1 root root 1.2K Apr  4 16:02 packages/requirejs-badge.svg
8.0K -rw-r--r-- 1 root root 5.6K Apr  4 16:02 packages/requirejs-mode-20130215.2104.el
4.0K -rw-r--r-- 1 root root  331 Apr  4 16:02 packages/requirejs-mode-20130215.2104.entry
4.0K -rw-r--r-- 1 root root 1.2K Apr  4 14:58 packages/requirejs-mode-badge.svg
4.0K -rw-r--r-- 1 root root  139 Apr  4 16:02 packages/requirejs-mode-readme.txt
4.0K -rw-r--r-- 1 root root  147 Apr  4 16:02 packages/requirejs-mode.log
4.0K -rw-r--r-- 1 root root 1.2K Apr  4 16:02 packages/requirejs-readme.txt
