Package: restclient
Fetcher: github
Source:  https://github.com/pashky/restclient.el.git

Updating /mnt/store/melpa/working/restclient/
Built restclient in 3.277s, finished at Sun Apr  4 16:02:46 2021
 ✓ Success:
 32K -rw-r--r-- 1 root root  32K Apr  4 16:02 packages/restclient-20200901.1442.el
4.0K -rw-r--r-- 1 root root  308 Apr  4 16:02 packages/restclient-20200901.1442.entry
4.0K -rw-r--r-- 1 root root 1.2K Apr  4 16:02 packages/restclient-badge.svg
4.0K -rw-r--r-- 1 root root 2.3K Apr  4 16:02 packages/restclient-helm-20170314.1554.el
4.0K -rw-r--r-- 1 root root  353 Apr  4 16:02 packages/restclient-helm-20170314.1554.entry
4.0K -rw-r--r-- 1 root root 1.2K Apr  4 16:02 packages/restclient-helm-badge.svg
4.0K -rw-r--r-- 1 root root  120 Apr  4 16:02 packages/restclient-helm-readme.txt
4.0K -rw-r--r-- 1 root root  230 Apr  4 16:02 packages/restclient-helm.log
4.0K -rw-r--r-- 1 root root  177 Apr  4 16:02 packages/restclient-readme.txt
8.0K -rw-r--r-- 1 root root 5.5K Apr  4 14:58 packages/restclient-test-20180106.2046.el
4.0K -rw-r--r-- 1 root root  391 Apr  4 14:58 packages/restclient-test-20180106.2046.entry
4.0K -rw-r--r-- 1 root root 1.2K Apr  4 14:58 packages/restclient-test-badge.svg
4.0K -rw-r--r-- 1 root root  102 Apr  4 14:58 packages/restclient-test-readme.txt
4.0K -rw-r--r-- 1 root root  153 Apr  4 16:02 packages/restclient-test.log
