Package: rhtml-mode
Fetcher: github
Source:  https://github.com/eschulte/rhtml.git

Updating /mnt/store/melpa/working/rhtml-mode/
Copying files (->) and directories (=>)
  from /mnt/store/melpa/working/rhtml-mode/
  to /tmp/rhtml-modeDchkHv/rhtml-mode-20130422.1311
    rhtml-erb.el -> rhtml-erb.el
    rhtml-fonts.el -> rhtml-fonts.el
    rhtml-mode.el -> rhtml-mode.el
    rhtml-navigation.el -> rhtml-navigation.el
    rhtml-ruby-hook.el -> rhtml-ruby-hook.el
    rhtml-sgml-hacks.el -> rhtml-sgml-hacks.el
Created rhtml-mode-20130422.1311.tar containing:
  rhtml-mode-20130422.1311/
  rhtml-mode-20130422.1311/rhtml-erb.el
  rhtml-mode-20130422.1311/rhtml-fonts.el
  rhtml-mode-20130422.1311/rhtml-mode-pkg.el
  rhtml-mode-20130422.1311/rhtml-mode.el
  rhtml-mode-20130422.1311/rhtml-navigation.el
  rhtml-mode-20130422.1311/rhtml-ruby-hook.el
  rhtml-mode-20130422.1311/rhtml-sgml-hacks.el
Built rhtml-mode in 3.724s, finished at Sun Apr  4 16:02:57 2021
 ✓ Success:
4.0K -rw-r--r-- 1 root root  152 Apr  4 16:02 packages/rhtml-mode-20130422.1311.entry
 60K -rw-r--r-- 1 root root  60K Apr  4 16:02 packages/rhtml-mode-20130422.1311.tar
4.0K -rw-r--r-- 1 root root 1.2K Apr  4 16:02 packages/rhtml-mode-badge.svg
