Package: rime
Fetcher: github
Source:  https://github.com/DogLooksGood/emacs-rime.git

Updating /mnt/store/melpa/working/rime/
Copying files (->) and directories (=>)
  from /mnt/store/melpa/working/rime/
  to /tmp/rimevUYtTj/rime-20210207.1432
    rime-predicates.el -> rime-predicates.el
    rime.el -> rime.el
    lib.c -> lib.c
    Makefile -> Makefile
Created rime-20210207.1432.tar containing:
  rime-20210207.1432/
  rime-20210207.1432/Makefile
  rime-20210207.1432/lib.c
  rime-20210207.1432/rime-pkg.el
  rime-20210207.1432/rime-predicates.el
  rime-20210207.1432/rime.el
Built rime in 2.851s, finished at Sun Apr  4 16:02:58 2021
 ✓ Success:
4.0K -rw-r--r-- 1 root root  394 Apr  4 16:02 packages/rime-20210207.1432.entry
 72K -rw-r--r-- 1 root root  70K Apr  4 16:02 packages/rime-20210207.1432.tar
4.0K -rw-r--r-- 1 root root 1.2K Apr  4 16:02 packages/rime-badge.svg
4.0K -rw-r--r-- 1 root root 3.0K Apr  4 16:02 packages/rime-readme.txt
