Package: rmsbolt
Fetcher: gitlab
Source:  https://gitlab.com/jgkamat/rmsbolt.git

Updating /mnt/store/melpa/working/rmsbolt/
Copying files (->) and directories (=>)
  from /mnt/store/melpa/working/rmsbolt/
  to /tmp/rmsboltHDmLJf/rmsbolt-20191218.257
    rmsbolt-java.el -> rmsbolt-java.el
    rmsbolt-split.el -> rmsbolt-split.el
    rmsbolt.el -> rmsbolt.el
  ! doc/rmsbolt.texi -> rmsbolt.texi
    starters => starters
Created /tmp/rmsboltHDmLJf/rmsbolt-20191218.257/rmsbolt.info
Created rmsbolt-20191218.257.tar containing:
  rmsbolt-20191218.257/
  rmsbolt-20191218.257/dir
  rmsbolt-20191218.257/rmsbolt-java.el
  rmsbolt-20191218.257/rmsbolt-pkg.el
  rmsbolt-20191218.257/rmsbolt-split.el
  rmsbolt-20191218.257/rmsbolt.el
  rmsbolt-20191218.257/rmsbolt.info
  rmsbolt-20191218.257/starters/
  rmsbolt-20191218.257/starters/Rmsbolt.java
  rmsbolt-20191218.257/starters/rmsbolt-starter.el
  rmsbolt-20191218.257/starters/rmsbolt.c
  rmsbolt-20191218.257/starters/rmsbolt.cpp
  rmsbolt-20191218.257/starters/rmsbolt.d
  rmsbolt-20191218.257/starters/rmsbolt.go
  rmsbolt-20191218.257/starters/rmsbolt.hs
  rmsbolt-20191218.257/starters/rmsbolt.lisp
  rmsbolt-20191218.257/starters/rmsbolt.ml
  rmsbolt-20191218.257/starters/rmsbolt.php
  rmsbolt-20191218.257/starters/rmsbolt.pony
  rmsbolt-20191218.257/starters/rmsbolt.py
  rmsbolt-20191218.257/starters/rmsbolt.rs
  rmsbolt-20191218.257/starters/rmsbolt.swift
  rmsbolt-20191218.257/starters/rmsbolt.zig
Built rmsbolt in 7.316s, finished at Sun Apr  4 16:03:08 2021
 ✓ Success:
4.0K -rw-r--r-- 1 root root  349 Apr  4 16:03 packages/rmsbolt-20191218.257.entry
120K -rw-r--r-- 1 root root 120K Apr  4 16:03 packages/rmsbolt-20191218.257.tar
4.0K -rw-r--r-- 1 root root 1.2K Apr  4 16:03 packages/rmsbolt-badge.svg
4.0K -rw-r--r-- 1 root root 1.9K Apr  4 16:03 packages/rmsbolt-readme.txt
