Package: robe
Fetcher: github
Source:  https://github.com/dgutov/robe.git

Updating /mnt/store/melpa/working/robe/
Copying files (->) and directories (=>)
  from /mnt/store/melpa/working/robe/
  to /tmp/robelu0mEe/robe-20210328.1228
    ac-robe.el -> ac-robe.el
    company-robe.el -> company-robe.el
    robe.el -> robe.el
    lib => lib
Created robe-20210328.1228.tar containing:
  robe-20210328.1228/
  robe-20210328.1228/ac-robe.el
  robe-20210328.1228/company-robe.el
  robe-20210328.1228/lib/
  robe-20210328.1228/lib/robe.rb
  robe-20210328.1228/lib/robe/
  robe-20210328.1228/lib/robe/core_ext.rb
  robe-20210328.1228/lib/robe/jvisor.rb
  robe-20210328.1228/lib/robe/sash.rb
  robe-20210328.1228/lib/robe/sash/
  robe-20210328.1228/lib/robe/sash/const_locations.rb
  robe-20210328.1228/lib/robe/sash/doc_for.rb
  robe-20210328.1228/lib/robe/sash/includes_tracker.rb
  robe-20210328.1228/lib/robe/scanners.rb
  robe-20210328.1228/lib/robe/server.rb
  robe-20210328.1228/lib/robe/type_space.rb
  robe-20210328.1228/lib/robe/visor.rb
  robe-20210328.1228/robe-pkg.el
  robe-20210328.1228/robe.el
Built robe in 3.859s, finished at Sun Apr  4 16:03:05 2021
 ✓ Success:
4.0K -rw-r--r-- 1 root root  366 Apr  4 16:03 packages/robe-20210328.1228.entry
 80K -rw-r--r-- 1 root root  80K Apr  4 16:03 packages/robe-20210328.1228.tar
4.0K -rw-r--r-- 1 root root 1.2K Apr  4 16:03 packages/robe-badge.svg
4.0K -rw-r--r-- 1 root root  434 Apr  4 16:03 packages/robe-readme.txt
