Package: ros
Fetcher: github
Source:  https://github.com/DerBeutlin/ros.el.git

Updating /mnt/store/melpa/working/ros/
Copying files (->) and directories (=>)
  from /mnt/store/melpa/working/ros/
  to /tmp/rosTtsGKk/ros-20200109.1940
    ros.el -> ros.el
  ! doc/fdl-1.3.texi -> fdl-1.3.texi
Created /tmp/rosTtsGKk/ros-20200109.1940/fdl-1.3.info
Created ros-20200109.1940.tar containing:
  ros-20200109.1940/
  ros-20200109.1940/dir
  ros-20200109.1940/fdl-1.3.info
  ros-20200109.1940/ros-pkg.el
  ros-20200109.1940/ros.el
Built ros in 6.301s, finished at Sun Apr  4 16:03:13 2021
 ✓ Success:
4.0K -rw-r--r-- 1 root root  391 Apr  4 16:03 packages/ros-20200109.1940.entry
 92K -rw-r--r-- 1 root root  90K Apr  4 16:03 packages/ros-20200109.1940.tar
4.0K -rw-r--r-- 1 root root 1.2K Apr  4 16:03 packages/ros-badge.svg
4.0K -rw-r--r-- 1 root root  285 Apr  4 16:03 packages/ros-readme.txt
