Package: ruby-factory
Fetcher: github
Source:  https://github.com/sshaw/ruby-factory-mode.git

Updating /mnt/store/melpa/working/ruby-factory/
Copying files (->) and directories (=>)
  from /mnt/store/melpa/working/ruby-factory/
  to /tmp/ruby-factoryyaagIp/ruby-factory-20160102.721
    ruby-factory.el -> ruby-factory.el
    snippets => snippets
Created ruby-factory-20160102.721.tar containing:
  ruby-factory-20160102.721/
  ruby-factory-20160102.721/ruby-factory-pkg.el
  ruby-factory-20160102.721/ruby-factory.el
  ruby-factory-20160102.721/snippets/
  ruby-factory-20160102.721/snippets/ruby-factory-fabrication-mode/
  ruby-factory-20160102.721/snippets/ruby-factory-fabrication-mode/aft
  ruby-factory-20160102.721/snippets/ruby-factory-fabrication-mode/aftb
  ruby-factory-20160102.721/snippets/ruby-factory-fabrication-mode/aftc
  ruby-factory-20160102.721/snippets/ruby-factory-fabrication-mode/aftv
  ruby-factory-20160102.721/snippets/ruby-factory-fabrication-mode/bef
  ruby-factory-20160102.721/snippets/ruby-factory-fabrication-mode/befc
  ruby-factory-20160102.721/snippets/ruby-factory-fabrication-mode/befs
  ruby-factory-20160102.721/snippets/ruby-factory-fabrication-mode/befv
  ruby-factory-20160102.721/snippets/ruby-factory-fabrication-mode/fab
  ruby-factory-20160102.721/snippets/ruby-factory-fabrication-mode/initw
  ruby-factory-20160102.721/snippets/ruby-factory-fabrication-mode/seq
  ruby-factory-20160102.721/snippets/ruby-factory-fabrication-mode/tran
  ruby-factory-20160102.721/snippets/ruby-factory-girl-mode/
  ruby-factory-20160102.721/snippets/ruby-factory-girl-mode/aft
  ruby-factory-20160102.721/snippets/ruby-factory-girl-mode/aftb
  ruby-factory-20160102.721/snippets/ruby-factory-girl-mode/aftc
  ruby-factory-20160102.721/snippets/ruby-factory-girl-mode/afts
  ruby-factory-20160102.721/snippets/ruby-factory-girl-mode/ass
  ruby-factory-20160102.721/snippets/ruby-factory-girl-mode/bef
  ruby-factory-20160102.721/snippets/ruby-factory-girl-mode/fac
  ruby-factory-20160102.721/snippets/ruby-factory-girl-mode/fg
  ruby-factory-20160102.721/snippets/ruby-factory-girl-mode/initw
  ruby-factory-20160102.721/snippets/ruby-factory-girl-mode/seq
  ruby-factory-20160102.721/snippets/ruby-factory-girl-mode/trai
  ruby-factory-20160102.721/snippets/ruby-factory-girl-mode/tran
Built ruby-factory in 3.062s, finished at Sun Apr  4 16:03:22 2021
 ✓ Success:
4.0K -rw-r--r-- 1 root root  410 Apr  4 16:03 packages/ruby-factory-20160102.721.entry
 40K -rw-r--r-- 1 root root  40K Apr  4 16:03 packages/ruby-factory-20160102.721.tar
4.0K -rw-r--r-- 1 root root 1.2K Apr  4 16:03 packages/ruby-factory-badge.svg
4.0K -rw-r--r-- 1 root root  399 Apr  4 16:03 packages/ruby-factory-readme.txt
