Package: s3ed
Fetcher: github
Source:  https://github.com/mattusifer/s3ed.git

Updating /mnt/store/melpa/working/s3ed/
Copying files (->) and directories (=>)
  from /mnt/store/melpa/working/s3ed/
  to /tmp/s3edV2SDMd/s3ed-20200929.1317
    s3ed-io.el -> s3ed-io.el
    s3ed-mode.el -> s3ed-mode.el
    s3ed-util.el -> s3ed-util.el
    s3ed.el -> s3ed.el
Created s3ed-20200929.1317.tar containing:
  s3ed-20200929.1317/
  s3ed-20200929.1317/s3ed-io.el
  s3ed-20200929.1317/s3ed-mode.el
  s3ed-20200929.1317/s3ed-pkg.el
  s3ed-20200929.1317/s3ed-util.el
  s3ed-20200929.1317/s3ed.el
Built s3ed in 3.092s, finished at Sun Apr  4 16:03:38 2021
 ✓ Success:
4.0K -rw-r--r-- 1 root root  377 Apr  4 16:03 packages/s3ed-20200929.1317.entry
 40K -rw-r--r-- 1 root root  40K Apr  4 16:03 packages/s3ed-20200929.1317.tar
4.0K -rw-r--r-- 1 root root 1.2K Apr  4 16:03 packages/s3ed-badge.svg
4.0K -rw-r--r-- 1 root root  168 Apr  4 16:03 packages/s3ed-readme.txt
