Package: sage-shell-mode
Fetcher: github
Source:  https://github.com/sagemath/sage-shell-mode.git

Updating /mnt/store/melpa/working/sage-shell-mode/
Copying files (->) and directories (=>)
  from /mnt/store/melpa/working/sage-shell-mode/
  to /tmp/sage-shell-modeC3QjaJ/sage-shell-mode-20201225.1011
    sage-shell-blocks.el -> sage-shell-blocks.el
    sage-shell-mode.el -> sage-shell-mode.el
    sage-shell-view.el -> sage-shell-view.el
    emacs_sage_shell.py -> emacs_sage_shell.py
    emacs_sage_shell_view.py -> emacs_sage_shell_view.py
Created sage-shell-mode-20201225.1011.tar containing:
  sage-shell-mode-20201225.1011/
  sage-shell-mode-20201225.1011/emacs_sage_shell.py
  sage-shell-mode-20201225.1011/emacs_sage_shell_view.py
  sage-shell-mode-20201225.1011/sage-shell-blocks.el
  sage-shell-mode-20201225.1011/sage-shell-mode-pkg.el
  sage-shell-mode-20201225.1011/sage-shell-mode.el
  sage-shell-mode-20201225.1011/sage-shell-view.el
Built sage-shell-mode in 3.199s, finished at Sun Apr  4 16:03:38 2021
 ✓ Success:
4.0K -rw-r--r-- 1 root root  472 Apr  4 16:03 packages/sage-shell-mode-20201225.1011.entry
280K -rw-r--r-- 1 root root 280K Apr  4 16:03 packages/sage-shell-mode-20201225.1011.tar
4.0K -rw-r--r-- 1 root root 1.2K Apr  4 16:03 packages/sage-shell-mode-badge.svg
4.0K -rw-r--r-- 1 root root  829 Apr  4 16:03 packages/sage-shell-mode-readme.txt
