Package: sbt-mode
Fetcher: github
Source:  https://github.com/hvesalai/emacs-sbt-mode.git

Updating /mnt/store/melpa/working/sbt-mode/
Copying files (->) and directories (=>)
  from /mnt/store/melpa/working/sbt-mode/
  to /tmp/sbt-mode18rt5B/sbt-mode-20210306.1603
    sbt-mode-buffer.el -> sbt-mode-buffer.el
    sbt-mode-comint.el -> sbt-mode-comint.el
    sbt-mode-hydra.el -> sbt-mode-hydra.el
    sbt-mode-project.el -> sbt-mode-project.el
    sbt-mode-rgrep.el -> sbt-mode-rgrep.el
    sbt-mode-vars.el -> sbt-mode-vars.el
    sbt-mode.el -> sbt-mode.el
Created sbt-mode-20210306.1603.tar containing:
  sbt-mode-20210306.1603/
  sbt-mode-20210306.1603/sbt-mode-buffer.el
  sbt-mode-20210306.1603/sbt-mode-comint.el
  sbt-mode-20210306.1603/sbt-mode-hydra.el
  sbt-mode-20210306.1603/sbt-mode-pkg.el
  sbt-mode-20210306.1603/sbt-mode-project.el
  sbt-mode-20210306.1603/sbt-mode-rgrep.el
  sbt-mode-20210306.1603/sbt-mode-vars.el
  sbt-mode-20210306.1603/sbt-mode.el
Built sbt-mode in 3.035s, finished at Sun Apr  4 16:03:47 2021
 ✓ Success:
4.0K -rw-r--r-- 1 root root  257 Apr  4 16:03 packages/sbt-mode-20210306.1603.entry
 92K -rw-r--r-- 1 root root  90K Apr  4 16:03 packages/sbt-mode-20210306.1603.tar
4.0K -rw-r--r-- 1 root root 1.2K Apr  4 16:03 packages/sbt-mode-badge.svg
   0 -rw-r--r-- 1 root root    0 Apr  4 16:03 packages/sbt-mode-readme.txt
