Package: scala-mode
Fetcher: github
Source:  https://github.com/hvesalai/emacs-scala-mode.git

Updating /mnt/store/melpa/working/scala-mode/
Copying files (->) and directories (=>)
  from /mnt/store/melpa/working/scala-mode/
  to /tmp/scala-modeXQr3ed/scala-mode-20210331.1648
    scala-compile.el -> scala-compile.el
    scala-mode-fontlock.el -> scala-mode-fontlock.el
    scala-mode-imenu.el -> scala-mode-imenu.el
    scala-mode-indent.el -> scala-mode-indent.el
    scala-mode-lib.el -> scala-mode-lib.el
    scala-mode-map.el -> scala-mode-map.el
    scala-mode-paragraph.el -> scala-mode-paragraph.el
    scala-mode-prettify-symbols.el -> scala-mode-prettify-symbols.el
    scala-mode-syntax.el -> scala-mode-syntax.el
    scala-mode.el -> scala-mode.el
Created scala-mode-20210331.1648.tar containing:
  scala-mode-20210331.1648/
  scala-mode-20210331.1648/scala-compile.el
  scala-mode-20210331.1648/scala-mode-fontlock.el
  scala-mode-20210331.1648/scala-mode-imenu.el
  scala-mode-20210331.1648/scala-mode-indent.el
  scala-mode-20210331.1648/scala-mode-lib.el
  scala-mode-20210331.1648/scala-mode-map.el
  scala-mode-20210331.1648/scala-mode-paragraph.el
  scala-mode-20210331.1648/scala-mode-pkg.el
  scala-mode-20210331.1648/scala-mode-prettify-symbols.el
  scala-mode-20210331.1648/scala-mode-syntax.el
  scala-mode-20210331.1648/scala-mode.el
Built scala-mode in 3.053s, finished at Sun Apr  4 16:03:49 2021
 ✓ Success:
4.0K -rw-r--r-- 1 root root  240 Apr  4 16:03 packages/scala-mode-20210331.1648.entry
140K -rw-r--r-- 1 root root 140K Apr  4 16:03 packages/scala-mode-20210331.1648.tar
4.0K -rw-r--r-- 1 root root 1.2K Apr  4 16:03 packages/scala-mode-badge.svg
   0 -rw-r--r-- 1 root root    0 Apr  4 16:03 packages/scala-mode-readme.txt
