Package: sclang-extensions
Fetcher: github
Source:  https://github.com/chrisbarrett/sclang-extensions.git

Updating /mnt/store/melpa/working/sclang-extensions/
Copying files (->) and directories (=>)
  from /mnt/store/melpa/working/sclang-extensions/
  to /tmp/sclang-extensionsxhXlk5/sclang-extensions-20160509.338
    sclang-ac-mode.el -> sclang-ac-mode.el
    sclang-doc-mode.el -> sclang-doc-mode.el
    sclang-extensions-utils.el -> sclang-extensions-utils.el
    sclang-extensions.el -> sclang-extensions.el
    sclang-post-mode.el -> sclang-post-mode.el
Created sclang-extensions-20160509.338.tar containing:
  sclang-extensions-20160509.338/
  sclang-extensions-20160509.338/sclang-ac-mode.el
  sclang-extensions-20160509.338/sclang-doc-mode.el
  sclang-extensions-20160509.338/sclang-extensions-pkg.el
  sclang-extensions-20160509.338/sclang-extensions-utils.el
  sclang-extensions-20160509.338/sclang-extensions.el
  sclang-extensions-20160509.338/sclang-post-mode.el
Built sclang-extensions in 3.190s, finished at Sun Apr  4 16:03:54 2021
 ✓ Success:
4.0K -rw-r--r-- 1 root root  490 Apr  4 16:03 packages/sclang-extensions-20160509.338.entry
 52K -rw-r--r-- 1 root root  50K Apr  4 16:03 packages/sclang-extensions-20160509.338.tar
4.0K -rw-r--r-- 1 root root 1.2K Apr  4 16:03 packages/sclang-extensions-badge.svg
4.0K -rw-r--r-- 1 root root  298 Apr  4 16:03 packages/sclang-extensions-readme.txt
