Package: scratch
Fetcher: github
Source:  https://github.com/ieure/scratch-el.git

Updating /mnt/store/melpa/working/scratch/
Built scratch in 3.390s, finished at Sun Apr  4 16:03:57 2021
 ✓ Success:
8.0K -rw-r--r-- 1 root root 7.7K Apr  4 16:03 packages/scratch-20190314.614.el
4.0K -rw-r--r-- 1 root root  363 Apr  4 16:03 packages/scratch-20190314.614.entry
4.0K -rw-r--r-- 1 root root 1.2K Apr  4 16:03 packages/scratch-badge.svg
8.0K -rw-r--r-- 1 root root 5.9K Apr  4 16:03 packages/scratch-comment-20200812.1025.el
4.0K -rw-r--r-- 1 root root  404 Apr  4 16:03 packages/scratch-comment-20200812.1025.entry
4.0K -rw-r--r-- 1 root root 1.2K Apr  4 14:59 packages/scratch-comment-badge.svg
4.0K -rw-r--r-- 1 root root  270 Apr  4 16:03 packages/scratch-comment-readme.txt
4.0K -rw-r--r-- 1 root root  151 Apr  4 16:03 packages/scratch-comment.log
8.0K -rw-r--r-- 1 root root 5.8K Apr  4 14:59 packages/scratch-ext-20140104.516.el
4.0K -rw-r--r-- 1 root root  338 Apr  4 14:59 packages/scratch-ext-20140104.516.entry
4.0K -rw-r--r-- 1 root root 1.2K Apr  4 14:59 packages/scratch-ext-badge.svg
4.0K -rw-r--r-- 1 root root  317 Apr  4 14:59 packages/scratch-ext-readme.txt
4.0K -rw-r--r-- 1 root root  140 Apr  4 16:03 packages/scratch-ext.log
8.0K -rw-r--r-- 1 root root 4.9K Apr  4 15:00 packages/scratch-log-20141115.743.el
4.0K -rw-r--r-- 1 root root  272 Apr  4 15:00 packages/scratch-log-20141115.743.entry
4.0K -rw-r--r-- 1 root root 1.2K Apr  4 15:00 packages/scratch-log-badge.svg
4.0K -rw-r--r-- 1 root root  170 Apr  4 15:00 packages/scratch-log-readme.txt
4.0K -rw-r--r-- 1 root root  138 Apr  4 16:03 packages/scratch-log.log
 20K -rw-r--r-- 1 root root  18K Apr  4 15:00 packages/scratch-message-20170107.1336.el
4.0K -rw-r--r-- 1 root root  391 Apr  4 15:00 packages/scratch-message-20170107.1336.entry
4.0K -rw-r--r-- 1 root root 1.2K Apr  4 15:00 packages/scratch-message-badge.svg
4.0K -rw-r--r-- 1 root root  318 Apr  4 15:00 packages/scratch-message-readme.txt
4.0K -rw-r--r-- 1 root root  149 Apr  4 16:03 packages/scratch-message.log
4.0K -rw-r--r-- 1 root root 4.0K Apr  4 15:00 packages/scratch-palette-20210306.427.el
4.0K -rw-r--r-- 1 root root  282 Apr  4 15:00 packages/scratch-palette-20210306.427.entry
4.0K -rw-r--r-- 1 root root 1.2K Apr  4 15:00 packages/scratch-palette-badge.svg
4.0K -rw-r--r-- 1 root root  435 Apr  4 15:00 packages/scratch-palette-readme.txt
4.0K -rw-r--r-- 1 root root  148 Apr  4 16:03 packages/scratch-palette.log
 12K -rw-r--r-- 1 root root 9.6K Apr  4 15:00 packages/scratch-pop-20200910.226.el
4.0K -rw-r--r-- 1 root root  289 Apr  4 15:00 packages/scratch-pop-20200910.226.entry
4.0K -rw-r--r-- 1 root root 1.2K Apr  4 15:00 packages/scratch-pop-badge.svg
4.0K -rw-r--r-- 1 root root  682 Apr  4 15:00 packages/scratch-pop-readme.txt
   0 -rw-r--r-- 1 root root    0 Apr  4 16:03 packages/scratch-pop.log
4.0K -rw-r--r-- 1 root root 1.4K Apr  4 16:03 packages/scratch-readme.txt
