Package: searchq
Fetcher: github
Source:  https://github.com/tcw165/searchq.git

Updating /mnt/store/melpa/working/searchq/
Copying files (->) and directories (=>)
  from /mnt/store/melpa/working/searchq/
  to /tmp/searchqleFgoU/searchq-20150829.1211
    searchq.el -> searchq.el
    images/searchq-search.xpm -> images/searchq-search.xpm
    images/searchq-search.png -> images/searchq-search.png
Created searchq-20150829.1211.tar containing:
  searchq-20150829.1211/
  searchq-20150829.1211/images/
  searchq-20150829.1211/images/searchq-search.png
  searchq-20150829.1211/images/searchq-search.xpm
  searchq-20150829.1211/searchq-pkg.el
  searchq-20150829.1211/searchq.el
Built searchq in 2.828s, finished at Sun Apr  4 16:04:09 2021
 ✓ Success:
4.0K -rw-r--r-- 1 root root  249 Apr  4 16:04 packages/searchq-20150829.1211.entry
 52K -rw-r--r-- 1 root root  50K Apr  4 16:04 packages/searchq-20150829.1211.tar
4.0K -rw-r--r-- 1 root root 1.2K Apr  4 16:04 packages/searchq-badge.svg
4.0K -rw-r--r-- 1 root root  591 Apr  4 16:04 packages/searchq-readme.txt
