Package: selectric-mode
Fetcher: github
Source:  https://github.com/rbanffy/selectric-mode.git

Updating /mnt/store/melpa/working/selectric-mode/
Copying files (->) and directories (=>)
  from /mnt/store/melpa/working/selectric-mode/
  to /tmp/selectric-modeQelg36/selectric-mode-20200209.2107
    selectric-mode.el -> selectric-mode.el
    ping.wav -> ping.wav
    selectric-move.wav -> selectric-move.wav
    selectric-type.wav -> selectric-type.wav
Created selectric-mode-20200209.2107.tar containing:
  selectric-mode-20200209.2107/
  selectric-mode-20200209.2107/ping.wav
  selectric-mode-20200209.2107/selectric-mode-pkg.el
  selectric-mode-20200209.2107/selectric-mode.el
  selectric-mode-20200209.2107/selectric-move.wav
  selectric-mode-20200209.2107/selectric-type.wav
Built selectric-mode in 3.349s, finished at Sun Apr  4 16:04:16 2021
 ✓ Success:
4.0K -rw-r--r-- 1 root root  385 Apr  4 16:04 packages/selectric-mode-20200209.2107.entry
252K -rw-r--r-- 1 root root 250K Apr  4 16:04 packages/selectric-mode-20200209.2107.tar
4.0K -rw-r--r-- 1 root root 1.2K Apr  4 16:04 packages/selectric-mode-badge.svg
4.0K -rw-r--r-- 1 root root   76 Apr  4 16:04 packages/selectric-mode-readme.txt
