Package: servant
Fetcher: github
Source:  https://github.com/cask/servant.git

Updating /mnt/store/melpa/working/servant/
Copying files (->) and directories (=>)
  from /mnt/store/melpa/working/servant/
  to /tmp/servant2WmGLR/servant-20140216.1219
    servant-cli.el -> servant-cli.el
    servant.el -> servant.el
    bin => bin
Created servant-20140216.1219.tar containing:
  servant-20140216.1219/
  servant-20140216.1219/bin/
  servant-20140216.1219/bin/servant
  servant-20140216.1219/servant-cli.el
  servant-20140216.1219/servant-pkg.el
  servant-20140216.1219/servant.el
Built servant in 3.293s, finished at Sun Apr  4 16:04:27 2021
 ✓ Success:
4.0K -rw-r--r-- 1 root root  598 Apr  4 16:04 packages/servant-20140216.1219.entry
 20K -rw-r--r-- 1 root root  20K Apr  4 16:04 packages/servant-20140216.1219.tar
4.0K -rw-r--r-- 1 root root 1.2K Apr  4 16:04 packages/servant-badge.svg
4.0K -rw-r--r-- 1 root root  115 Apr  4 16:04 packages/servant-readme.txt
