Package: shell-switcher
Fetcher: github
Source:  https://github.com/DamienCassou/shell-switcher.git

Updating /mnt/store/melpa/working/shell-switcher/
Copying files (->) and directories (=>)
  from /mnt/store/melpa/working/shell-switcher/
  to /tmp/shell-switcher7lXqVW/shell-switcher-20161029.552
    rswitcher.el -> rswitcher.el
    shell-switcher.el -> shell-switcher.el
Created shell-switcher-20161029.552.tar containing:
  shell-switcher-20161029.552/
  shell-switcher-20161029.552/rswitcher.el
  shell-switcher-20161029.552/shell-switcher-pkg.el
  shell-switcher-20161029.552/shell-switcher.el
Built shell-switcher in 3.252s, finished at Sun Apr  4 16:04:45 2021
 ✓ Success:
4.0K -rw-r--r-- 1 root root  443 Apr  4 16:04 packages/shell-switcher-20161029.552.entry
 32K -rw-r--r-- 1 root root  30K Apr  4 16:04 packages/shell-switcher-20161029.552.tar
4.0K -rw-r--r-- 1 root root 1.2K Apr  4 16:04 packages/shell-switcher-badge.svg
4.0K -rw-r--r-- 1 root root  231 Apr  4 16:04 packages/shell-switcher-readme.txt
