Package: show-css
Fetcher: github
Source:  https://github.com/8cylinder/showcss-mode.git

Updating /mnt/store/melpa/working/show-css/
Copying files (->) and directories (=>)
  from /mnt/store/melpa/working/show-css/
  to /tmp/show-csslrgWhi/show-css-20160210.1408
    buffer-combine.el -> buffer-combine.el
    show-css.el -> show-css.el
Created show-css-20160210.1408.tar containing:
  show-css-20160210.1408/
  show-css-20160210.1408/buffer-combine.el
  show-css-20160210.1408/show-css-pkg.el
  show-css-20160210.1408/show-css.el
Built show-css in 3.103s, finished at Sun Apr  4 16:04:52 2021
 ✓ Success:
4.0K -rw-r--r-- 1 root root  431 Apr  4 16:04 packages/show-css-20160210.1408.entry
 40K -rw-r--r-- 1 root root  40K Apr  4 16:04 packages/show-css-20160210.1408.tar
4.0K -rw-r--r-- 1 root root 1.2K Apr  4 16:04 packages/show-css-badge.svg
4.0K -rw-r--r-- 1 root root 1.8K Apr  4 16:04 packages/show-css-readme.txt
