Package: simple-bookmarks
Fetcher: github
Source:  https://github.com/jtkDvlp/simple-bookmarks.git

Updating /mnt/store/melpa/working/simple-bookmarks/
Copying files (->) and directories (=>)
  from /mnt/store/melpa/working/simple-bookmarks/
  to /tmp/simple-bookmarks5qZzYT/simple-bookmarks-20190204.1426
    simple-bookmarks-filters.el -> simple-bookmarks-filters.el
    simple-bookmarks-funcs.el -> simple-bookmarks-funcs.el
    simple-bookmarks-interactive.el -> simple-bookmarks-interactive.el
    simple-bookmarks-utils.el -> simple-bookmarks-utils.el
    simple-bookmarks.el -> simple-bookmarks.el
Created simple-bookmarks-20190204.1426.tar containing:
  simple-bookmarks-20190204.1426/
  simple-bookmarks-20190204.1426/simple-bookmarks-filters.el
  simple-bookmarks-20190204.1426/simple-bookmarks-funcs.el
  simple-bookmarks-20190204.1426/simple-bookmarks-interactive.el
  simple-bookmarks-20190204.1426/simple-bookmarks-pkg.el
  simple-bookmarks-20190204.1426/simple-bookmarks-utils.el
  simple-bookmarks-20190204.1426/simple-bookmarks.el
Built simple-bookmarks in 3.043s, finished at Sun Apr  4 16:05:07 2021
 ✓ Success:
4.0K -rw-r--r-- 1 root root  436 Apr  4 16:05 packages/simple-bookmarks-20190204.1426.entry
 32K -rw-r--r-- 1 root root  30K Apr  4 16:05 packages/simple-bookmarks-20190204.1426.tar
4.0K -rw-r--r-- 1 root root 1.2K Apr  4 16:05 packages/simple-bookmarks-badge.svg
4.0K -rw-r--r-- 1 root root 3.4K Apr  4 16:05 packages/simple-bookmarks-readme.txt
