Package: simp
Fetcher: github
Source:  https://github.com/re5et/simp.git

Updating /mnt/store/melpa/working/simp/
Copying files (->) and directories (=>)
  from /mnt/store/melpa/working/simp/
  to /tmp/simp8GVRQn/simp-20180607.254
    simp-project-files.el -> simp-project-files.el
    simp-project-git.el -> simp-project-git.el
    simp-project-ibuffer.el -> simp-project-ibuffer.el
    simp-project-rgrep.el -> simp-project-rgrep.el
    simp-project-root-dired.el -> simp-project-root-dired.el
    simp-project-with-bookmarks.el -> simp-project-with-bookmarks.el
    simp-project.el -> simp-project.el
    simp.el -> simp.el
Created simp-20180607.254.tar containing:
  simp-20180607.254/
  simp-20180607.254/simp-pkg.el
  simp-20180607.254/simp-project-files.el
  simp-20180607.254/simp-project-git.el
  simp-20180607.254/simp-project-ibuffer.el
  simp-20180607.254/simp-project-rgrep.el
  simp-20180607.254/simp-project-root-dired.el
  simp-20180607.254/simp-project-with-bookmarks.el
  simp-20180607.254/simp-project.el
  simp-20180607.254/simp.el
Built simp in 2.942s, finished at Sun Apr  4 16:05:07 2021
 ✓ Success:
4.0K -rw-r--r-- 1 root root  315 Apr  4 16:05 packages/simp-20180607.254.entry
 40K -rw-r--r-- 1 root root  40K Apr  4 16:05 packages/simp-20180607.254.tar
4.0K -rw-r--r-- 1 root root 1.2K Apr  4 16:05 packages/simp-badge.svg
