Package: simple-modeline
Fetcher: github
Source:  https://github.com/gexplorer/simple-modeline.git

Updating /mnt/store/melpa/working/simple-modeline/
Copying files (->) and directories (=>)
  from /mnt/store/melpa/working/simple-modeline/
  to /tmp/simple-modelineYp7mBo/simple-modeline-20210312.1048
    simple-modeline-core.el -> simple-modeline-core.el
    simple-modeline-segments.el -> simple-modeline-segments.el
    simple-modeline.el -> simple-modeline.el
Created simple-modeline-20210312.1048.tar containing:
  simple-modeline-20210312.1048/
  simple-modeline-20210312.1048/simple-modeline-core.el
  simple-modeline-20210312.1048/simple-modeline-pkg.el
  simple-modeline-20210312.1048/simple-modeline-segments.el
  simple-modeline-20210312.1048/simple-modeline.el
Built simple-modeline in 2.913s, finished at Sun Apr  4 16:05:09 2021
 ✓ Success:
4.0K -rw-r--r-- 1 root root  407 Apr  4 16:05 packages/simple-modeline-20210312.1048.entry
 20K -rw-r--r-- 1 root root  20K Apr  4 16:05 packages/simple-modeline-20210312.1048.tar
4.0K -rw-r--r-- 1 root root 1.2K Apr  4 16:05 packages/simple-modeline-badge.svg
4.0K -rw-r--r-- 1 root root  229 Apr  4 16:05 packages/simple-modeline-readme.txt
