Package: simplenote2
Fetcher: github
Source:  https://github.com/alpha22jp/simplenote2.el.git

Updating /mnt/store/melpa/working/simplenote2/
Copying files (->) and directories (=>)
  from /mnt/store/melpa/working/simplenote2/
  to /tmp/simplenote2ZgcDeC/simplenote2-20190321.933
    simplenote2-list.el -> simplenote2-list.el
    simplenote2.el -> simplenote2.el
Created simplenote2-20190321.933.tar containing:
  simplenote2-20190321.933/
  simplenote2-20190321.933/simplenote2-list.el
  simplenote2-20190321.933/simplenote2-pkg.el
  simplenote2-20190321.933/simplenote2.el
Built simplenote2 in 3.256s, finished at Sun Apr  4 16:05:14 2021
 ✓ Success:
4.0K -rw-r--r-- 1 root root  401 Apr  4 16:05 packages/simplenote2-20190321.933.entry
 60K -rw-r--r-- 1 root root  60K Apr  4 16:05 packages/simplenote2-20190321.933.tar
4.0K -rw-r--r-- 1 root root 1.2K Apr  4 16:05 packages/simplenote2-badge.svg
4.0K -rw-r--r-- 1 root root  426 Apr  4 16:05 packages/simplenote2-readme.txt
