Package: sketch-themes
Fetcher: github
Source:  https://github.com/dawranliou/sketch-themes.git

Updating /mnt/store/melpa/working/sketch-themes/
Copying files (->) and directories (=>)
  from /mnt/store/melpa/working/sketch-themes/
  to /tmp/sketch-themesTiFZnq/sketch-themes-20210325.1700
    sketch-black-theme.el -> sketch-black-theme.el
    sketch-themes.el -> sketch-themes.el
    sketch-white-theme.el -> sketch-white-theme.el
Created sketch-themes-20210325.1700.tar containing:
  sketch-themes-20210325.1700/
  sketch-themes-20210325.1700/sketch-black-theme.el
  sketch-themes-20210325.1700/sketch-themes-pkg.el
  sketch-themes-20210325.1700/sketch-themes.el
  sketch-themes-20210325.1700/sketch-white-theme.el
Built sketch-themes in 3.114s, finished at Sun Apr  4 16:05:17 2021
 ✓ Success:
4.0K -rw-r--r-- 1 root root  347 Apr  4 16:05 packages/sketch-themes-20210325.1700.entry
 20K -rw-r--r-- 1 root root  20K Apr  4 16:05 packages/sketch-themes-20210325.1700.tar
4.0K -rw-r--r-- 1 root root 1.2K Apr  4 16:05 packages/sketch-themes-badge.svg
4.0K -rw-r--r-- 1 root root  291 Apr  4 16:05 packages/sketch-themes-readme.txt
