Package: skewer-reload-stylesheets
Fetcher: github
Source:  https://github.com/NateEag/skewer-reload-stylesheets.git

Updating /mnt/store/melpa/working/skewer-reload-stylesheets/
Copying files (->) and directories (=>)
  from /mnt/store/melpa/working/skewer-reload-stylesheets/
  to /tmp/skewer-reload-stylesheetsv1IZnA/skewer-reload-stylesheets-20160725.1220
    skewer-reload-stylesheets.el -> skewer-reload-stylesheets.el
    skewer-reload-stylesheets.js -> skewer-reload-stylesheets.js
Created skewer-reload-stylesheets-20160725.1220.tar containing:
  skewer-reload-stylesheets-20160725.1220/
  skewer-reload-stylesheets-20160725.1220/skewer-reload-stylesheets-pkg.el
  skewer-reload-stylesheets-20160725.1220/skewer-reload-stylesheets.el
  skewer-reload-stylesheets-20160725.1220/skewer-reload-stylesheets.js
Built skewer-reload-stylesheets in 4.378s, finished at Sun Apr  4 16:05:20 2021
 ✓ Success:
4.0K -rw-r--r-- 1 root root  337 Apr  4 16:05 packages/skewer-reload-stylesheets-20160725.1220.entry
 20K -rw-r--r-- 1 root root  20K Apr  4 16:05 packages/skewer-reload-stylesheets-20160725.1220.tar
4.0K -rw-r--r-- 1 root root 1.2K Apr  4 16:05 packages/skewer-reload-stylesheets-badge.svg
4.0K -rw-r--r-- 1 root root 2.2K Apr  4 16:05 packages/skewer-reload-stylesheets-readme.txt
