Package: skype
Fetcher: github
Source:  https://github.com/kiwanami/emacs-skype.git

Updating /mnt/store/melpa/working/skype/
Copying files (->) and directories (=>)
  from /mnt/store/melpa/working/skype/
  to /tmp/skypet1SWyP/skype-20160711.824
    skype.el -> skype.el
    skype-proxy.py -> skype-proxy.py
Created skype-20160711.824.tar containing:
  skype-20160711.824/
  skype-20160711.824/skype-pkg.el
  skype-20160711.824/skype-proxy.py
  skype-20160711.824/skype.el
Built skype in 4.515s, finished at Sun Apr  4 16:05:21 2021
 ✓ Success:
4.0K -rw-r--r-- 1 root root  283 Apr  4 16:05 packages/skype-20160711.824.entry
 80K -rw-r--r-- 1 root root  80K Apr  4 16:05 packages/skype-20160711.824.tar
4.0K -rw-r--r-- 1 root root 1.2K Apr  4 16:05 packages/skype-badge.svg
4.0K -rw-r--r-- 1 root root  409 Apr  4 16:05 packages/skype-readme.txt
