Package: sl
Fetcher: github
Source:  https://github.com/xuchunyang/sl.el.git

Updating /mnt/store/melpa/working/sl/
Copying files (->) and directories (=>)
  from /mnt/store/melpa/working/sl/
  to /tmp/sldri34y/sl-20161217.1404
    sl.el -> sl.el
    D51-trains.txt -> D51-trains.txt
    little-trains.txt -> little-trains.txt
    smokes.txt -> smokes.txt
Created sl-20161217.1404.tar containing:
  sl-20161217.1404/
  sl-20161217.1404/D51-trains.txt
  sl-20161217.1404/little-trains.txt
  sl-20161217.1404/sl-pkg.el
  sl-20161217.1404/sl.el
  sl-20161217.1404/smokes.txt
Built sl in 4.890s, finished at Sun Apr  4 16:05:21 2021
 ✓ Success:
4.0K -rw-r--r-- 1 root root  328 Apr  4 16:05 packages/sl-20161217.1404.entry
 20K -rw-r--r-- 1 root root  20K Apr  4 16:05 packages/sl-20161217.1404.tar
4.0K -rw-r--r-- 1 root root 1.2K Apr  4 16:05 packages/sl-badge.svg
4.0K -rw-r--r-- 1 root root  235 Apr  4 16:05 packages/sl-readme.txt
