Package: slime-volleyball
Fetcher: github
Source:  https://github.com/fitzsim/slime-volleyball.git

Updating /mnt/store/melpa/working/slime-volleyball/
Copying files (->) and directories (=>)
  from /mnt/store/melpa/working/slime-volleyball/
  to /tmp/slime-volleyballTLa4Yj/slime-volleyball-20190701.1624
    slime-volleyball.el -> slime-volleyball.el
    green-slime.el.gz -> green-slime.el.gz
    grey-slime.el.gz -> grey-slime.el.gz
    title-screen.svg -> title-screen.svg
    end.b64 -> end.b64
    start.b64 -> start.b64
Created slime-volleyball-20190701.1624.tar containing:
  slime-volleyball-20190701.1624/
  slime-volleyball-20190701.1624/end.b64
  slime-volleyball-20190701.1624/green-slime.el.gz
  slime-volleyball-20190701.1624/grey-slime.el.gz
  slime-volleyball-20190701.1624/slime-volleyball-pkg.el
  slime-volleyball-20190701.1624/slime-volleyball.el
  slime-volleyball-20190701.1624/start.b64
  slime-volleyball-20190701.1624/title-screen.svg
Built slime-volleyball in 6.268s, finished at Sun Apr  4 16:05:34 2021
 ✓ Success:
4.0K -rw-r--r-- 1 root root  311 Apr  4 16:05 packages/slime-volleyball-20190701.1624.entry
4.0M -rw-r--r-- 1 root root 4.0M Apr  4 16:05 packages/slime-volleyball-20190701.1624.tar
4.0K -rw-r--r-- 1 root root 1.2K Apr  4 16:05 packages/slime-volleyball-badge.svg
4.0K -rw-r--r-- 1 root root 2.5K Apr  4 16:05 packages/slime-volleyball-readme.txt
