Package: slime-docker
Fetcher: github
Source:  https://github.com/cl-docker-images/slime-docker.git

Updating /mnt/store/melpa/working/slime-docker/
Copying files (->) and directories (=>)
  from /mnt/store/melpa/working/slime-docker/
  to /tmp/slime-dockerFo2Vff/slime-docker-20210124.2145
    slime-docker.el -> slime-docker.el
    bin => bin
Created slime-docker-20210124.2145.tar containing:
  slime-docker-20210124.2145/
  slime-docker-20210124.2145/bin/
  slime-docker-20210124.2145/bin/docker-run-ssh-agent-helper
  slime-docker-20210124.2145/slime-docker-pkg.el
  slime-docker-20210124.2145/slime-docker.el
Built slime-docker in 5.338s, finished at Sun Apr  4 16:05:30 2021
 ✓ Success:
4.0K -rw-r--r-- 1 root root  351 Apr  4 16:05 packages/slime-docker-20210124.2145.entry
 40K -rw-r--r-- 1 root root  40K Apr  4 16:05 packages/slime-docker-20210124.2145.tar
4.0K -rw-r--r-- 1 root root 1.2K Apr  4 16:05 packages/slime-docker-badge.svg
4.0K -rw-r--r-- 1 root root 1.1K Apr  4 16:05 packages/slime-docker-readme.txt
