Package: sly-asdf
Fetcher: github
Source:  https://github.com/mmgeorge/sly-asdf.git

Updating /mnt/store/melpa/working/sly-asdf/
Copying files (->) and directories (=>)
  from /mnt/store/melpa/working/sly-asdf/
  to /tmp/sly-asdfB9aCh6/sly-asdf-20210308.332
    sly-asdf-flymake-base.el -> sly-asdf-flymake-base.el
    sly-asdf-flymake.el -> sly-asdf-flymake.el
    sly-asdf.el -> sly-asdf.el
    slynk-asdf.lisp -> slynk-asdf.lisp
    slynk-asdf.asd -> slynk-asdf.asd
Created sly-asdf-20210308.332.tar containing:
  sly-asdf-20210308.332/
  sly-asdf-20210308.332/sly-asdf-flymake-base.el
  sly-asdf-20210308.332/sly-asdf-flymake.el
  sly-asdf-20210308.332/sly-asdf-pkg.el
  sly-asdf-20210308.332/sly-asdf.el
  sly-asdf-20210308.332/slynk-asdf.asd
  sly-asdf-20210308.332/slynk-asdf.lisp
Built sly-asdf in 6.198s, finished at Sun Apr  4 16:05:44 2021
 ✓ Success:
4.0K -rw-r--r-- 1 root root  372 Apr  4 16:05 packages/sly-asdf-20210308.332.entry
120K -rw-r--r-- 1 root root 120K Apr  4 16:05 packages/sly-asdf-20210308.332.tar
4.0K -rw-r--r-- 1 root root 1.2K Apr  4 16:05 packages/sly-asdf-badge.svg
4.0K -rw-r--r-- 1 root root  237 Apr  4 16:05 packages/sly-asdf-readme.txt
