Package: smart-mode-line
Fetcher: github
Source:  https://github.com/Malabarba/smart-mode-line.git

Updating /mnt/store/melpa/working/smart-mode-line/
Copying files (->) and directories (=>)
  from /mnt/store/melpa/working/smart-mode-line/
  to /tmp/smart-mode-linepkgdda/smart-mode-line-20190527.1156
    smart-mode-line-dark-theme.el -> smart-mode-line-dark-theme.el
    smart-mode-line-light-theme.el -> smart-mode-line-light-theme.el
    smart-mode-line-respectful-theme.el -> smart-mode-line-respectful-theme.el
    smart-mode-line.el -> smart-mode-line.el
Created smart-mode-line-20190527.1156.tar containing:
  smart-mode-line-20190527.1156/
  smart-mode-line-20190527.1156/smart-mode-line-dark-theme.el
  smart-mode-line-20190527.1156/smart-mode-line-light-theme.el
  smart-mode-line-20190527.1156/smart-mode-line-pkg.el
  smart-mode-line-20190527.1156/smart-mode-line-respectful-theme.el
  smart-mode-line-20190527.1156/smart-mode-line.el
Built smart-mode-line in 5.783s, finished at Sun Apr  4 16:06:12 2021
 ✓ Success:
4.0K -rw-r--r-- 1 root root  456 Apr  4 16:06 packages/smart-mode-line-20190527.1156.entry
 92K -rw-r--r-- 1 root root  90K Apr  4 16:06 packages/smart-mode-line-20190527.1156.tar
4.0K -rw-r--r-- 1 root root 2.3K Apr  4 16:06 packages/smart-mode-line-atom-one-dark-theme-20201229.1711.el
4.0K -rw-r--r-- 1 root root  553 Apr  4 15:01 packages/smart-mode-line-atom-one-dark-theme-20201229.1711.entry
4.0K -rw-r--r-- 1 root root 1.2K Apr  4 15:01 packages/smart-mode-line-atom-one-dark-theme-badge.svg
4.0K -rw-r--r-- 1 root root   42 Apr  4 16:06 packages/smart-mode-line-atom-one-dark-theme-readme.txt
4.0K -rw-r--r-- 1 root root  215 Apr  4 16:06 packages/smart-mode-line-atom-one-dark-theme.log
4.0K -rw-r--r-- 1 root root 1.2K Apr  4 16:06 packages/smart-mode-line-badge.svg
4.0K -rw-r--r-- 1 root root  553 Apr  4 15:01 packages/smart-mode-line-powerline-theme-20160706.38.entry
 20K -rw-r--r-- 1 root root  20K Apr  4 15:01 packages/smart-mode-line-powerline-theme-20160706.38.tar
4.0K -rw-r--r-- 1 root root 1.2K Apr  4 15:01 packages/smart-mode-line-powerline-theme-badge.svg
4.0K -rw-r--r-- 1 root root  183 Apr  4 16:06 packages/smart-mode-line-powerline-theme.log
8.0K -rw-r--r-- 1 root root 5.9K Apr  4 16:06 packages/smart-mode-line-readme.txt
