Package: soria-theme
Fetcher: github
Source:  https://github.com/mssola/soria.git

Updating /mnt/store/melpa/working/soria-theme/
Copying files (->) and directories (=>)
  from /mnt/store/melpa/working/soria-theme/
  to /tmp/soria-theme0vhxoo/soria-theme-20210201.1830
    soria-theme-tree.el -> soria-theme-tree.el
    soria-theme.el -> soria-theme.el
Created soria-theme-20210201.1830.tar containing:
  soria-theme-20210201.1830/
  soria-theme-20210201.1830/soria-theme-pkg.el
  soria-theme-20210201.1830/soria-theme-tree.el
  soria-theme-20210201.1830/soria-theme.el
Built soria-theme in 3.649s, finished at Sun Apr  4 16:06:58 2021
 ✓ Success:
4.0K -rw-r--r-- 1 root root  411 Apr  4 16:06 packages/soria-theme-20210201.1830.entry
 60K -rw-r--r-- 1 root root  60K Apr  4 16:06 packages/soria-theme-20210201.1830.tar
4.0K -rw-r--r-- 1 root root 1.2K Apr  4 16:06 packages/soria-theme-badge.svg
4.0K -rw-r--r-- 1 root root  189 Apr  4 16:06 packages/soria-theme-readme.txt
